Using pre-set license
Built from '2021.3/staging' branch; Version is '2021.3.30f1 (b4360d7cdac4) revision 11810317'; Using compiler version '192829333'; Build Type 'Release'
OS: 'Windows 11  (10.0.22621) 64bit Professional' Language: 'ko' Physical Memory: 32524 MB
BatchMode: 1, IsHumanControllingUs: 0, StartBugReporterOnCrash: 0, Is64bit: 1, IsPro: 1

COMMAND LINE ARGUMENTS:
C:\Program Files\Unity\Hub\Editor\2021.3.30f1\Editor\Unity.exe
-adb2
-batchMode
-noUpm
-name
AssetImportWorker28
-projectPath
D:/ìƒˆ í´ë”/OneDrive - ê²½í¬ëŒ€í•™êµ/ê²½í¬ëŒ€í•™êµ/ì†Œìœµê°œë¡ /swcon101_termprojrct
-logFile
Logs/AssetImportWorker28.log
-srvPort
5274
Successfully changed project path to: D:/ìƒˆ í´ë”/OneDrive - ê²½í¬ëŒ€í•™êµ/ê²½í¬ëŒ€í•™êµ/ì†Œìœµê°œë¡ /swcon101_termprojrct
D:/ìƒˆ í´ë”/OneDrive - ê²½í¬ëŒ€í•™êµ/ê²½í¬ëŒ€í•™êµ/ì†Œìœµê°œë¡ /swcon101_termprojrct
[UnityMemory] Configuration Parameters - Can be set up in boot.config
    "memorysetup-bucket-allocator-granularity=16"
    "memorysetup-bucket-allocator-bucket-count=8"
    "memorysetup-bucket-allocator-block-size=33554432"
    "memorysetup-bucket-allocator-block-count=8"
    "memorysetup-main-allocator-block-size=16777216"
    "memorysetup-thread-allocator-block-size=16777216"
    "memorysetup-gfx-main-allocator-block-size=16777216"
    "memorysetup-gfx-thread-allocator-block-size=16777216"
    "memorysetup-cache-allocator-block-size=4194304"
    "memorysetup-typetree-allocator-block-size=2097152"
    "memorysetup-profiler-bucket-allocator-granularity=16"
    "memorysetup-profiler-bucket-allocator-bucket-count=8"
    "memorysetup-profiler-bucket-allocator-block-size=33554432"
    "memorysetup-profiler-bucket-allocator-block-count=8"
    "memorysetup-profiler-allocator-block-size=16777216"
    "memorysetup-profiler-editor-allocator-block-size=1048576"
    "memorysetup-temp-allocator-size-main=16777216"
    "memorysetup-job-temp-allocator-block-size=2097152"
    "memorysetup-job-temp-allocator-block-size-background=1048576"
    "memorysetup-job-temp-allocator-reduction-small-platforms=262144"
    "memorysetup-temp-allocator-size-background-worker=32768"
    "memorysetup-temp-allocator-size-job-worker=262144"
    "memorysetup-temp-allocator-size-preload-manager=33554432"
    "memorysetup-temp-allocator-size-nav-mesh-worker=65536"
    "memorysetup-temp-allocator-size-audio-worker=65536"
    "memorysetup-temp-allocator-size-cloud-worker=32768"
    "memorysetup-temp-allocator-size-gi-baking-worker=262144"
    "memorysetup-temp-allocator-size-gfx=262144"
Player connection [17052] Host "[IP] 192.168.55.154 [Port] 0 [Flags] 2 [Guid] 1081662259 [EditorId] 1081662259 [Version] 1048832 [Id] WindowsEditor(7,°­º´ÈÆ) [Debug] 1 [PackageName] WindowsEditor [ProjectName] Editor" joined multi-casting on [225.0.0.222:54997]...

Player connection [17052] Host "[IP] 192.168.55.154 [Port] 0 [Flags] 2 [Guid] 1081662259 [EditorId] 1081662259 [Version] 1048832 [Id] WindowsEditor(7,°­º´ÈÆ) [Debug] 1 [PackageName] WindowsEditor [ProjectName] Editor" joined alternative multi-casting on [225.0.0.222:34997]...

[Physics::Module] Initialized MultithreadedJobDispatcher with {0} workers.
Refreshing native plugins compatible for Editor in 110.47 ms, found 3 plugins.
Preloading 0 native plugins for Editor in 0.00 ms.
Initialize engine version: 2021.3.30f1 (b4360d7cdac4)
[Subsystems] Discovering subsystems at path C:/Program Files/Unity/Hub/Editor/2021.3.30f1/Editor/Data/Resources/UnitySubsystems
[Subsystems] Discovering subsystems at path D:/ìƒˆ í´ë”/OneDrive - ê²½í¬ëŒ€í•™êµ/ê²½í¬ëŒ€í•™êµ/ì†Œìœµê°œë¡ /swcon101_termprojrct/Assets
GfxDevice: creating device client; threaded=0; jobified=0
Direct3D:
    Version:  Direct3D 11.0 [level 11.1]
    Renderer: NVIDIA GeForce RTX 3080 (ID=0x2216)
    Vendor:   NVIDIA
    VRAM:     10067 MB
    Driver:   31.0.15.3640
Initialize mono
Mono path[0] = 'C:/Program Files/Unity/Hub/Editor/2021.3.30f1/Editor/Data/Managed'
Mono path[1] = 'C:/Program Files/Unity/Hub/Editor/2021.3.30f1/Editor/Data/MonoBleedingEdge/lib/mono/unityjit-win32'
Mono config path = 'C:/Program Files/Unity/Hub/Editor/2021.3.30f1/Editor/Data/MonoBleedingEdge/etc'
Using monoOptions --debugger-agent=transport=dt_socket,embedding=1,server=y,suspend=n,address=127.0.0.1:56644
Begin MonoManager ReloadAssembly
Registering precompiled unity dll's ...
Register platform support module: C:/Program Files/Unity/Hub/Editor/2021.3.30f1/Editor/Data/PlaybackEngines/WindowsStandaloneSupport/UnityEditor.WindowsStandalone.Extensions.dll
Registered in 0.003313 seconds.
Native extension for WindowsStandalone target not found
Refreshing native plugins compatible for Editor in 77.85 ms, found 3 plugins.
Preloading 0 native plugins for Editor in 0.00 ms.
Mono: successfully reloaded assembly
- Completed reload, in  0.621 seconds
Domain Reload Profiling:
	ReloadAssembly (621ms)
		BeginReloadAssembly (118ms)
			ExecutionOrderSort (0ms)
			DisableScriptedObjects (0ms)
			BackupInstance (0ms)
			ReleaseScriptingObjects (0ms)
			CreateAndSetChildDomain (1ms)
		EndReloadAssembly (414ms)
			LoadAssemblies (115ms)
			RebuildTransferFunctionScriptingTraits (0ms)
			SetupTypeCache (114ms)
			ReleaseScriptCaches (0ms)
			RebuildScriptCaches (19ms)
			SetupLoadedEditorAssemblies (244ms)
				LogAssemblyErrors (0ms)
				InitializePlatformSupportModulesInManaged (5ms)
				SetLoadedEditorAssemblies (0ms)
				RefreshPlugins (78ms)
				BeforeProcessingInitializeOnLoad (2ms)
				ProcessInitializeOnLoadAttributes (114ms)
				ProcessInitializeOnLoadMethodAttributes (45ms)
				AfterProcessingInitializeOnLoad (0ms)
				EditorAssembliesLoaded (0ms)
			ExecutionOrderSort2 (0ms)
			AwakeInstancesAfterBackupRestoration (0ms)
Platform modules already initialized, skipping
Registering precompiled user dll's ...
Registered in 0.005102 seconds.
Begin MonoManager ReloadAssembly
Native extension for WindowsStandalone target not found
Refreshing native plugins compatible for Editor in 72.91 ms, found 3 plugins.
Preloading 0 native plugins for Editor in 0.00 ms.
Package Manager log level set to [2]
[Package Manager] Server::EnsureServerProcessIsRunning -- launch failed, reason: Unity was launched with the -noUpm command-line argument
[Package Manager] Cannot connect to Unity Package Manager local server
Mono: successfully reloaded assembly
- Completed reload, in  1.231 seconds
Domain Reload Profiling:
	ReloadAssembly (1231ms)
		BeginReloadAssembly (85ms)
			ExecutionOrderSort (0ms)
			DisableScriptedObjects (3ms)
			BackupInstance (0ms)
			ReleaseScriptingObjects (0ms)
			CreateAndSetChildDomain (13ms)
		EndReloadAssembly (1077ms)
			LoadAssemblies (70ms)
			RebuildTransferFunctionScriptingTraits (0ms)
			SetupTypeCache (204ms)
			ReleaseScriptCaches (0ms)
			RebuildScriptCaches (48ms)
			SetupLoadedEditorAssemblies (741ms)
				LogAssemblyErrors (0ms)
				InitializePlatformSupportModulesInManaged (3ms)
				SetLoadedEditorAssemblies (0ms)
				RefreshPlugins (73ms)
				BeforeProcessingInitializeOnLoad (66ms)
				ProcessInitializeOnLoadAttributes (548ms)
				ProcessInitializeOnLoadMethodAttributes (46ms)
				AfterProcessingInitializeOnLoad (4ms)
				EditorAssembliesLoaded (0ms)
			ExecutionOrderSort2 (0ms)
			AwakeInstancesAfterBackupRestoration (5ms)
Platform modules already initialized, skipping
========================================================================
Worker process is ready to serve import requests
Launched and connected shader compiler UnityShaderCompiler.exe after 0.04 seconds
Refreshing native plugins compatible for Editor in 0.68 ms, found 3 plugins.
Preloading 0 native plugins for Editor in 0.00 ms.
Unloading 5398 Unused Serialized files (Serialized files now loaded: 0)
Unloading 47 unused Assets / (0.7 MB). Loaded Objects now: 5867.
Memory consumption went from 233.0 MB to 232.3 MB.
Total: 3.258000 ms (FindLiveObjects: 0.645400 ms CreateObjectMapping: 0.140900 ms MarkObjects: 2.198400 ms  DeleteObjects: 0.271200 ms)

AssetImportParameters requested are different than current active one (requested -> active):
  custom:video-decoder-ogg-theora: a1e56fd34408186e4bbccfd4996cb3dc -> 
  custom:container-muxer-webm: aa71ff27fc2769a1b78a27578f13a17b -> 
  custom:container-demuxer-webm: 4f35f7cbe854078d1ac9338744f61a02 -> 
  custom:video-encoder-webm-vp8: eb34c28f22e8b96e1ab97ce403110664 -> 
  custom:video-codec-MediaFoundation-h265: 746d11721c4dcdbdad8f713fa42b33f4 -> 
  custom:CustomObjectIndexerAttribute: 6b0e35c9178b02a6363f3721b7b8e397 -> 
  custom:audio-encoder-webm-vorbis: bf7c407c2cedff20999df2af8eb42d56 -> 
  custom:framework-win-MediaFoundation: 216162199b28c13a410421893ffa2e32 -> 
  custom:SearchIndexIgnoredProperties: e643bd26f0fe6173181afceb89e7c659 -> 
  custom:container-demuxer-ogg: 62fdf1f143b41e24485cea50d1cbac27 -> 
  custom:video-decoder-webm-vp8: 9c59270c3fd7afecdb556c50c9e8de78 -> 
  custom:audio-decoder-ogg-vorbis: bf7c407c2cedff20999df2af8eb42d56 -> 
========================================================================
Received Import Request.
  Time since last request: 14189.626374 seconds.
  path: Assets/Assets_Store/LowPolyInterior/Prefabs/Curtains/Curtains_01.prefab
  artifactKey: Guid(4298b58306f12b748bd9556bfb5a7ca4) Importer(815301076,1909f56bfc062723c751e8b465ee728b)
Number of updated assets reloaded before import = 0
Start importing Assets/Assets_Store/LowPolyInterior/Prefabs/Curtains/Curtains_01.prefab using Guid(4298b58306f12b748bd9556bfb5a7ca4) Importer(815301076,1909f56bfc062723c751e8b465ee728b)  -> (artifact id: 'a12b043f3f49efa99d0abaaf58f40ba6') in 0.127288 seconds 
Number of asset objects unloaded after import = 10
========================================================================
Received Import Request.
  Time since last request: 0.000023 seconds.
  path: Assets/Assets_Store/LowPolyInterior/Prefabs/Curtains/Curtains_03.prefab
  artifactKey: Guid(5e808251969e33d4387281b46e10662b) Importer(815301076,1909f56bfc062723c751e8b465ee728b)
Number of updated assets reloaded before import = 0
Start importing Assets/Assets_Store/LowPolyInterior/Prefabs/Curtains/Curtains_03.prefab using Guid(5e808251969e33d4387281b46e10662b) Importer(815301076,1909f56bfc062723c751e8b465ee728b)  -> (artifact id: 'ffb626e1b39acd1bc5c492953ebe563a') in 0.037473 seconds 
Number of asset objects unloaded after import = 10
========================================================================
Received Import Request.
  Time since last request: 0.000036 seconds.
  path: Assets/Assets_Store/LowPolyInterior/Prefabs/Curtains/Curtains_06.prefab
  artifactKey: Guid(315820197d50ddc4a99a4a27e1e982ab) Importer(815301076,1909f56bfc062723c751e8b465ee728b)
Number of updated assets reloaded before import = 0
Start importing Assets/Assets_Store/LowPolyInterior/Prefabs/Curtains/Curtains_06.prefab using Guid(315820197d50ddc4a99a4a27e1e982ab) Importer(815301076,1909f56bfc062723c751e8b465ee728b)  -> (artifact id: '22b751abd33bfacfcb63b9b85644983e') in 0.031396 seconds 
Number of asset objects unloaded after import = 10
========================================================================
Received Import Request.
  Time since last request: 0.000012 seconds.
  path: Assets/Assets_Store/LowPolyInterior/Prefabs/Curtains/Curtains_11.prefab
  artifactKey: Guid(572b313671ec4ab4ab5641af88cb83a2) Importer(815301076,1909f56bfc062723c751e8b465ee728b)
Number of updated assets reloaded before import = 0
Start importing Assets/Assets_Store/LowPolyInterior/Prefabs/Curtains/Curtains_11.prefab using Guid(572b313671ec4ab4ab5641af88cb83a2) Importer(815301076,1909f56bfc062723c751e8b465ee728b)  -> (artifact id: '51f3598ba5e0bb5c79b269541f5168b9') in 0.021294 seconds 
Number of asset objects unloaded after import = 10
========================================================================
Received Import Request.
  Time since last request: 0.000014 seconds.
  path: Assets/Assets_Store/LowPolyInterior/Prefabs/Curtains/Curtains_12.prefab
  artifactKey: Guid(d169f97397607e246acc14c8c4dbde7e) Importer(815301076,1909f56bfc062723c751e8b465ee728b)
Number of updated assets reloaded before import = 0
Start importing Assets/Assets_Store/LowPolyInterior/Prefabs/Curtains/Curtains_12.prefab using Guid(d169f97397607e246acc14c8c4dbde7e) Importer(815301076,1909f56bfc062723c751e8b465ee728b)  -> (artifact id: '1cf9bd20071ac83a326ea6dbfe192677') in 0.030364 seconds 
Number of asset objects unloaded after import = 10
========================================================================
Received Import Request.
  Time since last request: 0.000014 seconds.
  path: Assets/Assets_Store/LowPolyInterior/Prefabs/Curtains/Curtains_14.prefab
  artifactKey: Guid(c4ec042fcf6bce94c93837bd66ab0856) Importer(815301076,1909f56bfc062723c751e8b465ee728b)
Number of updated assets reloaded before import = 0
Start importing Assets/Assets_Store/LowPolyInterior/Prefabs/Curtains/Curtains_14.prefab using Guid(c4ec042fcf6bce94c93837bd66ab0856) Importer(815301076,1909f56bfc062723c751e8b465ee728b)  -> (artifact id: 'eca6b0afff224e270ca5fc4c67c03155') in 0.049399 seconds 
Number of asset objects unloaded after import = 10
========================================================================
Received Import Request.
  Time since last request: 0.000014 seconds.
  path: Assets/Assets_Store/LowPolyInterior/Prefabs/Curtains/Curtains_15.prefab
  artifactKey: Guid(bfaf03b9f4dd4a3449ff39c13eac918e) Importer(815301076,1909f56bfc062723c751e8b465ee728b)
Number of updated assets reloaded before import = 0
Start importing Assets/Assets_Store/LowPolyInterior/Prefabs/Curtains/Curtains_15.prefab using Guid(bfaf03b9f4dd4a3449ff39c13eac918e) Importer(815301076,1909f56bfc062723c751e8b465ee728b)  -> (artifact id: '4f68699945f1f7e18c8292dd1ac819e5') in 0.030678 seconds 
Number of asset objects unloaded after import = 10
========================================================================
Received Import Request.
  Time since last request: 8.196669 seconds.
  path: Assets/Assets_Store/LowPolyInterior/Prefabs/Flowers/Flower_01.prefab
  artifactKey: Guid(b5e044afc18c26740abf07b4433951a3) Importer(815301076,1909f56bfc062723c751e8b465ee728b)
Number of updated assets reloaded before import = 0
Start importing Assets/Assets_Store/LowPolyInterior/Prefabs/Flowers/Flower_01.prefab using Guid(b5e044afc18c26740abf07b4433951a3) Importer(815301076,1909f56bfc062723c751e8b465ee728b)  -> (artifact id: 'e42ff41095a4b82bc28397099ac5b2d7') in 0.075448 seconds 
Number of asset objects unloaded after import = 10
========================================================================
Received Import Request.
  Time since last request: 0.000014 seconds.
  path: Assets/Assets_Store/LowPolyInterior/Prefabs/Flowers/Flower_05.prefab
  artifactKey: Guid(a4da180b378de644e89121b2c26e0359) Importer(815301076,1909f56bfc062723c751e8b465ee728b)
Number of updated assets reloaded before import = 0
Start importing Assets/Assets_Store/LowPolyInterior/Prefabs/Flowers/Flower_05.prefab using Guid(a4da180b378de644e89121b2c26e0359) Importer(815301076,1909f56bfc062723c751e8b465ee728b)  -> (artifact id: '4f4ab8088b1d59e7a850bb9a31aa3629') in 0.044864 seconds 
Number of asset objects unloaded after import = 10
========================================================================
Received Import Request.
  Time since last request: 0.000016 seconds.
  path: Assets/Assets_Store/LowPolyInterior/Prefabs/Flowers/Flower_07.prefab
  artifactKey: Guid(1d6b0040636ddd543b487ed8dbf1caeb) Importer(815301076,1909f56bfc062723c751e8b465ee728b)
Number of updated assets reloaded before import = 0
Start importing Assets/Assets_Store/LowPolyInterior/Prefabs/Flowers/Flower_07.prefab using Guid(1d6b0040636ddd543b487ed8dbf1caeb) Importer(815301076,1909f56bfc062723c751e8b465ee728b)  -> (artifact id: '1b4d718de15d060fd8e77fe03020bfb6') in 0.059227 seconds 
Number of asset objects unloaded after import = 10
========================================================================
Received Import Request.
  Time since last request: 12.608637 seconds.
  path: Assets/Assets_Store/LowPolyInterior/Prefabs/KitchenObjects
  artifactKey: Guid(3b51d7519e5c83149ae85f6167405709) Importer(815301076,1909f56bfc062723c751e8b465ee728b)
Number of updated assets reloaded before import = 0
Start importing Assets/Assets_Store/LowPolyInterior/Prefabs/KitchenObjects using Guid(3b51d7519e5c83149ae85f6167405709) Importer(815301076,1909f56bfc062723c751e8b465ee728b)  -> (artifact id: '59b5337af7fac38ce10e1ab30fc30fa3') in 0.008285 seconds 
Number of asset objects unloaded after import = 0
========================================================================
Received Import Request.
  Time since last request: 0.081602 seconds.
  path: Assets/Assets_Store/LowPolyInterior/Prefabs/KitchenObjects/Apple.prefab
  artifactKey: Guid(3faa669cb80455548924ba322fa8e119) Importer(815301076,1909f56bfc062723c751e8b465ee728b)
Number of updated assets reloaded before import = 0
Start importing Assets/Assets_Store/LowPolyInterior/Prefabs/KitchenObjects/Apple.prefab using Guid(3faa669cb80455548924ba322fa8e119) Importer(815301076,1909f56bfc062723c751e8b465ee728b)  -> (artifact id: '8ba07698a0fb871ccdd910352945162f') in 0.087414 seconds 
Number of asset objects unloaded after import = 10
========================================================================
Received Import Request.
  Time since last request: 0.003089 seconds.
  path: Assets/Assets_Store/LowPolyInterior/Prefabs/KitchenObjects/Bottle.prefab
  artifactKey: Guid(1f0ae5fcf47ef8b4e9fbebaf5234757a) Importer(815301076,1909f56bfc062723c751e8b465ee728b)
Number of updated assets reloaded before import = 0
Start importing Assets/Assets_Store/LowPolyInterior/Prefabs/KitchenObjects/Bottle.prefab using Guid(1f0ae5fcf47ef8b4e9fbebaf5234757a) Importer(815301076,1909f56bfc062723c751e8b465ee728b)  -> (artifact id: '6cdfa7c1516cf3704808066f7215b9ab') in 0.042000 seconds 
Number of asset objects unloaded after import = 10
========================================================================
Received Import Request.
  Time since last request: 0.001808 seconds.
  path: Assets/Assets_Store/LowPolyInterior/Prefabs/KitchenObjects/Burger.prefab
  artifactKey: Guid(0fde57efd3bb6e147b8b6f297f9152dc) Importer(815301076,1909f56bfc062723c751e8b465ee728b)
Number of updated assets reloaded before import = 0
Start importing Assets/Assets_Store/LowPolyInterior/Prefabs/KitchenObjects/Burger.prefab using Guid(0fde57efd3bb6e147b8b6f297f9152dc) Importer(815301076,1909f56bfc062723c751e8b465ee728b)  -> (artifact id: '813435b2a987a3802cca907c2d24f730') in 0.060218 seconds 
Number of asset objects unloaded after import = 10
========================================================================
Received Import Request.
  Time since last request: 0.021889 seconds.
  path: Assets/Assets_Store/LowPolyInterior/Prefabs/KitchenObjects/Chocolate.prefab
  artifactKey: Guid(a13974fbef3cd784e9344987f0d9e8bc) Importer(815301076,1909f56bfc062723c751e8b465ee728b)
Number of updated assets reloaded before import = 0
Start importing Assets/Assets_Store/LowPolyInterior/Prefabs/KitchenObjects/Chocolate.prefab using Guid(a13974fbef3cd784e9344987f0d9e8bc) Importer(815301076,1909f56bfc062723c751e8b465ee728b)  -> (artifact id: '60ac008df0194bcdb373b3e7c78c5118') in 0.053081 seconds 
Number of asset objects unloaded after import = 10
========================================================================
Received Import Request.
  Time since last request: 0.000403 seconds.
  path: Assets/Assets_Store/LowPolyInterior/Prefabs/KitchenObjects/Cookie_02.prefab
  artifactKey: Guid(ea2d70c5983257445bc240ff98591aa8) Importer(815301076,1909f56bfc062723c751e8b465ee728b)
Number of updated assets reloaded before import = 0
Start importing Assets/Assets_Store/LowPolyInterior/Prefabs/KitchenObjects/Cookie_02.prefab using Guid(ea2d70c5983257445bc240ff98591aa8) Importer(815301076,1909f56bfc062723c751e8b465ee728b)  -> (artifact id: '994ae4295468859dd267d20918710ac7') in 0.021307 seconds 
Number of asset objects unloaded after import = 10
========================================================================
Received Import Request.
  Time since last request: 0.019917 seconds.
  path: Assets/Assets_Store/LowPolyInterior/Prefabs/KitchenObjects/Cup_03.prefab
  artifactKey: Guid(b57ffd2188698b0478d2a39f03388ca7) Importer(815301076,1909f56bfc062723c751e8b465ee728b)
Number of updated assets reloaded before import = 0
Start importing Assets/Assets_Store/LowPolyInterior/Prefabs/KitchenObjects/Cup_03.prefab using Guid(b57ffd2188698b0478d2a39f03388ca7) Importer(815301076,1909f56bfc062723c751e8b465ee728b)  -> (artifact id: '244e1e38d87d7fca9483b60c61c84e2e') in 0.021921 seconds 
Number of asset objects unloaded after import = 10
========================================================================
Received Import Request.
  Time since last request: 0.003406 seconds.
  path: Assets/Assets_Store/LowPolyInterior/Prefabs/KitchenObjects/Cup_05.prefab
  artifactKey: Guid(2e222bf5c329e2b42b4be771c17d28c2) Importer(815301076,1909f56bfc062723c751e8b465ee728b)
Number of updated assets reloaded before import = 0
Start importing Assets/Assets_Store/LowPolyInterior/Prefabs/KitchenObjects/Cup_05.prefab using Guid(2e222bf5c329e2b42b4be771c17d28c2) Importer(815301076,1909f56bfc062723c751e8b465ee728b)  -> (artifact id: 'f188b0ba150534919a3167e382fe065d') in 0.047458 seconds 
Number of asset objects unloaded after import = 10
========================================================================
Received Import Request.
  Time since last request: 0.014790 seconds.
  path: Assets/Assets_Store/LowPolyInterior/Prefabs/KitchenObjects/Cupcake.prefab
  artifactKey: Guid(131cda5f7882eaf40aa8a3d9a0b1edc3) Importer(815301076,1909f56bfc062723c751e8b465ee728b)
Number of updated assets reloaded before import = 0
Start importing Assets/Assets_Store/LowPolyInterior/Prefabs/KitchenObjects/Cupcake.prefab using Guid(131cda5f7882eaf40aa8a3d9a0b1edc3) Importer(815301076,1909f56bfc062723c751e8b465ee728b)  -> (artifact id: '5f55f30c024fca9612911c52f6894a0d') in 0.072142 seconds 
Number of asset objects unloaded after import = 10
========================================================================
Received Import Request.
  Time since last request: 0.016748 seconds.
  path: Assets/Assets_Store/LowPolyInterior/Prefabs/KitchenObjects/HotDog.prefab
  artifactKey: Guid(c74152c9eaef6164fba479fa72d490d8) Importer(815301076,1909f56bfc062723c751e8b465ee728b)
Number of updated assets reloaded before import = 0
Start importing Assets/Assets_Store/LowPolyInterior/Prefabs/KitchenObjects/HotDog.prefab using Guid(c74152c9eaef6164fba479fa72d490d8) Importer(815301076,1909f56bfc062723c751e8b465ee728b)  -> (artifact id: '933f8ae89c6baca05e12092c6c582464') in 0.047855 seconds 
Number of asset objects unloaded after import = 10
========================================================================
Received Import Request.
  Time since last request: 0.000012 seconds.
  path: Assets/Assets_Store/LowPolyInterior/Prefabs/KitchenObjects/KitchenDesk.prefab
  artifactKey: Guid(fd9f6fa0e80417a448ed063bf6a25722) Importer(815301076,1909f56bfc062723c751e8b465ee728b)
Number of updated assets reloaded before import = 0
Start importing Assets/Assets_Store/LowPolyInterior/Prefabs/KitchenObjects/KitchenDesk.prefab using Guid(fd9f6fa0e80417a448ed063bf6a25722) Importer(815301076,1909f56bfc062723c751e8b465ee728b)  -> (artifact id: '8e17161d1d229375166411c238c8a548') in 0.071784 seconds 
Number of asset objects unloaded after import = 10
========================================================================
Received Import Request.
  Time since last request: 0.000022 seconds.
  path: Assets/Assets_Store/LowPolyInterior/Prefabs/KitchenObjects/Plate_05.prefab
  artifactKey: Guid(6fe2e023753682f4d8e891785a877d4c) Importer(815301076,1909f56bfc062723c751e8b465ee728b)
Number of updated assets reloaded before import = 0
Start importing Assets/Assets_Store/LowPolyInterior/Prefabs/KitchenObjects/Plate_05.prefab using Guid(6fe2e023753682f4d8e891785a877d4c) Importer(815301076,1909f56bfc062723c751e8b465ee728b)  -> (artifact id: 'caed3d22307be1c9e1c5d56eef0e3a7f') in 0.067312 seconds 
Number of asset objects unloaded after import = 10
========================================================================
Received Import Request.
  Time since last request: 0.000026 seconds.
  path: Assets/Assets_Store/LowPolyInterior/Prefabs/KitchenObjects/Pan_02.prefab
  artifactKey: Guid(1c9df5d0b8d121244b60b271f12913fe) Importer(815301076,1909f56bfc062723c751e8b465ee728b)
Number of updated assets reloaded before import = 0
Start importing Assets/Assets_Store/LowPolyInterior/Prefabs/KitchenObjects/Pan_02.prefab using Guid(1c9df5d0b8d121244b60b271f12913fe) Importer(815301076,1909f56bfc062723c751e8b465ee728b)  -> (artifact id: '0a6b19f25356b69f2ccd9a2094bc2669') in 0.014843 seconds 
Number of asset objects unloaded after import = 10
========================================================================
Received Import Request.
  Time since last request: 0.000014 seconds.
  path: Assets/Assets_Store/LowPolyInterior/Prefabs/KitchenObjects/Pizza_02.prefab
  artifactKey: Guid(7e0840dda4954a04fb76a8789f655f87) Importer(815301076,1909f56bfc062723c751e8b465ee728b)
Number of updated assets reloaded before import = 0
Start importing Assets/Assets_Store/LowPolyInterior/Prefabs/KitchenObjects/Pizza_02.prefab using Guid(7e0840dda4954a04fb76a8789f655f87) Importer(815301076,1909f56bfc062723c751e8b465ee728b)  -> (artifact id: '5a571a4c955e7c7865e32d5056d6aeb2') in 0.011786 seconds 
Number of asset objects unloaded after import = 10
========================================================================
Received Import Request.
  Time since last request: 0.000015 seconds.
  path: Assets/Assets_Store/LowPolyInterior/Prefabs/KitchenObjects/Mushroom_02.prefab
  artifactKey: Guid(204b50f754c9a1e458f314ab942f170c) Importer(815301076,1909f56bfc062723c751e8b465ee728b)
Number of updated assets reloaded before import = 0
Start importing Assets/Assets_Store/LowPolyInterior/Prefabs/KitchenObjects/Mushroom_02.prefab using Guid(204b50f754c9a1e458f314ab942f170c) Importer(815301076,1909f56bfc062723c751e8b465ee728b)  -> (artifact id: '9ea43f80493693a441a6e8eec51560b4') in 0.016410 seconds 
Number of asset objects unloaded after import = 10
========================================================================
Received Import Request.
  Time since last request: 0.000013 seconds.
  path: Assets/Assets_Store/LowPolyInterior/Prefabs/KitchenObjects/Mustard.prefab
  artifactKey: Guid(f37ed04561cf4c440a772ee27b064040) Importer(815301076,1909f56bfc062723c751e8b465ee728b)
Number of updated assets reloaded before import = 0
Start importing Assets/Assets_Store/LowPolyInterior/Prefabs/KitchenObjects/Mustard.prefab using Guid(f37ed04561cf4c440a772ee27b064040) Importer(815301076,1909f56bfc062723c751e8b465ee728b)  -> (artifact id: 'c4a978a6d2a3c147b9c3315f570033f2') in 0.028144 seconds 
Number of asset objects unloaded after import = 10
========================================================================
Received Import Request.
  Time since last request: 0.000013 seconds.
  path: Assets/Assets_Store/LowPolyInterior/Prefabs/KitchenObjects/Plate_06.prefab
  artifactKey: Guid(2354da0f36261ef4cb100ae9e66c7ae3) Importer(815301076,1909f56bfc062723c751e8b465ee728b)
Number of updated assets reloaded before import = 0
Start importing Assets/Assets_Store/LowPolyInterior/Prefabs/KitchenObjects/Plate_06.prefab using Guid(2354da0f36261ef4cb100ae9e66c7ae3) Importer(815301076,1909f56bfc062723c751e8b465ee728b)  -> (artifact id: '9d60a11f0f9354215ea62e299398c7df') in 0.022018 seconds 
Number of asset objects unloaded after import = 10
========================================================================
Received Import Request.
  Time since last request: 0.000014 seconds.
  path: Assets/Assets_Store/LowPolyInterior/Prefabs/KitchenObjects/Spoon.prefab
  artifactKey: Guid(3eb28218a27cfe9488a06081e58a45c3) Importer(815301076,1909f56bfc062723c751e8b465ee728b)
Number of updated assets reloaded before import = 0
Start importing Assets/Assets_Store/LowPolyInterior/Prefabs/KitchenObjects/Spoon.prefab using Guid(3eb28218a27cfe9488a06081e58a45c3) Importer(815301076,1909f56bfc062723c751e8b465ee728b)  -> (artifact id: 'a9f7b3d83a3ebf51a368fd924c7b3fe3') in 0.013060 seconds 
Number of asset objects unloaded after import = 10
========================================================================
Received Import Request.
  Time since last request: 0.000015 seconds.
  path: Assets/Assets_Store/LowPolyInterior/Prefabs/KitchenObjects/Plate_03.prefab
  artifactKey: Guid(733d8012da1fb3f47a42de9c7a4ecfaa) Importer(815301076,1909f56bfc062723c751e8b465ee728b)
Number of updated assets reloaded before import = 0
Start importing Assets/Assets_Store/LowPolyInterior/Prefabs/KitchenObjects/Plate_03.prefab using Guid(733d8012da1fb3f47a42de9c7a4ecfaa) Importer(815301076,1909f56bfc062723c751e8b465ee728b)  -> (artifact id: '24e2e6e1d5b015f824b31eea69ec5f33') in 0.044248 seconds 
Number of asset objects unloaded after import = 10
========================================================================
Received Import Request.
  Time since last request: 0.000013 seconds.
  path: Assets/Assets_Store/LowPolyInterior/Prefabs/KitchenObjects/Mushroom_01.prefab
  artifactKey: Guid(9d9ce7e73b1fb9f4c9d8db07b8ccabc2) Importer(815301076,1909f56bfc062723c751e8b465ee728b)
Number of updated assets reloaded before import = 0
Start importing Assets/Assets_Store/LowPolyInterior/Prefabs/KitchenObjects/Mushroom_01.prefab using Guid(9d9ce7e73b1fb9f4c9d8db07b8ccabc2) Importer(815301076,1909f56bfc062723c751e8b465ee728b)  -> (artifact id: '978a60fd4a2432af2b50f2880ad5304b') in 0.036336 seconds 
Number of asset objects unloaded after import = 10
========================================================================
Received Import Request.
  Time since last request: 0.000015 seconds.
  path: Assets/Assets_Store/LowPolyInterior/Prefabs/KitchenObjects/Pot_02.prefab
  artifactKey: Guid(cb9c71806c2a8d04a82fb5c431b0a6b5) Importer(815301076,1909f56bfc062723c751e8b465ee728b)
Number of updated assets reloaded before import = 0
Start importing Assets/Assets_Store/LowPolyInterior/Prefabs/KitchenObjects/Pot_02.prefab using Guid(cb9c71806c2a8d04a82fb5c431b0a6b5) Importer(815301076,1909f56bfc062723c751e8b465ee728b)  -> (artifact id: '9254b3866866a3e08c0a877f4060e2c9') in 0.030250 seconds 
Number of asset objects unloaded after import = 10
========================================================================
Received Import Request.
  Time since last request: 0.000030 seconds.
  path: Assets/Assets_Store/LowPolyInterior/Prefabs/KitchenObjects/Watermelon_01.prefab
  artifactKey: Guid(963f851da2264f44d85953328ff667ac) Importer(815301076,1909f56bfc062723c751e8b465ee728b)
Number of updated assets reloaded before import = 0
Start importing Assets/Assets_Store/LowPolyInterior/Prefabs/KitchenObjects/Watermelon_01.prefab using Guid(963f851da2264f44d85953328ff667ac) Importer(815301076,1909f56bfc062723c751e8b465ee728b)  -> (artifact id: '9296c90f23cf5c8663efd10cc9f0162b') in 0.057738 seconds 
Number of asset objects unloaded after import = 10
Editor requested this worker to shutdown with reason: Scaling down because of idle timeout
AssetImportWorker is now disconnected from the server
Process exiting
Exiting without the bug reporter. Application will terminate with return code 0