Using pre-set license
Built from '2021.3/staging' branch; Version is '2021.3.30f1 (b4360d7cdac4) revision 11810317'; Using compiler version '192829333'; Build Type 'Release'
OS: 'Windows 11  (10.0.22621) 64bit Professional' Language: 'ko' Physical Memory: 32524 MB
BatchMode: 1, IsHumanControllingUs: 0, StartBugReporterOnCrash: 0, Is64bit: 1, IsPro: 1

COMMAND LINE ARGUMENTS:
C:\Program Files\Unity\Hub\Editor\2021.3.30f1\Editor\Unity.exe
-adb2
-batchMode
-noUpm
-name
AssetImportWorker15
-projectPath
C:/Users/dot_mario/OneDrive - ê²½í¬ëŒ€í•™êµ/ê²½í¬ëŒ€í•™êµ/ì†Œìœµê°œë¡ /swcon101_termprojrct
-logFile
Logs/AssetImportWorker15.log
-srvPort
6806
Successfully changed project path to: C:/Users/dot_mario/OneDrive - ê²½í¬ëŒ€í•™êµ/ê²½í¬ëŒ€í•™êµ/ì†Œìœµê°œë¡ /swcon101_termprojrct
C:/Users/dot_mario/OneDrive - ê²½í¬ëŒ€í•™êµ/ê²½í¬ëŒ€í•™êµ/ì†Œìœµê°œë¡ /swcon101_termprojrct
[UnityMemory] Configuration Parameters - Can be set up in boot.config
    "memorysetup-bucket-allocator-granularity=16"
    "memorysetup-bucket-allocator-bucket-count=8"
    "memorysetup-bucket-allocator-block-size=33554432"
    "memorysetup-bucket-allocator-block-count=8"
    "memorysetup-main-allocator-block-size=16777216"
    "memorysetup-thread-allocator-block-size=16777216"
    "memorysetup-gfx-main-allocator-block-size=16777216"
    "memorysetup-gfx-thread-allocator-block-size=16777216"
    "memorysetup-cache-allocator-block-size=4194304"
    "memorysetup-typetree-allocator-block-size=2097152"
    "memorysetup-profiler-bucket-allocator-granularity=16"
    "memorysetup-profiler-bucket-allocator-bucket-count=8"
    "memorysetup-profiler-bucket-allocator-block-size=33554432"
    "memorysetup-profiler-bucket-allocator-block-count=8"
    "memorysetup-profiler-allocator-block-size=16777216"
    "memorysetup-profiler-editor-allocator-block-size=1048576"
    "memorysetup-temp-allocator-size-main=16777216"
    "memorysetup-job-temp-allocator-block-size=2097152"
    "memorysetup-job-temp-allocator-block-size-background=1048576"
    "memorysetup-job-temp-allocator-reduction-small-platforms=262144"
    "memorysetup-temp-allocator-size-background-worker=32768"
    "memorysetup-temp-allocator-size-job-worker=262144"
    "memorysetup-temp-allocator-size-preload-manager=33554432"
    "memorysetup-temp-allocator-size-nav-mesh-worker=65536"
    "memorysetup-temp-allocator-size-audio-worker=65536"
    "memorysetup-temp-allocator-size-cloud-worker=32768"
    "memorysetup-temp-allocator-size-gi-baking-worker=262144"
    "memorysetup-temp-allocator-size-gfx=262144"
Player connection [43896] Host "[IP] 192.168.55.154 [Port] 0 [Flags] 2 [Guid] 2793588955 [EditorId] 2793588955 [Version] 1048832 [Id] WindowsEditor(7,°­º´ÈÆ) [Debug] 1 [PackageName] WindowsEditor [ProjectName] Editor" joined multi-casting on [225.0.0.222:54997]...

Player connection [43896] Host "[IP] 192.168.55.154 [Port] 0 [Flags] 2 [Guid] 2793588955 [EditorId] 2793588955 [Version] 1048832 [Id] WindowsEditor(7,°­º´ÈÆ) [Debug] 1 [PackageName] WindowsEditor [ProjectName] Editor" joined alternative multi-casting on [225.0.0.222:34997]...

[Physics::Module] Initialized MultithreadedJobDispatcher with {0} workers.
Refreshing native plugins compatible for Editor in 71.44 ms, found 3 plugins.
Preloading 0 native plugins for Editor in 0.00 ms.
Initialize engine version: 2021.3.30f1 (b4360d7cdac4)
[Subsystems] Discovering subsystems at path C:/Program Files/Unity/Hub/Editor/2021.3.30f1/Editor/Data/Resources/UnitySubsystems
[Subsystems] Discovering subsystems at path C:/Users/dot_mario/OneDrive - ê²½í¬ëŒ€í•™êµ/ê²½í¬ëŒ€í•™êµ/ì†Œìœµê°œë¡ /swcon101_termprojrct/Assets
GfxDevice: creating device client; threaded=0; jobified=0
Direct3D:
    Version:  Direct3D 11.0 [level 11.1]
    Renderer: NVIDIA GeForce RTX 3080 (ID=0x2216)
    Vendor:   NVIDIA
    VRAM:     10067 MB
    Driver:   31.0.15.3640
Initialize mono
Mono path[0] = 'C:/Program Files/Unity/Hub/Editor/2021.3.30f1/Editor/Data/Managed'
Mono path[1] = 'C:/Program Files/Unity/Hub/Editor/2021.3.30f1/Editor/Data/MonoBleedingEdge/lib/mono/unityjit-win32'
Mono config path = 'C:/Program Files/Unity/Hub/Editor/2021.3.30f1/Editor/Data/MonoBleedingEdge/etc'
Using monoOptions --debugger-agent=transport=dt_socket,embedding=1,server=y,suspend=n,address=127.0.0.1:56920
Begin MonoManager ReloadAssembly
Registering precompiled unity dll's ...
Register platform support module: C:/Program Files/Unity/Hub/Editor/2021.3.30f1/Editor/Data/PlaybackEngines/WindowsStandaloneSupport/UnityEditor.WindowsStandalone.Extensions.dll
Registered in 0.004286 seconds.
Native extension for WindowsStandalone target not found
Refreshing native plugins compatible for Editor in 65.62 ms, found 3 plugins.
Preloading 0 native plugins for Editor in 0.00 ms.
Mono: successfully reloaded assembly
- Completed reload, in  0.418 seconds
Domain Reload Profiling:
	ReloadAssembly (419ms)
		BeginReloadAssembly (68ms)
			ExecutionOrderSort (0ms)
			DisableScriptedObjects (0ms)
			BackupInstance (0ms)
			ReleaseScriptingObjects (0ms)
			CreateAndSetChildDomain (0ms)
		EndReloadAssembly (289ms)
			LoadAssemblies (66ms)
			RebuildTransferFunctionScriptingTraits (0ms)
			SetupTypeCache (66ms)
			ReleaseScriptCaches (0ms)
			RebuildScriptCaches (17ms)
			SetupLoadedEditorAssemblies (178ms)
				LogAssemblyErrors (0ms)
				InitializePlatformSupportModulesInManaged (5ms)
				SetLoadedEditorAssemblies (0ms)
				RefreshPlugins (66ms)
				BeforeProcessingInitializeOnLoad (1ms)
				ProcessInitializeOnLoadAttributes (73ms)
				ProcessInitializeOnLoadMethodAttributes (33ms)
				AfterProcessingInitializeOnLoad (0ms)
				EditorAssembliesLoaded (0ms)
			ExecutionOrderSort2 (0ms)
			AwakeInstancesAfterBackupRestoration (0ms)
Platform modules already initialized, skipping
Registering precompiled user dll's ...
Registered in 0.007719 seconds.
Begin MonoManager ReloadAssembly
Native extension for WindowsStandalone target not found
Refreshing native plugins compatible for Editor in 69.56 ms, found 3 plugins.
Preloading 0 native plugins for Editor in 0.00 ms.
Package Manager log level set to [2]
[Package Manager] Server::EnsureServerProcessIsRunning -- launch failed, reason: Unity was launched with the -noUpm command-line argument
[Package Manager] Cannot connect to Unity Package Manager local server
Mono: successfully reloaded assembly
- Completed reload, in  1.286 seconds
Domain Reload Profiling:
	ReloadAssembly (1286ms)
		BeginReloadAssembly (93ms)
			ExecutionOrderSort (0ms)
			DisableScriptedObjects (3ms)
			BackupInstance (0ms)
			ReleaseScriptingObjects (0ms)
			CreateAndSetChildDomain (13ms)
		EndReloadAssembly (1113ms)
			LoadAssemblies (84ms)
			RebuildTransferFunctionScriptingTraits (0ms)
			SetupTypeCache (218ms)
			ReleaseScriptCaches (1ms)
			RebuildScriptCaches (46ms)
			SetupLoadedEditorAssemblies (758ms)
				LogAssemblyErrors (0ms)
				InitializePlatformSupportModulesInManaged (3ms)
				SetLoadedEditorAssemblies (0ms)
				RefreshPlugins (70ms)
				BeforeProcessingInitializeOnLoad (68ms)
				ProcessInitializeOnLoadAttributes (565ms)
				ProcessInitializeOnLoadMethodAttributes (47ms)
				AfterProcessingInitializeOnLoad (4ms)
				EditorAssembliesLoaded (0ms)
			ExecutionOrderSort2 (0ms)
			AwakeInstancesAfterBackupRestoration (5ms)
Platform modules already initialized, skipping
========================================================================
Worker process is ready to serve import requests
Launched and connected shader compiler UnityShaderCompiler.exe after 0.04 seconds
Refreshing native plugins compatible for Editor in 1.12 ms, found 3 plugins.
Preloading 0 native plugins for Editor in 0.00 ms.
Unloading 5398 Unused Serialized files (Serialized files now loaded: 0)
Unloading 47 unused Assets / (0.7 MB). Loaded Objects now: 5867.
Memory consumption went from 233.0 MB to 232.2 MB.
Total: 5.086800 ms (FindLiveObjects: 0.540600 ms CreateObjectMapping: 0.427000 ms MarkObjects: 3.580800 ms  DeleteObjects: 0.536800 ms)

AssetImportParameters requested are different than current active one (requested -> active):
  custom:video-decoder-ogg-theora: a1e56fd34408186e4bbccfd4996cb3dc -> 
  custom:container-muxer-webm: aa71ff27fc2769a1b78a27578f13a17b -> 
  custom:container-demuxer-webm: 4f35f7cbe854078d1ac9338744f61a02 -> 
  custom:video-encoder-webm-vp8: eb34c28f22e8b96e1ab97ce403110664 -> 
  custom:video-codec-MediaFoundation-h265: 746d11721c4dcdbdad8f713fa42b33f4 -> 
  custom:CustomObjectIndexerAttribute: 6b0e35c9178b02a6363f3721b7b8e397 -> 
  custom:audio-encoder-webm-vorbis: bf7c407c2cedff20999df2af8eb42d56 -> 
  custom:framework-win-MediaFoundation: 216162199b28c13a410421893ffa2e32 -> 
  custom:SearchIndexIgnoredProperties: e643bd26f0fe6173181afceb89e7c659 -> 
  custom:container-demuxer-ogg: 62fdf1f143b41e24485cea50d1cbac27 -> 
  custom:video-decoder-webm-vp8: 9c59270c3fd7afecdb556c50c9e8de78 -> 
  custom:audio-decoder-ogg-vorbis: bf7c407c2cedff20999df2af8eb42d56 -> 
========================================================================
Received Import Request.
  Time since last request: 29516.642561 seconds.
  path: Assets/Assets_Store/LowPolyInterior/Models/Room/AirCondition.fbx
  artifactKey: Guid(9784f0995ad584b45ae01701c3876039) Importer(815301076,1909f56bfc062723c751e8b465ee728b)
Number of updated assets reloaded before import = 0
Start importing Assets/Assets_Store/LowPolyInterior/Models/Room/AirCondition.fbx using Guid(9784f0995ad584b45ae01701c3876039) Importer(815301076,1909f56bfc062723c751e8b465ee728b)  -> (artifact id: '3698c8223fd0656d5fb159ddf8201d20') in 0.242152 seconds 
Number of asset objects unloaded after import = 9
========================================================================
Received Import Request.
  Time since last request: 0.000038 seconds.
  path: Assets/Assets_Store/LowPolyInterior/Models/KithcenObjects/Chocolate.fbx
  artifactKey: Guid(c29b2ca80b46bee47bb7be7455a69f8a) Importer(815301076,1909f56bfc062723c751e8b465ee728b)
Number of updated assets reloaded before import = 0
Start importing Assets/Assets_Store/LowPolyInterior/Models/KithcenObjects/Chocolate.fbx using Guid(c29b2ca80b46bee47bb7be7455a69f8a) Importer(815301076,1909f56bfc062723c751e8b465ee728b)  -> (artifact id: 'fab67e24733e11eeb23003b305124b73') in 0.021587 seconds 
Number of asset objects unloaded after import = 9
========================================================================
Received Import Request.
  Time since last request: 0.000037 seconds.
  path: Assets/Assets_Store/LowPolyInterior/Models/Room/Candle_02.fbx
  artifactKey: Guid(cee39f4c92609274aacc0b84c36bf009) Importer(815301076,1909f56bfc062723c751e8b465ee728b)
Number of updated assets reloaded before import = 0
Start importing Assets/Assets_Store/LowPolyInterior/Models/Room/Candle_02.fbx using Guid(cee39f4c92609274aacc0b84c36bf009) Importer(815301076,1909f56bfc062723c751e8b465ee728b)  -> (artifact id: '6fff4dff0d549e38aa8ce1758069764d') in 0.021536 seconds 
Number of asset objects unloaded after import = 9
========================================================================
Received Import Request.
  Time since last request: 0.000017 seconds.
  path: Assets/Assets_Store/LowPolyInterior/Models/Room/Bed_Table_01.fbx
  artifactKey: Guid(ba60c19fbf51b4b4db635335f38c1f16) Importer(815301076,1909f56bfc062723c751e8b465ee728b)
Number of updated assets reloaded before import = 0
Start importing Assets/Assets_Store/LowPolyInterior/Models/Room/Bed_Table_01.fbx using Guid(ba60c19fbf51b4b4db635335f38c1f16) Importer(815301076,1909f56bfc062723c751e8b465ee728b)  -> (artifact id: '496386dc0753707b5f712a9606e88977') in 0.024864 seconds 
Number of asset objects unloaded after import = 9
========================================================================
Received Import Request.
  Time since last request: 0.000021 seconds.
  path: Assets/Assets_Store/LowPolyInterior/Models/Room/Candle_03.fbx
  artifactKey: Guid(6c3ae67adfdc8404f9a4ce00effea7ed) Importer(815301076,1909f56bfc062723c751e8b465ee728b)
Number of updated assets reloaded before import = 0
Start importing Assets/Assets_Store/LowPolyInterior/Models/Room/Candle_03.fbx using Guid(6c3ae67adfdc8404f9a4ce00effea7ed) Importer(815301076,1909f56bfc062723c751e8b465ee728b)  -> (artifact id: '84bc9c33c2f110be68881c25d152d1c6') in 0.016828 seconds 
Number of asset objects unloaded after import = 9
========================================================================
Received Import Request.
  Time since last request: 56.903113 seconds.
  path: Assets/Assets_Store/LowPolyInterior/Models/KithcenObjects/Egg.fbx
  artifactKey: Guid(82e3d961ffdf02b43b32803604c8c68b) Importer(815301076,1909f56bfc062723c751e8b465ee728b)
Number of updated assets reloaded before import = 0
Start importing Assets/Assets_Store/LowPolyInterior/Models/KithcenObjects/Egg.fbx using Guid(82e3d961ffdf02b43b32803604c8c68b) Importer(815301076,1909f56bfc062723c751e8b465ee728b)  -> (artifact id: '0c87e0f22a252cbcebf63ee8a2cb77b9') in 0.062404 seconds 
Number of asset objects unloaded after import = 9
========================================================================
Received Import Request.
  Time since last request: 0.000020 seconds.
  path: Assets/Assets_Store/LowPolyInterior/Models/Light/Light_07-2.fbx
  artifactKey: Guid(c0bd39b7f2223534a90e47a90b99480f) Importer(815301076,1909f56bfc062723c751e8b465ee728b)
Number of updated assets reloaded before import = 0
Start importing Assets/Assets_Store/LowPolyInterior/Models/Light/Light_07-2.fbx using Guid(c0bd39b7f2223534a90e47a90b99480f) Importer(815301076,1909f56bfc062723c751e8b465ee728b)  -> (artifact id: '45b05a05114afe3497149a1f9cfdd59c') in 0.044911 seconds 
Number of asset objects unloaded after import = 7
========================================================================
Received Import Request.
  Time since last request: 0.000017 seconds.
  path: Assets/Assets_Store/LowPolyInterior/Models/Light/Light_06.fbx
  artifactKey: Guid(51613729c8668a944aacbca05f984d90) Importer(815301076,1909f56bfc062723c751e8b465ee728b)
Number of updated assets reloaded before import = 0
Start importing Assets/Assets_Store/LowPolyInterior/Models/Light/Light_06.fbx using Guid(51613729c8668a944aacbca05f984d90) Importer(815301076,1909f56bfc062723c751e8b465ee728b)  -> (artifact id: '3fe88ac62d8f927204fb6ec532f9c008') in 0.018029 seconds 
Number of asset objects unloaded after import = 7
========================================================================
Received Import Request.
  Time since last request: 0.000018 seconds.
  path: Assets/Assets_Store/LowPolyInterior/Models/Light/Light_06-2.fbx
  artifactKey: Guid(3dc10c7486140ff4abd95de85a67abf8) Importer(815301076,1909f56bfc062723c751e8b465ee728b)
Number of updated assets reloaded before import = 0
Start importing Assets/Assets_Store/LowPolyInterior/Models/Light/Light_06-2.fbx using Guid(3dc10c7486140ff4abd95de85a67abf8) Importer(815301076,1909f56bfc062723c751e8b465ee728b)  -> (artifact id: '81f04aabebe753c17d6dc4d5a12bbe6a') in 0.013493 seconds 
Number of asset objects unloaded after import = 7
========================================================================
Received Import Request.
  Time since last request: 32.883127 seconds.
  path: Packages/com.dgreenheck.openfracture/Runtime/Meshes/LetterR.obj
  artifactKey: Guid(5214f1f6b583aff4187db03e5d81fe31) Importer(815301076,1909f56bfc062723c751e8b465ee728b)
Number of updated assets reloaded before import = 0
Start importing Packages/com.dgreenheck.openfracture/Runtime/Meshes/LetterR.obj using Guid(5214f1f6b583aff4187db03e5d81fe31) Importer(815301076,1909f56bfc062723c751e8b465ee728b)  -> (artifact id: '02bce53093530646d94c9e03bf4e6976') in 0.075090 seconds 
Number of asset objects unloaded after import = 11
========================================================================
Received Import Request.
  Time since last request: 0.000023 seconds.
  path: Packages/com.dgreenheck.openfracture/Runtime/Meshes/LetterA.obj
  artifactKey: Guid(8abfc44d15c93d4469af9994c54f1ab9) Importer(815301076,1909f56bfc062723c751e8b465ee728b)
Number of updated assets reloaded before import = 0
Start importing Packages/com.dgreenheck.openfracture/Runtime/Meshes/LetterA.obj using Guid(8abfc44d15c93d4469af9994c54f1ab9) Importer(815301076,1909f56bfc062723c751e8b465ee728b)  -> (artifact id: '983d789e69046349699f6dc5a312e2cd') in 0.082216 seconds 
Number of asset objects unloaded after import = 11
========================================================================
Received Import Request.
  Time since last request: 0.000017 seconds.
  path: Packages/com.dgreenheck.openfracture/Runtime/Materials/Glass.mat
  artifactKey: Guid(8cdec9ab91388ac47925d7bcd32c2d36) Importer(815301076,1909f56bfc062723c751e8b465ee728b)
Number of updated assets reloaded before import = 0
Start importing Packages/com.dgreenheck.openfracture/Runtime/Materials/Glass.mat using Guid(8cdec9ab91388ac47925d7bcd32c2d36) Importer(815301076,1909f56bfc062723c751e8b465ee728b)  -> (artifact id: '6a851f76e2ce8f5b609ce6886015d794') in 0.040740 seconds 
Number of asset objects unloaded after import = 1
========================================================================
Received Import Request.
  Time since last request: 0.000039 seconds.
  path: Packages/com.unity.searcher/Editor/Resources/FlatSkin/Font/Roboto-Italic.ttf
  artifactKey: Guid(c839255fc8f6b4b4d90bf8c1af9f9bd1) Importer(815301076,1909f56bfc062723c751e8b465ee728b)
Number of updated assets reloaded before import = 0
Start importing Packages/com.unity.searcher/Editor/Resources/FlatSkin/Font/Roboto-Italic.ttf using Guid(c839255fc8f6b4b4d90bf8c1af9f9bd1) Importer(815301076,1909f56bfc062723c751e8b465ee728b)  -> (artifact id: '896e96db91f5087c70286a90d4cab994') in 0.037766 seconds 
Number of asset objects unloaded after import = 4
========================================================================
Received Import Request.
  Time since last request: 0.000023 seconds.
  path: Packages/com.unity.searcher/Editor/Resources/FlatSkin/Font/Roboto-LightItalic.ttf
  artifactKey: Guid(5e63515167650a541b309ba3bfd4db3d) Importer(815301076,1909f56bfc062723c751e8b465ee728b)
Number of updated assets reloaded before import = 0
Start importing Packages/com.unity.searcher/Editor/Resources/FlatSkin/Font/Roboto-LightItalic.ttf using Guid(5e63515167650a541b309ba3bfd4db3d) Importer(815301076,1909f56bfc062723c751e8b465ee728b)  -> (artifact id: '71236c97e6dffeb21ab94ea801afc476') in 0.019281 seconds 
Number of asset objects unloaded after import = 4
========================================================================
Received Import Request.
  Time since last request: 489.795514 seconds.
  path: Assets/Assets_Store/LowPolyInterior/Materials
  artifactKey: Guid(0558596f9e5cb2349bda00d1839d98b4) Importer(815301076,1909f56bfc062723c751e8b465ee728b)
Number of updated assets reloaded before import = 0
Start importing Assets/Assets_Store/LowPolyInterior/Materials using Guid(0558596f9e5cb2349bda00d1839d98b4) Importer(815301076,1909f56bfc062723c751e8b465ee728b)  -> (artifact id: '05193a1923afc51be6f848d48340b02d') in 0.012614 seconds 
Number of asset objects unloaded after import = 0
========================================================================
Received Import Request.
  Time since last request: 1.522718 seconds.
  path: Assets/Assets_Store/LowPolyInterior/Models
  artifactKey: Guid(63b45b95e0cf4314c92f1ac43a7fe34b) Importer(815301076,1909f56bfc062723c751e8b465ee728b)
Number of updated assets reloaded before import = 0
Start importing Assets/Assets_Store/LowPolyInterior/Models using Guid(63b45b95e0cf4314c92f1ac43a7fe34b) Importer(815301076,1909f56bfc062723c751e8b465ee728b)  -> (artifact id: '1bb0d05a4c2cf43d2a53baf443855a55') in 0.018974 seconds 
Number of asset objects unloaded after import = 0
========================================================================
Received Import Request.
  Time since last request: 1.479362 seconds.
  path: Assets/Assets_Store/LowPolyInterior/Models/Bathroom
  artifactKey: Guid(1f9352a14d1b6fc48986fd8596292f5b) Importer(815301076,1909f56bfc062723c751e8b465ee728b)
Number of updated assets reloaded before import = 0
Start importing Assets/Assets_Store/LowPolyInterior/Models/Bathroom using Guid(1f9352a14d1b6fc48986fd8596292f5b) Importer(815301076,1909f56bfc062723c751e8b465ee728b)  -> (artifact id: '6a244a2ee613233242b9af7c3fce58ff') in 0.009107 seconds 
Number of asset objects unloaded after import = 0
========================================================================
Received Import Request.
  Time since last request: 0.337169 seconds.
  path: Assets/Assets_Store/LowPolyInterior/Models/Christmas
  artifactKey: Guid(a28faef49648c2e478656a891c225eee) Importer(815301076,1909f56bfc062723c751e8b465ee728b)
Number of updated assets reloaded before import = 0
Start importing Assets/Assets_Store/LowPolyInterior/Models/Christmas using Guid(a28faef49648c2e478656a891c225eee) Importer(815301076,1909f56bfc062723c751e8b465ee728b)  -> (artifact id: '1a5d68070daf35f5ee217e6a05869526') in 0.008655 seconds 
Number of asset objects unloaded after import = 0
========================================================================
Received Import Request.
  Time since last request: 332.291783 seconds.
  path: Assets/Assets_Store/LowPolyInterior/Models/Christmas/GiftBox_01_fractured.fbx
  artifactKey: Guid(18718ecf18a86854594739c4ebf49da8) Importer(815301076,1909f56bfc062723c751e8b465ee728b)
Number of updated assets reloaded before import = 0
Start importing Assets/Assets_Store/LowPolyInterior/Models/Christmas/GiftBox_01_fractured.fbx using Guid(18718ecf18a86854594739c4ebf49da8) Importer(815301076,1909f56bfc062723c751e8b465ee728b)  -> (artifact id: 'c336b978927924a1d1c3942a205db30b') in 0.064052 seconds 
Number of asset objects unloaded after import = 31
