Using pre-set license
Built from '2021.3/staging' branch; Version is '2021.3.30f1 (b4360d7cdac4) revision 11810317'; Using compiler version '192829333'; Build Type 'Release'
OS: 'Windows 11  (10.0.22621) 64bit Professional' Language: 'ko' Physical Memory: 32524 MB
BatchMode: 1, IsHumanControllingUs: 0, StartBugReporterOnCrash: 0, Is64bit: 1, IsPro: 1

COMMAND LINE ARGUMENTS:
C:\Program Files\Unity\Hub\Editor\2021.3.30f1\Editor\Unity.exe
-adb2
-batchMode
-noUpm
-name
AssetImportWorker4
-projectPath
D:/Code/Unity/SWCON101_TermProject
-logFile
Logs/AssetImportWorker4.log
-srvPort
9995
Successfully changed project path to: D:/Code/Unity/SWCON101_TermProject
D:/Code/Unity/SWCON101_TermProject
[UnityMemory] Configuration Parameters - Can be set up in boot.config
    "memorysetup-bucket-allocator-granularity=16"
    "memorysetup-bucket-allocator-bucket-count=8"
    "memorysetup-bucket-allocator-block-size=33554432"
    "memorysetup-bucket-allocator-block-count=8"
    "memorysetup-main-allocator-block-size=16777216"
    "memorysetup-thread-allocator-block-size=16777216"
    "memorysetup-gfx-main-allocator-block-size=16777216"
    "memorysetup-gfx-thread-allocator-block-size=16777216"
    "memorysetup-cache-allocator-block-size=4194304"
    "memorysetup-typetree-allocator-block-size=2097152"
    "memorysetup-profiler-bucket-allocator-granularity=16"
    "memorysetup-profiler-bucket-allocator-bucket-count=8"
    "memorysetup-profiler-bucket-allocator-block-size=33554432"
    "memorysetup-profiler-bucket-allocator-block-count=8"
    "memorysetup-profiler-allocator-block-size=16777216"
    "memorysetup-profiler-editor-allocator-block-size=1048576"
    "memorysetup-temp-allocator-size-main=16777216"
    "memorysetup-job-temp-allocator-block-size=2097152"
    "memorysetup-job-temp-allocator-block-size-background=1048576"
    "memorysetup-job-temp-allocator-reduction-small-platforms=262144"
    "memorysetup-temp-allocator-size-background-worker=32768"
    "memorysetup-temp-allocator-size-job-worker=262144"
    "memorysetup-temp-allocator-size-preload-manager=33554432"
    "memorysetup-temp-allocator-size-nav-mesh-worker=65536"
    "memorysetup-temp-allocator-size-audio-worker=65536"
    "memorysetup-temp-allocator-size-cloud-worker=32768"
    "memorysetup-temp-allocator-size-gi-baking-worker=262144"
    "memorysetup-temp-allocator-size-gfx=262144"
Player connection [39620] Host "[IP] 192.168.55.154 [Port] 0 [Flags] 2 [Guid] 2955534130 [EditorId] 2955534130 [Version] 1048832 [Id] WindowsEditor(7,°­º´ÈÆ) [Debug] 1 [PackageName] WindowsEditor [ProjectName] Editor" joined multi-casting on [225.0.0.222:54997]...

Player connection [39620] Host "[IP] 192.168.55.154 [Port] 0 [Flags] 2 [Guid] 2955534130 [EditorId] 2955534130 [Version] 1048832 [Id] WindowsEditor(7,°­º´ÈÆ) [Debug] 1 [PackageName] WindowsEditor [ProjectName] Editor" joined alternative multi-casting on [225.0.0.222:34997]...

[Physics::Module] Initialized MultithreadedJobDispatcher with {0} workers.
Refreshing native plugins compatible for Editor in 39.16 ms, found 3 plugins.
Preloading 0 native plugins for Editor in 0.00 ms.
Initialize engine version: 2021.3.30f1 (b4360d7cdac4)
[Subsystems] Discovering subsystems at path C:/Program Files/Unity/Hub/Editor/2021.3.30f1/Editor/Data/Resources/UnitySubsystems
[Subsystems] Discovering subsystems at path D:/Code/Unity/SWCON101_TermProject/Assets
GfxDevice: creating device client; threaded=0; jobified=0
Direct3D:
    Version:  Direct3D 11.0 [level 11.1]
    Renderer: NVIDIA GeForce RTX 3080 (ID=0x2216)
    Vendor:   NVIDIA
    VRAM:     10067 MB
    Driver:   31.0.15.3640
Initialize mono
Mono path[0] = 'C:/Program Files/Unity/Hub/Editor/2021.3.30f1/Editor/Data/Managed'
Mono path[1] = 'C:/Program Files/Unity/Hub/Editor/2021.3.30f1/Editor/Data/MonoBleedingEdge/lib/mono/unityjit-win32'
Mono config path = 'C:/Program Files/Unity/Hub/Editor/2021.3.30f1/Editor/Data/MonoBleedingEdge/etc'
Using monoOptions --debugger-agent=transport=dt_socket,embedding=1,server=y,suspend=n,address=127.0.0.1:56544
Begin MonoManager ReloadAssembly
Registering precompiled unity dll's ...
Register platform support module: C:/Program Files/Unity/Hub/Editor/2021.3.30f1/Editor/Data/PlaybackEngines/WindowsStandaloneSupport/UnityEditor.WindowsStandalone.Extensions.dll
Registered in 0.006068 seconds.
Native extension for WindowsStandalone target not found
Refreshing native plugins compatible for Editor in 38.37 ms, found 3 plugins.
Preloading 0 native plugins for Editor in 0.00 ms.
Mono: successfully reloaded assembly
- Completed reload, in  0.443 seconds
Domain Reload Profiling:
	ReloadAssembly (444ms)
		BeginReloadAssembly (86ms)
			ExecutionOrderSort (0ms)
			DisableScriptedObjects (0ms)
			BackupInstance (0ms)
			ReleaseScriptingObjects (0ms)
			CreateAndSetChildDomain (0ms)
		EndReloadAssembly (282ms)
			LoadAssemblies (83ms)
			RebuildTransferFunctionScriptingTraits (0ms)
			SetupTypeCache (73ms)
			ReleaseScriptCaches (0ms)
			RebuildScriptCaches (18ms)
			SetupLoadedEditorAssemblies (160ms)
				LogAssemblyErrors (0ms)
				InitializePlatformSupportModulesInManaged (5ms)
				SetLoadedEditorAssemblies (0ms)
				RefreshPlugins (38ms)
				BeforeProcessingInitializeOnLoad (1ms)
				ProcessInitializeOnLoadAttributes (80ms)
				ProcessInitializeOnLoadMethodAttributes (35ms)
				AfterProcessingInitializeOnLoad (0ms)
				EditorAssembliesLoaded (0ms)
			ExecutionOrderSort2 (0ms)
			AwakeInstancesAfterBackupRestoration (0ms)
Platform modules already initialized, skipping
Registering precompiled user dll's ...
Registered in 0.002116 seconds.
Begin MonoManager ReloadAssembly
Native extension for WindowsStandalone target not found
Refreshing native plugins compatible for Editor in 0.57 ms, found 3 plugins.
Preloading 0 native plugins for Editor in 0.00 ms.
Package Manager log level set to [2]
[Package Manager] Server::EnsureServerProcessIsRunning -- launch failed, reason: Unity was launched with the -noUpm command-line argument
[Package Manager] Cannot connect to Unity Package Manager local server
Mono: successfully reloaded assembly
- Completed reload, in  1.100 seconds
Domain Reload Profiling:
	ReloadAssembly (1101ms)
		BeginReloadAssembly (122ms)
			ExecutionOrderSort (0ms)
			DisableScriptedObjects (4ms)
			BackupInstance (0ms)
			ReleaseScriptingObjects (0ms)
			CreateAndSetChildDomain (15ms)
		EndReloadAssembly (902ms)
			LoadAssemblies (97ms)
			RebuildTransferFunctionScriptingTraits (0ms)
			SetupTypeCache (197ms)
			ReleaseScriptCaches (0ms)
			RebuildScriptCaches (37ms)
			SetupLoadedEditorAssemblies (585ms)
				LogAssemblyErrors (0ms)
				InitializePlatformSupportModulesInManaged (6ms)
				SetLoadedEditorAssemblies (1ms)
				RefreshPlugins (1ms)
				BeforeProcessingInitializeOnLoad (57ms)
				ProcessInitializeOnLoadAttributes (499ms)
				ProcessInitializeOnLoadMethodAttributes (15ms)
				AfterProcessingInitializeOnLoad (6ms)
				EditorAssembliesLoaded (0ms)
			ExecutionOrderSort2 (0ms)
			AwakeInstancesAfterBackupRestoration (5ms)
Platform modules already initialized, skipping
========================================================================
Worker process is ready to serve import requests
Launched and connected shader compiler UnityShaderCompiler.exe after 0.07 seconds
Refreshing native plugins compatible for Editor in 0.35 ms, found 3 plugins.
Preloading 0 native plugins for Editor in 0.00 ms.
Unloading 3058 Unused Serialized files (Serialized files now loaded: 0)
Unloading 22 unused Assets / (46.4 KB). Loaded Objects now: 3520.
Memory consumption went from 113.7 MB to 113.7 MB.
Total: 3.607700 ms (FindLiveObjects: 0.324200 ms CreateObjectMapping: 0.194100 ms MarkObjects: 2.946800 ms  DeleteObjects: 0.140400 ms)

AssetImportParameters requested are different than current active one (requested -> active):
  custom:video-decoder-ogg-theora: a1e56fd34408186e4bbccfd4996cb3dc -> 
  custom:container-muxer-webm: aa71ff27fc2769a1b78a27578f13a17b -> 
  custom:container-demuxer-webm: 4f35f7cbe854078d1ac9338744f61a02 -> 
  custom:video-encoder-webm-vp8: eb34c28f22e8b96e1ab97ce403110664 -> 
  custom:video-codec-MediaFoundation-h265: 746d11721c4dcdbdad8f713fa42b33f4 -> 
  custom:CustomObjectIndexerAttribute: bc11b3a6c3213fcdd17b65e7da85e133 -> 
  custom:audio-encoder-webm-vorbis: bf7c407c2cedff20999df2af8eb42d56 -> 
  custom:framework-win-MediaFoundation: 216162199b28c13a410421893ffa2e32 -> 
  custom:SearchIndexIgnoredProperties: e643bd26f0fe6173181afceb89e7c659 -> 
  custom:container-demuxer-ogg: 62fdf1f143b41e24485cea50d1cbac27 -> 
  custom:video-decoder-webm-vp8: 9c59270c3fd7afecdb556c50c9e8de78 -> 
  custom:audio-decoder-ogg-vorbis: bf7c407c2cedff20999df2af8eb42d56 -> 
========================================================================
Received Import Request.
  Time since last request: 19757.289506 seconds.
  path: Assets/Assets_Store/Quirky-Series-Cat-v1.4/3D Files/FBX/Cat_LOD3.fbx
  artifactKey: Guid(744eabd09f069274eb908a87ba306a39) Importer(815301076,1909f56bfc062723c751e8b465ee728b)
Number of updated assets reloaded before import = 0
Start importing Assets/Assets_Store/Quirky-Series-Cat-v1.4/3D Files/FBX/Cat_LOD3.fbx using Guid(744eabd09f069274eb908a87ba306a39) Importer(815301076,1909f56bfc062723c751e8b465ee728b)  -> (artifact id: '328ee9e9923136dbdbb795c24fb23ddc') in 0.191361 seconds 
Number of asset objects unloaded after import = 32
========================================================================
Received Import Request.
  Time since last request: 0.000036 seconds.
  path: Assets/Assets_Store/Quirky-Series-Cat-v1.4/3D Files/DAE/Animations/Single/Cat_Attack.dae
  artifactKey: Guid(49122ee7e8426744b91a8533170bd7d8) Importer(815301076,1909f56bfc062723c751e8b465ee728b)
Number of updated assets reloaded before import = 0
Start importing Assets/Assets_Store/Quirky-Series-Cat-v1.4/3D Files/DAE/Animations/Single/Cat_Attack.dae using Guid(49122ee7e8426744b91a8533170bd7d8) Importer(815301076,1909f56bfc062723c751e8b465ee728b)  -> (artifact id: '7754c052db7034bff6ef780c96304912') in 0.037789 seconds 
Number of asset objects unloaded after import = 31
========================================================================
Received Import Request.
  Time since last request: 0.000039 seconds.
  path: Assets/Assets_Store/Quirky-Series-Cat-v1.4/3D Files/DAE/Animations/Cat_Animations.dae
  artifactKey: Guid(21e1f201eaca09442878a9f268151472) Importer(815301076,1909f56bfc062723c751e8b465ee728b)
Number of updated assets reloaded before import = 0
Start importing Assets/Assets_Store/Quirky-Series-Cat-v1.4/3D Files/DAE/Animations/Cat_Animations.dae using Guid(21e1f201eaca09442878a9f268151472) Importer(815301076,1909f56bfc062723c751e8b465ee728b)  -> (artifact id: '32067b831e950f5d515b493e2d8f643f') in 0.035944 seconds 
Number of asset objects unloaded after import = 31
========================================================================
Received Import Request.
  Time since last request: 0.000023 seconds.
  path: Assets/Assets_Store/Quirky-Series-Cat-v1.4/3D Files/DAE/Animations/Single/Cat_Run.dae
  artifactKey: Guid(f96b99bd5ad4c1a4da85c0588e30645d) Importer(815301076,1909f56bfc062723c751e8b465ee728b)
Number of updated assets reloaded before import = 0
Start importing Assets/Assets_Store/Quirky-Series-Cat-v1.4/3D Files/DAE/Animations/Single/Cat_Run.dae using Guid(f96b99bd5ad4c1a4da85c0588e30645d) Importer(815301076,1909f56bfc062723c751e8b465ee728b)  -> (artifact id: '233a510c2fa1d31ff6aa0d87604ce5f0') in 0.031773 seconds 
Number of asset objects unloaded after import = 31
========================================================================
Received Import Request.
  Time since last request: 0.000019 seconds.
  path: Assets/Assets_Store/Quirky-Series-Cat-v1.4/3D Files/DAE/Animations/Single/Cat_Jump.dae
  artifactKey: Guid(50c694c7d7fc2a54b9626649e001be89) Importer(815301076,1909f56bfc062723c751e8b465ee728b)
Number of updated assets reloaded before import = 0
Start importing Assets/Assets_Store/Quirky-Series-Cat-v1.4/3D Files/DAE/Animations/Single/Cat_Jump.dae using Guid(50c694c7d7fc2a54b9626649e001be89) Importer(815301076,1909f56bfc062723c751e8b465ee728b)  -> (artifact id: '0ca3a651fb3eeef060a6ef9f102b225f') in 0.032442 seconds 
Number of asset objects unloaded after import = 31
========================================================================
Received Import Request.
  Time since last request: 0.000017 seconds.
  path: Assets/Assets_Store/Quirky-Series-Cat-v1.4/3D Files/FBX/Animations/Single/Cat_Idle_A.fbx
  artifactKey: Guid(52ae9159a6824af49936e65f92667498) Importer(815301076,1909f56bfc062723c751e8b465ee728b)
Number of updated assets reloaded before import = 0
Start importing Assets/Assets_Store/Quirky-Series-Cat-v1.4/3D Files/FBX/Animations/Single/Cat_Idle_A.fbx using Guid(52ae9159a6824af49936e65f92667498) Importer(815301076,1909f56bfc062723c751e8b465ee728b)  -> (artifact id: '73b2889688875307178083fa6e571790') in 0.036703 seconds 
Number of asset objects unloaded after import = 33
========================================================================
Received Import Request.
  Time since last request: 0.000015 seconds.
  path: Assets/Assets_Store/Quirky-Series-Cat-v1.4/3D Files/OBJ/Merged LOD/Cat_LOD_All.obj
  artifactKey: Guid(7bed3d9b1e3548e4c818d370b96a24cc) Importer(815301076,1909f56bfc062723c751e8b465ee728b)
Number of updated assets reloaded before import = 0
Start importing Assets/Assets_Store/Quirky-Series-Cat-v1.4/3D Files/OBJ/Merged LOD/Cat_LOD_All.obj using Guid(7bed3d9b1e3548e4c818d370b96a24cc) Importer(815301076,1909f56bfc062723c751e8b465ee728b)  -> (artifact id: '57017db03ad32e21edf1b616795dc1b8') in 0.039532 seconds 
Number of asset objects unloaded after import = 11
========================================================================
Received Import Request.
  Time since last request: 0.000021 seconds.
  path: Assets/Assets_Store/Quirky-Series-Cat-v1.4/3D Files/DAE/Animations/Single/Cat_Walk.dae
  artifactKey: Guid(7b6846c4fe2a0db449159ad10438f56d) Importer(815301076,1909f56bfc062723c751e8b465ee728b)
Number of updated assets reloaded before import = 0
Start importing Assets/Assets_Store/Quirky-Series-Cat-v1.4/3D Files/DAE/Animations/Single/Cat_Walk.dae using Guid(7b6846c4fe2a0db449159ad10438f56d) Importer(815301076,1909f56bfc062723c751e8b465ee728b)  -> (artifact id: 'c78c3fe8553d0ccf90bca512196ab1ef') in 0.034166 seconds 
Number of asset objects unloaded after import = 31
========================================================================
Received Import Request.
  Time since last request: 0.000026 seconds.
  path: Assets/Assets_Store/Quirky-Series-Cat-v1.4/3D Files/DAE/Animations/Single/Cat_Fear.dae
  artifactKey: Guid(adcb6821b8096d84a872efcdc2b3c15c) Importer(815301076,1909f56bfc062723c751e8b465ee728b)
Number of updated assets reloaded before import = 0
Start importing Assets/Assets_Store/Quirky-Series-Cat-v1.4/3D Files/DAE/Animations/Single/Cat_Fear.dae using Guid(adcb6821b8096d84a872efcdc2b3c15c) Importer(815301076,1909f56bfc062723c751e8b465ee728b)  -> (artifact id: 'd235b43e5ce9a0c4a8402e7a2eb46c9f') in 0.032143 seconds 
Number of asset objects unloaded after import = 31
========================================================================
Received Import Request.
  Time since last request: 8.283741 seconds.
  path: Assets/Assets_Store/Quirky Series Ultimate/Quirky Series Vol.1/Pets Vol.1/_Animations
  artifactKey: Guid(519d20bea55714040820a83f847e0402) Importer(815301076,1909f56bfc062723c751e8b465ee728b)
Number of updated assets reloaded before import = 0
Start importing Assets/Assets_Store/Quirky Series Ultimate/Quirky Series Vol.1/Pets Vol.1/_Animations using Guid(519d20bea55714040820a83f847e0402) Importer(815301076,1909f56bfc062723c751e8b465ee728b)  -> (artifact id: '5fd949d7bbd01162ba57a4ab336a31f4') in 0.010164 seconds 
Number of asset objects unloaded after import = 0
========================================================================
Received Import Request.
  Time since last request: 2.912822 seconds.
  path: Assets/Assets_Store/Quirky Series Ultimate/Quirky Series Vol.1/Pets Vol.1/_Shader
  artifactKey: Guid(6108f1e67c74a5a4fb4e63e6cb064c93) Importer(815301076,1909f56bfc062723c751e8b465ee728b)
Number of updated assets reloaded before import = 0
Start importing Assets/Assets_Store/Quirky Series Ultimate/Quirky Series Vol.1/Pets Vol.1/_Shader using Guid(6108f1e67c74a5a4fb4e63e6cb064c93) Importer(815301076,1909f56bfc062723c751e8b465ee728b)  -> (artifact id: '10e32554413d3d561ef0860ea4a4e527') in 0.013946 seconds 
Number of asset objects unloaded after import = 0
========================================================================
Received Import Request.
  Time since last request: 0.727747 seconds.
  path: Assets/Assets_Store/Quirky Series Ultimate/Quirky Series Vol.1/Pets Vol.1/_Scripts
  artifactKey: Guid(4487817149df9c44b8eee3eba11ed1c0) Importer(815301076,1909f56bfc062723c751e8b465ee728b)
Number of updated assets reloaded before import = 0
Start importing Assets/Assets_Store/Quirky Series Ultimate/Quirky Series Vol.1/Pets Vol.1/_Scripts using Guid(4487817149df9c44b8eee3eba11ed1c0) Importer(815301076,1909f56bfc062723c751e8b465ee728b)  -> (artifact id: '9afc1c81678c5c0c0adc8971ec3d2424') in 0.014358 seconds 
Number of asset objects unloaded after import = 0
========================================================================
Received Import Request.
  Time since last request: 9.905926 seconds.
  path: Assets/Assets_Store/Quirky Series Ultimate/Quirky Series Vol.1/Pets Vol.1/Demo
  artifactKey: Guid(3b74d58ffdedbde43ae2b7868f3d5655) Importer(815301076,1909f56bfc062723c751e8b465ee728b)
Number of updated assets reloaded before import = 0
Start importing Assets/Assets_Store/Quirky Series Ultimate/Quirky Series Vol.1/Pets Vol.1/Demo using Guid(3b74d58ffdedbde43ae2b7868f3d5655) Importer(815301076,1909f56bfc062723c751e8b465ee728b)  -> (artifact id: '59f8f6cc61d65e8a5d813535204397f3') in 0.012924 seconds 
Number of asset objects unloaded after import = 0
========================================================================
Received Import Request.
  Time since last request: 0.060609 seconds.
  path: Assets/Assets_Store/Quirky Series Ultimate/Quirky Series Vol.1/Pets Vol.1/Demo/M_DemoPlane.mat
  artifactKey: Guid(cc99e05f4484f3842914e888b3757425) Importer(815301076,1909f56bfc062723c751e8b465ee728b)
Number of updated assets reloaded before import = 0
Start importing Assets/Assets_Store/Quirky Series Ultimate/Quirky Series Vol.1/Pets Vol.1/Demo/M_DemoPlane.mat using Guid(cc99e05f4484f3842914e888b3757425) Importer(815301076,1909f56bfc062723c751e8b465ee728b)  -> (artifact id: '45242b1a801a117dcee345edcf0fa530') in 0.032475 seconds 
Number of asset objects unloaded after import = 1
========================================================================
Received Import Request.
  Time since last request: 1.777216 seconds.
  path: Assets/Assets_Store/Quirky Series Ultimate/Quirky Series Vol.1/Pets Vol.1/Demo/Demo_Pets_01.unity
  artifactKey: Guid(460f3a4b119efb04999ebc193bcc2d79) Importer(815301076,1909f56bfc062723c751e8b465ee728b)
Number of updated assets reloaded before import = 0
Start importing Assets/Assets_Store/Quirky Series Ultimate/Quirky Series Vol.1/Pets Vol.1/Demo/Demo_Pets_01.unity using Guid(460f3a4b119efb04999ebc193bcc2d79) Importer(815301076,1909f56bfc062723c751e8b465ee728b)  -> (artifact id: 'ce528fc416d5025d49d1897c1e781f07') in 0.017730 seconds 
Number of asset objects unloaded after import = 0
========================================================================
Received Prepare
Registering precompiled user dll's ...
Registered in 0.003014 seconds.
Begin MonoManager ReloadAssembly
Native extension for WindowsStandalone target not found
Refreshing native plugins compatible for Editor in 0.35 ms, found 3 plugins.
Preloading 0 native plugins for Editor in 0.00 ms.
[Package Manager] Server::EnsureServerProcessIsRunning -- launch failed, reason: Unity was launched with the -noUpm command-line argument
[Package Manager] Cannot connect to Unity Package Manager local server
Mono: successfully reloaded assembly
- Completed reload, in  1.166 seconds
Domain Reload Profiling:
	ReloadAssembly (1166ms)
		BeginReloadAssembly (156ms)
			ExecutionOrderSort (0ms)
			DisableScriptedObjects (4ms)
			BackupInstance (0ms)
			ReleaseScriptingObjects (0ms)
			CreateAndSetChildDomain (35ms)
		EndReloadAssembly (928ms)
			LoadAssemblies (105ms)
			RebuildTransferFunctionScriptingTraits (0ms)
			SetupTypeCache (202ms)
			ReleaseScriptCaches (1ms)
			RebuildScriptCaches (34ms)
			SetupLoadedEditorAssemblies (594ms)
				LogAssemblyErrors (0ms)
				InitializePlatformSupportModulesInManaged (5ms)
				SetLoadedEditorAssemblies (0ms)
				RefreshPlugins (0ms)
				BeforeProcessingInitializeOnLoad (44ms)
				ProcessInitializeOnLoadAttributes (518ms)
				ProcessInitializeOnLoadMethodAttributes (17ms)
				AfterProcessingInitializeOnLoad (9ms)
				EditorAssembliesLoaded (0ms)
			ExecutionOrderSort2 (0ms)
			AwakeInstancesAfterBackupRestoration (6ms)
Platform modules already initialized, skipping
Refreshing native plugins compatible for Editor in 0.73 ms, found 3 plugins.
Preloading 0 native plugins for Editor in 0.00 ms.
Unloading 3049 Unused Serialized files (Serialized files now loaded: 0)
Unloading 17 unused Assets / (21.9 KB). Loaded Objects now: 3568.
Memory consumption went from 130.8 MB to 130.7 MB.
Total: 3.846200 ms (FindLiveObjects: 0.342700 ms CreateObjectMapping: 0.244500 ms MarkObjects: 3.216800 ms  DeleteObjects: 0.040200 ms)

AssetImportParameters requested are different than current active one (requested -> active):
  custom:video-decoder-ogg-theora: a1e56fd34408186e4bbccfd4996cb3dc -> 
  custom:container-muxer-webm: aa71ff27fc2769a1b78a27578f13a17b -> 
  custom:container-demuxer-webm: 4f35f7cbe854078d1ac9338744f61a02 -> 
  custom:video-encoder-webm-vp8: eb34c28f22e8b96e1ab97ce403110664 -> 
  custom:video-codec-MediaFoundation-h265: 746d11721c4dcdbdad8f713fa42b33f4 -> 
  custom:CustomObjectIndexerAttribute: bc11b3a6c3213fcdd17b65e7da85e133 -> 
  custom:audio-encoder-webm-vorbis: bf7c407c2cedff20999df2af8eb42d56 -> 
  custom:framework-win-MediaFoundation: 216162199b28c13a410421893ffa2e32 -> 
  custom:SearchIndexIgnoredProperties: e643bd26f0fe6173181afceb89e7c659 -> 
  custom:container-demuxer-ogg: 62fdf1f143b41e24485cea50d1cbac27 -> 
  custom:video-decoder-webm-vp8: 9c59270c3fd7afecdb556c50c9e8de78 -> 
  custom:audio-decoder-ogg-vorbis: bf7c407c2cedff20999df2af8eb42d56 -> 
========================================================================
Received Import Request.
  Time since last request: 157.600322 seconds.
  path: Assets/Assets_Store/Quirky Series Ultimate/Quirky Series Vol.1/Pets Vol.1/_Scripts/Demo.cs
  artifactKey: Guid(a7e76a4a4e5bb0e458a266391b5f9c63) Importer(815301076,1909f56bfc062723c751e8b465ee728b)
Number of updated assets reloaded before import = 0
Start importing Assets/Assets_Store/Quirky Series Ultimate/Quirky Series Vol.1/Pets Vol.1/_Scripts/Demo.cs using Guid(a7e76a4a4e5bb0e458a266391b5f9c63) Importer(815301076,1909f56bfc062723c751e8b465ee728b)  -> (artifact id: '3c5277d81d0ad3f3868687ce9c7d2800') in 0.018966 seconds 
Number of asset objects unloaded after import = 0
========================================================================
Received Import Request.
  Time since last request: 120.160126 seconds.
  path: Assets/Assets_Store/Quirky Series Ultimate/Quirky Series Vol.1/Pets Vol.1/Textures/T_Cat.png
  artifactKey: Guid(014a9a76ac71946488b31e350777bb0b) Importer(815301076,1909f56bfc062723c751e8b465ee728b)
Number of updated assets reloaded before import = 0
Start importing Assets/Assets_Store/Quirky Series Ultimate/Quirky Series Vol.1/Pets Vol.1/Textures/T_Cat.png using Guid(014a9a76ac71946488b31e350777bb0b) Importer(815301076,1909f56bfc062723c751e8b465ee728b)  -> (artifact id: 'c6f3b5db48f8077598fae2ba672c7499') in 0.101377 seconds 
Number of asset objects unloaded after import = 2
========================================================================
Received Prepare
Registering precompiled user dll's ...
Registered in 0.001938 seconds.
Begin MonoManager ReloadAssembly
Native extension for WindowsStandalone target not found
Refreshing native plugins compatible for Editor in 0.35 ms, found 3 plugins.
Preloading 0 native plugins for Editor in 0.00 ms.
[Package Manager] Server::EnsureServerProcessIsRunning -- launch failed, reason: Unity was launched with the -noUpm command-line argument
[Package Manager] Cannot connect to Unity Package Manager local server
Mono: successfully reloaded assembly
- Completed reload, in  0.978 seconds
Domain Reload Profiling:
	ReloadAssembly (978ms)
		BeginReloadAssembly (114ms)
			ExecutionOrderSort (0ms)
			DisableScriptedObjects (4ms)
			BackupInstance (0ms)
			ReleaseScriptingObjects (0ms)
			CreateAndSetChildDomain (25ms)
		EndReloadAssembly (806ms)
			LoadAssemblies (74ms)
			RebuildTransferFunctionScriptingTraits (0ms)
			SetupTypeCache (159ms)
			ReleaseScriptCaches (1ms)
			RebuildScriptCaches (27ms)
			SetupLoadedEditorAssemblies (545ms)
				LogAssemblyErrors (0ms)
				InitializePlatformSupportModulesInManaged (4ms)
				SetLoadedEditorAssemblies (0ms)
				RefreshPlugins (0ms)
				BeforeProcessingInitializeOnLoad (38ms)
				ProcessInitializeOnLoadAttributes (482ms)
				ProcessInitializeOnLoadMethodAttributes (12ms)
				AfterProcessingInitializeOnLoad (7ms)
				EditorAssembliesLoaded (0ms)
			ExecutionOrderSort2 (0ms)
			AwakeInstancesAfterBackupRestoration (6ms)
Platform modules already initialized, skipping
Refreshing native plugins compatible for Editor in 0.47 ms, found 3 plugins.
Preloading 0 native plugins for Editor in 0.00 ms.
Unloading 3049 Unused Serialized files (Serialized files now loaded: 0)
Unloading 17 unused Assets / (22.0 KB). Loaded Objects now: 3573.
Memory consumption went from 130.8 MB to 130.7 MB.
Total: 3.550800 ms (FindLiveObjects: 0.639800 ms CreateObjectMapping: 0.231400 ms MarkObjects: 2.658600 ms  DeleteObjects: 0.019000 ms)

AssetImportParameters requested are different than current active one (requested -> active):
  custom:video-decoder-ogg-theora: a1e56fd34408186e4bbccfd4996cb3dc -> 
  custom:container-muxer-webm: aa71ff27fc2769a1b78a27578f13a17b -> 
  custom:container-demuxer-webm: 4f35f7cbe854078d1ac9338744f61a02 -> 
  custom:video-encoder-webm-vp8: eb34c28f22e8b96e1ab97ce403110664 -> 
  custom:video-codec-MediaFoundation-h265: 746d11721c4dcdbdad8f713fa42b33f4 -> 
  custom:CustomObjectIndexerAttribute: bc11b3a6c3213fcdd17b65e7da85e133 -> 
  custom:audio-encoder-webm-vorbis: bf7c407c2cedff20999df2af8eb42d56 -> 
  custom:framework-win-MediaFoundation: 216162199b28c13a410421893ffa2e32 -> 
  custom:SearchIndexIgnoredProperties: e643bd26f0fe6173181afceb89e7c659 -> 
  custom:container-demuxer-ogg: 62fdf1f143b41e24485cea50d1cbac27 -> 
  custom:video-decoder-webm-vp8: 9c59270c3fd7afecdb556c50c9e8de78 -> 
  custom:audio-decoder-ogg-vorbis: bf7c407c2cedff20999df2af8eb42d56 -> 
========================================================================
Received Import Request.
  Time since last request: 154.942775 seconds.
  path: Assets/Assets_Store/Quirky Series Ultimate/Quirky Series Vol.1/Pets Vol.1/Animations/Cat_Animations.fbx
  artifactKey: Guid(1b0b46dc3301bde48b59f013024cbec8) Importer(815301076,1909f56bfc062723c751e8b465ee728b)
Number of updated assets reloaded before import = 0
Start importing Assets/Assets_Store/Quirky Series Ultimate/Quirky Series Vol.1/Pets Vol.1/Animations/Cat_Animations.fbx using Guid(1b0b46dc3301bde48b59f013024cbec8) Importer(815301076,1909f56bfc062723c751e8b465ee728b)  -> (artifact id: '81f5ced72345e22f14c1169b7c16d9ca') in 0.112630 seconds 
Number of asset objects unloaded after import = 52
========================================================================
Received Import Request.
  Time since last request: 16.073375 seconds.
  path: Assets/Assets_Store/Quirky Series Ultimate/Quirky Series Vol.1/Pets Vol.1/Animations/AC_Cat.controller
  artifactKey: Guid(cc96420140b3c6e4cae96633af1db9d2) Importer(815301076,1909f56bfc062723c751e8b465ee728b)
Number of updated assets reloaded before import = 0
Start importing Assets/Assets_Store/Quirky Series Ultimate/Quirky Series Vol.1/Pets Vol.1/Animations/AC_Cat.controller using Guid(cc96420140b3c6e4cae96633af1db9d2) Importer(815301076,1909f56bfc062723c751e8b465ee728b)  -> (artifact id: '903c9a87ba0993776658f69e22898a01') in 0.046349 seconds 
Number of asset objects unloaded after import = 81
========================================================================
Received Import Request.
  Time since last request: 2040.151685 seconds.
  path: Assets/Scenes/SampleScene.unity
  artifactKey: Guid(9fc0d4010bbf28b4594072e72b8655ab) Importer(815301076,1909f56bfc062723c751e8b465ee728b)
Number of updated assets reloaded before import = 0
Start importing Assets/Scenes/SampleScene.unity using Guid(9fc0d4010bbf28b4594072e72b8655ab) Importer(815301076,1909f56bfc062723c751e8b465ee728b)  -> (artifact id: '65ea5e15508f5a1efa8fb0c41fe82a77') in 0.016674 seconds 
Number of asset objects unloaded after import = 0
