Using pre-set license
Built from '2021.3/staging' branch; Version is '2021.3.30f1 (b4360d7cdac4) revision 11810317'; Using compiler version '192829333'; Build Type 'Release'
OS: 'Windows 11  (10.0.22621) 64bit Professional' Language: 'ko' Physical Memory: 32524 MB
BatchMode: 1, IsHumanControllingUs: 0, StartBugReporterOnCrash: 0, Is64bit: 1, IsPro: 1

COMMAND LINE ARGUMENTS:
C:\Program Files\Unity\Hub\Editor\2021.3.30f1\Editor\Unity.exe
-adb2
-batchMode
-noUpm
-name
AssetImportWorker1
-projectPath
D:/ìƒˆ í´ë”/OneDrive - ê²½í¬ëŒ€í•™êµ/ê²½í¬ëŒ€í•™êµ/ì†Œìœµê°œë¡ /swcon101_termprojrct
-logFile
Logs/AssetImportWorker1.log
-srvPort
5274
Successfully changed project path to: D:/ìƒˆ í´ë”/OneDrive - ê²½í¬ëŒ€í•™êµ/ê²½í¬ëŒ€í•™êµ/ì†Œìœµê°œë¡ /swcon101_termprojrct
D:/ìƒˆ í´ë”/OneDrive - ê²½í¬ëŒ€í•™êµ/ê²½í¬ëŒ€í•™êµ/ì†Œìœµê°œë¡ /swcon101_termprojrct
[UnityMemory] Configuration Parameters - Can be set up in boot.config
    "memorysetup-bucket-allocator-granularity=16"
    "memorysetup-bucket-allocator-bucket-count=8"
    "memorysetup-bucket-allocator-block-size=33554432"
    "memorysetup-bucket-allocator-block-count=8"
    "memorysetup-main-allocator-block-size=16777216"
    "memorysetup-thread-allocator-block-size=16777216"
    "memorysetup-gfx-main-allocator-block-size=16777216"
    "memorysetup-gfx-thread-allocator-block-size=16777216"
    "memorysetup-cache-allocator-block-size=4194304"
    "memorysetup-typetree-allocator-block-size=2097152"
    "memorysetup-profiler-bucket-allocator-granularity=16"
    "memorysetup-profiler-bucket-allocator-bucket-count=8"
    "memorysetup-profiler-bucket-allocator-block-size=33554432"
    "memorysetup-profiler-bucket-allocator-block-count=8"
    "memorysetup-profiler-allocator-block-size=16777216"
    "memorysetup-profiler-editor-allocator-block-size=1048576"
    "memorysetup-temp-allocator-size-main=16777216"
    "memorysetup-job-temp-allocator-block-size=2097152"
    "memorysetup-job-temp-allocator-block-size-background=1048576"
    "memorysetup-job-temp-allocator-reduction-small-platforms=262144"
    "memorysetup-temp-allocator-size-background-worker=32768"
    "memorysetup-temp-allocator-size-job-worker=262144"
    "memorysetup-temp-allocator-size-preload-manager=33554432"
    "memorysetup-temp-allocator-size-nav-mesh-worker=65536"
    "memorysetup-temp-allocator-size-audio-worker=65536"
    "memorysetup-temp-allocator-size-cloud-worker=32768"
    "memorysetup-temp-allocator-size-gi-baking-worker=262144"
    "memorysetup-temp-allocator-size-gfx=262144"
Player connection [11088] Host "[IP] 192.168.55.154 [Port] 0 [Flags] 2 [Guid] 4087204753 [EditorId] 4087204753 [Version] 1048832 [Id] WindowsEditor(7,°­º´ÈÆ) [Debug] 1 [PackageName] WindowsEditor [ProjectName] Editor" joined multi-casting on [225.0.0.222:54997]...

Player connection [11088] Host "[IP] 192.168.55.154 [Port] 0 [Flags] 2 [Guid] 4087204753 [EditorId] 4087204753 [Version] 1048832 [Id] WindowsEditor(7,°­º´ÈÆ) [Debug] 1 [PackageName] WindowsEditor [ProjectName] Editor" joined alternative multi-casting on [225.0.0.222:34997]...

[Physics::Module] Initialized MultithreadedJobDispatcher with {0} workers.
Refreshing native plugins compatible for Editor in 65.23 ms, found 3 plugins.
Preloading 0 native plugins for Editor in 0.00 ms.
Initialize engine version: 2021.3.30f1 (b4360d7cdac4)
[Subsystems] Discovering subsystems at path C:/Program Files/Unity/Hub/Editor/2021.3.30f1/Editor/Data/Resources/UnitySubsystems
[Subsystems] Discovering subsystems at path D:/ìƒˆ í´ë”/OneDrive - ê²½í¬ëŒ€í•™êµ/ê²½í¬ëŒ€í•™êµ/ì†Œìœµê°œë¡ /swcon101_termprojrct/Assets
GfxDevice: creating device client; threaded=0; jobified=0
Direct3D:
    Version:  Direct3D 11.0 [level 11.1]
    Renderer: NVIDIA GeForce RTX 3080 (ID=0x2216)
    Vendor:   NVIDIA
    VRAM:     10067 MB
    Driver:   31.0.15.3640
Initialize mono
Mono path[0] = 'C:/Program Files/Unity/Hub/Editor/2021.3.30f1/Editor/Data/Managed'
Mono path[1] = 'C:/Program Files/Unity/Hub/Editor/2021.3.30f1/Editor/Data/MonoBleedingEdge/lib/mono/unityjit-win32'
Mono config path = 'C:/Program Files/Unity/Hub/Editor/2021.3.30f1/Editor/Data/MonoBleedingEdge/etc'
Using monoOptions --debugger-agent=transport=dt_socket,embedding=1,server=y,suspend=n,address=127.0.0.1:56808
Begin MonoManager ReloadAssembly
Registering precompiled unity dll's ...
Register platform support module: C:/Program Files/Unity/Hub/Editor/2021.3.30f1/Editor/Data/PlaybackEngines/WindowsStandaloneSupport/UnityEditor.WindowsStandalone.Extensions.dll
Registered in 0.002709 seconds.
Native extension for WindowsStandalone target not found
Refreshing native plugins compatible for Editor in 66.57 ms, found 3 plugins.
Preloading 0 native plugins for Editor in 0.00 ms.
Mono: successfully reloaded assembly
- Completed reload, in  0.440 seconds
Domain Reload Profiling:
	ReloadAssembly (441ms)
		BeginReloadAssembly (103ms)
			ExecutionOrderSort (0ms)
			DisableScriptedObjects (0ms)
			BackupInstance (0ms)
			ReleaseScriptingObjects (0ms)
			CreateAndSetChildDomain (1ms)
		EndReloadAssembly (282ms)
			LoadAssemblies (101ms)
			RebuildTransferFunctionScriptingTraits (0ms)
			SetupTypeCache (62ms)
			ReleaseScriptCaches (0ms)
			RebuildScriptCaches (18ms)
			SetupLoadedEditorAssemblies (177ms)
				LogAssemblyErrors (0ms)
				InitializePlatformSupportModulesInManaged (5ms)
				SetLoadedEditorAssemblies (0ms)
				RefreshPlugins (67ms)
				BeforeProcessingInitializeOnLoad (1ms)
				ProcessInitializeOnLoadAttributes (73ms)
				ProcessInitializeOnLoadMethodAttributes (31ms)
				AfterProcessingInitializeOnLoad (0ms)
				EditorAssembliesLoaded (0ms)
			ExecutionOrderSort2 (0ms)
			AwakeInstancesAfterBackupRestoration (0ms)
Platform modules already initialized, skipping
Registering precompiled user dll's ...
Registered in 0.004249 seconds.
Begin MonoManager ReloadAssembly
Native extension for WindowsStandalone target not found
Refreshing native plugins compatible for Editor in 80.89 ms, found 3 plugins.
Preloading 0 native plugins for Editor in 0.00 ms.
Package Manager log level set to [2]
[Package Manager] Server::EnsureServerProcessIsRunning -- launch failed, reason: Unity was launched with the -noUpm command-line argument
[Package Manager] Cannot connect to Unity Package Manager local server
Mono: successfully reloaded assembly
- Completed reload, in  1.257 seconds
Domain Reload Profiling:
	ReloadAssembly (1257ms)
		BeginReloadAssembly (88ms)
			ExecutionOrderSort (0ms)
			DisableScriptedObjects (4ms)
			BackupInstance (0ms)
			ReleaseScriptingObjects (0ms)
			CreateAndSetChildDomain (16ms)
		EndReloadAssembly (1096ms)
			LoadAssemblies (69ms)
			RebuildTransferFunctionScriptingTraits (0ms)
			SetupTypeCache (205ms)
			ReleaseScriptCaches (1ms)
			RebuildScriptCaches (44ms)
			SetupLoadedEditorAssemblies (763ms)
				LogAssemblyErrors (0ms)
				InitializePlatformSupportModulesInManaged (3ms)
				SetLoadedEditorAssemblies (0ms)
				RefreshPlugins (81ms)
				BeforeProcessingInitializeOnLoad (71ms)
				ProcessInitializeOnLoadAttributes (556ms)
				ProcessInitializeOnLoadMethodAttributes (49ms)
				AfterProcessingInitializeOnLoad (4ms)
				EditorAssembliesLoaded (0ms)
			ExecutionOrderSort2 (0ms)
			AwakeInstancesAfterBackupRestoration (5ms)
Platform modules already initialized, skipping
========================================================================
Worker process is ready to serve import requests
Launched and connected shader compiler UnityShaderCompiler.exe after 0.03 seconds
Refreshing native plugins compatible for Editor in 1.07 ms, found 3 plugins.
Preloading 0 native plugins for Editor in 0.00 ms.
Unloading 5398 Unused Serialized files (Serialized files now loaded: 0)
Unloading 47 unused Assets / (0.7 MB). Loaded Objects now: 5867.
Memory consumption went from 233.1 MB to 232.3 MB.
Total: 4.694300 ms (FindLiveObjects: 0.380500 ms CreateObjectMapping: 0.305800 ms MarkObjects: 3.350000 ms  DeleteObjects: 0.656700 ms)

AssetImportParameters requested are different than current active one (requested -> active):
  custom:video-decoder-ogg-theora: a1e56fd34408186e4bbccfd4996cb3dc -> 
  custom:container-muxer-webm: aa71ff27fc2769a1b78a27578f13a17b -> 
  custom:container-demuxer-webm: 4f35f7cbe854078d1ac9338744f61a02 -> 
  custom:video-encoder-webm-vp8: eb34c28f22e8b96e1ab97ce403110664 -> 
  custom:video-codec-MediaFoundation-h265: 746d11721c4dcdbdad8f713fa42b33f4 -> 
  custom:CustomObjectIndexerAttribute: 6b0e35c9178b02a6363f3721b7b8e397 -> 
  custom:audio-encoder-webm-vorbis: bf7c407c2cedff20999df2af8eb42d56 -> 
  custom:framework-win-MediaFoundation: 216162199b28c13a410421893ffa2e32 -> 
  custom:SearchIndexIgnoredProperties: e643bd26f0fe6173181afceb89e7c659 -> 
  custom:container-demuxer-ogg: 62fdf1f143b41e24485cea50d1cbac27 -> 
  custom:video-decoder-webm-vp8: 9c59270c3fd7afecdb556c50c9e8de78 -> 
  custom:audio-decoder-ogg-vorbis: bf7c407c2cedff20999df2af8eb42d56 -> 
========================================================================
Received Import Request.
  Time since last request: 8013.834824 seconds.
  path: Assets/Assets_Store/LowPolyInterior/Prefabs/Floor/Floor_17.prefab
  artifactKey: Guid(1466f1b091c3e0049aeb8fc34c6ed6f3) Importer(815301076,1909f56bfc062723c751e8b465ee728b)
Number of updated assets reloaded before import = 0
Start importing Assets/Assets_Store/LowPolyInterior/Prefabs/Floor/Floor_17.prefab using Guid(1466f1b091c3e0049aeb8fc34c6ed6f3) Importer(815301076,1909f56bfc062723c751e8b465ee728b)  -> (artifact id: 'a9cbb770f5ab18969336b7ae3c7ed670') in 0.140987 seconds 
Number of asset objects unloaded after import = 10
========================================================================
Received Import Request.
  Time since last request: 0.000035 seconds.
  path: Assets/Assets_Store/LowPolyInterior/Prefabs/Floor/Floor_23.prefab
  artifactKey: Guid(adb027301a6e5754e81699233d8257df) Importer(815301076,1909f56bfc062723c751e8b465ee728b)
Number of updated assets reloaded before import = 0
Start importing Assets/Assets_Store/LowPolyInterior/Prefabs/Floor/Floor_23.prefab using Guid(adb027301a6e5754e81699233d8257df) Importer(815301076,1909f56bfc062723c751e8b465ee728b)  -> (artifact id: 'cd714232b8ade169e9b342ed638e7fed') in 0.019816 seconds 
Number of asset objects unloaded after import = 10
========================================================================
Received Import Request.
  Time since last request: 0.000033 seconds.
  path: Assets/Assets_Store/LowPolyInterior/Prefabs/Floor/Floor_07.prefab
  artifactKey: Guid(fb3ea3ef1606cb049bcd7b783fee6ca4) Importer(815301076,1909f56bfc062723c751e8b465ee728b)
Number of updated assets reloaded before import = 0
Start importing Assets/Assets_Store/LowPolyInterior/Prefabs/Floor/Floor_07.prefab using Guid(fb3ea3ef1606cb049bcd7b783fee6ca4) Importer(815301076,1909f56bfc062723c751e8b465ee728b)  -> (artifact id: 'f4e95d9e53f01fecf4c9dabe718e7541') in 0.016327 seconds 
Number of asset objects unloaded after import = 10
========================================================================
Received Import Request.
  Time since last request: 0.000017 seconds.
  path: Assets/Assets_Store/LowPolyInterior/Prefabs/Floor/Floor_22.prefab
  artifactKey: Guid(54cf091b2342db84d9b9b3c5e7ae7a2f) Importer(815301076,1909f56bfc062723c751e8b465ee728b)
Number of updated assets reloaded before import = 0
Start importing Assets/Assets_Store/LowPolyInterior/Prefabs/Floor/Floor_22.prefab using Guid(54cf091b2342db84d9b9b3c5e7ae7a2f) Importer(815301076,1909f56bfc062723c751e8b465ee728b)  -> (artifact id: 'e7c643a003b99c1a793cc817a31bc3cd') in 0.014774 seconds 
Number of asset objects unloaded after import = 10
========================================================================
Received Import Request.
  Time since last request: 0.000027 seconds.
  path: Assets/Assets_Store/LowPolyInterior/Prefabs/Floor/Floor_20.prefab
  artifactKey: Guid(78e7d7be6994bb74fa5de0526369cf79) Importer(815301076,1909f56bfc062723c751e8b465ee728b)
Number of updated assets reloaded before import = 0
Start importing Assets/Assets_Store/LowPolyInterior/Prefabs/Floor/Floor_20.prefab using Guid(78e7d7be6994bb74fa5de0526369cf79) Importer(815301076,1909f56bfc062723c751e8b465ee728b)  -> (artifact id: '45e7461ac08300cc1ed740a9fd502133') in 0.014289 seconds 
Number of asset objects unloaded after import = 10
========================================================================
Received Prepare
Registering precompiled user dll's ...
Registered in 0.004287 seconds.
Begin MonoManager ReloadAssembly
Native extension for WindowsStandalone target not found
Refreshing native plugins compatible for Editor in 0.72 ms, found 3 plugins.
Preloading 0 native plugins for Editor in 0.00 ms.
[Package Manager] Server::EnsureServerProcessIsRunning -- launch failed, reason: Unity was launched with the -noUpm command-line argument
[Package Manager] Cannot connect to Unity Package Manager local server
Mono: successfully reloaded assembly
- Completed reload, in  1.201 seconds
Domain Reload Profiling:
	ReloadAssembly (1201ms)
		BeginReloadAssembly (114ms)
			ExecutionOrderSort (0ms)
			DisableScriptedObjects (3ms)
			BackupInstance (0ms)
			ReleaseScriptingObjects (0ms)
			CreateAndSetChildDomain (30ms)
		EndReloadAssembly (1028ms)
			LoadAssemblies (87ms)
			RebuildTransferFunctionScriptingTraits (0ms)
			SetupTypeCache (230ms)
			ReleaseScriptCaches (1ms)
			RebuildScriptCaches (37ms)
			SetupLoadedEditorAssemblies (661ms)
				LogAssemblyErrors (0ms)
				InitializePlatformSupportModulesInManaged (4ms)
				SetLoadedEditorAssemblies (0ms)
				RefreshPlugins (1ms)
				BeforeProcessingInitializeOnLoad (59ms)
				ProcessInitializeOnLoadAttributes (544ms)
				ProcessInitializeOnLoadMethodAttributes (47ms)
				AfterProcessingInitializeOnLoad (5ms)
				EditorAssembliesLoaded (0ms)
			ExecutionOrderSort2 (0ms)
			AwakeInstancesAfterBackupRestoration (6ms)
Platform modules already initialized, skipping
Refreshing native plugins compatible for Editor in 1.26 ms, found 3 plugins.
Preloading 0 native plugins for Editor in 0.00 ms.
Unloading 5317 Unused Serialized files (Serialized files now loaded: 0)
Unloading 28 unused Assets / (0.7 MB). Loaded Objects now: 5890.
Memory consumption went from 229.2 MB to 228.5 MB.
Total: 4.041400 ms (FindLiveObjects: 0.460700 ms CreateObjectMapping: 0.377100 ms MarkObjects: 2.851800 ms  DeleteObjects: 0.350200 ms)

AssetImportParameters requested are different than current active one (requested -> active):
  custom:video-decoder-ogg-theora: a1e56fd34408186e4bbccfd4996cb3dc -> 
  custom:container-muxer-webm: aa71ff27fc2769a1b78a27578f13a17b -> 
  custom:container-demuxer-webm: 4f35f7cbe854078d1ac9338744f61a02 -> 
  custom:video-encoder-webm-vp8: eb34c28f22e8b96e1ab97ce403110664 -> 
  custom:video-codec-MediaFoundation-h265: 746d11721c4dcdbdad8f713fa42b33f4 -> 
  custom:CustomObjectIndexerAttribute: 6b0e35c9178b02a6363f3721b7b8e397 -> 
  custom:audio-encoder-webm-vorbis: bf7c407c2cedff20999df2af8eb42d56 -> 
  custom:framework-win-MediaFoundation: 216162199b28c13a410421893ffa2e32 -> 
  custom:SearchIndexIgnoredProperties: e643bd26f0fe6173181afceb89e7c659 -> 
  custom:container-demuxer-ogg: 62fdf1f143b41e24485cea50d1cbac27 -> 
  custom:video-decoder-webm-vp8: 9c59270c3fd7afecdb556c50c9e8de78 -> 
  custom:audio-decoder-ogg-vorbis: bf7c407c2cedff20999df2af8eb42d56 -> 
========================================================================
Received Import Request.
  Time since last request: 187.476756 seconds.
  path: Assets/Scenes/Main.unity
  artifactKey: Guid(c2f7f3b941a155f43be2ac55fd836a06) Importer(815301076,1909f56bfc062723c751e8b465ee728b)
Number of updated assets reloaded before import = 0
Start importing Assets/Scenes/Main.unity using Guid(c2f7f3b941a155f43be2ac55fd836a06) Importer(815301076,1909f56bfc062723c751e8b465ee728b)  -> (artifact id: 'e34fb674864e3c1267ea2a3ad553bdf0') in 0.023237 seconds 
Number of asset objects unloaded after import = 0
========================================================================
Received Import Request.
  Time since last request: 237.209177 seconds.
  path: Assets/Assets_Store/LowPolyInterior/Scenes/LowPolyInterior_OverviewSettings.lighting
  artifactKey: Guid(5f3aa804db3631f41b060801ccbe422e) Importer(815301076,1909f56bfc062723c751e8b465ee728b)
Number of updated assets reloaded before import = 0
Start importing Assets/Assets_Store/LowPolyInterior/Scenes/LowPolyInterior_OverviewSettings.lighting using Guid(5f3aa804db3631f41b060801ccbe422e) Importer(815301076,1909f56bfc062723c751e8b465ee728b)  -> (artifact id: '2260b9a701e8069ac1f54077e8a29c9b') in 0.017299 seconds 
Number of asset objects unloaded after import = 1
========================================================================
Received Import Request.
  Time since last request: 5.032640 seconds.
  path: Assets/Assets_Store/LowPolyInterior/Scenes/LowPolyInterior_Overview.unity
  artifactKey: Guid(f6ee824980092fa479c97b1144c3a55f) Importer(815301076,1909f56bfc062723c751e8b465ee728b)
Number of updated assets reloaded before import = 0
Start importing Assets/Assets_Store/LowPolyInterior/Scenes/LowPolyInterior_Overview.unity using Guid(f6ee824980092fa479c97b1144c3a55f) Importer(815301076,1909f56bfc062723c751e8b465ee728b)  -> (artifact id: '3187ae6c2b148419f450871216e457e5') in 0.006895 seconds 
Number of asset objects unloaded after import = 0
========================================================================
Received Import Request.
  Time since last request: 76.126185 seconds.
  path: Assets/Scenes/Main.unity
  artifactKey: Guid(c2f7f3b941a155f43be2ac55fd836a06) Importer(815301076,1909f56bfc062723c751e8b465ee728b)
Number of updated assets reloaded before import = 0
Start importing Assets/Scenes/Main.unity using Guid(c2f7f3b941a155f43be2ac55fd836a06) Importer(815301076,1909f56bfc062723c751e8b465ee728b)  -> (artifact id: 'af697b6722a266ed23816acd0c3336de') in 0.001644 seconds 
Number of asset objects unloaded after import = 0
========================================================================
Received Import Request.
  Time since last request: 6.800195 seconds.
  path: Assets/Assets_Store/LowPolyInterior/Materials/LowPolyInterior_MAIN.mat
  artifactKey: Guid(0054cbb2942940f46a8872a0c6f7e495) Importer(815301076,1909f56bfc062723c751e8b465ee728b)
Number of updated assets reloaded before import = 0
Start importing Assets/Assets_Store/LowPolyInterior/Materials/LowPolyInterior_MAIN.mat using Guid(0054cbb2942940f46a8872a0c6f7e495) Importer(815301076,1909f56bfc062723c751e8b465ee728b)  -> (artifact id: '52ee498adacd4118b69d8c7f191b3f9d') in 0.078137 seconds 
Number of asset objects unloaded after import = 2
========================================================================
Received Import Request.
  Time since last request: 56.214913 seconds.
  path: Assets/Scenes/Main
  artifactKey: Guid(fee21e176304017488a8ab09c2e1200f) Importer(815301076,1909f56bfc062723c751e8b465ee728b)
Number of updated assets reloaded before import = 0
Start importing Assets/Scenes/Main using Guid(fee21e176304017488a8ab09c2e1200f) Importer(815301076,1909f56bfc062723c751e8b465ee728b)  -> (artifact id: '0199ab6681202c200af82798b7410907') in 0.010063 seconds 
Number of asset objects unloaded after import = 0
========================================================================
Received Import Request.
  Time since last request: 0.072987 seconds.
  path: Assets/Scenes/Main/LightingData.asset
  artifactKey: Guid(cd369430b1922274784afe05b07eaec1) Importer(815301076,1909f56bfc062723c751e8b465ee728b)
Number of updated assets reloaded before import = 0
Start importing Assets/Scenes/Main/LightingData.asset using Guid(cd369430b1922274784afe05b07eaec1) Importer(815301076,1909f56bfc062723c751e8b465ee728b)  -> (artifact id: '93db27df10373be3ecb58c7414357348') in 0.011621 seconds 
Number of asset objects unloaded after import = 2
========================================================================
Received Import Request.
  Time since last request: 137.375474 seconds.
  path: Assets/Assets_Store/LowPolyInterior/Scenes/LowPolyInterior_DemoSettings.lighting
  artifactKey: Guid(393d9eb66644019498b266a2e056995c) Importer(815301076,1909f56bfc062723c751e8b465ee728b)
Number of updated assets reloaded before import = 0
Start importing Assets/Assets_Store/LowPolyInterior/Scenes/LowPolyInterior_DemoSettings.lighting using Guid(393d9eb66644019498b266a2e056995c) Importer(815301076,1909f56bfc062723c751e8b465ee728b)  -> (artifact id: '3d790af113db7a2ef77560f50ab374f6') in 0.008011 seconds 
Number of asset objects unloaded after import = 1
========================================================================
Received Import Request.
  Time since last request: 5.524096 seconds.
  path: Assets/Scenes/Main.unity
  artifactKey: Guid(c2f7f3b941a155f43be2ac55fd836a06) Importer(815301076,1909f56bfc062723c751e8b465ee728b)
Number of updated assets reloaded before import = 0
Start importing Assets/Scenes/Main.unity using Guid(c2f7f3b941a155f43be2ac55fd836a06) Importer(815301076,1909f56bfc062723c751e8b465ee728b)  -> (artifact id: '1bad1b734efecac3061e4fe47b2e0892') in 0.001902 seconds 
Number of asset objects unloaded after import = 0
========================================================================
Received Import Request.
  Time since last request: 5.660377 seconds.
  path: Assets/Scenes/LowPolyInterior_OverviewSettings.lighting
  artifactKey: Guid(199ab8fdc2c5b0b408f6162301aba280) Importer(815301076,1909f56bfc062723c751e8b465ee728b)
Number of updated assets reloaded before import = 0
Start importing Assets/Scenes/LowPolyInterior_OverviewSettings.lighting using Guid(199ab8fdc2c5b0b408f6162301aba280) Importer(815301076,1909f56bfc062723c751e8b465ee728b)  -> (artifact id: '18526a82f27ce703d7965f8070743efc') in 0.001864 seconds 
Number of asset objects unloaded after import = 1
========================================================================
Received Import Request.
  Time since last request: 1.498310 seconds.
  path: Assets/Scenes/LowPolyInterior_DemoSettings.lighting
  artifactKey: Guid(89d6013af0597e44d9f46856b10ea300) Importer(815301076,1909f56bfc062723c751e8b465ee728b)
Number of updated assets reloaded before import = 0
Start importing Assets/Scenes/LowPolyInterior_DemoSettings.lighting using Guid(89d6013af0597e44d9f46856b10ea300) Importer(815301076,1909f56bfc062723c751e8b465ee728b)  -> (artifact id: 'eac6f921e4fe5425964879fc479b37cf') in 0.002420 seconds 
Number of asset objects unloaded after import = 1
========================================================================
Received Import Request.
  Time since last request: 16.608578 seconds.
  path: Assets/Assets_Store/LowPolyInterior/Prefabs/Kitchen/Bar_01.prefab
  artifactKey: Guid(0218401f715ead44b9f5f40f40281f79) Importer(815301076,1909f56bfc062723c751e8b465ee728b)
Number of updated assets reloaded before import = 0
Start importing Assets/Assets_Store/LowPolyInterior/Prefabs/Kitchen/Bar_01.prefab using Guid(0218401f715ead44b9f5f40f40281f79) Importer(815301076,1909f56bfc062723c751e8b465ee728b)  -> (artifact id: '87042565b18d03a84172ec4d0db8c136') in 0.024829 seconds 
Number of asset objects unloaded after import = 10
========================================================================
Received Import Request.
  Time since last request: 0.000016 seconds.
  path: Assets/Assets_Store/LowPolyInterior/Prefabs/Kitchen/BarChair_01.prefab
  artifactKey: Guid(369197b4a257890428e2f96748724d97) Importer(815301076,1909f56bfc062723c751e8b465ee728b)
Number of updated assets reloaded before import = 0
Start importing Assets/Assets_Store/LowPolyInterior/Prefabs/Kitchen/BarChair_01.prefab using Guid(369197b4a257890428e2f96748724d97) Importer(815301076,1909f56bfc062723c751e8b465ee728b)  -> (artifact id: '1c945deb59e07dcc656d435236a63667') in 0.033049 seconds 
Number of asset objects unloaded after import = 10
========================================================================
Received Import Request.
  Time since last request: 0.000015 seconds.
  path: Assets/Assets_Store/LowPolyInterior/Prefabs/Kitchen/KitchenTabletop2_08.prefab
  artifactKey: Guid(54be4c07d1267ae449721fa7be13f847) Importer(815301076,1909f56bfc062723c751e8b465ee728b)
Number of updated assets reloaded before import = 0
Start importing Assets/Assets_Store/LowPolyInterior/Prefabs/Kitchen/KitchenTabletop2_08.prefab using Guid(54be4c07d1267ae449721fa7be13f847) Importer(815301076,1909f56bfc062723c751e8b465ee728b)  -> (artifact id: 'fc9d4652fc8e34e19d822dca750554be') in 0.026470 seconds 
Number of asset objects unloaded after import = 10
========================================================================
Received Import Request.
  Time since last request: 0.000022 seconds.
  path: Assets/Assets_Store/LowPolyInterior/Prefabs/Kitchen/KitchenChair_02.prefab
  artifactKey: Guid(5e34cf7537839fd4f9622656726ca5c6) Importer(815301076,1909f56bfc062723c751e8b465ee728b)
Number of updated assets reloaded before import = 0
Start importing Assets/Assets_Store/LowPolyInterior/Prefabs/Kitchen/KitchenChair_02.prefab using Guid(5e34cf7537839fd4f9622656726ca5c6) Importer(815301076,1909f56bfc062723c751e8b465ee728b)  -> (artifact id: 'c4e08c3e822f4339172cb8632221356d') in 0.017751 seconds 
Number of asset objects unloaded after import = 10
========================================================================
Received Import Request.
  Time since last request: 0.000021 seconds.
  path: Assets/Assets_Store/LowPolyInterior/Prefabs/Kitchen/KitchenCorner_02.prefab
  artifactKey: Guid(3d24233b093b54142a86843fe3731b9b) Importer(815301076,1909f56bfc062723c751e8b465ee728b)
Number of updated assets reloaded before import = 0
Start importing Assets/Assets_Store/LowPolyInterior/Prefabs/Kitchen/KitchenCorner_02.prefab using Guid(3d24233b093b54142a86843fe3731b9b) Importer(815301076,1909f56bfc062723c751e8b465ee728b)  -> (artifact id: '367280c76346986cb84e18dcbd3961cf') in 0.025512 seconds 
Number of asset objects unloaded after import = 10
========================================================================
Received Import Request.
  Time since last request: 0.000021 seconds.
  path: Assets/Assets_Store/LowPolyInterior/Prefabs/Kitchen/KitchenTable_03.prefab
  artifactKey: Guid(aa22990f5027dfb45bc21b9e2521adc0) Importer(815301076,1909f56bfc062723c751e8b465ee728b)
Number of updated assets reloaded before import = 0
Start importing Assets/Assets_Store/LowPolyInterior/Prefabs/Kitchen/KitchenTable_03.prefab using Guid(aa22990f5027dfb45bc21b9e2521adc0) Importer(815301076,1909f56bfc062723c751e8b465ee728b)  -> (artifact id: '88a4a1c03f028271c6dd2c67bcc9eff5') in 0.018064 seconds 
Number of asset objects unloaded after import = 10
========================================================================
Received Import Request.
  Time since last request: 0.000016 seconds.
  path: Assets/Assets_Store/LowPolyInterior/Prefabs/Kitchen/KitchenTabletop3_02.prefab
  artifactKey: Guid(3474da6c3243a6f47b8cba42d5d7c277) Importer(815301076,1909f56bfc062723c751e8b465ee728b)
Number of updated assets reloaded before import = 0
Start importing Assets/Assets_Store/LowPolyInterior/Prefabs/Kitchen/KitchenTabletop3_02.prefab using Guid(3474da6c3243a6f47b8cba42d5d7c277) Importer(815301076,1909f56bfc062723c751e8b465ee728b)  -> (artifact id: '7ed0832ba2db72a0d0553284beda7d9b') in 0.013439 seconds 
Number of asset objects unloaded after import = 10
========================================================================
Received Import Request.
  Time since last request: 0.000027 seconds.
  path: Assets/Assets_Store/LowPolyInterior/Prefabs/Kitchen/KitchenTabletop1_02.prefab
  artifactKey: Guid(5477b9389091c0645b85c51d02f36355) Importer(815301076,1909f56bfc062723c751e8b465ee728b)
Number of updated assets reloaded before import = 0
Start importing Assets/Assets_Store/LowPolyInterior/Prefabs/Kitchen/KitchenTabletop1_02.prefab using Guid(5477b9389091c0645b85c51d02f36355) Importer(815301076,1909f56bfc062723c751e8b465ee728b)  -> (artifact id: '34ad81cbc2b079b3f1c27ed384931433') in 0.021656 seconds 
Number of asset objects unloaded after import = 10
========================================================================
Received Import Request.
  Time since last request: 0.000015 seconds.
  path: Assets/Assets_Store/LowPolyInterior/Prefabs/Kitchen/KitchenTabletop3_04.prefab
  artifactKey: Guid(d453765badb221c448c8f278c7f4849c) Importer(815301076,1909f56bfc062723c751e8b465ee728b)
Number of updated assets reloaded before import = 0
Start importing Assets/Assets_Store/LowPolyInterior/Prefabs/Kitchen/KitchenTabletop3_04.prefab using Guid(d453765badb221c448c8f278c7f4849c) Importer(815301076,1909f56bfc062723c751e8b465ee728b)  -> (artifact id: '513d6f85458674e85ff2688c5dd470e0') in 0.015293 seconds 
Number of asset objects unloaded after import = 10
========================================================================
Received Import Request.
  Time since last request: 0.000016 seconds.
  path: Assets/Assets_Store/LowPolyInterior/Prefabs/Kitchen/KitchenTabletop1_03.prefab
  artifactKey: Guid(026f87abfadd0e24f886758203ae85d4) Importer(815301076,1909f56bfc062723c751e8b465ee728b)
Number of updated assets reloaded before import = 0
Start importing Assets/Assets_Store/LowPolyInterior/Prefabs/Kitchen/KitchenTabletop1_03.prefab using Guid(026f87abfadd0e24f886758203ae85d4) Importer(815301076,1909f56bfc062723c751e8b465ee728b)  -> (artifact id: 'f680d2df4fd6dc164d1a22bf0fbecff8') in 0.013508 seconds 
Number of asset objects unloaded after import = 10
========================================================================
Received Import Request.
  Time since last request: 0.000014 seconds.
  path: Assets/Assets_Store/LowPolyInterior/Prefabs/Kitchen/KitchenTabletop1_04.prefab
  artifactKey: Guid(e79897fb1d564094eba319438b26b76d) Importer(815301076,1909f56bfc062723c751e8b465ee728b)
Number of updated assets reloaded before import = 0
Start importing Assets/Assets_Store/LowPolyInterior/Prefabs/Kitchen/KitchenTabletop1_04.prefab using Guid(e79897fb1d564094eba319438b26b76d) Importer(815301076,1909f56bfc062723c751e8b465ee728b)  -> (artifact id: '7687e6a95775af8aa3ca9df417eaea8f') in 0.012733 seconds 
Number of asset objects unloaded after import = 10
========================================================================
Received Import Request.
  Time since last request: 0.000025 seconds.
  path: Assets/Assets_Store/LowPolyInterior/Prefabs/Kitchen/KitchenChair_03.prefab
  artifactKey: Guid(b6fe83897e13ce244b81ba3a74364346) Importer(815301076,1909f56bfc062723c751e8b465ee728b)
Number of updated assets reloaded before import = 0
Start importing Assets/Assets_Store/LowPolyInterior/Prefabs/Kitchen/KitchenChair_03.prefab using Guid(b6fe83897e13ce244b81ba3a74364346) Importer(815301076,1909f56bfc062723c751e8b465ee728b)  -> (artifact id: 'f1b523b32107875f805cf023cdbe3f36') in 0.011881 seconds 
Number of asset objects unloaded after import = 10
========================================================================
Received Import Request.
  Time since last request: 0.000024 seconds.
  path: Assets/Assets_Store/LowPolyInterior/Prefabs/Kitchen/KitchenCorner_03.prefab
  artifactKey: Guid(b4e9963441770a341b72f1e7e5c6e7c5) Importer(815301076,1909f56bfc062723c751e8b465ee728b)
Number of updated assets reloaded before import = 0
Start importing Assets/Assets_Store/LowPolyInterior/Prefabs/Kitchen/KitchenCorner_03.prefab using Guid(b4e9963441770a341b72f1e7e5c6e7c5) Importer(815301076,1909f56bfc062723c751e8b465ee728b)  -> (artifact id: 'e609ef9163318eb36e8d7169243afeb3') in 0.014442 seconds 
Number of asset objects unloaded after import = 10
========================================================================
Received Import Request.
  Time since last request: 0.000019 seconds.
  path: Assets/Assets_Store/LowPolyInterior/Prefabs/Kitchen/KitchenCorner_01.prefab
  artifactKey: Guid(42f0dbc3960fefe479c4e45fc725a4e5) Importer(815301076,1909f56bfc062723c751e8b465ee728b)
Number of updated assets reloaded before import = 0
Start importing Assets/Assets_Store/LowPolyInterior/Prefabs/Kitchen/KitchenCorner_01.prefab using Guid(42f0dbc3960fefe479c4e45fc725a4e5) Importer(815301076,1909f56bfc062723c751e8b465ee728b)  -> (artifact id: '25a8d93c3ea86194db0eca9d7c907a09') in 0.013767 seconds 
Number of asset objects unloaded after import = 10
========================================================================
Received Import Request.
  Time since last request: 0.000019 seconds.
  path: Assets/Assets_Store/LowPolyInterior/Prefabs/Kitchen/RangeHood.prefab
  artifactKey: Guid(e6b31ea5fd93fcb4395dac83cc6c86d1) Importer(815301076,1909f56bfc062723c751e8b465ee728b)
Number of updated assets reloaded before import = 0
Start importing Assets/Assets_Store/LowPolyInterior/Prefabs/Kitchen/RangeHood.prefab using Guid(e6b31ea5fd93fcb4395dac83cc6c86d1) Importer(815301076,1909f56bfc062723c751e8b465ee728b)  -> (artifact id: '8c0372eb537c23b8dbeedd10e582ad3e') in 0.013778 seconds 
Number of asset objects unloaded after import = 10
========================================================================
Received Import Request.
  Time since last request: 0.000025 seconds.
  path: Assets/Assets_Store/LowPolyInterior/Prefabs/Kitchen/BarChair_02.prefab
  artifactKey: Guid(3216931616c585b45adaa5534d3d71f1) Importer(815301076,1909f56bfc062723c751e8b465ee728b)
Number of updated assets reloaded before import = 0
Start importing Assets/Assets_Store/LowPolyInterior/Prefabs/Kitchen/BarChair_02.prefab using Guid(3216931616c585b45adaa5534d3d71f1) Importer(815301076,1909f56bfc062723c751e8b465ee728b)  -> (artifact id: '0c0dfc28924127a79a06c507bb4e5c5c') in 0.013362 seconds 
Number of asset objects unloaded after import = 10
========================================================================
Received Import Request.
  Time since last request: 0.000018 seconds.
  path: Assets/Assets_Store/LowPolyInterior/Prefabs/Kitchen/KitchenTabletop1_01.prefab
  artifactKey: Guid(9c0e0cb1c766f7b46b11e335fa8de480) Importer(815301076,1909f56bfc062723c751e8b465ee728b)
Number of updated assets reloaded before import = 0
Start importing Assets/Assets_Store/LowPolyInterior/Prefabs/Kitchen/KitchenTabletop1_01.prefab using Guid(9c0e0cb1c766f7b46b11e335fa8de480) Importer(815301076,1909f56bfc062723c751e8b465ee728b)  -> (artifact id: 'eb8f9a5326d67afdf07e057c74a2ca70') in 0.022396 seconds 
Number of asset objects unloaded after import = 10
========================================================================
Received Import Request.
  Time since last request: 0.000024 seconds.
  path: Assets/Assets_Store/LowPolyInterior/Prefabs/Kitchen/KitchenTabletop2_04.prefab
  artifactKey: Guid(e72604dc845643a43a34b33bcb7c639f) Importer(815301076,1909f56bfc062723c751e8b465ee728b)
Number of updated assets reloaded before import = 0
Start importing Assets/Assets_Store/LowPolyInterior/Prefabs/Kitchen/KitchenTabletop2_04.prefab using Guid(e72604dc845643a43a34b33bcb7c639f) Importer(815301076,1909f56bfc062723c751e8b465ee728b)  -> (artifact id: '1dc58a8afb91e18b66edee63033319e3') in 0.014303 seconds 
Number of asset objects unloaded after import = 10
========================================================================
Received Import Request.
  Time since last request: 14.515706 seconds.
  path: Assets/Scenes/LowPolyInterior_DemoSettings 1.lighting
  artifactKey: Guid(e2ae719121d665442907fcb73cfd5551) Importer(815301076,1909f56bfc062723c751e8b465ee728b)
Number of updated assets reloaded before import = 0
Start importing Assets/Scenes/LowPolyInterior_DemoSettings 1.lighting using Guid(e2ae719121d665442907fcb73cfd5551) Importer(815301076,1909f56bfc062723c751e8b465ee728b)  -> (artifact id: '0492562dce3c7aa8cf304073d44dced1') in 0.007703 seconds 
Number of asset objects unloaded after import = 1
========================================================================
Received Import Request.
  Time since last request: 3.226937 seconds.
  path: Assets/Scenes/LowPolyInterior_Demo.unity
  artifactKey: Guid(0a44fe7f029b5ff4e952c5d199c16b0e) Importer(815301076,1909f56bfc062723c751e8b465ee728b)
Number of updated assets reloaded before import = 0
Start importing Assets/Scenes/LowPolyInterior_Demo.unity using Guid(0a44fe7f029b5ff4e952c5d199c16b0e) Importer(815301076,1909f56bfc062723c751e8b465ee728b)  -> (artifact id: '8876ae7c4d88b6477a24259e4177a654') in 0.007206 seconds 
Number of asset objects unloaded after import = 0
========================================================================
Received Import Request.
  Time since last request: 62.873011 seconds.
  path: Assets/Scenes/LowPolyInterior_Demo.unity
  artifactKey: Guid(0a44fe7f029b5ff4e952c5d199c16b0e) Importer(815301076,1909f56bfc062723c751e8b465ee728b)
Number of updated assets reloaded before import = 0
Start importing Assets/Scenes/LowPolyInterior_Demo.unity using Guid(0a44fe7f029b5ff4e952c5d199c16b0e) Importer(815301076,1909f56bfc062723c751e8b465ee728b)  -> (artifact id: '1ea70160374c9f5dc02892931097008c') in 0.002460 seconds 
Number of asset objects unloaded after import = 0
========================================================================
Received Import Request.
  Time since last request: 90.477691 seconds.
  path: Assets/Assets_Store/LowPolyInterior/Prefabs/Light
  artifactKey: Guid(2f485ce1df1e0bb448ddaf47f92fc798) Importer(815301076,1909f56bfc062723c751e8b465ee728b)
Number of updated assets reloaded before import = 0
Start importing Assets/Assets_Store/LowPolyInterior/Prefabs/Light using Guid(2f485ce1df1e0bb448ddaf47f92fc798) Importer(815301076,1909f56bfc062723c751e8b465ee728b)  -> (artifact id: 'c1a1714a8d7797b4a6acc599e44fdc0c') in 0.016733 seconds 
Number of asset objects unloaded after import = 0
========================================================================
Received Import Request.
  Time since last request: 0.050069 seconds.
  path: Assets/Assets_Store/LowPolyInterior/Prefabs/Light/Lamp_01.prefab
  artifactKey: Guid(cd2732c0a3f49584db67f1ca8f164102) Importer(815301076,1909f56bfc062723c751e8b465ee728b)
Number of updated assets reloaded before import = 0
Start importing Assets/Assets_Store/LowPolyInterior/Prefabs/Light/Lamp_01.prefab using Guid(cd2732c0a3f49584db67f1ca8f164102) Importer(815301076,1909f56bfc062723c751e8b465ee728b)  -> (artifact id: 'fd46cb57a7fbf69c346972e6bab12105') in 0.018653 seconds 
Number of asset objects unloaded after import = 10
========================================================================
Received Import Request.
  Time since last request: 0.006642 seconds.
  path: Assets/Assets_Store/LowPolyInterior/Prefabs/Light/Lamp_07.prefab
  artifactKey: Guid(8a29a9c89d57aec46a0ed97a6dc3df61) Importer(815301076,1909f56bfc062723c751e8b465ee728b)
Number of updated assets reloaded before import = 0
Start importing Assets/Assets_Store/LowPolyInterior/Prefabs/Light/Lamp_07.prefab using Guid(8a29a9c89d57aec46a0ed97a6dc3df61) Importer(815301076,1909f56bfc062723c751e8b465ee728b)  -> (artifact id: 'ad3a75431ca507dbe853556035cff7a2') in 0.037733 seconds 
Number of asset objects unloaded after import = 10
========================================================================
Received Import Request.
  Time since last request: 0.000020 seconds.
  path: Assets/Assets_Store/LowPolyInterior/Prefabs/Light/Light_01.prefab
  artifactKey: Guid(2832cb4a766bc7341855f6b1a226e14b) Importer(815301076,1909f56bfc062723c751e8b465ee728b)
Number of updated assets reloaded before import = 0
Start importing Assets/Assets_Store/LowPolyInterior/Prefabs/Light/Light_01.prefab using Guid(2832cb4a766bc7341855f6b1a226e14b) Importer(815301076,1909f56bfc062723c751e8b465ee728b)  -> (artifact id: 'c4534622ad04ac267d669d28bfebebc6') in 0.026509 seconds 
Number of asset objects unloaded after import = 10
========================================================================
Received Import Request.
  Time since last request: 0.000019 seconds.
  path: Assets/Assets_Store/LowPolyInterior/Prefabs/Light/Light_06.prefab
  artifactKey: Guid(6562f4260efa9794ab79b2aeb7fddbf0) Importer(815301076,1909f56bfc062723c751e8b465ee728b)
Number of updated assets reloaded before import = 0
Start importing Assets/Assets_Store/LowPolyInterior/Prefabs/Light/Light_06.prefab using Guid(6562f4260efa9794ab79b2aeb7fddbf0) Importer(815301076,1909f56bfc062723c751e8b465ee728b)  -> (artifact id: '14a2072205f1d8aeaabeb1ea543f771d') in 0.021875 seconds 
Number of asset objects unloaded after import = 22
========================================================================
Received Import Request.
  Time since last request: 0.000026 seconds.
  path: Assets/Assets_Store/LowPolyInterior/Prefabs/Light/Lamp_03.prefab
  artifactKey: Guid(6098c374634e38e4c84528953f4a7f06) Importer(815301076,1909f56bfc062723c751e8b465ee728b)
Number of updated assets reloaded before import = 0
Start importing Assets/Assets_Store/LowPolyInterior/Prefabs/Light/Lamp_03.prefab using Guid(6098c374634e38e4c84528953f4a7f06) Importer(815301076,1909f56bfc062723c751e8b465ee728b)  -> (artifact id: '4cddc895f7c7c0cb0042d856d45ab5e0') in 0.026698 seconds 
Number of asset objects unloaded after import = 10
========================================================================
Received Import Request.
  Time since last request: 0.000026 seconds.
  path: Assets/Assets_Store/LowPolyInterior/Prefabs/Light/Light_03.prefab
  artifactKey: Guid(371354e17b639af4caf17e3bfb0ce353) Importer(815301076,1909f56bfc062723c751e8b465ee728b)
Number of updated assets reloaded before import = 0
Start importing Assets/Assets_Store/LowPolyInterior/Prefabs/Light/Light_03.prefab using Guid(371354e17b639af4caf17e3bfb0ce353) Importer(815301076,1909f56bfc062723c751e8b465ee728b)  -> (artifact id: '9979f42a6d96d0fce543896dcae2cf94') in 0.027252 seconds 
Number of asset objects unloaded after import = 10
========================================================================
Received Import Request.
  Time since last request: 0.000033 seconds.
  path: Assets/Assets_Store/LowPolyInterior/Prefabs/Light/Light_02.prefab
  artifactKey: Guid(b6a4060921ac1db4f8585175e7576da5) Importer(815301076,1909f56bfc062723c751e8b465ee728b)
Number of updated assets reloaded before import = 0
Start importing Assets/Assets_Store/LowPolyInterior/Prefabs/Light/Light_02.prefab using Guid(b6a4060921ac1db4f8585175e7576da5) Importer(815301076,1909f56bfc062723c751e8b465ee728b)  -> (artifact id: 'fc82d240597adc6e95aca0df210ee6f4') in 0.037893 seconds 
Number of asset objects unloaded after import = 10
========================================================================
Received Import Request.
  Time since last request: 0.000021 seconds.
  path: Assets/Assets_Store/LowPolyInterior/Prefabs/Light/Lamp_06.prefab
  artifactKey: Guid(587b4b8e6dbf27a45ba3e9dcaa74a83a) Importer(815301076,1909f56bfc062723c751e8b465ee728b)
Number of updated assets reloaded before import = 0
Start importing Assets/Assets_Store/LowPolyInterior/Prefabs/Light/Lamp_06.prefab using Guid(587b4b8e6dbf27a45ba3e9dcaa74a83a) Importer(815301076,1909f56bfc062723c751e8b465ee728b)  -> (artifact id: '3027cfb09326b67a48e46d6ebbf346c0') in 0.014700 seconds 
Number of asset objects unloaded after import = 10
========================================================================
Received Import Request.
  Time since last request: 0.000021 seconds.
  path: Assets/Assets_Store/LowPolyInterior/Prefabs/Light/Light_04.prefab
  artifactKey: Guid(4a4a5e3a907632e4a96636cfbb2c9c8b) Importer(815301076,1909f56bfc062723c751e8b465ee728b)
Number of updated assets reloaded before import = 0
Start importing Assets/Assets_Store/LowPolyInterior/Prefabs/Light/Light_04.prefab using Guid(4a4a5e3a907632e4a96636cfbb2c9c8b) Importer(815301076,1909f56bfc062723c751e8b465ee728b)  -> (artifact id: 'a5eab3a0958dfd25ab1e35c9b6a108de') in 0.013803 seconds 
Number of asset objects unloaded after import = 10
Editor requested this worker to shutdown with reason: Scaling down because of idle timeout
AssetImportWorker is now disconnected from the server
Process exiting
Exiting without the bug reporter. Application will terminate with return code 0