Using pre-set license
Built from '2021.3/staging' branch; Version is '2021.3.30f1 (b4360d7cdac4) revision 11810317'; Using compiler version '192829333'; Build Type 'Release'
OS: 'Windows 11  (10.0.22621) 64bit Professional' Language: 'ko' Physical Memory: 32524 MB
BatchMode: 1, IsHumanControllingUs: 0, StartBugReporterOnCrash: 0, Is64bit: 1, IsPro: 1

COMMAND LINE ARGUMENTS:
C:\Program Files\Unity\Hub\Editor\2021.3.30f1\Editor\Unity.exe
-adb2
-batchMode
-noUpm
-name
AssetImportWorker17
-projectPath
D:/ìƒˆ í´ë”/OneDrive - ê²½í¬ëŒ€í•™êµ/ê²½í¬ëŒ€í•™êµ/ì†Œìœµê°œë¡ /swcon101_termprojrct
-logFile
Logs/AssetImportWorker17.log
-srvPort
5274
Successfully changed project path to: D:/ìƒˆ í´ë”/OneDrive - ê²½í¬ëŒ€í•™êµ/ê²½í¬ëŒ€í•™êµ/ì†Œìœµê°œë¡ /swcon101_termprojrct
D:/ìƒˆ í´ë”/OneDrive - ê²½í¬ëŒ€í•™êµ/ê²½í¬ëŒ€í•™êµ/ì†Œìœµê°œë¡ /swcon101_termprojrct
[UnityMemory] Configuration Parameters - Can be set up in boot.config
    "memorysetup-bucket-allocator-granularity=16"
    "memorysetup-bucket-allocator-bucket-count=8"
    "memorysetup-bucket-allocator-block-size=33554432"
    "memorysetup-bucket-allocator-block-count=8"
    "memorysetup-main-allocator-block-size=16777216"
    "memorysetup-thread-allocator-block-size=16777216"
    "memorysetup-gfx-main-allocator-block-size=16777216"
    "memorysetup-gfx-thread-allocator-block-size=16777216"
    "memorysetup-cache-allocator-block-size=4194304"
    "memorysetup-typetree-allocator-block-size=2097152"
    "memorysetup-profiler-bucket-allocator-granularity=16"
    "memorysetup-profiler-bucket-allocator-bucket-count=8"
    "memorysetup-profiler-bucket-allocator-block-size=33554432"
    "memorysetup-profiler-bucket-allocator-block-count=8"
    "memorysetup-profiler-allocator-block-size=16777216"
    "memorysetup-profiler-editor-allocator-block-size=1048576"
    "memorysetup-temp-allocator-size-main=16777216"
    "memorysetup-job-temp-allocator-block-size=2097152"
    "memorysetup-job-temp-allocator-block-size-background=1048576"
    "memorysetup-job-temp-allocator-reduction-small-platforms=262144"
    "memorysetup-temp-allocator-size-background-worker=32768"
    "memorysetup-temp-allocator-size-job-worker=262144"
    "memorysetup-temp-allocator-size-preload-manager=33554432"
    "memorysetup-temp-allocator-size-nav-mesh-worker=65536"
    "memorysetup-temp-allocator-size-audio-worker=65536"
    "memorysetup-temp-allocator-size-cloud-worker=32768"
    "memorysetup-temp-allocator-size-gi-baking-worker=262144"
    "memorysetup-temp-allocator-size-gfx=262144"
Player connection [21996] Host "[IP] 192.168.55.154 [Port] 0 [Flags] 2 [Guid] 741692488 [EditorId] 741692488 [Version] 1048832 [Id] WindowsEditor(7,°­º´ÈÆ) [Debug] 1 [PackageName] WindowsEditor [ProjectName] Editor" joined multi-casting on [225.0.0.222:54997]...

Player connection [21996] Host "[IP] 192.168.55.154 [Port] 0 [Flags] 2 [Guid] 741692488 [EditorId] 741692488 [Version] 1048832 [Id] WindowsEditor(7,°­º´ÈÆ) [Debug] 1 [PackageName] WindowsEditor [ProjectName] Editor" joined alternative multi-casting on [225.0.0.222:34997]...

[Physics::Module] Initialized MultithreadedJobDispatcher with {0} workers.
Refreshing native plugins compatible for Editor in 74.86 ms, found 3 plugins.
Preloading 0 native plugins for Editor in 0.00 ms.
Initialize engine version: 2021.3.30f1 (b4360d7cdac4)
[Subsystems] Discovering subsystems at path C:/Program Files/Unity/Hub/Editor/2021.3.30f1/Editor/Data/Resources/UnitySubsystems
[Subsystems] Discovering subsystems at path D:/ìƒˆ í´ë”/OneDrive - ê²½í¬ëŒ€í•™êµ/ê²½í¬ëŒ€í•™êµ/ì†Œìœµê°œë¡ /swcon101_termprojrct/Assets
GfxDevice: creating device client; threaded=0; jobified=0
Direct3D:
    Version:  Direct3D 11.0 [level 11.1]
    Renderer: NVIDIA GeForce RTX 3080 (ID=0x2216)
    Vendor:   NVIDIA
    VRAM:     10067 MB
    Driver:   31.0.15.3640
Initialize mono
Mono path[0] = 'C:/Program Files/Unity/Hub/Editor/2021.3.30f1/Editor/Data/Managed'
Mono path[1] = 'C:/Program Files/Unity/Hub/Editor/2021.3.30f1/Editor/Data/MonoBleedingEdge/lib/mono/unityjit-win32'
Mono config path = 'C:/Program Files/Unity/Hub/Editor/2021.3.30f1/Editor/Data/MonoBleedingEdge/etc'
Using monoOptions --debugger-agent=transport=dt_socket,embedding=1,server=y,suspend=n,address=127.0.0.1:56492
Begin MonoManager ReloadAssembly
Registering precompiled unity dll's ...
Register platform support module: C:/Program Files/Unity/Hub/Editor/2021.3.30f1/Editor/Data/PlaybackEngines/WindowsStandaloneSupport/UnityEditor.WindowsStandalone.Extensions.dll
Registered in 0.003598 seconds.
Native extension for WindowsStandalone target not found
Refreshing native plugins compatible for Editor in 74.72 ms, found 3 plugins.
Preloading 0 native plugins for Editor in 0.00 ms.
Mono: successfully reloaded assembly
- Completed reload, in  0.448 seconds
Domain Reload Profiling:
	ReloadAssembly (448ms)
		BeginReloadAssembly (70ms)
			ExecutionOrderSort (0ms)
			DisableScriptedObjects (0ms)
			BackupInstance (0ms)
			ReleaseScriptingObjects (0ms)
			CreateAndSetChildDomain (1ms)
		EndReloadAssembly (314ms)
			LoadAssemblies (68ms)
			RebuildTransferFunctionScriptingTraits (0ms)
			SetupTypeCache (74ms)
			ReleaseScriptCaches (0ms)
			RebuildScriptCaches (20ms)
			SetupLoadedEditorAssemblies (191ms)
				LogAssemblyErrors (0ms)
				InitializePlatformSupportModulesInManaged (5ms)
				SetLoadedEditorAssemblies (0ms)
				RefreshPlugins (75ms)
				BeforeProcessingInitializeOnLoad (1ms)
				ProcessInitializeOnLoadAttributes (80ms)
				ProcessInitializeOnLoadMethodAttributes (30ms)
				AfterProcessingInitializeOnLoad (0ms)
				EditorAssembliesLoaded (0ms)
			ExecutionOrderSort2 (0ms)
			AwakeInstancesAfterBackupRestoration (0ms)
Platform modules already initialized, skipping
Registering precompiled user dll's ...
Registered in 0.003557 seconds.
Begin MonoManager ReloadAssembly
Native extension for WindowsStandalone target not found
Refreshing native plugins compatible for Editor in 70.80 ms, found 3 plugins.
Preloading 0 native plugins for Editor in 0.00 ms.
Package Manager log level set to [2]
[Package Manager] Server::EnsureServerProcessIsRunning -- launch failed, reason: Unity was launched with the -noUpm command-line argument
[Package Manager] Cannot connect to Unity Package Manager local server
Mono: successfully reloaded assembly
- Completed reload, in  2.145 seconds
Domain Reload Profiling:
	ReloadAssembly (2146ms)
		BeginReloadAssembly (86ms)
			ExecutionOrderSort (0ms)
			DisableScriptedObjects (3ms)
			BackupInstance (0ms)
			ReleaseScriptingObjects (0ms)
			CreateAndSetChildDomain (15ms)
		EndReloadAssembly (1992ms)
			LoadAssemblies (73ms)
			RebuildTransferFunctionScriptingTraits (0ms)
			SetupTypeCache (200ms)
			ReleaseScriptCaches (0ms)
			RebuildScriptCaches (45ms)
			SetupLoadedEditorAssemblies (747ms)
				LogAssemblyErrors (0ms)
				InitializePlatformSupportModulesInManaged (3ms)
				SetLoadedEditorAssemblies (0ms)
				RefreshPlugins (71ms)
				BeforeProcessingInitializeOnLoad (74ms)
				ProcessInitializeOnLoadAttributes (550ms)
				ProcessInitializeOnLoadMethodAttributes (43ms)
				AfterProcessingInitializeOnLoad (5ms)
				EditorAssembliesLoaded (0ms)
			ExecutionOrderSort2 (0ms)
			AwakeInstancesAfterBackupRestoration (6ms)
Platform modules already initialized, skipping
========================================================================
Worker process is ready to serve import requests
Launched and connected shader compiler UnityShaderCompiler.exe after 0.03 seconds
Refreshing native plugins compatible for Editor in 0.64 ms, found 3 plugins.
Preloading 0 native plugins for Editor in 0.00 ms.
Unloading 5398 Unused Serialized files (Serialized files now loaded: 0)
Unloading 47 unused Assets / (0.7 MB). Loaded Objects now: 5867.
Memory consumption went from 233.1 MB to 232.4 MB.
Total: 2.696700 ms (FindLiveObjects: 0.244600 ms CreateObjectMapping: 0.138000 ms MarkObjects: 2.119200 ms  DeleteObjects: 0.194100 ms)

AssetImportParameters requested are different than current active one (requested -> active):
  custom:video-decoder-ogg-theora: a1e56fd34408186e4bbccfd4996cb3dc -> 
  custom:container-muxer-webm: aa71ff27fc2769a1b78a27578f13a17b -> 
  custom:container-demuxer-webm: 4f35f7cbe854078d1ac9338744f61a02 -> 
  custom:video-encoder-webm-vp8: eb34c28f22e8b96e1ab97ce403110664 -> 
  custom:video-codec-MediaFoundation-h265: 746d11721c4dcdbdad8f713fa42b33f4 -> 
  custom:CustomObjectIndexerAttribute: 6b0e35c9178b02a6363f3721b7b8e397 -> 
  custom:audio-encoder-webm-vorbis: bf7c407c2cedff20999df2af8eb42d56 -> 
  custom:framework-win-MediaFoundation: 216162199b28c13a410421893ffa2e32 -> 
  custom:SearchIndexIgnoredProperties: e643bd26f0fe6173181afceb89e7c659 -> 
  custom:container-demuxer-ogg: 62fdf1f143b41e24485cea50d1cbac27 -> 
  custom:video-decoder-webm-vp8: 9c59270c3fd7afecdb556c50c9e8de78 -> 
  custom:audio-decoder-ogg-vorbis: bf7c407c2cedff20999df2af8eb42d56 -> 
========================================================================
Received Import Request.
  Time since last request: 11675.888502 seconds.
  path: Assets/Assets_Store/LowPolyInterior/Prefabs/Bathroom/Bath.prefab
  artifactKey: Guid(53cd360ee6af9b74692aa560db75063c) Importer(815301076,1909f56bfc062723c751e8b465ee728b)
Number of updated assets reloaded before import = 0
Start importing Assets/Assets_Store/LowPolyInterior/Prefabs/Bathroom/Bath.prefab using Guid(53cd360ee6af9b74692aa560db75063c) Importer(815301076,1909f56bfc062723c751e8b465ee728b)  -> (artifact id: 'f28f83ea780fe13a1248829502381b07') in 0.577671 seconds 
Number of asset objects unloaded after import = 10
========================================================================
Received Import Request.
  Time since last request: 0.000166 seconds.
  path: Assets/Assets_Store/LowPolyInterior/Prefabs/Bathroom/ShowerCarpet_02.prefab
  artifactKey: Guid(6c02b9ec1e61da5478d4e4eff88966a0) Importer(815301076,1909f56bfc062723c751e8b465ee728b)
Number of updated assets reloaded before import = 0
Start importing Assets/Assets_Store/LowPolyInterior/Prefabs/Bathroom/ShowerCarpet_02.prefab using Guid(6c02b9ec1e61da5478d4e4eff88966a0) Importer(815301076,1909f56bfc062723c751e8b465ee728b)  -> (artifact id: 'fff4775f6056326ef79abe6ee8434295') in 0.055054 seconds 
Number of asset objects unloaded after import = 10
========================================================================
Received Import Request.
  Time since last request: 0.000031 seconds.
  path: Assets/Assets_Store/LowPolyInterior/Prefabs/Bathroom/Towel_02.prefab
  artifactKey: Guid(51b1d7635cdcd2345bc65629303a9e2d) Importer(815301076,1909f56bfc062723c751e8b465ee728b)
Number of updated assets reloaded before import = 0
Start importing Assets/Assets_Store/LowPolyInterior/Prefabs/Bathroom/Towel_02.prefab using Guid(51b1d7635cdcd2345bc65629303a9e2d) Importer(815301076,1909f56bfc062723c751e8b465ee728b)  -> (artifact id: '3c2164e75f7a484f9a1b6dab71b9a008') in 0.032254 seconds 
Number of asset objects unloaded after import = 10
========================================================================
Received Import Request.
  Time since last request: 0.000020 seconds.
  path: Assets/Assets_Store/LowPolyInterior/Prefabs/Bathroom/ShowerCarpet_01.prefab
  artifactKey: Guid(c2f708aff89ab3649bf20ed3c5f94a22) Importer(815301076,1909f56bfc062723c751e8b465ee728b)
Number of updated assets reloaded before import = 0
Start importing Assets/Assets_Store/LowPolyInterior/Prefabs/Bathroom/ShowerCarpet_01.prefab using Guid(c2f708aff89ab3649bf20ed3c5f94a22) Importer(815301076,1909f56bfc062723c751e8b465ee728b)  -> (artifact id: 'ec3f35de72b176c04b265b6bb1140815') in 0.033275 seconds 
Number of asset objects unloaded after import = 10
========================================================================
Received Import Request.
  Time since last request: 0.000017 seconds.
  path: Assets/Assets_Store/LowPolyInterior/Prefabs/Bathroom/Boat.prefab
  artifactKey: Guid(64f1acdb4f4fbae47a269e557f19441e) Importer(815301076,1909f56bfc062723c751e8b465ee728b)
Number of updated assets reloaded before import = 0
Start importing Assets/Assets_Store/LowPolyInterior/Prefabs/Bathroom/Boat.prefab using Guid(64f1acdb4f4fbae47a269e557f19441e) Importer(815301076,1909f56bfc062723c751e8b465ee728b)  -> (artifact id: 'f45e31d3727343617beb9fb01f6562e1') in 0.081123 seconds 
Number of asset objects unloaded after import = 10
========================================================================
Received Import Request.
  Time since last request: 0.000038 seconds.
  path: Assets/Assets_Store/LowPolyInterior/Prefabs/Bathroom/Radiator_02.prefab
  artifactKey: Guid(659a224a6183d654bb9662e83507b272) Importer(815301076,1909f56bfc062723c751e8b465ee728b)
Number of updated assets reloaded before import = 0
Start importing Assets/Assets_Store/LowPolyInterior/Prefabs/Bathroom/Radiator_02.prefab using Guid(659a224a6183d654bb9662e83507b272) Importer(815301076,1909f56bfc062723c751e8b465ee728b)  -> (artifact id: '62ed0e2b75ff02b23270fc26f762a6bb') in 0.094183 seconds 
Number of asset objects unloaded after import = 10
========================================================================
Received Import Request.
  Time since last request: 0.000034 seconds.
  path: Assets/Assets_Store/LowPolyInterior/Prefabs/Bathroom/GlassToothbrush_01.prefab
  artifactKey: Guid(4356324233a18dd46af69751c0460ffe) Importer(815301076,1909f56bfc062723c751e8b465ee728b)
Number of updated assets reloaded before import = 0
Start importing Assets/Assets_Store/LowPolyInterior/Prefabs/Bathroom/GlassToothbrush_01.prefab using Guid(4356324233a18dd46af69751c0460ffe) Importer(815301076,1909f56bfc062723c751e8b465ee728b)  -> (artifact id: '541e48dd5f2ab6f6717c46ecdb1cbe9c') in 0.055723 seconds 
Number of asset objects unloaded after import = 10
========================================================================
Received Import Request.
  Time since last request: 0.000020 seconds.
  path: Assets/Assets_Store/LowPolyInterior/Prefabs/Bathroom/ShowerCarpet_03.prefab
  artifactKey: Guid(bc9496bc8bb072d418cb38a2abaf7db5) Importer(815301076,1909f56bfc062723c751e8b465ee728b)
Number of updated assets reloaded before import = 0
Start importing Assets/Assets_Store/LowPolyInterior/Prefabs/Bathroom/ShowerCarpet_03.prefab using Guid(bc9496bc8bb072d418cb38a2abaf7db5) Importer(815301076,1909f56bfc062723c751e8b465ee728b)  -> (artifact id: 'ed4182f004fedb69a38dbd1e3995ae6b') in 0.031175 seconds 
Number of asset objects unloaded after import = 10
========================================================================
Received Import Request.
  Time since last request: 0.000138 seconds.
  path: Assets/Assets_Store/LowPolyInterior/Prefabs/Bathroom/ShowerMirror_02.prefab
  artifactKey: Guid(b6cedef970978ed4b805a0217a50e1f8) Importer(815301076,1909f56bfc062723c751e8b465ee728b)
Number of updated assets reloaded before import = 0
Start importing Assets/Assets_Store/LowPolyInterior/Prefabs/Bathroom/ShowerMirror_02.prefab using Guid(b6cedef970978ed4b805a0217a50e1f8) Importer(815301076,1909f56bfc062723c751e8b465ee728b)  -> (artifact id: '6a94f2065e2d0fd1450352905d15aace') in 0.025667 seconds 
Number of asset objects unloaded after import = 10
========================================================================
Received Import Request.
  Time since last request: 0.000023 seconds.
  path: Assets/Assets_Store/LowPolyInterior/Prefabs/Bathroom/SoapBottle_01.prefab
  artifactKey: Guid(a2631485b8201df46b6e41596fd477a1) Importer(815301076,1909f56bfc062723c751e8b465ee728b)
Number of updated assets reloaded before import = 0
Start importing Assets/Assets_Store/LowPolyInterior/Prefabs/Bathroom/SoapBottle_01.prefab using Guid(a2631485b8201df46b6e41596fd477a1) Importer(815301076,1909f56bfc062723c751e8b465ee728b)  -> (artifact id: '731f9e740786b5511b8a620c1a436757') in 0.031089 seconds 
Number of asset objects unloaded after import = 10
========================================================================
Received Import Request.
  Time since last request: 0.000029 seconds.
  path: Assets/Assets_Store/LowPolyInterior/Prefabs/Bathroom/Toothbrush_02.prefab
  artifactKey: Guid(74cf6ca496bdaa3488d7413a65e7e662) Importer(815301076,1909f56bfc062723c751e8b465ee728b)
Number of updated assets reloaded before import = 0
Start importing Assets/Assets_Store/LowPolyInterior/Prefabs/Bathroom/Toothbrush_02.prefab using Guid(74cf6ca496bdaa3488d7413a65e7e662) Importer(815301076,1909f56bfc062723c751e8b465ee728b)  -> (artifact id: 'bba1a7a6171db97c58c6cb543adb5418') in 0.017017 seconds 
Number of asset objects unloaded after import = 10
========================================================================
Received Import Request.
  Time since last request: 0.000022 seconds.
  path: Assets/Assets_Store/LowPolyInterior/Prefabs/Bathroom/ShowerTable_02.prefab
  artifactKey: Guid(50f12d881f1a22b4d9e3bc29a912bb4b) Importer(815301076,1909f56bfc062723c751e8b465ee728b)
Number of updated assets reloaded before import = 0
Start importing Assets/Assets_Store/LowPolyInterior/Prefabs/Bathroom/ShowerTable_02.prefab using Guid(50f12d881f1a22b4d9e3bc29a912bb4b) Importer(815301076,1909f56bfc062723c751e8b465ee728b)  -> (artifact id: 'c48affcc3e0d6e0a596f681f7079efdd') in 0.025142 seconds 
Number of asset objects unloaded after import = 10
========================================================================
Received Import Request.
  Time since last request: 0.000033 seconds.
  path: Assets/Assets_Store/LowPolyInterior/Prefabs/Bathroom/ShowerCarpet_04.prefab
  artifactKey: Guid(68b66a89f9aad7e4eb7421e298695978) Importer(815301076,1909f56bfc062723c751e8b465ee728b)
Number of updated assets reloaded before import = 0
Start importing Assets/Assets_Store/LowPolyInterior/Prefabs/Bathroom/ShowerCarpet_04.prefab using Guid(68b66a89f9aad7e4eb7421e298695978) Importer(815301076,1909f56bfc062723c751e8b465ee728b)  -> (artifact id: '373fa25f8ae976fdbeca1afa1943ff7c') in 0.026366 seconds 
Number of asset objects unloaded after import = 10
========================================================================
Received Import Request.
  Time since last request: 0.000017 seconds.
  path: Assets/Assets_Store/LowPolyInterior/Prefabs/Bathroom/Trash_02.prefab
  artifactKey: Guid(c3dc4fc90a4321e46bdf427a14189359) Importer(815301076,1909f56bfc062723c751e8b465ee728b)
Number of updated assets reloaded before import = 0
Start importing Assets/Assets_Store/LowPolyInterior/Prefabs/Bathroom/Trash_02.prefab using Guid(c3dc4fc90a4321e46bdf427a14189359) Importer(815301076,1909f56bfc062723c751e8b465ee728b)  -> (artifact id: '5a650b84f94f63645151595dc5e6892a') in 0.021527 seconds 
Number of asset objects unloaded after import = 10
========================================================================
Received Import Request.
  Time since last request: 0.000023 seconds.
  path: Assets/Assets_Store/LowPolyInterior/Prefabs/Bathroom/Rangehood.prefab
  artifactKey: Guid(b9c304d4cdb4f1d4d8e8b6b704dea212) Importer(815301076,1909f56bfc062723c751e8b465ee728b)
Number of updated assets reloaded before import = 0
Start importing Assets/Assets_Store/LowPolyInterior/Prefabs/Bathroom/Rangehood.prefab using Guid(b9c304d4cdb4f1d4d8e8b6b704dea212) Importer(815301076,1909f56bfc062723c751e8b465ee728b)  -> (artifact id: '849af86f759d9db6847824a09a4eb822') in 0.038781 seconds 
Number of asset objects unloaded after import = 10
========================================================================
Received Import Request.
  Time since last request: 0.000021 seconds.
  path: Assets/Assets_Store/LowPolyInterior/Prefabs/Bathroom/Washer_01.prefab
  artifactKey: Guid(e03afd34682611d4bb88642613800f3d) Importer(815301076,1909f56bfc062723c751e8b465ee728b)
Number of updated assets reloaded before import = 0
Start importing Assets/Assets_Store/LowPolyInterior/Prefabs/Bathroom/Washer_01.prefab using Guid(e03afd34682611d4bb88642613800f3d) Importer(815301076,1909f56bfc062723c751e8b465ee728b)  -> (artifact id: 'b092c3e654abb717c0f5ef66ac367553') in 0.015374 seconds 
Number of asset objects unloaded after import = 10
Editor requested this worker to shutdown with reason: Scaling down because of idle timeout
AssetImportWorker is now disconnected from the server
Process exiting
Exiting without the bug reporter. Application will terminate with return code 0