Using pre-set license
Built from '2021.3/staging' branch; Version is '2021.3.30f1 (b4360d7cdac4) revision 11810317'; Using compiler version '192829333'; Build Type 'Release'
OS: 'Windows 11  (10.0.22621) 64bit Professional' Language: 'ko' Physical Memory: 32524 MB
BatchMode: 1, IsHumanControllingUs: 0, StartBugReporterOnCrash: 0, Is64bit: 1, IsPro: 1

COMMAND LINE ARGUMENTS:
C:\Program Files\Unity\Hub\Editor\2021.3.30f1\Editor\Unity.exe
-adb2
-batchMode
-noUpm
-name
AssetImportWorker27
-projectPath
D:/ìƒˆ í´ë”/OneDrive - ê²½í¬ëŒ€í•™êµ/ê²½í¬ëŒ€í•™êµ/ì†Œìœµê°œë¡ /swcon101_termprojrct
-logFile
Logs/AssetImportWorker27.log
-srvPort
5274
Successfully changed project path to: D:/ìƒˆ í´ë”/OneDrive - ê²½í¬ëŒ€í•™êµ/ê²½í¬ëŒ€í•™êµ/ì†Œìœµê°œë¡ /swcon101_termprojrct
D:/ìƒˆ í´ë”/OneDrive - ê²½í¬ëŒ€í•™êµ/ê²½í¬ëŒ€í•™êµ/ì†Œìœµê°œë¡ /swcon101_termprojrct
[UnityMemory] Configuration Parameters - Can be set up in boot.config
    "memorysetup-bucket-allocator-granularity=16"
    "memorysetup-bucket-allocator-bucket-count=8"
    "memorysetup-bucket-allocator-block-size=33554432"
    "memorysetup-bucket-allocator-block-count=8"
    "memorysetup-main-allocator-block-size=16777216"
    "memorysetup-thread-allocator-block-size=16777216"
    "memorysetup-gfx-main-allocator-block-size=16777216"
    "memorysetup-gfx-thread-allocator-block-size=16777216"
    "memorysetup-cache-allocator-block-size=4194304"
    "memorysetup-typetree-allocator-block-size=2097152"
    "memorysetup-profiler-bucket-allocator-granularity=16"
    "memorysetup-profiler-bucket-allocator-bucket-count=8"
    "memorysetup-profiler-bucket-allocator-block-size=33554432"
    "memorysetup-profiler-bucket-allocator-block-count=8"
    "memorysetup-profiler-allocator-block-size=16777216"
    "memorysetup-profiler-editor-allocator-block-size=1048576"
    "memorysetup-temp-allocator-size-main=16777216"
    "memorysetup-job-temp-allocator-block-size=2097152"
    "memorysetup-job-temp-allocator-block-size-background=1048576"
    "memorysetup-job-temp-allocator-reduction-small-platforms=262144"
    "memorysetup-temp-allocator-size-background-worker=32768"
    "memorysetup-temp-allocator-size-job-worker=262144"
    "memorysetup-temp-allocator-size-preload-manager=33554432"
    "memorysetup-temp-allocator-size-nav-mesh-worker=65536"
    "memorysetup-temp-allocator-size-audio-worker=65536"
    "memorysetup-temp-allocator-size-cloud-worker=32768"
    "memorysetup-temp-allocator-size-gi-baking-worker=262144"
    "memorysetup-temp-allocator-size-gfx=262144"
Player connection [17936] Host "[IP] 192.168.55.154 [Port] 0 [Flags] 2 [Guid] 964050290 [EditorId] 964050290 [Version] 1048832 [Id] WindowsEditor(7,°­º´ÈÆ) [Debug] 1 [PackageName] WindowsEditor [ProjectName] Editor" joined multi-casting on [225.0.0.222:54997]...

Player connection [17936] Host "[IP] 192.168.55.154 [Port] 0 [Flags] 2 [Guid] 964050290 [EditorId] 964050290 [Version] 1048832 [Id] WindowsEditor(7,°­º´ÈÆ) [Debug] 1 [PackageName] WindowsEditor [ProjectName] Editor" joined alternative multi-casting on [225.0.0.222:34997]...

[Physics::Module] Initialized MultithreadedJobDispatcher with {0} workers.
Refreshing native plugins compatible for Editor in 113.86 ms, found 3 plugins.
Preloading 0 native plugins for Editor in 0.00 ms.
Initialize engine version: 2021.3.30f1 (b4360d7cdac4)
[Subsystems] Discovering subsystems at path C:/Program Files/Unity/Hub/Editor/2021.3.30f1/Editor/Data/Resources/UnitySubsystems
[Subsystems] Discovering subsystems at path D:/ìƒˆ í´ë”/OneDrive - ê²½í¬ëŒ€í•™êµ/ê²½í¬ëŒ€í•™êµ/ì†Œìœµê°œë¡ /swcon101_termprojrct/Assets
GfxDevice: creating device client; threaded=0; jobified=0
Direct3D:
    Version:  Direct3D 11.0 [level 11.1]
    Renderer: NVIDIA GeForce RTX 3080 (ID=0x2216)
    Vendor:   NVIDIA
    VRAM:     10067 MB
    Driver:   31.0.15.3640
Initialize mono
Mono path[0] = 'C:/Program Files/Unity/Hub/Editor/2021.3.30f1/Editor/Data/Managed'
Mono path[1] = 'C:/Program Files/Unity/Hub/Editor/2021.3.30f1/Editor/Data/MonoBleedingEdge/lib/mono/unityjit-win32'
Mono config path = 'C:/Program Files/Unity/Hub/Editor/2021.3.30f1/Editor/Data/MonoBleedingEdge/etc'
Using monoOptions --debugger-agent=transport=dt_socket,embedding=1,server=y,suspend=n,address=127.0.0.1:56912
Begin MonoManager ReloadAssembly
Registering precompiled unity dll's ...
Register platform support module: C:/Program Files/Unity/Hub/Editor/2021.3.30f1/Editor/Data/PlaybackEngines/WindowsStandaloneSupport/UnityEditor.WindowsStandalone.Extensions.dll
Registered in 0.003215 seconds.
Native extension for WindowsStandalone target not found
Refreshing native plugins compatible for Editor in 78.25 ms, found 3 plugins.
Preloading 0 native plugins for Editor in 0.00 ms.
Mono: successfully reloaded assembly
- Completed reload, in  0.602 seconds
Domain Reload Profiling:
	ReloadAssembly (602ms)
		BeginReloadAssembly (108ms)
			ExecutionOrderSort (0ms)
			DisableScriptedObjects (0ms)
			BackupInstance (0ms)
			ReleaseScriptingObjects (0ms)
			CreateAndSetChildDomain (1ms)
		EndReloadAssembly (404ms)
			LoadAssemblies (106ms)
			RebuildTransferFunctionScriptingTraits (0ms)
			SetupTypeCache (109ms)
			ReleaseScriptCaches (0ms)
			RebuildScriptCaches (22ms)
			SetupLoadedEditorAssemblies (238ms)
				LogAssemblyErrors (0ms)
				InitializePlatformSupportModulesInManaged (6ms)
				SetLoadedEditorAssemblies (0ms)
				RefreshPlugins (78ms)
				BeforeProcessingInitializeOnLoad (1ms)
				ProcessInitializeOnLoadAttributes (104ms)
				ProcessInitializeOnLoadMethodAttributes (48ms)
				AfterProcessingInitializeOnLoad (0ms)
				EditorAssembliesLoaded (0ms)
			ExecutionOrderSort2 (0ms)
			AwakeInstancesAfterBackupRestoration (0ms)
Platform modules already initialized, skipping
Registering precompiled user dll's ...
Registered in 0.005266 seconds.
Begin MonoManager ReloadAssembly
Native extension for WindowsStandalone target not found
Refreshing native plugins compatible for Editor in 73.38 ms, found 3 plugins.
Preloading 0 native plugins for Editor in 0.00 ms.
Package Manager log level set to [2]
[Package Manager] Server::EnsureServerProcessIsRunning -- launch failed, reason: Unity was launched with the -noUpm command-line argument
[Package Manager] Cannot connect to Unity Package Manager local server
Mono: successfully reloaded assembly
- Completed reload, in  1.331 seconds
Domain Reload Profiling:
	ReloadAssembly (1332ms)
		BeginReloadAssembly (81ms)
			ExecutionOrderSort (0ms)
			DisableScriptedObjects (3ms)
			BackupInstance (0ms)
			ReleaseScriptingObjects (0ms)
			CreateAndSetChildDomain (13ms)
		EndReloadAssembly (1181ms)
			LoadAssemblies (70ms)
			RebuildTransferFunctionScriptingTraits (0ms)
			SetupTypeCache (205ms)
			ReleaseScriptCaches (1ms)
			RebuildScriptCaches (45ms)
			SetupLoadedEditorAssemblies (842ms)
				LogAssemblyErrors (0ms)
				InitializePlatformSupportModulesInManaged (106ms)
				SetLoadedEditorAssemblies (0ms)
				RefreshPlugins (73ms)
				BeforeProcessingInitializeOnLoad (65ms)
				ProcessInitializeOnLoadAttributes (546ms)
				ProcessInitializeOnLoadMethodAttributes (47ms)
				AfterProcessingInitializeOnLoad (4ms)
				EditorAssembliesLoaded (0ms)
			ExecutionOrderSort2 (0ms)
			AwakeInstancesAfterBackupRestoration (4ms)
Platform modules already initialized, skipping
========================================================================
Worker process is ready to serve import requests
Launched and connected shader compiler UnityShaderCompiler.exe after 0.03 seconds
Refreshing native plugins compatible for Editor in 0.67 ms, found 3 plugins.
Preloading 0 native plugins for Editor in 0.00 ms.
Unloading 5398 Unused Serialized files (Serialized files now loaded: 0)
Unloading 47 unused Assets / (0.7 MB). Loaded Objects now: 5867.
Memory consumption went from 233.0 MB to 232.3 MB.
Total: 4.790300 ms (FindLiveObjects: 0.790700 ms CreateObjectMapping: 0.175000 ms MarkObjects: 3.369400 ms  DeleteObjects: 0.450700 ms)

AssetImportParameters requested are different than current active one (requested -> active):
  custom:video-decoder-ogg-theora: a1e56fd34408186e4bbccfd4996cb3dc -> 
  custom:container-muxer-webm: aa71ff27fc2769a1b78a27578f13a17b -> 
  custom:container-demuxer-webm: 4f35f7cbe854078d1ac9338744f61a02 -> 
  custom:video-encoder-webm-vp8: eb34c28f22e8b96e1ab97ce403110664 -> 
  custom:video-codec-MediaFoundation-h265: 746d11721c4dcdbdad8f713fa42b33f4 -> 
  custom:CustomObjectIndexerAttribute: 6b0e35c9178b02a6363f3721b7b8e397 -> 
  custom:audio-encoder-webm-vorbis: bf7c407c2cedff20999df2af8eb42d56 -> 
  custom:framework-win-MediaFoundation: 216162199b28c13a410421893ffa2e32 -> 
  custom:SearchIndexIgnoredProperties: e643bd26f0fe6173181afceb89e7c659 -> 
  custom:container-demuxer-ogg: 62fdf1f143b41e24485cea50d1cbac27 -> 
  custom:video-decoder-webm-vp8: 9c59270c3fd7afecdb556c50c9e8de78 -> 
  custom:audio-decoder-ogg-vorbis: bf7c407c2cedff20999df2af8eb42d56 -> 
========================================================================
Received Import Request.
  Time since last request: 14189.643372 seconds.
  path: Assets/Assets_Store/LowPolyInterior/Prefabs/Curtains/Curtains_02.prefab
  artifactKey: Guid(2aad6a99d41a856499ada30bb80d4ad7) Importer(815301076,1909f56bfc062723c751e8b465ee728b)
Number of updated assets reloaded before import = 0
Start importing Assets/Assets_Store/LowPolyInterior/Prefabs/Curtains/Curtains_02.prefab using Guid(2aad6a99d41a856499ada30bb80d4ad7) Importer(815301076,1909f56bfc062723c751e8b465ee728b)  -> (artifact id: '382b9034b35ced45c639859aa61aca89') in 0.123091 seconds 
Number of asset objects unloaded after import = 10
========================================================================
Received Import Request.
  Time since last request: 0.000021 seconds.
  path: Assets/Assets_Store/LowPolyInterior/Prefabs/Curtains/Curtains_05.prefab
  artifactKey: Guid(9c1928d781dd2f54fbcb8d7acce3186b) Importer(815301076,1909f56bfc062723c751e8b465ee728b)
Number of updated assets reloaded before import = 0
Start importing Assets/Assets_Store/LowPolyInterior/Prefabs/Curtains/Curtains_05.prefab using Guid(9c1928d781dd2f54fbcb8d7acce3186b) Importer(815301076,1909f56bfc062723c751e8b465ee728b)  -> (artifact id: 'f1bf0162f090f2d84200d13e5465ce1a') in 0.033119 seconds 
Number of asset objects unloaded after import = 10
========================================================================
Received Import Request.
  Time since last request: 0.000023 seconds.
  path: Assets/Assets_Store/LowPolyInterior/Prefabs/Curtains/Curtains_09.prefab
  artifactKey: Guid(fc7911b53ce36474ea62fbd9b19e8738) Importer(815301076,1909f56bfc062723c751e8b465ee728b)
Number of updated assets reloaded before import = 0
Start importing Assets/Assets_Store/LowPolyInterior/Prefabs/Curtains/Curtains_09.prefab using Guid(fc7911b53ce36474ea62fbd9b19e8738) Importer(815301076,1909f56bfc062723c751e8b465ee728b)  -> (artifact id: '9452bd57283dd30c67c3ddcbf6318d12') in 0.016566 seconds 
Number of asset objects unloaded after import = 10
========================================================================
Received Import Request.
  Time since last request: 0.000016 seconds.
  path: Assets/Assets_Store/LowPolyInterior/Prefabs/Curtains/Curtains_08.prefab
  artifactKey: Guid(a8039421ea018464a97f3e7fdbd1d1c6) Importer(815301076,1909f56bfc062723c751e8b465ee728b)
Number of updated assets reloaded before import = 0
Start importing Assets/Assets_Store/LowPolyInterior/Prefabs/Curtains/Curtains_08.prefab using Guid(a8039421ea018464a97f3e7fdbd1d1c6) Importer(815301076,1909f56bfc062723c751e8b465ee728b)  -> (artifact id: '8dee2479572b9842cb3576b230df17bc') in 0.015754 seconds 
Number of asset objects unloaded after import = 10
========================================================================
Received Import Request.
  Time since last request: 0.000013 seconds.
  path: Assets/Assets_Store/LowPolyInterior/Prefabs/Curtains/Curtains_04.prefab
  artifactKey: Guid(0415a68ac5c342a4786798d69b85a359) Importer(815301076,1909f56bfc062723c751e8b465ee728b)
Number of updated assets reloaded before import = 0
Start importing Assets/Assets_Store/LowPolyInterior/Prefabs/Curtains/Curtains_04.prefab using Guid(0415a68ac5c342a4786798d69b85a359) Importer(815301076,1909f56bfc062723c751e8b465ee728b)  -> (artifact id: '918c5a1c2d9ff2c8219c976b37e6f3c6') in 0.044947 seconds 
Number of asset objects unloaded after import = 10
========================================================================
Received Import Request.
  Time since last request: 0.000017 seconds.
  path: Assets/Assets_Store/LowPolyInterior/Prefabs/Curtains/Curtains_13.prefab
  artifactKey: Guid(c9a248fbb4209cc4f9ea331c061d279b) Importer(815301076,1909f56bfc062723c751e8b465ee728b)
Number of updated assets reloaded before import = 0
Start importing Assets/Assets_Store/LowPolyInterior/Prefabs/Curtains/Curtains_13.prefab using Guid(c9a248fbb4209cc4f9ea331c061d279b) Importer(815301076,1909f56bfc062723c751e8b465ee728b)  -> (artifact id: '6d6898dbaa9554ed3b1b9d94b1a556a2') in 0.043853 seconds 
Number of asset objects unloaded after import = 10
========================================================================
Received Import Request.
  Time since last request: 0.000015 seconds.
  path: Assets/Assets_Store/LowPolyInterior/Prefabs/Curtains/Curtains_10.prefab
  artifactKey: Guid(380348a977c2f9440824810f62f1261e) Importer(815301076,1909f56bfc062723c751e8b465ee728b)
Number of updated assets reloaded before import = 0
Start importing Assets/Assets_Store/LowPolyInterior/Prefabs/Curtains/Curtains_10.prefab using Guid(380348a977c2f9440824810f62f1261e) Importer(815301076,1909f56bfc062723c751e8b465ee728b)  -> (artifact id: '1ab9491bb0c6e9acaebd18680cf67172') in 0.024878 seconds 
Number of asset objects unloaded after import = 10
========================================================================
Received Import Request.
  Time since last request: 0.000018 seconds.
  path: Assets/Assets_Store/LowPolyInterior/Prefabs/Curtains/Curtains_07.prefab
  artifactKey: Guid(b4344f5c461ee90438523b83f541f397) Importer(815301076,1909f56bfc062723c751e8b465ee728b)
Number of updated assets reloaded before import = 0
Start importing Assets/Assets_Store/LowPolyInterior/Prefabs/Curtains/Curtains_07.prefab using Guid(b4344f5c461ee90438523b83f541f397) Importer(815301076,1909f56bfc062723c751e8b465ee728b)  -> (artifact id: '0b45b383433e97a6e2457d7b4ed6b32b') in 0.029066 seconds 
Number of asset objects unloaded after import = 10
========================================================================
Received Import Request.
  Time since last request: 8.236809 seconds.
  path: Assets/Assets_Store/LowPolyInterior/Prefabs/Flowers/Flower_04.prefab
  artifactKey: Guid(e4a4f959d13304944867cdca52c39619) Importer(815301076,1909f56bfc062723c751e8b465ee728b)
Number of updated assets reloaded before import = 0
Start importing Assets/Assets_Store/LowPolyInterior/Prefabs/Flowers/Flower_04.prefab using Guid(e4a4f959d13304944867cdca52c39619) Importer(815301076,1909f56bfc062723c751e8b465ee728b)  -> (artifact id: '5a62ec2457b44ec7ad5ccdcecde6eba4') in 0.048438 seconds 
Number of asset objects unloaded after import = 10
========================================================================
Received Import Request.
  Time since last request: 0.000027 seconds.
  path: Assets/Assets_Store/LowPolyInterior/Prefabs/Flowers/Flower_06.prefab
  artifactKey: Guid(06d98bc93ae0c8543b58cc14e7161a43) Importer(815301076,1909f56bfc062723c751e8b465ee728b)
Number of updated assets reloaded before import = 0
Start importing Assets/Assets_Store/LowPolyInterior/Prefabs/Flowers/Flower_06.prefab using Guid(06d98bc93ae0c8543b58cc14e7161a43) Importer(815301076,1909f56bfc062723c751e8b465ee728b)  -> (artifact id: '0bf1b28d108f33cab6a5bf04a9e3108b') in 0.065960 seconds 
Number of asset objects unloaded after import = 10
========================================================================
Received Import Request.
  Time since last request: 12.908309 seconds.
  path: Assets/Assets_Store/LowPolyInterior/Prefabs/KitchenObjects/Carrot.prefab
  artifactKey: Guid(da754f73f0a4a464e864891cb23db3e7) Importer(815301076,1909f56bfc062723c751e8b465ee728b)
Number of updated assets reloaded before import = 0
Start importing Assets/Assets_Store/LowPolyInterior/Prefabs/KitchenObjects/Carrot.prefab using Guid(da754f73f0a4a464e864891cb23db3e7) Importer(815301076,1909f56bfc062723c751e8b465ee728b)  -> (artifact id: '84a357cac527ab26b0bbe271f93b0241') in 0.018818 seconds 
Number of asset objects unloaded after import = 10
========================================================================
Received Import Request.
  Time since last request: 0.032630 seconds.
  path: Assets/Assets_Store/LowPolyInterior/Prefabs/KitchenObjects/Cola.prefab
  artifactKey: Guid(d5ebb7938a49d974096508d8bc44f6df) Importer(815301076,1909f56bfc062723c751e8b465ee728b)
Number of updated assets reloaded before import = 0
Start importing Assets/Assets_Store/LowPolyInterior/Prefabs/KitchenObjects/Cola.prefab using Guid(d5ebb7938a49d974096508d8bc44f6df) Importer(815301076,1909f56bfc062723c751e8b465ee728b)  -> (artifact id: '9aa011d50970c76906a33b9bc44f61b0') in 0.043632 seconds 
Number of asset objects unloaded after import = 10
========================================================================
Received Import Request.
  Time since last request: 0.000014 seconds.
  path: Assets/Assets_Store/LowPolyInterior/Prefabs/KitchenObjects/Cup_02.prefab
  artifactKey: Guid(ade0a342a4a7971408e47efbd808fd42) Importer(815301076,1909f56bfc062723c751e8b465ee728b)
Number of updated assets reloaded before import = 0
Start importing Assets/Assets_Store/LowPolyInterior/Prefabs/KitchenObjects/Cup_02.prefab using Guid(ade0a342a4a7971408e47efbd808fd42) Importer(815301076,1909f56bfc062723c751e8b465ee728b)  -> (artifact id: '088c06022d20af342cf0e77f08fdefa0') in 0.033552 seconds 
Number of asset objects unloaded after import = 10
========================================================================
Received Import Request.
  Time since last request: 0.132908 seconds.
  path: Assets/Assets_Store/LowPolyInterior/Prefabs/KitchenObjects/Egg.prefab
  artifactKey: Guid(a14c8bb07b6d6414f8bfe240856fddfd) Importer(815301076,1909f56bfc062723c751e8b465ee728b)
Number of updated assets reloaded before import = 0
Start importing Assets/Assets_Store/LowPolyInterior/Prefabs/KitchenObjects/Egg.prefab using Guid(a14c8bb07b6d6414f8bfe240856fddfd) Importer(815301076,1909f56bfc062723c751e8b465ee728b)  -> (artifact id: 'ec309c2931c29bac50cf8f9daeaa4830') in 0.022345 seconds 
Number of asset objects unloaded after import = 10
========================================================================
Received Import Request.
  Time since last request: 0.000025 seconds.
  path: Assets/Assets_Store/LowPolyInterior/Prefabs/KitchenObjects/Garlic.prefab
  artifactKey: Guid(9f123ed984a812c4daf315378a4fbaef) Importer(815301076,1909f56bfc062723c751e8b465ee728b)
Number of updated assets reloaded before import = 0
Start importing Assets/Assets_Store/LowPolyInterior/Prefabs/KitchenObjects/Garlic.prefab using Guid(9f123ed984a812c4daf315378a4fbaef) Importer(815301076,1909f56bfc062723c751e8b465ee728b)  -> (artifact id: '94509c8ae541f181fb0c75651b2713fb') in 0.045924 seconds 
Number of asset objects unloaded after import = 10
========================================================================
Received Import Request.
  Time since last request: 0.074543 seconds.
  path: Assets/Assets_Store/LowPolyInterior/Prefabs/KitchenObjects/Knife_02.prefab
  artifactKey: Guid(13141b56c243ea64e83fa7eb5f65d6b7) Importer(815301076,1909f56bfc062723c751e8b465ee728b)
Number of updated assets reloaded before import = 0
Start importing Assets/Assets_Store/LowPolyInterior/Prefabs/KitchenObjects/Knife_02.prefab using Guid(13141b56c243ea64e83fa7eb5f65d6b7) Importer(815301076,1909f56bfc062723c751e8b465ee728b)  -> (artifact id: '4b517ba42142551edd5650bcfd073483') in 0.114086 seconds 
Number of asset objects unloaded after import = 10
========================================================================
Received Import Request.
  Time since last request: 0.000022 seconds.
  path: Assets/Assets_Store/LowPolyInterior/Prefabs/KitchenObjects/Plate_02.prefab
  artifactKey: Guid(8cedbe2c35e093945b3b9dae8f5638ea) Importer(815301076,1909f56bfc062723c751e8b465ee728b)
Number of updated assets reloaded before import = 0
Start importing Assets/Assets_Store/LowPolyInterior/Prefabs/KitchenObjects/Plate_02.prefab using Guid(8cedbe2c35e093945b3b9dae8f5638ea) Importer(815301076,1909f56bfc062723c751e8b465ee728b)  -> (artifact id: '3acc72490618307e09ff29280fb1e473') in 0.017476 seconds 
Number of asset objects unloaded after import = 10
========================================================================
Received Import Request.
  Time since last request: 0.000013 seconds.
  path: Assets/Assets_Store/LowPolyInterior/Prefabs/KitchenObjects/Pot_01.prefab
  artifactKey: Guid(ab3ab68971a7087429643dfbfab39551) Importer(815301076,1909f56bfc062723c751e8b465ee728b)
Number of updated assets reloaded before import = 0
Start importing Assets/Assets_Store/LowPolyInterior/Prefabs/KitchenObjects/Pot_01.prefab using Guid(ab3ab68971a7087429643dfbfab39551) Importer(815301076,1909f56bfc062723c751e8b465ee728b)  -> (artifact id: '60bee7bcede0a0e047498404ec2d6ef2') in 0.042984 seconds 
Number of asset objects unloaded after import = 10
========================================================================
Received Import Request.
  Time since last request: 0.000015 seconds.
  path: Assets/Assets_Store/LowPolyInterior/Prefabs/KitchenObjects/Plate_04.prefab
  artifactKey: Guid(7e978a4c398453f43878e3305ed461d4) Importer(815301076,1909f56bfc062723c751e8b465ee728b)
Number of updated assets reloaded before import = 0
Start importing Assets/Assets_Store/LowPolyInterior/Prefabs/KitchenObjects/Plate_04.prefab using Guid(7e978a4c398453f43878e3305ed461d4) Importer(815301076,1909f56bfc062723c751e8b465ee728b)  -> (artifact id: 'b35488b049234006346a0b3198753eb9') in 0.028919 seconds 
Number of asset objects unloaded after import = 10
========================================================================
Received Import Request.
  Time since last request: 0.000016 seconds.
  path: Assets/Assets_Store/LowPolyInterior/Prefabs/KitchenObjects/Sausage.prefab
  artifactKey: Guid(a50833db6ad1cc444a3504f8d34cd4fe) Importer(815301076,1909f56bfc062723c751e8b465ee728b)
Number of updated assets reloaded before import = 0
Start importing Assets/Assets_Store/LowPolyInterior/Prefabs/KitchenObjects/Sausage.prefab using Guid(a50833db6ad1cc444a3504f8d34cd4fe) Importer(815301076,1909f56bfc062723c751e8b465ee728b)  -> (artifact id: 'b671aa4b254df30eb038ba768d9bdd90') in 0.059809 seconds 
Number of asset objects unloaded after import = 10
========================================================================
Received Import Request.
  Time since last request: 0.000019 seconds.
  path: Assets/Assets_Store/LowPolyInterior/Prefabs/KitchenObjects/Steak_03.prefab
  artifactKey: Guid(915cf00eaaf8c38429869e7fef2dc6d0) Importer(815301076,1909f56bfc062723c751e8b465ee728b)
Number of updated assets reloaded before import = 0
Start importing Assets/Assets_Store/LowPolyInterior/Prefabs/KitchenObjects/Steak_03.prefab using Guid(915cf00eaaf8c38429869e7fef2dc6d0) Importer(815301076,1909f56bfc062723c751e8b465ee728b)  -> (artifact id: '6c4c1f59e7549c73f162105073270e64') in 0.074999 seconds 
Number of asset objects unloaded after import = 10
========================================================================
Received Import Request.
  Time since last request: 0.000013 seconds.
  path: Assets/Assets_Store/LowPolyInterior/Prefabs/KitchenObjects/Steak_02.prefab
  artifactKey: Guid(c157e83851134fd4fb0910f853e3a544) Importer(815301076,1909f56bfc062723c751e8b465ee728b)
Number of updated assets reloaded before import = 0
Start importing Assets/Assets_Store/LowPolyInterior/Prefabs/KitchenObjects/Steak_02.prefab using Guid(c157e83851134fd4fb0910f853e3a544) Importer(815301076,1909f56bfc062723c751e8b465ee728b)  -> (artifact id: '429d54b473fc2e4ce1800c43105dfc1b') in 0.038677 seconds 
Number of asset objects unloaded after import = 10
========================================================================
Received Import Request.
  Time since last request: 0.000026 seconds.
  path: Assets/Assets_Store/LowPolyInterior/Prefabs/KitchenObjects/Knife_03.prefab
  artifactKey: Guid(6005839ccbf313c4586d7f7f4a9961d7) Importer(815301076,1909f56bfc062723c751e8b465ee728b)
Number of updated assets reloaded before import = 0
Start importing Assets/Assets_Store/LowPolyInterior/Prefabs/KitchenObjects/Knife_03.prefab using Guid(6005839ccbf313c4586d7f7f4a9961d7) Importer(815301076,1909f56bfc062723c751e8b465ee728b)  -> (artifact id: '3f0e54a5d940dbddbe31cb620c3426ba') in 0.031096 seconds 
Number of asset objects unloaded after import = 10
========================================================================
Received Import Request.
  Time since last request: 0.000022 seconds.
  path: Assets/Assets_Store/LowPolyInterior/Prefabs/KitchenObjects/Tomato.prefab
  artifactKey: Guid(49866ec1029b741468ca8997945363cb) Importer(815301076,1909f56bfc062723c751e8b465ee728b)
Number of updated assets reloaded before import = 0
Start importing Assets/Assets_Store/LowPolyInterior/Prefabs/KitchenObjects/Tomato.prefab using Guid(49866ec1029b741468ca8997945363cb) Importer(815301076,1909f56bfc062723c751e8b465ee728b)  -> (artifact id: 'ad1dd9fd4e271dfdd12b3826de48cf3a') in 0.035936 seconds 
Number of asset objects unloaded after import = 10
Editor requested this worker to shutdown with reason: Scaling down because of idle timeout
AssetImportWorker is now disconnected from the server
Process exiting
Exiting without the bug reporter. Application will terminate with return code 0