Using pre-set license
Built from '2021.3/staging' branch; Version is '2021.3.30f1 (b4360d7cdac4) revision 11810317'; Using compiler version '192829333'; Build Type 'Release'
OS: 'Windows 11  (10.0.22621) 64bit Professional' Language: 'ko' Physical Memory: 32524 MB
BatchMode: 1, IsHumanControllingUs: 0, StartBugReporterOnCrash: 0, Is64bit: 1, IsPro: 1

COMMAND LINE ARGUMENTS:
C:\Program Files\Unity\Hub\Editor\2021.3.30f1\Editor\Unity.exe
-adb2
-batchMode
-noUpm
-name
AssetImportWorker1
-projectPath
C:/Users/dot_mario/OneDrive - ê²½í¬ëŒ€í•™êµ/ê²½í¬ëŒ€í•™êµ/ì†Œìœµê°œë¡ /swcon101_termprojrct
-logFile
Logs/AssetImportWorker1.log
-srvPort
6806
Successfully changed project path to: C:/Users/dot_mario/OneDrive - ê²½í¬ëŒ€í•™êµ/ê²½í¬ëŒ€í•™êµ/ì†Œìœµê°œë¡ /swcon101_termprojrct
C:/Users/dot_mario/OneDrive - ê²½í¬ëŒ€í•™êµ/ê²½í¬ëŒ€í•™êµ/ì†Œìœµê°œë¡ /swcon101_termprojrct
[UnityMemory] Configuration Parameters - Can be set up in boot.config
    "memorysetup-bucket-allocator-granularity=16"
    "memorysetup-bucket-allocator-bucket-count=8"
    "memorysetup-bucket-allocator-block-size=33554432"
    "memorysetup-bucket-allocator-block-count=8"
    "memorysetup-main-allocator-block-size=16777216"
    "memorysetup-thread-allocator-block-size=16777216"
    "memorysetup-gfx-main-allocator-block-size=16777216"
    "memorysetup-gfx-thread-allocator-block-size=16777216"
    "memorysetup-cache-allocator-block-size=4194304"
    "memorysetup-typetree-allocator-block-size=2097152"
    "memorysetup-profiler-bucket-allocator-granularity=16"
    "memorysetup-profiler-bucket-allocator-bucket-count=8"
    "memorysetup-profiler-bucket-allocator-block-size=33554432"
    "memorysetup-profiler-bucket-allocator-block-count=8"
    "memorysetup-profiler-allocator-block-size=16777216"
    "memorysetup-profiler-editor-allocator-block-size=1048576"
    "memorysetup-temp-allocator-size-main=16777216"
    "memorysetup-job-temp-allocator-block-size=2097152"
    "memorysetup-job-temp-allocator-block-size-background=1048576"
    "memorysetup-job-temp-allocator-reduction-small-platforms=262144"
    "memorysetup-temp-allocator-size-background-worker=32768"
    "memorysetup-temp-allocator-size-job-worker=262144"
    "memorysetup-temp-allocator-size-preload-manager=33554432"
    "memorysetup-temp-allocator-size-nav-mesh-worker=65536"
    "memorysetup-temp-allocator-size-audio-worker=65536"
    "memorysetup-temp-allocator-size-cloud-worker=32768"
    "memorysetup-temp-allocator-size-gi-baking-worker=262144"
    "memorysetup-temp-allocator-size-gfx=262144"
Player connection [14296] Host "[IP] 192.168.55.154 [Port] 0 [Flags] 2 [Guid] 2184044105 [EditorId] 2184044105 [Version] 1048832 [Id] WindowsEditor(7,°­º´ÈÆ) [Debug] 1 [PackageName] WindowsEditor [ProjectName] Editor" joined multi-casting on [225.0.0.222:54997]...

Player connection [14296] Host "[IP] 192.168.55.154 [Port] 0 [Flags] 2 [Guid] 2184044105 [EditorId] 2184044105 [Version] 1048832 [Id] WindowsEditor(7,°­º´ÈÆ) [Debug] 1 [PackageName] WindowsEditor [ProjectName] Editor" joined alternative multi-casting on [225.0.0.222:34997]...

[Physics::Module] Initialized MultithreadedJobDispatcher with {0} workers.
Refreshing native plugins compatible for Editor in 64.05 ms, found 3 plugins.
Preloading 0 native plugins for Editor in 0.00 ms.
Initialize engine version: 2021.3.30f1 (b4360d7cdac4)
[Subsystems] Discovering subsystems at path C:/Program Files/Unity/Hub/Editor/2021.3.30f1/Editor/Data/Resources/UnitySubsystems
[Subsystems] Discovering subsystems at path C:/Users/dot_mario/OneDrive - ê²½í¬ëŒ€í•™êµ/ê²½í¬ëŒ€í•™êµ/ì†Œìœµê°œë¡ /swcon101_termprojrct/Assets
GfxDevice: creating device client; threaded=0; jobified=0
Direct3D:
    Version:  Direct3D 11.0 [level 11.1]
    Renderer: NVIDIA GeForce RTX 3080 (ID=0x2216)
    Vendor:   NVIDIA
    VRAM:     10067 MB
    Driver:   31.0.15.3640
Initialize mono
Mono path[0] = 'C:/Program Files/Unity/Hub/Editor/2021.3.30f1/Editor/Data/Managed'
Mono path[1] = 'C:/Program Files/Unity/Hub/Editor/2021.3.30f1/Editor/Data/MonoBleedingEdge/lib/mono/unityjit-win32'
Mono config path = 'C:/Program Files/Unity/Hub/Editor/2021.3.30f1/Editor/Data/MonoBleedingEdge/etc'
Using monoOptions --debugger-agent=transport=dt_socket,embedding=1,server=y,suspend=n,address=127.0.0.1:56724
Begin MonoManager ReloadAssembly
Registering precompiled unity dll's ...
Register platform support module: C:/Program Files/Unity/Hub/Editor/2021.3.30f1/Editor/Data/PlaybackEngines/WindowsStandaloneSupport/UnityEditor.WindowsStandalone.Extensions.dll
Registered in 0.003002 seconds.
Native extension for WindowsStandalone target not found
Refreshing native plugins compatible for Editor in 63.64 ms, found 3 plugins.
Preloading 0 native plugins for Editor in 0.00 ms.
Mono: successfully reloaded assembly
- Completed reload, in  0.378 seconds
Domain Reload Profiling:
	ReloadAssembly (379ms)
		BeginReloadAssembly (56ms)
			ExecutionOrderSort (0ms)
			DisableScriptedObjects (0ms)
			BackupInstance (0ms)
			ReleaseScriptingObjects (0ms)
			CreateAndSetChildDomain (0ms)
		EndReloadAssembly (266ms)
			LoadAssemblies (54ms)
			RebuildTransferFunctionScriptingTraits (0ms)
			SetupTypeCache (59ms)
			ReleaseScriptCaches (0ms)
			RebuildScriptCaches (16ms)
			SetupLoadedEditorAssemblies (167ms)
				LogAssemblyErrors (0ms)
				InitializePlatformSupportModulesInManaged (5ms)
				SetLoadedEditorAssemblies (0ms)
				RefreshPlugins (64ms)
				BeforeProcessingInitializeOnLoad (1ms)
				ProcessInitializeOnLoadAttributes (69ms)
				ProcessInitializeOnLoadMethodAttributes (28ms)
				AfterProcessingInitializeOnLoad (0ms)
				EditorAssembliesLoaded (0ms)
			ExecutionOrderSort2 (0ms)
			AwakeInstancesAfterBackupRestoration (0ms)
Platform modules already initialized, skipping
Registering precompiled user dll's ...
Registered in 0.004448 seconds.
Begin MonoManager ReloadAssembly
Native extension for WindowsStandalone target not found
Refreshing native plugins compatible for Editor in 66.89 ms, found 3 plugins.
Preloading 0 native plugins for Editor in 0.00 ms.
Package Manager log level set to [2]
[Package Manager] Server::EnsureServerProcessIsRunning -- launch failed, reason: Unity was launched with the -noUpm command-line argument
[Package Manager] Cannot connect to Unity Package Manager local server
Mono: successfully reloaded assembly
- Completed reload, in  1.150 seconds
Domain Reload Profiling:
	ReloadAssembly (1150ms)
		BeginReloadAssembly (74ms)
			ExecutionOrderSort (0ms)
			DisableScriptedObjects (3ms)
			BackupInstance (0ms)
			ReleaseScriptingObjects (0ms)
			CreateAndSetChildDomain (11ms)
		EndReloadAssembly (1014ms)
			LoadAssemblies (60ms)
			RebuildTransferFunctionScriptingTraits (0ms)
			SetupTypeCache (186ms)
			ReleaseScriptCaches (0ms)
			RebuildScriptCaches (39ms)
			SetupLoadedEditorAssemblies (712ms)
				LogAssemblyErrors (0ms)
				InitializePlatformSupportModulesInManaged (2ms)
				SetLoadedEditorAssemblies (0ms)
				RefreshPlugins (67ms)
				BeforeProcessingInitializeOnLoad (65ms)
				ProcessInitializeOnLoadAttributes (529ms)
				ProcessInitializeOnLoadMethodAttributes (45ms)
				AfterProcessingInitializeOnLoad (4ms)
				EditorAssembliesLoaded (0ms)
			ExecutionOrderSort2 (0ms)
			AwakeInstancesAfterBackupRestoration (6ms)
Platform modules already initialized, skipping
========================================================================
Worker process is ready to serve import requests
Launched and connected shader compiler UnityShaderCompiler.exe after 0.03 seconds
Refreshing native plugins compatible for Editor in 0.61 ms, found 3 plugins.
Preloading 0 native plugins for Editor in 0.00 ms.
Unloading 5398 Unused Serialized files (Serialized files now loaded: 0)
Unloading 47 unused Assets / (0.7 MB). Loaded Objects now: 5867.
Memory consumption went from 233.0 MB to 232.2 MB.
Total: 2.509900 ms (FindLiveObjects: 0.240100 ms CreateObjectMapping: 0.172500 ms MarkObjects: 1.903300 ms  DeleteObjects: 0.191800 ms)

AssetImportParameters requested are different than current active one (requested -> active):
  custom:video-decoder-ogg-theora: a1e56fd34408186e4bbccfd4996cb3dc -> 
  custom:container-muxer-webm: aa71ff27fc2769a1b78a27578f13a17b -> 
  custom:container-demuxer-webm: 4f35f7cbe854078d1ac9338744f61a02 -> 
  custom:video-encoder-webm-vp8: eb34c28f22e8b96e1ab97ce403110664 -> 
  custom:video-codec-MediaFoundation-h265: 746d11721c4dcdbdad8f713fa42b33f4 -> 
  custom:CustomObjectIndexerAttribute: 6b0e35c9178b02a6363f3721b7b8e397 -> 
  custom:audio-encoder-webm-vorbis: bf7c407c2cedff20999df2af8eb42d56 -> 
  custom:framework-win-MediaFoundation: 216162199b28c13a410421893ffa2e32 -> 
  custom:SearchIndexIgnoredProperties: e643bd26f0fe6173181afceb89e7c659 -> 
  custom:container-demuxer-ogg: 62fdf1f143b41e24485cea50d1cbac27 -> 
  custom:video-decoder-webm-vp8: 9c59270c3fd7afecdb556c50c9e8de78 -> 
  custom:audio-decoder-ogg-vorbis: bf7c407c2cedff20999df2af8eb42d56 -> 
========================================================================
Received Prepare
Registering precompiled user dll's ...
Registered in 0.004080 seconds.
Begin MonoManager ReloadAssembly
Native extension for WindowsStandalone target not found
Refreshing native plugins compatible for Editor in 0.73 ms, found 3 plugins.
Preloading 0 native plugins for Editor in 0.00 ms.
[Package Manager] Server::EnsureServerProcessIsRunning -- launch failed, reason: Unity was launched with the -noUpm command-line argument
[Package Manager] Cannot connect to Unity Package Manager local server
Mono: successfully reloaded assembly
- Completed reload, in  1.138 seconds
Domain Reload Profiling:
	ReloadAssembly (1138ms)
		BeginReloadAssembly (103ms)
			ExecutionOrderSort (0ms)
			DisableScriptedObjects (3ms)
			BackupInstance (0ms)
			ReleaseScriptingObjects (0ms)
			CreateAndSetChildDomain (28ms)
		EndReloadAssembly (980ms)
			LoadAssemblies (67ms)
			RebuildTransferFunctionScriptingTraits (0ms)
			SetupTypeCache (185ms)
			ReleaseScriptCaches (1ms)
			RebuildScriptCaches (34ms)
			SetupLoadedEditorAssemblies (668ms)
				LogAssemblyErrors (0ms)
				InitializePlatformSupportModulesInManaged (4ms)
				SetLoadedEditorAssemblies (0ms)
				RefreshPlugins (1ms)
				BeforeProcessingInitializeOnLoad (54ms)
				ProcessInitializeOnLoadAttributes (546ms)
				ProcessInitializeOnLoadMethodAttributes (59ms)
				AfterProcessingInitializeOnLoad (4ms)
				EditorAssembliesLoaded (0ms)
			ExecutionOrderSort2 (0ms)
			AwakeInstancesAfterBackupRestoration (5ms)
Platform modules already initialized, skipping
Refreshing native plugins compatible for Editor in 0.73 ms, found 3 plugins.
Preloading 0 native plugins for Editor in 0.00 ms.
Unloading 5317 Unused Serialized files (Serialized files now loaded: 0)
Unloading 28 unused Assets / (0.7 MB). Loaded Objects now: 5882.
Memory consumption went from 224.9 MB to 224.2 MB.
Total: 2.687500 ms (FindLiveObjects: 0.261800 ms CreateObjectMapping: 0.148900 ms MarkObjects: 2.003300 ms  DeleteObjects: 0.272800 ms)

AssetImportParameters requested are different than current active one (requested -> active):
  custom:video-decoder-ogg-theora: a1e56fd34408186e4bbccfd4996cb3dc -> 
  custom:container-muxer-webm: aa71ff27fc2769a1b78a27578f13a17b -> 
  custom:container-demuxer-webm: 4f35f7cbe854078d1ac9338744f61a02 -> 
  custom:video-encoder-webm-vp8: eb34c28f22e8b96e1ab97ce403110664 -> 
  custom:video-codec-MediaFoundation-h265: 746d11721c4dcdbdad8f713fa42b33f4 -> 
  custom:CustomObjectIndexerAttribute: 6b0e35c9178b02a6363f3721b7b8e397 -> 
  custom:audio-encoder-webm-vorbis: bf7c407c2cedff20999df2af8eb42d56 -> 
  custom:framework-win-MediaFoundation: 216162199b28c13a410421893ffa2e32 -> 
  custom:SearchIndexIgnoredProperties: e643bd26f0fe6173181afceb89e7c659 -> 
  custom:container-demuxer-ogg: 62fdf1f143b41e24485cea50d1cbac27 -> 
  custom:video-decoder-webm-vp8: 9c59270c3fd7afecdb556c50c9e8de78 -> 
  custom:audio-decoder-ogg-vorbis: bf7c407c2cedff20999df2af8eb42d56 -> 
========================================================================
Received Import Request.
  Time since last request: 22975.732667 seconds.
  path: Assets/Assets_Store/LowPolyInterior/Prefabs/Particles/Particles_Fire_01.prefab
  artifactKey: Guid(73e742fc1e060e742bed91df04b4f497) Importer(815301076,1909f56bfc062723c751e8b465ee728b)
Number of updated assets reloaded before import = 0
Start importing Assets/Assets_Store/LowPolyInterior/Prefabs/Particles/Particles_Fire_01.prefab using Guid(73e742fc1e060e742bed91df04b4f497) Importer(815301076,1909f56bfc062723c751e8b465ee728b)  -> (artifact id: 'd14e09380aa569c11addd018baf8cfd4') in 0.480187 seconds 
Number of asset objects unloaded after import = 22
========================================================================
Received Import Request.
  Time since last request: 5.971820 seconds.
  path: Assets/Assets_Store/LowPolyInterior/Prefabs/Kitchen/Bar_02.prefab
  artifactKey: Guid(62d52e0672182b54b9ed1306ac3ed74b) Importer(815301076,1909f56bfc062723c751e8b465ee728b)
Number of updated assets reloaded before import = 0
Start importing Assets/Assets_Store/LowPolyInterior/Prefabs/Kitchen/Bar_02.prefab using Guid(62d52e0672182b54b9ed1306ac3ed74b) Importer(815301076,1909f56bfc062723c751e8b465ee728b)  -> (artifact id: '1efa7e32ddd79205b8d2d8dea78e2ab4') in 0.047127 seconds 
Number of asset objects unloaded after import = 10
========================================================================
Received Import Request.
  Time since last request: 0.000016 seconds.
  path: Assets/Assets_Store/LowPolyInterior/Prefabs/Kitchen/KitchenChair_01.prefab
  artifactKey: Guid(7ddbd6f40ac92d442b02e69682b47879) Importer(815301076,1909f56bfc062723c751e8b465ee728b)
Number of updated assets reloaded before import = 0
Start importing Assets/Assets_Store/LowPolyInterior/Prefabs/Kitchen/KitchenChair_01.prefab using Guid(7ddbd6f40ac92d442b02e69682b47879) Importer(815301076,1909f56bfc062723c751e8b465ee728b)  -> (artifact id: 'ed0687eddb0808d804c38df65ee065e9') in 0.023493 seconds 
Number of asset objects unloaded after import = 10
========================================================================
Received Import Request.
  Time since last request: 0.003259 seconds.
  path: Assets/Assets_Store/LowPolyInterior/Prefabs/Kitchen/KitchenTable_01.prefab
  artifactKey: Guid(51725fec2f7152c4e9c5920b7ac97bb4) Importer(815301076,1909f56bfc062723c751e8b465ee728b)
Number of updated assets reloaded before import = 0
Start importing Assets/Assets_Store/LowPolyInterior/Prefabs/Kitchen/KitchenTable_01.prefab using Guid(51725fec2f7152c4e9c5920b7ac97bb4) Importer(815301076,1909f56bfc062723c751e8b465ee728b)  -> (artifact id: '984d27d3482d8611bebde2a783fef1bc') in 0.025445 seconds 
Number of asset objects unloaded after import = 10
========================================================================
Received Import Request.
  Time since last request: 0.000027 seconds.
  path: Assets/Assets_Store/LowPolyInterior/Prefabs/Kitchen/KitchenCorner_02.prefab
  artifactKey: Guid(3d24233b093b54142a86843fe3731b9b) Importer(815301076,1909f56bfc062723c751e8b465ee728b)
Number of updated assets reloaded before import = 0
Start importing Assets/Assets_Store/LowPolyInterior/Prefabs/Kitchen/KitchenCorner_02.prefab using Guid(3d24233b093b54142a86843fe3731b9b) Importer(815301076,1909f56bfc062723c751e8b465ee728b)  -> (artifact id: '35072eb672cb1af0abbc3540f41d9813') in 0.020734 seconds 
Number of asset objects unloaded after import = 10
========================================================================
Received Import Request.
  Time since last request: 0.000012 seconds.
  path: Assets/Assets_Store/LowPolyInterior/Prefabs/Kitchen/KitchenTabletop2_02.prefab
  artifactKey: Guid(42c015a860478124c9c68d19f20b9253) Importer(815301076,1909f56bfc062723c751e8b465ee728b)
Number of updated assets reloaded before import = 0
Start importing Assets/Assets_Store/LowPolyInterior/Prefabs/Kitchen/KitchenTabletop2_02.prefab using Guid(42c015a860478124c9c68d19f20b9253) Importer(815301076,1909f56bfc062723c751e8b465ee728b)  -> (artifact id: '834139762366acc8f93512a4749e11dd') in 0.025608 seconds 
Number of asset objects unloaded after import = 10
========================================================================
Received Import Request.
  Time since last request: 0.000015 seconds.
  path: Assets/Assets_Store/LowPolyInterior/Prefabs/Kitchen/KitchenTabletop2_08.prefab
  artifactKey: Guid(54be4c07d1267ae449721fa7be13f847) Importer(815301076,1909f56bfc062723c751e8b465ee728b)
Number of updated assets reloaded before import = 0
Start importing Assets/Assets_Store/LowPolyInterior/Prefabs/Kitchen/KitchenTabletop2_08.prefab using Guid(54be4c07d1267ae449721fa7be13f847) Importer(815301076,1909f56bfc062723c751e8b465ee728b)  -> (artifact id: 'e6b9461b6309a1956a94771302ffe0ba') in 0.031913 seconds 
Number of asset objects unloaded after import = 10
========================================================================
Received Import Request.
  Time since last request: 0.000019 seconds.
  path: Assets/Assets_Store/LowPolyInterior/Prefabs/Kitchen/KitchenTabletop3_02.prefab
  artifactKey: Guid(3474da6c3243a6f47b8cba42d5d7c277) Importer(815301076,1909f56bfc062723c751e8b465ee728b)
Number of updated assets reloaded before import = 0
Start importing Assets/Assets_Store/LowPolyInterior/Prefabs/Kitchen/KitchenTabletop3_02.prefab using Guid(3474da6c3243a6f47b8cba42d5d7c277) Importer(815301076,1909f56bfc062723c751e8b465ee728b)  -> (artifact id: '028307170eecb717e2ca85ff1eb372e7') in 0.034161 seconds 
Number of asset objects unloaded after import = 10
========================================================================
Received Import Request.
  Time since last request: 0.000022 seconds.
  path: Assets/Assets_Store/LowPolyInterior/Prefabs/Kitchen/KitchenTabletop2_06.prefab
  artifactKey: Guid(c24a3337d5fe21b4ab1885510f8620e6) Importer(815301076,1909f56bfc062723c751e8b465ee728b)
Number of updated assets reloaded before import = 0
Start importing Assets/Assets_Store/LowPolyInterior/Prefabs/Kitchen/KitchenTabletop2_06.prefab using Guid(c24a3337d5fe21b4ab1885510f8620e6) Importer(815301076,1909f56bfc062723c751e8b465ee728b)  -> (artifact id: '8c0eb519b1d1285b31471507d3c6d37b') in 0.031460 seconds 
Number of asset objects unloaded after import = 10
========================================================================
Received Import Request.
  Time since last request: 0.000016 seconds.
  path: Assets/Assets_Store/LowPolyInterior/Prefabs/Kitchen/KitchenTabletop1_03.prefab
  artifactKey: Guid(026f87abfadd0e24f886758203ae85d4) Importer(815301076,1909f56bfc062723c751e8b465ee728b)
Number of updated assets reloaded before import = 0
Start importing Assets/Assets_Store/LowPolyInterior/Prefabs/Kitchen/KitchenTabletop1_03.prefab using Guid(026f87abfadd0e24f886758203ae85d4) Importer(815301076,1909f56bfc062723c751e8b465ee728b)  -> (artifact id: 'c9e7c885f35e7b0ce79b30fa1d463295') in 0.019211 seconds 
Number of asset objects unloaded after import = 10
========================================================================
Received Import Request.
  Time since last request: 0.000013 seconds.
  path: Assets/Assets_Store/LowPolyInterior/Prefabs/Kitchen/KitchenTabletop1_08.prefab
  artifactKey: Guid(dab8756f9cf6476458f93c826c80e787) Importer(815301076,1909f56bfc062723c751e8b465ee728b)
Number of updated assets reloaded before import = 0
Start importing Assets/Assets_Store/LowPolyInterior/Prefabs/Kitchen/KitchenTabletop1_08.prefab using Guid(dab8756f9cf6476458f93c826c80e787) Importer(815301076,1909f56bfc062723c751e8b465ee728b)  -> (artifact id: '5b4af93690fcf9ad4a88927bf990267d') in 0.023128 seconds 
Number of asset objects unloaded after import = 10
========================================================================
Received Import Request.
  Time since last request: 0.000017 seconds.
  path: Assets/Assets_Store/LowPolyInterior/Prefabs/Kitchen/KitchenTabletop2_03.prefab
  artifactKey: Guid(e579dae7eabdac140818cbd898ffe37b) Importer(815301076,1909f56bfc062723c751e8b465ee728b)
Number of updated assets reloaded before import = 0
Start importing Assets/Assets_Store/LowPolyInterior/Prefabs/Kitchen/KitchenTabletop2_03.prefab using Guid(e579dae7eabdac140818cbd898ffe37b) Importer(815301076,1909f56bfc062723c751e8b465ee728b)  -> (artifact id: 'd82af63a5e5cfcb2a64be59d9a9394e8') in 0.020026 seconds 
Number of asset objects unloaded after import = 10
========================================================================
Received Import Request.
  Time since last request: 0.000015 seconds.
  path: Assets/Assets_Store/LowPolyInterior/Prefabs/Kitchen/KitchenTabletop3_03.prefab
  artifactKey: Guid(e6d1e3b6e24a78a49af9bb891e47f2d2) Importer(815301076,1909f56bfc062723c751e8b465ee728b)
Number of updated assets reloaded before import = 0
Start importing Assets/Assets_Store/LowPolyInterior/Prefabs/Kitchen/KitchenTabletop3_03.prefab using Guid(e6d1e3b6e24a78a49af9bb891e47f2d2) Importer(815301076,1909f56bfc062723c751e8b465ee728b)  -> (artifact id: '79fd371ed6c51d7db7ab5bb7bbd86dea') in 0.018573 seconds 
Number of asset objects unloaded after import = 10
========================================================================
Received Import Request.
  Time since last request: 0.000013 seconds.
  path: Assets/Assets_Store/LowPolyInterior/Prefabs/Kitchen/KitchenCorner_01.prefab
  artifactKey: Guid(42f0dbc3960fefe479c4e45fc725a4e5) Importer(815301076,1909f56bfc062723c751e8b465ee728b)
Number of updated assets reloaded before import = 0
Start importing Assets/Assets_Store/LowPolyInterior/Prefabs/Kitchen/KitchenCorner_01.prefab using Guid(42f0dbc3960fefe479c4e45fc725a4e5) Importer(815301076,1909f56bfc062723c751e8b465ee728b)  -> (artifact id: '8f440dd6f3842b0b7b0870fc0dabcba4') in 0.018264 seconds 
Number of asset objects unloaded after import = 10
========================================================================
Received Import Request.
  Time since last request: 0.000015 seconds.
  path: Assets/Assets_Store/LowPolyInterior/Prefabs/Kitchen/Refrigerator.prefab
  artifactKey: Guid(52063e4d289c8d64ab48951aba03a0a6) Importer(815301076,1909f56bfc062723c751e8b465ee728b)
Number of updated assets reloaded before import = 0
Start importing Assets/Assets_Store/LowPolyInterior/Prefabs/Kitchen/Refrigerator.prefab using Guid(52063e4d289c8d64ab48951aba03a0a6) Importer(815301076,1909f56bfc062723c751e8b465ee728b)  -> (artifact id: '414b61b59cd06928e4b80f55adcc4b94') in 0.021686 seconds 
Number of asset objects unloaded after import = 10
========================================================================
Received Import Request.
  Time since last request: 0.000013 seconds.
  path: Assets/Assets_Store/LowPolyInterior/Prefabs/Kitchen/Oven.prefab
  artifactKey: Guid(1c34766b42224fb4b8019ef4e6a7c994) Importer(815301076,1909f56bfc062723c751e8b465ee728b)
Number of updated assets reloaded before import = 0
Start importing Assets/Assets_Store/LowPolyInterior/Prefabs/Kitchen/Oven.prefab using Guid(1c34766b42224fb4b8019ef4e6a7c994) Importer(815301076,1909f56bfc062723c751e8b465ee728b)  -> (artifact id: '2b90be7cb152afa63e3554c57cf601f3') in 0.042604 seconds 
Number of asset objects unloaded after import = 10
========================================================================
Received Import Request.
  Time since last request: 0.000016 seconds.
  path: Assets/Assets_Store/LowPolyInterior/Prefabs/Kitchen/KitchenTabletop1_01.prefab
  artifactKey: Guid(9c0e0cb1c766f7b46b11e335fa8de480) Importer(815301076,1909f56bfc062723c751e8b465ee728b)
Number of updated assets reloaded before import = 0
Start importing Assets/Assets_Store/LowPolyInterior/Prefabs/Kitchen/KitchenTabletop1_01.prefab using Guid(9c0e0cb1c766f7b46b11e335fa8de480) Importer(815301076,1909f56bfc062723c751e8b465ee728b)  -> (artifact id: '1788eacd87c37641b886fd619179cd3d') in 0.018907 seconds 
Number of asset objects unloaded after import = 10
========================================================================
Received Import Request.
  Time since last request: 0.000022 seconds.
  path: Assets/Assets_Store/LowPolyInterior/Prefabs/Kitchen/KitchenTabletop2_01.prefab
  artifactKey: Guid(ded29ad79b7bfb64aa4aaced7e6ced33) Importer(815301076,1909f56bfc062723c751e8b465ee728b)
Number of updated assets reloaded before import = 0
Start importing Assets/Assets_Store/LowPolyInterior/Prefabs/Kitchen/KitchenTabletop2_01.prefab using Guid(ded29ad79b7bfb64aa4aaced7e6ced33) Importer(815301076,1909f56bfc062723c751e8b465ee728b)  -> (artifact id: 'eea9aa2b14f438586175b5ae3ab4e4cc') in 0.017806 seconds 
Number of asset objects unloaded after import = 10
========================================================================
Received Import Request.
  Time since last request: 0.000013 seconds.
  path: Assets/Assets_Store/LowPolyInterior/Prefabs/Kitchen/KitchenTabletop1_07.prefab
  artifactKey: Guid(95026130dda3ac141be459b5925725e3) Importer(815301076,1909f56bfc062723c751e8b465ee728b)
Number of updated assets reloaded before import = 0
Start importing Assets/Assets_Store/LowPolyInterior/Prefabs/Kitchen/KitchenTabletop1_07.prefab using Guid(95026130dda3ac141be459b5925725e3) Importer(815301076,1909f56bfc062723c751e8b465ee728b)  -> (artifact id: 'ee9a774aa2b6f1132a50691621111402') in 0.023383 seconds 
Number of asset objects unloaded after import = 10
========================================================================
Received Import Request.
  Time since last request: 1.522788 seconds.
  path: Assets/Assets_Store/LowPolyInterior/Prefabs/InteractiveFurniture/InteractiveFurniture_01.prefab
  artifactKey: Guid(3d2b92c8c21cd8c44864bf0fbd764deb) Importer(815301076,1909f56bfc062723c751e8b465ee728b)
Number of updated assets reloaded before import = 0
Start importing Assets/Assets_Store/LowPolyInterior/Prefabs/InteractiveFurniture/InteractiveFurniture_01.prefab using Guid(3d2b92c8c21cd8c44864bf0fbd764deb) Importer(815301076,1909f56bfc062723c751e8b465ee728b)  -> (artifact id: '9a5f58a9af73ad22d6e52436b00ceead') in 0.051147 seconds 
Number of asset objects unloaded after import = 36
========================================================================
Received Import Request.
  Time since last request: 0.000022 seconds.
  path: Assets/Assets_Store/LowPolyInterior/Prefabs/InteractiveFurniture/InteractiveFurniture_07.prefab
  artifactKey: Guid(f271aca5ff5362b47afb20c27b9d20b9) Importer(815301076,1909f56bfc062723c751e8b465ee728b)
Number of updated assets reloaded before import = 0
Start importing Assets/Assets_Store/LowPolyInterior/Prefabs/InteractiveFurniture/InteractiveFurniture_07.prefab using Guid(f271aca5ff5362b47afb20c27b9d20b9) Importer(815301076,1909f56bfc062723c751e8b465ee728b)  -> (artifact id: 'cc935f4b5c3d01f2c2ee9620459ead37') in 0.044112 seconds 
Number of asset objects unloaded after import = 60
========================================================================
Received Import Request.
  Time since last request: 0.000020 seconds.
  path: Assets/Assets_Store/LowPolyInterior/Prefabs/InteractiveFurniture/InteractiveSink_01.prefab
  artifactKey: Guid(fc980bc712e66fc4dbf9a372d70f7531) Importer(815301076,1909f56bfc062723c751e8b465ee728b)
Number of updated assets reloaded before import = 0
Start importing Assets/Assets_Store/LowPolyInterior/Prefabs/InteractiveFurniture/InteractiveSink_01.prefab using Guid(fc980bc712e66fc4dbf9a372d70f7531) Importer(815301076,1909f56bfc062723c751e8b465ee728b)  -> (artifact id: 'f2b658efd62a49e6f7726e2b12fdce46') in 0.044621 seconds 
Number of asset objects unloaded after import = 34
========================================================================
Received Import Request.
  Time since last request: 0.000017 seconds.
  path: Assets/Assets_Store/LowPolyInterior/Prefabs/InteractiveFurniture/InteractiveSink_03.prefab
  artifactKey: Guid(f5e63974d333a4a42873f3b4e18a4c28) Importer(815301076,1909f56bfc062723c751e8b465ee728b)
Number of updated assets reloaded before import = 0
Start importing Assets/Assets_Store/LowPolyInterior/Prefabs/InteractiveFurniture/InteractiveSink_03.prefab using Guid(f5e63974d333a4a42873f3b4e18a4c28) Importer(815301076,1909f56bfc062723c751e8b465ee728b)  -> (artifact id: '7ef5afdf59f4cfc1c84389c047faf13d') in 0.039012 seconds 
Number of asset objects unloaded after import = 34
========================================================================
Received Import Request.
  Time since last request: 0.000029 seconds.
  path: Assets/Assets_Store/LowPolyInterior/Prefabs/InteractiveFurniture/InteractiveFurniture_12.prefab
  artifactKey: Guid(5937447d16988494b977bbbce28bda4d) Importer(815301076,1909f56bfc062723c751e8b465ee728b)
Number of updated assets reloaded before import = 0
Start importing Assets/Assets_Store/LowPolyInterior/Prefabs/InteractiveFurniture/InteractiveFurniture_12.prefab using Guid(5937447d16988494b977bbbce28bda4d) Importer(815301076,1909f56bfc062723c751e8b465ee728b)  -> (artifact id: 'b71fd7bc14cff016c462d214285c25d9') in 0.043853 seconds 
Number of asset objects unloaded after import = 30
========================================================================
Received Import Request.
  Time since last request: 0.000015 seconds.
  path: Assets/Assets_Store/LowPolyInterior/Prefabs/InteractiveFurniture/InteractiveFurniture_08.prefab
  artifactKey: Guid(3802bb07f3da4ab43b8116774a8261c7) Importer(815301076,1909f56bfc062723c751e8b465ee728b)
Number of updated assets reloaded before import = 0
Start importing Assets/Assets_Store/LowPolyInterior/Prefabs/InteractiveFurniture/InteractiveFurniture_08.prefab using Guid(3802bb07f3da4ab43b8116774a8261c7) Importer(815301076,1909f56bfc062723c751e8b465ee728b)  -> (artifact id: 'e87e45783b5bbfb618a0456a4b21ff74') in 0.081995 seconds 
Number of asset objects unloaded after import = 54
========================================================================
Received Import Request.
  Time since last request: 0.000013 seconds.
  path: Assets/Assets_Store/LowPolyInterior/Prefabs/InteractiveFurniture/InteractiveFurniture_14.prefab
  artifactKey: Guid(010d43eb21696d84692cb87cc2d62d14) Importer(815301076,1909f56bfc062723c751e8b465ee728b)
Number of updated assets reloaded before import = 0
Start importing Assets/Assets_Store/LowPolyInterior/Prefabs/InteractiveFurniture/InteractiveFurniture_14.prefab using Guid(010d43eb21696d84692cb87cc2d62d14) Importer(815301076,1909f56bfc062723c751e8b465ee728b)  -> (artifact id: 'c832dfcc0991c255bad6f7d87cf066e7') in 0.040114 seconds 
Number of asset objects unloaded after import = 18
========================================================================
Received Import Request.
  Time since last request: 0.000024 seconds.
  path: Assets/Assets_Store/LowPolyInterior/Prefabs/InteractiveFurniture/InteractiveFurniture_09.prefab
  artifactKey: Guid(011e32ceb24c31e429a43daa3aa183ec) Importer(815301076,1909f56bfc062723c751e8b465ee728b)
Number of updated assets reloaded before import = 0
Start importing Assets/Assets_Store/LowPolyInterior/Prefabs/InteractiveFurniture/InteractiveFurniture_09.prefab using Guid(011e32ceb24c31e429a43daa3aa183ec) Importer(815301076,1909f56bfc062723c751e8b465ee728b)  -> (artifact id: 'dd2192a3a4fb1a409e64b6f8eeb0ea54') in 0.028122 seconds 
Number of asset objects unloaded after import = 42
========================================================================
Received Import Request.
  Time since last request: 0.000017 seconds.
  path: Assets/Assets_Store/LowPolyInterior/Prefabs/InteractiveFurniture/InteractiveFurniture_11.prefab
  artifactKey: Guid(e03c3b31fbe72d641a6be3646e9b5f1e) Importer(815301076,1909f56bfc062723c751e8b465ee728b)
Number of updated assets reloaded before import = 0
Start importing Assets/Assets_Store/LowPolyInterior/Prefabs/InteractiveFurniture/InteractiveFurniture_11.prefab using Guid(e03c3b31fbe72d641a6be3646e9b5f1e) Importer(815301076,1909f56bfc062723c751e8b465ee728b)  -> (artifact id: '68323c7786dcd35f1bd35e459c668f59') in 0.022367 seconds 
Number of asset objects unloaded after import = 30
========================================================================
Received Import Request.
  Time since last request: 0.000021 seconds.
  path: Assets/Assets_Store/LowPolyInterior/Prefabs/InteractiveFurniture/ShowerTable_04.prefab
  artifactKey: Guid(e608c55d59b1b86468d1c2d3db650b75) Importer(815301076,1909f56bfc062723c751e8b465ee728b)
Number of updated assets reloaded before import = 0
Start importing Assets/Assets_Store/LowPolyInterior/Prefabs/InteractiveFurniture/ShowerTable_04.prefab using Guid(e608c55d59b1b86468d1c2d3db650b75) Importer(815301076,1909f56bfc062723c751e8b465ee728b)  -> (artifact id: '45172bde3110b3a1102417f11e8c3dc6') in 0.030735 seconds 
Number of asset objects unloaded after import = 34
========================================================================
Received Import Request.
  Time since last request: 0.000014 seconds.
  path: Assets/Assets_Store/LowPolyInterior/Prefabs/InteractiveFurniture/InteractiveFurniture_05.prefab
  artifactKey: Guid(118f5c0f8a845fa4eb7aba6fe0213be0) Importer(815301076,1909f56bfc062723c751e8b465ee728b)
Number of updated assets reloaded before import = 0
Start importing Assets/Assets_Store/LowPolyInterior/Prefabs/InteractiveFurniture/InteractiveFurniture_05.prefab using Guid(118f5c0f8a845fa4eb7aba6fe0213be0) Importer(815301076,1909f56bfc062723c751e8b465ee728b)  -> (artifact id: '855d114f1c2e6d11376b4684d9c2a979') in 0.025403 seconds 
Number of asset objects unloaded after import = 42
========================================================================
Received Import Request.
  Time since last request: 0.000014 seconds.
  path: Assets/Assets_Store/LowPolyInterior/Prefabs/InteractiveFurniture/InteractiveFurniture_06.prefab
  artifactKey: Guid(d1ab15203f6ff044ca9f25076061931a) Importer(815301076,1909f56bfc062723c751e8b465ee728b)
Number of updated assets reloaded before import = 0
Start importing Assets/Assets_Store/LowPolyInterior/Prefabs/InteractiveFurniture/InteractiveFurniture_06.prefab using Guid(d1ab15203f6ff044ca9f25076061931a) Importer(815301076,1909f56bfc062723c751e8b465ee728b)  -> (artifact id: '409fdc423f1efc7d30b1c9d83c986100') in 0.029531 seconds 
Number of asset objects unloaded after import = 42
========================================================================
Received Import Request.
  Time since last request: 0.000014 seconds.
  path: Assets/Assets_Store/LowPolyInterior/Prefabs/InteractiveFurniture/ShowerTable_03.prefab
  artifactKey: Guid(2a0ac07b20883fc429ce3ca3b465c717) Importer(815301076,1909f56bfc062723c751e8b465ee728b)
Number of updated assets reloaded before import = 0
Start importing Assets/Assets_Store/LowPolyInterior/Prefabs/InteractiveFurniture/ShowerTable_03.prefab using Guid(2a0ac07b20883fc429ce3ca3b465c717) Importer(815301076,1909f56bfc062723c751e8b465ee728b)  -> (artifact id: '2e6685b8ea6f974330ad72f3a728a0ad') in 0.029042 seconds 
Number of asset objects unloaded after import = 34
========================================================================
Received Import Request.
  Time since last request: 11.443013 seconds.
  path: Assets/Assets_Store/LowPolyInterior/Prefabs/Flowers/Flower_02.prefab
  artifactKey: Guid(0c9b606614a791e4d8e822e4dfc26085) Importer(815301076,1909f56bfc062723c751e8b465ee728b)
Number of updated assets reloaded before import = 0
Start importing Assets/Assets_Store/LowPolyInterior/Prefabs/Flowers/Flower_02.prefab using Guid(0c9b606614a791e4d8e822e4dfc26085) Importer(815301076,1909f56bfc062723c751e8b465ee728b)  -> (artifact id: 'e144fdbe894fabb199923c7cceb8ce68') in 0.025224 seconds 
Number of asset objects unloaded after import = 10
========================================================================
Received Import Request.
  Time since last request: 0.000017 seconds.
  path: Assets/Assets_Store/LowPolyInterior/Prefabs/Flowers/Flower_07.prefab
  artifactKey: Guid(1d6b0040636ddd543b487ed8dbf1caeb) Importer(815301076,1909f56bfc062723c751e8b465ee728b)
Number of updated assets reloaded before import = 0
Start importing Assets/Assets_Store/LowPolyInterior/Prefabs/Flowers/Flower_07.prefab using Guid(1d6b0040636ddd543b487ed8dbf1caeb) Importer(815301076,1909f56bfc062723c751e8b465ee728b)  -> (artifact id: '7d3631728695c0f647de70c94fe34b89') in 0.018644 seconds 
Number of asset objects unloaded after import = 10
========================================================================
Received Import Request.
  Time since last request: 0.000015 seconds.
  path: Assets/Assets_Store/LowPolyInterior/Prefabs/Flowers/Flower_03.prefab
  artifactKey: Guid(66120e87bffcf8540b4c0cb56158faf9) Importer(815301076,1909f56bfc062723c751e8b465ee728b)
Number of updated assets reloaded before import = 0
Start importing Assets/Assets_Store/LowPolyInterior/Prefabs/Flowers/Flower_03.prefab using Guid(66120e87bffcf8540b4c0cb56158faf9) Importer(815301076,1909f56bfc062723c751e8b465ee728b)  -> (artifact id: 'e994e73b2237b375d37f846fac48a388') in 0.019452 seconds 
Number of asset objects unloaded after import = 10
========================================================================
Received Import Request.
  Time since last request: 2.885130 seconds.
  path: Assets/Assets_Store/LowPolyInterior/Prefabs/Floor/Floor_02.prefab
  artifactKey: Guid(11faa60ff496c5f44ac54cf0ade1290b) Importer(815301076,1909f56bfc062723c751e8b465ee728b)
Number of updated assets reloaded before import = 0
Start importing Assets/Assets_Store/LowPolyInterior/Prefabs/Floor/Floor_02.prefab using Guid(11faa60ff496c5f44ac54cf0ade1290b) Importer(815301076,1909f56bfc062723c751e8b465ee728b)  -> (artifact id: 'a235a87d3c95ff65585044683590a326') in 0.018823 seconds 
Number of asset objects unloaded after import = 10
========================================================================
Received Import Request.
  Time since last request: 0.000013 seconds.
  path: Assets/Assets_Store/LowPolyInterior/Prefabs/Floor/Floor_05.prefab
  artifactKey: Guid(a11b5d3b7995272448c8a708151488c9) Importer(815301076,1909f56bfc062723c751e8b465ee728b)
Number of updated assets reloaded before import = 0
Start importing Assets/Assets_Store/LowPolyInterior/Prefabs/Floor/Floor_05.prefab using Guid(a11b5d3b7995272448c8a708151488c9) Importer(815301076,1909f56bfc062723c751e8b465ee728b)  -> (artifact id: '5acda3ec145510454038587e8b4d33f1') in 0.017370 seconds 
Number of asset objects unloaded after import = 10
========================================================================
Received Import Request.
  Time since last request: 0.000013 seconds.
  path: Assets/Assets_Store/LowPolyInterior/Prefabs/Floor/Floor_12.prefab
  artifactKey: Guid(60dd85dea01ee7443a93b6e2dfe7a516) Importer(815301076,1909f56bfc062723c751e8b465ee728b)
Number of updated assets reloaded before import = 0
Start importing Assets/Assets_Store/LowPolyInterior/Prefabs/Floor/Floor_12.prefab using Guid(60dd85dea01ee7443a93b6e2dfe7a516) Importer(815301076,1909f56bfc062723c751e8b465ee728b)  -> (artifact id: '8cd9ef2f2527fc19263ad18dfa8878da') in 0.017399 seconds 
Number of asset objects unloaded after import = 10
========================================================================
Received Import Request.
  Time since last request: 0.000013 seconds.
  path: Assets/Assets_Store/LowPolyInterior/Prefabs/Floor/Floor_14.prefab
  artifactKey: Guid(c6abfb1ce2a33ec4ab92603059c8935d) Importer(815301076,1909f56bfc062723c751e8b465ee728b)
Number of updated assets reloaded before import = 0
Start importing Assets/Assets_Store/LowPolyInterior/Prefabs/Floor/Floor_14.prefab using Guid(c6abfb1ce2a33ec4ab92603059c8935d) Importer(815301076,1909f56bfc062723c751e8b465ee728b)  -> (artifact id: '266a1ac1a2d54064a57c7a4c7340fd0f') in 0.016289 seconds 
Number of asset objects unloaded after import = 10
========================================================================
Received Import Request.
  Time since last request: 0.000017 seconds.
  path: Assets/Assets_Store/LowPolyInterior/Prefabs/Floor/Floor_21.prefab
  artifactKey: Guid(e3726229c181095418963a310f3c2266) Importer(815301076,1909f56bfc062723c751e8b465ee728b)
Number of updated assets reloaded before import = 0
Start importing Assets/Assets_Store/LowPolyInterior/Prefabs/Floor/Floor_21.prefab using Guid(e3726229c181095418963a310f3c2266) Importer(815301076,1909f56bfc062723c751e8b465ee728b)  -> (artifact id: '03b62787d7112e571743d7d2d0efbc93') in 0.018934 seconds 
Number of asset objects unloaded after import = 10
========================================================================
Received Import Request.
  Time since last request: 0.000013 seconds.
  path: Assets/Assets_Store/LowPolyInterior/Prefabs/Floor/Floor_28.prefab
  artifactKey: Guid(5cf40183208845844bb12709b2a3ab8f) Importer(815301076,1909f56bfc062723c751e8b465ee728b)
Number of updated assets reloaded before import = 0
Start importing Assets/Assets_Store/LowPolyInterior/Prefabs/Floor/Floor_28.prefab using Guid(5cf40183208845844bb12709b2a3ab8f) Importer(815301076,1909f56bfc062723c751e8b465ee728b)  -> (artifact id: 'ffe3e5592b9cb34ed05b95bd73e14428') in 0.015909 seconds 
Number of asset objects unloaded after import = 10
========================================================================
Received Import Request.
  Time since last request: 0.000013 seconds.
  path: Assets/Assets_Store/LowPolyInterior/Prefabs/Floor/Floor_25.prefab
  artifactKey: Guid(ab3dfe608e1198f4db67ddddcbeb6668) Importer(815301076,1909f56bfc062723c751e8b465ee728b)
Number of updated assets reloaded before import = 0
Start importing Assets/Assets_Store/LowPolyInterior/Prefabs/Floor/Floor_25.prefab using Guid(ab3dfe608e1198f4db67ddddcbeb6668) Importer(815301076,1909f56bfc062723c751e8b465ee728b)  -> (artifact id: 'aded075998fd907cce7cb2c324f5a02f') in 0.021712 seconds 
Number of asset objects unloaded after import = 10
========================================================================
Received Import Request.
  Time since last request: 0.000016 seconds.
  path: Assets/Assets_Store/LowPolyInterior/Prefabs/Floor/Floor_23.prefab
  artifactKey: Guid(adb027301a6e5754e81699233d8257df) Importer(815301076,1909f56bfc062723c751e8b465ee728b)
Number of updated assets reloaded before import = 0
Start importing Assets/Assets_Store/LowPolyInterior/Prefabs/Floor/Floor_23.prefab using Guid(adb027301a6e5754e81699233d8257df) Importer(815301076,1909f56bfc062723c751e8b465ee728b)  -> (artifact id: '49d67b9b3af26c7541a80c25afbeaf4b') in 0.015891 seconds 
Number of asset objects unloaded after import = 10
========================================================================
Received Import Request.
  Time since last request: 0.000022 seconds.
  path: Assets/Assets_Store/LowPolyInterior/Prefabs/Floor/Floor_09.prefab
  artifactKey: Guid(aa88680038976f241893b1fcbdecb2f5) Importer(815301076,1909f56bfc062723c751e8b465ee728b)
Number of updated assets reloaded before import = 0
Start importing Assets/Assets_Store/LowPolyInterior/Prefabs/Floor/Floor_09.prefab using Guid(aa88680038976f241893b1fcbdecb2f5) Importer(815301076,1909f56bfc062723c751e8b465ee728b)  -> (artifact id: '5aaaef033eff69f008adfe5165905438') in 0.016369 seconds 
Number of asset objects unloaded after import = 10
========================================================================
Received Import Request.
  Time since last request: 0.000013 seconds.
  path: Assets/Assets_Store/LowPolyInterior/Prefabs/Floor/Floor_07.prefab
  artifactKey: Guid(fb3ea3ef1606cb049bcd7b783fee6ca4) Importer(815301076,1909f56bfc062723c751e8b465ee728b)
Number of updated assets reloaded before import = 0
Start importing Assets/Assets_Store/LowPolyInterior/Prefabs/Floor/Floor_07.prefab using Guid(fb3ea3ef1606cb049bcd7b783fee6ca4) Importer(815301076,1909f56bfc062723c751e8b465ee728b)  -> (artifact id: '62830055e3a6cbb394ad667024042f0b') in 0.017746 seconds 
Number of asset objects unloaded after import = 10
========================================================================
Received Import Request.
  Time since last request: 0.000015 seconds.
  path: Assets/Assets_Store/LowPolyInterior/Prefabs/Floor/Floor_18.prefab
  artifactKey: Guid(f84b34d21c6ee0d4baca54d2b81287c3) Importer(815301076,1909f56bfc062723c751e8b465ee728b)
Number of updated assets reloaded before import = 0
Start importing Assets/Assets_Store/LowPolyInterior/Prefabs/Floor/Floor_18.prefab using Guid(f84b34d21c6ee0d4baca54d2b81287c3) Importer(815301076,1909f56bfc062723c751e8b465ee728b)  -> (artifact id: 'f14f21ac0f2037d558d86c9a73cb92c7') in 0.019113 seconds 
Number of asset objects unloaded after import = 10
========================================================================
Received Import Request.
  Time since last request: 0.000012 seconds.
  path: Assets/Assets_Store/LowPolyInterior/Prefabs/Floor/Floor_22.prefab
  artifactKey: Guid(54cf091b2342db84d9b9b3c5e7ae7a2f) Importer(815301076,1909f56bfc062723c751e8b465ee728b)
Number of updated assets reloaded before import = 0
Start importing Assets/Assets_Store/LowPolyInterior/Prefabs/Floor/Floor_22.prefab using Guid(54cf091b2342db84d9b9b3c5e7ae7a2f) Importer(815301076,1909f56bfc062723c751e8b465ee728b)  -> (artifact id: 'e214e902a9cc5ae3531edb8bd269efda') in 0.016494 seconds 
Number of asset objects unloaded after import = 10
========================================================================
Received Import Request.
  Time since last request: 0.000014 seconds.
  path: Assets/Assets_Store/LowPolyInterior/Prefabs/Floor/Floor_15.prefab
  artifactKey: Guid(b1411518024f9644498e17f7ba607dbb) Importer(815301076,1909f56bfc062723c751e8b465ee728b)
Number of updated assets reloaded before import = 0
Start importing Assets/Assets_Store/LowPolyInterior/Prefabs/Floor/Floor_15.prefab using Guid(b1411518024f9644498e17f7ba607dbb) Importer(815301076,1909f56bfc062723c751e8b465ee728b)  -> (artifact id: '672ac69bcb900026a1fc97c4ba2017af') in 0.018717 seconds 
Number of asset objects unloaded after import = 10
========================================================================
Received Import Request.
  Time since last request: 0.000016 seconds.
  path: Assets/Assets_Store/LowPolyInterior/Prefabs/Floor/Floor_20.prefab
  artifactKey: Guid(78e7d7be6994bb74fa5de0526369cf79) Importer(815301076,1909f56bfc062723c751e8b465ee728b)
Number of updated assets reloaded before import = 0
Start importing Assets/Assets_Store/LowPolyInterior/Prefabs/Floor/Floor_20.prefab using Guid(78e7d7be6994bb74fa5de0526369cf79) Importer(815301076,1909f56bfc062723c751e8b465ee728b)  -> (artifact id: 'cfd83e2ece960603c781a2fcea1f3b74') in 0.017666 seconds 
Number of asset objects unloaded after import = 10
========================================================================
Received Import Request.
  Time since last request: 1.459649 seconds.
  path: Assets/Assets_Store/LowPolyInterior/Prefabs/Curtains/Curtains_02.prefab
  artifactKey: Guid(2aad6a99d41a856499ada30bb80d4ad7) Importer(815301076,1909f56bfc062723c751e8b465ee728b)
Number of updated assets reloaded before import = 0
Start importing Assets/Assets_Store/LowPolyInterior/Prefabs/Curtains/Curtains_02.prefab using Guid(2aad6a99d41a856499ada30bb80d4ad7) Importer(815301076,1909f56bfc062723c751e8b465ee728b)  -> (artifact id: '295c1835d58954d69f980dacdb8d4311') in 0.016699 seconds 
Number of asset objects unloaded after import = 10
========================================================================
Received Import Request.
  Time since last request: 0.000013 seconds.
  path: Assets/Assets_Store/LowPolyInterior/Prefabs/Curtains/Curtains_04.prefab
  artifactKey: Guid(0415a68ac5c342a4786798d69b85a359) Importer(815301076,1909f56bfc062723c751e8b465ee728b)
Number of updated assets reloaded before import = 0
Start importing Assets/Assets_Store/LowPolyInterior/Prefabs/Curtains/Curtains_04.prefab using Guid(0415a68ac5c342a4786798d69b85a359) Importer(815301076,1909f56bfc062723c751e8b465ee728b)  -> (artifact id: 'f054547bd68dccfd5c8d8183595a2307') in 0.016017 seconds 
Number of asset objects unloaded after import = 10
========================================================================
Received Import Request.
  Time since last request: 0.000018 seconds.
  path: Assets/Assets_Store/LowPolyInterior/Prefabs/Curtains/Curtains_11.prefab
  artifactKey: Guid(572b313671ec4ab4ab5641af88cb83a2) Importer(815301076,1909f56bfc062723c751e8b465ee728b)
Number of updated assets reloaded before import = 0
Start importing Assets/Assets_Store/LowPolyInterior/Prefabs/Curtains/Curtains_11.prefab using Guid(572b313671ec4ab4ab5641af88cb83a2) Importer(815301076,1909f56bfc062723c751e8b465ee728b)  -> (artifact id: '86793951b15f90b9fcbdbb3d22c6b013') in 0.016690 seconds 
Number of asset objects unloaded after import = 10
========================================================================
Received Import Request.
  Time since last request: 0.000020 seconds.
  path: Assets/Assets_Store/LowPolyInterior/Prefabs/Curtains/Curtains_09.prefab
  artifactKey: Guid(fc7911b53ce36474ea62fbd9b19e8738) Importer(815301076,1909f56bfc062723c751e8b465ee728b)
Number of updated assets reloaded before import = 0
Start importing Assets/Assets_Store/LowPolyInterior/Prefabs/Curtains/Curtains_09.prefab using Guid(fc7911b53ce36474ea62fbd9b19e8738) Importer(815301076,1909f56bfc062723c751e8b465ee728b)  -> (artifact id: 'f1801863e9fa71cee26ae9b2b088444a') in 0.016842 seconds 
Number of asset objects unloaded after import = 10
========================================================================
Received Import Request.
  Time since last request: 0.000012 seconds.
  path: Assets/Assets_Store/LowPolyInterior/Prefabs/Curtains/Curtains_05.prefab
  artifactKey: Guid(9c1928d781dd2f54fbcb8d7acce3186b) Importer(815301076,1909f56bfc062723c751e8b465ee728b)
Number of updated assets reloaded before import = 0
Start importing Assets/Assets_Store/LowPolyInterior/Prefabs/Curtains/Curtains_05.prefab using Guid(9c1928d781dd2f54fbcb8d7acce3186b) Importer(815301076,1909f56bfc062723c751e8b465ee728b)  -> (artifact id: '94774616e250e687e07def2848280a5e') in 0.017454 seconds 
Number of asset objects unloaded after import = 10
========================================================================
Received Import Request.
  Time since last request: 0.000013 seconds.
  path: Assets/Assets_Store/LowPolyInterior/Prefabs/Curtains/Curtains_10.prefab
  artifactKey: Guid(380348a977c2f9440824810f62f1261e) Importer(815301076,1909f56bfc062723c751e8b465ee728b)
Number of updated assets reloaded before import = 0
Start importing Assets/Assets_Store/LowPolyInterior/Prefabs/Curtains/Curtains_10.prefab using Guid(380348a977c2f9440824810f62f1261e) Importer(815301076,1909f56bfc062723c751e8b465ee728b)  -> (artifact id: '1d28039884b176b9cc569bb1d9ef7b3f') in 0.019669 seconds 
Number of asset objects unloaded after import = 10
========================================================================
Received Import Request.
  Time since last request: 0.000016 seconds.
  path: Assets/Assets_Store/LowPolyInterior/Prefabs/Curtains/Curtains_07.prefab
  artifactKey: Guid(b4344f5c461ee90438523b83f541f397) Importer(815301076,1909f56bfc062723c751e8b465ee728b)
Number of updated assets reloaded before import = 0
Start importing Assets/Assets_Store/LowPolyInterior/Prefabs/Curtains/Curtains_07.prefab using Guid(b4344f5c461ee90438523b83f541f397) Importer(815301076,1909f56bfc062723c751e8b465ee728b)  -> (artifact id: '353b5d62cc667b86df2735fa9a8deffc') in 0.017077 seconds 
Number of asset objects unloaded after import = 10
========================================================================
Received Import Request.
  Time since last request: 1.696921 seconds.
  path: Assets/Assets_Store/LowPolyInterior/Prefabs/Christmas/ChristmasTree_01.prefab
  artifactKey: Guid(fa427af83837625498057b2f79907213) Importer(815301076,1909f56bfc062723c751e8b465ee728b)
Number of updated assets reloaded before import = 0
Start importing Assets/Assets_Store/LowPolyInterior/Prefabs/Christmas/ChristmasTree_01.prefab using Guid(fa427af83837625498057b2f79907213) Importer(815301076,1909f56bfc062723c751e8b465ee728b)  -> (artifact id: '2a295595fc5662fed397dbb5495c2647') in 0.021166 seconds 
Number of asset objects unloaded after import = 10
========================================================================
Received Import Request.
  Time since last request: 0.000018 seconds.
  path: Assets/Assets_Store/LowPolyInterior/Prefabs/Christmas/GiftBox_03.prefab
  artifactKey: Guid(f0a98e580c1620445a559fb7eb335152) Importer(815301076,1909f56bfc062723c751e8b465ee728b)
Number of updated assets reloaded before import = 0
Start importing Assets/Assets_Store/LowPolyInterior/Prefabs/Christmas/GiftBox_03.prefab using Guid(f0a98e580c1620445a559fb7eb335152) Importer(815301076,1909f56bfc062723c751e8b465ee728b)  -> (artifact id: '3333dc438012a4cd37e6effa0af0f548') in 0.019081 seconds 
Number of asset objects unloaded after import = 10
========================================================================
Received Import Request.
  Time since last request: 0.000018 seconds.
  path: Assets/Assets_Store/LowPolyInterior/Prefabs/Christmas/GiftBox_06.prefab
  artifactKey: Guid(4cb4658ed71cf594e96d61fde0c7b83d) Importer(815301076,1909f56bfc062723c751e8b465ee728b)
Number of updated assets reloaded before import = 0
Start importing Assets/Assets_Store/LowPolyInterior/Prefabs/Christmas/GiftBox_06.prefab using Guid(4cb4658ed71cf594e96d61fde0c7b83d) Importer(815301076,1909f56bfc062723c751e8b465ee728b)  -> (artifact id: 'b409c91ee8b15a2ab3dcaba92f45c911') in 0.019581 seconds 
Number of asset objects unloaded after import = 10
========================================================================
Received Import Request.
  Time since last request: 0.000014 seconds.
  path: Assets/Assets_Store/LowPolyInterior/Prefabs/Christmas/ChristmasTree_02.prefab
  artifactKey: Guid(3aa4042854f7e9d4e811f31e8728ed8a) Importer(815301076,1909f56bfc062723c751e8b465ee728b)
Number of updated assets reloaded before import = 0
Start importing Assets/Assets_Store/LowPolyInterior/Prefabs/Christmas/ChristmasTree_02.prefab using Guid(3aa4042854f7e9d4e811f31e8728ed8a) Importer(815301076,1909f56bfc062723c751e8b465ee728b)  -> (artifact id: 'f62acce3c7fe84082b717a414f7b2152') in 0.018785 seconds 
Number of asset objects unloaded after import = 10
========================================================================
Received Import Request.
  Time since last request: 0.000017 seconds.
  path: Assets/Assets_Store/LowPolyInterior/Prefabs/Christmas/GiftBox_04.prefab
  artifactKey: Guid(5b55b907b4100414a9d8171ff823e8e4) Importer(815301076,1909f56bfc062723c751e8b465ee728b)
Number of updated assets reloaded before import = 0
Start importing Assets/Assets_Store/LowPolyInterior/Prefabs/Christmas/GiftBox_04.prefab using Guid(5b55b907b4100414a9d8171ff823e8e4) Importer(815301076,1909f56bfc062723c751e8b465ee728b)  -> (artifact id: 'a4816d0067ab1a6ae45b87d0f23dc573') in 0.020506 seconds 
Number of asset objects unloaded after import = 10
Editor requested this worker to shutdown with reason: Scaling down because of idle timeout
AssetImportWorker is now disconnected from the server
Process exiting
Exiting without the bug reporter. Application will terminate with return code 0