Using pre-set license
Built from '2021.3/staging' branch; Version is '2021.3.30f1 (b4360d7cdac4) revision 11810317'; Using compiler version '192829333'; Build Type 'Release'
OS: 'Windows 11  (10.0.22621) 64bit Professional' Language: 'ko' Physical Memory: 32524 MB
BatchMode: 1, IsHumanControllingUs: 0, StartBugReporterOnCrash: 0, Is64bit: 1, IsPro: 1

COMMAND LINE ARGUMENTS:
C:\Program Files\Unity\Hub\Editor\2021.3.30f1\Editor\Unity.exe
-adb2
-batchMode
-noUpm
-name
AssetImportWorker13
-projectPath
C:/Users/dot_mario/OneDrive - ê²½í¬ëŒ€í•™êµ/ê²½í¬ëŒ€í•™êµ/ì†Œìœµê°œë¡ /swcon101_termprojrct
-logFile
Logs/AssetImportWorker13.log
-srvPort
6806
Successfully changed project path to: C:/Users/dot_mario/OneDrive - ê²½í¬ëŒ€í•™êµ/ê²½í¬ëŒ€í•™êµ/ì†Œìœµê°œë¡ /swcon101_termprojrct
C:/Users/dot_mario/OneDrive - ê²½í¬ëŒ€í•™êµ/ê²½í¬ëŒ€í•™êµ/ì†Œìœµê°œë¡ /swcon101_termprojrct
[UnityMemory] Configuration Parameters - Can be set up in boot.config
    "memorysetup-bucket-allocator-granularity=16"
    "memorysetup-bucket-allocator-bucket-count=8"
    "memorysetup-bucket-allocator-block-size=33554432"
    "memorysetup-bucket-allocator-block-count=8"
    "memorysetup-main-allocator-block-size=16777216"
    "memorysetup-thread-allocator-block-size=16777216"
    "memorysetup-gfx-main-allocator-block-size=16777216"
    "memorysetup-gfx-thread-allocator-block-size=16777216"
    "memorysetup-cache-allocator-block-size=4194304"
    "memorysetup-typetree-allocator-block-size=2097152"
    "memorysetup-profiler-bucket-allocator-granularity=16"
    "memorysetup-profiler-bucket-allocator-bucket-count=8"
    "memorysetup-profiler-bucket-allocator-block-size=33554432"
    "memorysetup-profiler-bucket-allocator-block-count=8"
    "memorysetup-profiler-allocator-block-size=16777216"
    "memorysetup-profiler-editor-allocator-block-size=1048576"
    "memorysetup-temp-allocator-size-main=16777216"
    "memorysetup-job-temp-allocator-block-size=2097152"
    "memorysetup-job-temp-allocator-block-size-background=1048576"
    "memorysetup-job-temp-allocator-reduction-small-platforms=262144"
    "memorysetup-temp-allocator-size-background-worker=32768"
    "memorysetup-temp-allocator-size-job-worker=262144"
    "memorysetup-temp-allocator-size-preload-manager=33554432"
    "memorysetup-temp-allocator-size-nav-mesh-worker=65536"
    "memorysetup-temp-allocator-size-audio-worker=65536"
    "memorysetup-temp-allocator-size-cloud-worker=32768"
    "memorysetup-temp-allocator-size-gi-baking-worker=262144"
    "memorysetup-temp-allocator-size-gfx=262144"
Player connection [40904] Host "[IP] 192.168.55.154 [Port] 0 [Flags] 2 [Guid] 1599133861 [EditorId] 1599133861 [Version] 1048832 [Id] WindowsEditor(7,°­º´ÈÆ) [Debug] 1 [PackageName] WindowsEditor [ProjectName] Editor" joined multi-casting on [225.0.0.222:54997]...

Player connection [40904] Host "[IP] 192.168.55.154 [Port] 0 [Flags] 2 [Guid] 1599133861 [EditorId] 1599133861 [Version] 1048832 [Id] WindowsEditor(7,°­º´ÈÆ) [Debug] 1 [PackageName] WindowsEditor [ProjectName] Editor" joined alternative multi-casting on [225.0.0.222:34997]...

[Physics::Module] Initialized MultithreadedJobDispatcher with {0} workers.
Refreshing native plugins compatible for Editor in 71.34 ms, found 3 plugins.
Preloading 0 native plugins for Editor in 0.00 ms.
Initialize engine version: 2021.3.30f1 (b4360d7cdac4)
[Subsystems] Discovering subsystems at path C:/Program Files/Unity/Hub/Editor/2021.3.30f1/Editor/Data/Resources/UnitySubsystems
[Subsystems] Discovering subsystems at path C:/Users/dot_mario/OneDrive - ê²½í¬ëŒ€í•™êµ/ê²½í¬ëŒ€í•™êµ/ì†Œìœµê°œë¡ /swcon101_termprojrct/Assets
GfxDevice: creating device client; threaded=0; jobified=0
Direct3D:
    Version:  Direct3D 11.0 [level 11.1]
    Renderer: NVIDIA GeForce RTX 3080 (ID=0x2216)
    Vendor:   NVIDIA
    VRAM:     10067 MB
    Driver:   31.0.15.3640
Initialize mono
Mono path[0] = 'C:/Program Files/Unity/Hub/Editor/2021.3.30f1/Editor/Data/Managed'
Mono path[1] = 'C:/Program Files/Unity/Hub/Editor/2021.3.30f1/Editor/Data/MonoBleedingEdge/lib/mono/unityjit-win32'
Mono config path = 'C:/Program Files/Unity/Hub/Editor/2021.3.30f1/Editor/Data/MonoBleedingEdge/etc'
Using monoOptions --debugger-agent=transport=dt_socket,embedding=1,server=y,suspend=n,address=127.0.0.1:56080
Begin MonoManager ReloadAssembly
Registering precompiled unity dll's ...
Register platform support module: C:/Program Files/Unity/Hub/Editor/2021.3.30f1/Editor/Data/PlaybackEngines/WindowsStandaloneSupport/UnityEditor.WindowsStandalone.Extensions.dll
Registered in 0.004250 seconds.
Native extension for WindowsStandalone target not found
Refreshing native plugins compatible for Editor in 66.36 ms, found 3 plugins.
Preloading 0 native plugins for Editor in 0.00 ms.
Mono: successfully reloaded assembly
- Completed reload, in  0.419 seconds
Domain Reload Profiling:
	ReloadAssembly (419ms)
		BeginReloadAssembly (68ms)
			ExecutionOrderSort (0ms)
			DisableScriptedObjects (0ms)
			BackupInstance (0ms)
			ReleaseScriptingObjects (0ms)
			CreateAndSetChildDomain (0ms)
		EndReloadAssembly (289ms)
			LoadAssemblies (66ms)
			RebuildTransferFunctionScriptingTraits (0ms)
			SetupTypeCache (65ms)
			ReleaseScriptCaches (0ms)
			RebuildScriptCaches (17ms)
			SetupLoadedEditorAssemblies (179ms)
				LogAssemblyErrors (0ms)
				InitializePlatformSupportModulesInManaged (5ms)
				SetLoadedEditorAssemblies (0ms)
				RefreshPlugins (66ms)
				BeforeProcessingInitializeOnLoad (1ms)
				ProcessInitializeOnLoadAttributes (75ms)
				ProcessInitializeOnLoadMethodAttributes (32ms)
				AfterProcessingInitializeOnLoad (0ms)
				EditorAssembliesLoaded (0ms)
			ExecutionOrderSort2 (0ms)
			AwakeInstancesAfterBackupRestoration (0ms)
Platform modules already initialized, skipping
Registering precompiled user dll's ...
Registered in 0.007827 seconds.
Begin MonoManager ReloadAssembly
Native extension for WindowsStandalone target not found
Refreshing native plugins compatible for Editor in 72.65 ms, found 3 plugins.
Preloading 0 native plugins for Editor in 0.00 ms.
Package Manager log level set to [2]
[Package Manager] Server::EnsureServerProcessIsRunning -- launch failed, reason: Unity was launched with the -noUpm command-line argument
[Package Manager] Cannot connect to Unity Package Manager local server
Mono: successfully reloaded assembly
- Completed reload, in  1.286 seconds
Domain Reload Profiling:
	ReloadAssembly (1287ms)
		BeginReloadAssembly (94ms)
			ExecutionOrderSort (0ms)
			DisableScriptedObjects (3ms)
			BackupInstance (0ms)
			ReleaseScriptingObjects (0ms)
			CreateAndSetChildDomain (14ms)
		EndReloadAssembly (1117ms)
			LoadAssemblies (88ms)
			RebuildTransferFunctionScriptingTraits (0ms)
			SetupTypeCache (211ms)
			ReleaseScriptCaches (1ms)
			RebuildScriptCaches (45ms)
			SetupLoadedEditorAssemblies (763ms)
				LogAssemblyErrors (0ms)
				InitializePlatformSupportModulesInManaged (3ms)
				SetLoadedEditorAssemblies (0ms)
				RefreshPlugins (73ms)
				BeforeProcessingInitializeOnLoad (68ms)
				ProcessInitializeOnLoadAttributes (567ms)
				ProcessInitializeOnLoadMethodAttributes (47ms)
				AfterProcessingInitializeOnLoad (5ms)
				EditorAssembliesLoaded (0ms)
			ExecutionOrderSort2 (0ms)
			AwakeInstancesAfterBackupRestoration (6ms)
Platform modules already initialized, skipping
========================================================================
Worker process is ready to serve import requests
Launched and connected shader compiler UnityShaderCompiler.exe after 0.03 seconds
Refreshing native plugins compatible for Editor in 1.16 ms, found 3 plugins.
Preloading 0 native plugins for Editor in 0.00 ms.
Unloading 5398 Unused Serialized files (Serialized files now loaded: 0)
Unloading 47 unused Assets / (0.7 MB). Loaded Objects now: 5867.
Memory consumption went from 233.0 MB to 232.2 MB.
Total: 5.029100 ms (FindLiveObjects: 0.431300 ms CreateObjectMapping: 0.537900 ms MarkObjects: 3.617000 ms  DeleteObjects: 0.441500 ms)

AssetImportParameters requested are different than current active one (requested -> active):
  custom:video-decoder-ogg-theora: a1e56fd34408186e4bbccfd4996cb3dc -> 
  custom:container-muxer-webm: aa71ff27fc2769a1b78a27578f13a17b -> 
  custom:container-demuxer-webm: 4f35f7cbe854078d1ac9338744f61a02 -> 
  custom:video-encoder-webm-vp8: eb34c28f22e8b96e1ab97ce403110664 -> 
  custom:video-codec-MediaFoundation-h265: 746d11721c4dcdbdad8f713fa42b33f4 -> 
  custom:CustomObjectIndexerAttribute: 6b0e35c9178b02a6363f3721b7b8e397 -> 
  custom:audio-encoder-webm-vorbis: bf7c407c2cedff20999df2af8eb42d56 -> 
  custom:framework-win-MediaFoundation: 216162199b28c13a410421893ffa2e32 -> 
  custom:SearchIndexIgnoredProperties: e643bd26f0fe6173181afceb89e7c659 -> 
  custom:container-demuxer-ogg: 62fdf1f143b41e24485cea50d1cbac27 -> 
  custom:video-decoder-webm-vp8: 9c59270c3fd7afecdb556c50c9e8de78 -> 
  custom:audio-decoder-ogg-vorbis: bf7c407c2cedff20999df2af8eb42d56 -> 
========================================================================
Received Import Request.
  Time since last request: 29516.642902 seconds.
  path: Assets/Assets_Store/LowPolyInterior/Models/KithcenObjects/Banana.fbx
  artifactKey: Guid(6366d73efede14c43bc2a9b8568c3de1) Importer(815301076,1909f56bfc062723c751e8b465ee728b)
Number of updated assets reloaded before import = 0
Start importing Assets/Assets_Store/LowPolyInterior/Models/KithcenObjects/Banana.fbx using Guid(6366d73efede14c43bc2a9b8568c3de1) Importer(815301076,1909f56bfc062723c751e8b465ee728b)  -> (artifact id: 'a9aea63f7b823778ebcc0bd5b819a09f') in 0.199447 seconds 
Number of asset objects unloaded after import = 9
========================================================================
Received Import Request.
  Time since last request: 0.000023 seconds.
  path: Assets/Assets_Store/LowPolyInterior/Models/Room/Box.fbx
  artifactKey: Guid(28a6b8330d6ba80459d26595ab624f9e) Importer(815301076,1909f56bfc062723c751e8b465ee728b)
Number of updated assets reloaded before import = 0
Start importing Assets/Assets_Store/LowPolyInterior/Models/Room/Box.fbx using Guid(28a6b8330d6ba80459d26595ab624f9e) Importer(815301076,1909f56bfc062723c751e8b465ee728b)  -> (artifact id: '4bcbcf8dfeef104d66fa5a8dbe06d50a') in 0.032385 seconds 
Number of asset objects unloaded after import = 9
========================================================================
Received Import Request.
  Time since last request: 0.000026 seconds.
  path: Assets/Assets_Store/LowPolyInterior/Models/Room/Catpet_01.fbx
  artifactKey: Guid(1203652034964c343a212df6cfc4b0a7) Importer(815301076,1909f56bfc062723c751e8b465ee728b)
Number of updated assets reloaded before import = 0
Start importing Assets/Assets_Store/LowPolyInterior/Models/Room/Catpet_01.fbx using Guid(1203652034964c343a212df6cfc4b0a7) Importer(815301076,1909f56bfc062723c751e8b465ee728b)  -> (artifact id: '3d3fdb0b4cb84483f205c308096fe587') in 0.023734 seconds 
Number of asset objects unloaded after import = 9
========================================================================
Received Import Request.
  Time since last request: 0.000028 seconds.
  path: Assets/Assets_Store/LowPolyInterior/Models/Room/Book_02.fbx
  artifactKey: Guid(b03e02f40b473054597ed51627526b9f) Importer(815301076,1909f56bfc062723c751e8b465ee728b)
Number of updated assets reloaded before import = 0
Start importing Assets/Assets_Store/LowPolyInterior/Models/Room/Book_02.fbx using Guid(b03e02f40b473054597ed51627526b9f) Importer(815301076,1909f56bfc062723c751e8b465ee728b)  -> (artifact id: '39631f22c982db491be6ce10dd9b8900') in 0.022825 seconds 
Number of asset objects unloaded after import = 9
========================================================================
Received Import Request.
  Time since last request: 0.000028 seconds.
  path: Assets/Assets_Store/LowPolyInterior/Models/KithcenObjects/Cake.fbx
  artifactKey: Guid(e791ae41bae0f9c46bbcac99a4d362e0) Importer(815301076,1909f56bfc062723c751e8b465ee728b)
Number of updated assets reloaded before import = 0
Start importing Assets/Assets_Store/LowPolyInterior/Models/KithcenObjects/Cake.fbx using Guid(e791ae41bae0f9c46bbcac99a4d362e0) Importer(815301076,1909f56bfc062723c751e8b465ee728b)  -> (artifact id: 'e5f67e20e323ce225ba695544f8f7157') in 0.023753 seconds 
Number of asset objects unloaded after import = 9
========================================================================
Received Import Request.
  Time since last request: 0.000022 seconds.
  path: Assets/Assets_Store/LowPolyInterior/Models/Room/Bed1_02.fbx
  artifactKey: Guid(a4817afa44b7fd44f8e08f7eb7efd934) Importer(815301076,1909f56bfc062723c751e8b465ee728b)
Number of updated assets reloaded before import = 0
Start importing Assets/Assets_Store/LowPolyInterior/Models/Room/Bed1_02.fbx using Guid(a4817afa44b7fd44f8e08f7eb7efd934) Importer(815301076,1909f56bfc062723c751e8b465ee728b)  -> (artifact id: 'f07618b188ba670b0cecb021ae7afe9a') in 0.017856 seconds 
Number of asset objects unloaded after import = 9
========================================================================
Received Import Request.
  Time since last request: 0.000028 seconds.
  path: Assets/Assets_Store/LowPolyInterior/Models/KithcenObjects/Cheese.fbx
  artifactKey: Guid(bbefbd61b91f27b4f99b2fe822a0c9f4) Importer(815301076,1909f56bfc062723c751e8b465ee728b)
Number of updated assets reloaded before import = 0
Start importing Assets/Assets_Store/LowPolyInterior/Models/KithcenObjects/Cheese.fbx using Guid(bbefbd61b91f27b4f99b2fe822a0c9f4) Importer(815301076,1909f56bfc062723c751e8b465ee728b)  -> (artifact id: '4937c060457b6e5fc1519d7e14fdcd4f') in 0.017838 seconds 
Number of asset objects unloaded after import = 9
========================================================================
Received Import Request.
  Time since last request: 56.882791 seconds.
  path: Assets/Assets_Store/LowPolyInterior/Models/Light/Light_03.fbx
  artifactKey: Guid(fa4dea549dd70d248a5c97cfe2236d67) Importer(815301076,1909f56bfc062723c751e8b465ee728b)
Number of updated assets reloaded before import = 0
Start importing Assets/Assets_Store/LowPolyInterior/Models/Light/Light_03.fbx using Guid(fa4dea549dd70d248a5c97cfe2236d67) Importer(815301076,1909f56bfc062723c751e8b465ee728b)  -> (artifact id: 'c23761030c18fe93ba898e2b4437ba63') in 0.065384 seconds 
Number of asset objects unloaded after import = 9
========================================================================
Received Import Request.
  Time since last request: 0.000017 seconds.
  path: Assets/Assets_Store/LowPolyInterior/Models/InteractiveFurniture/SwitchLight_02-1.fbx
  artifactKey: Guid(26a32018468025443ab145c03f226150) Importer(815301076,1909f56bfc062723c751e8b465ee728b)
Number of updated assets reloaded before import = 0
Start importing Assets/Assets_Store/LowPolyInterior/Models/InteractiveFurniture/SwitchLight_02-1.fbx using Guid(26a32018468025443ab145c03f226150) Importer(815301076,1909f56bfc062723c751e8b465ee728b)  -> (artifact id: '6e2f0460c7552a4a1661dcff0f2b218f') in 0.039314 seconds 
Number of asset objects unloaded after import = 7
========================================================================
Received Import Request.
  Time since last request: 0.000016 seconds.
  path: Assets/Assets_Store/LowPolyInterior/Models/Room/SwitchLight.fbx
  artifactKey: Guid(4fbc8c5ca39bce64c920410f58d9ccb1) Importer(815301076,1909f56bfc062723c751e8b465ee728b)
Number of updated assets reloaded before import = 0
Start importing Assets/Assets_Store/LowPolyInterior/Models/Room/SwitchLight.fbx using Guid(4fbc8c5ca39bce64c920410f58d9ccb1) Importer(815301076,1909f56bfc062723c751e8b465ee728b)  -> (artifact id: 'b9618a7e4e2aa5bb1cdab15b1f285a3f') in 0.021270 seconds 
Number of asset objects unloaded after import = 9
========================================================================
Received Import Request.
  Time since last request: 32.898411 seconds.
  path: Packages/com.dgreenheck.openfracture/Runtime/Meshes/LetterO.obj
  artifactKey: Guid(2aa8e9eacb351804fa5f762da6e33ac8) Importer(815301076,1909f56bfc062723c751e8b465ee728b)
Number of updated assets reloaded before import = 0
Start importing Packages/com.dgreenheck.openfracture/Runtime/Meshes/LetterO.obj using Guid(2aa8e9eacb351804fa5f762da6e33ac8) Importer(815301076,1909f56bfc062723c751e8b465ee728b)  -> (artifact id: '1a44afb69180d5b2be3708974c854b84') in 0.070279 seconds 
Number of asset objects unloaded after import = 11
========================================================================
Received Import Request.
  Time since last request: 0.000023 seconds.
  path: Packages/com.unity.searcher/Editor/Resources/FlatSkin/Font/Roboto-MediumItalic.ttf
  artifactKey: Guid(d93c1bc57fdf1ac4dad1bf04fac05464) Importer(815301076,1909f56bfc062723c751e8b465ee728b)
Number of updated assets reloaded before import = 0
Start importing Packages/com.unity.searcher/Editor/Resources/FlatSkin/Font/Roboto-MediumItalic.ttf using Guid(d93c1bc57fdf1ac4dad1bf04fac05464) Importer(815301076,1909f56bfc062723c751e8b465ee728b)  -> (artifact id: 'c644fec4b5e2f6e8b5f5f6b96406438e') in 0.084539 seconds 
Number of asset objects unloaded after import = 4
========================================================================
Received Import Request.
  Time since last request: 0.000026 seconds.
  path: Packages/com.unity.searcher/Editor/Resources/FlatSkin/Font/Roboto-Black.ttf
  artifactKey: Guid(1062c701058745940ae5dca6219c64c8) Importer(815301076,1909f56bfc062723c751e8b465ee728b)
Number of updated assets reloaded before import = 0
Start importing Packages/com.unity.searcher/Editor/Resources/FlatSkin/Font/Roboto-Black.ttf using Guid(1062c701058745940ae5dca6219c64c8) Importer(815301076,1909f56bfc062723c751e8b465ee728b)  -> (artifact id: '86d6f4add998f1537fbd0927b56b8f63') in 0.054928 seconds 
Number of asset objects unloaded after import = 4
========================================================================
Received Import Request.
  Time since last request: 0.000026 seconds.
  path: Packages/com.dgreenheck.openfracture/Runtime/Meshes/LetterF.obj
  artifactKey: Guid(2d8db4b48311d944aa707b976739a24f) Importer(815301076,1909f56bfc062723c751e8b465ee728b)
Number of updated assets reloaded before import = 0
Start importing Packages/com.dgreenheck.openfracture/Runtime/Meshes/LetterF.obj using Guid(2d8db4b48311d944aa707b976739a24f) Importer(815301076,1909f56bfc062723c751e8b465ee728b)  -> (artifact id: 'f988fd8cd7c8bf61be7931969e6898c8') in 0.030263 seconds 
Number of asset objects unloaded after import = 11
Editor requested this worker to shutdown with reason: Scaling down because of idle timeout
AssetImportWorkerClient::OnTransportError - code=2 error=End of file
AssetImportWorker is now disconnected from the server
Process exiting
Exiting without the bug reporter. Application will terminate with return code 0