Using pre-set license
Built from '2021.3/staging' branch; Version is '2021.3.30f1 (b4360d7cdac4) revision 11810317'; Using compiler version '192829333'; Build Type 'Release'
OS: 'Windows 11  (10.0.22621) 64bit Professional' Language: 'ko' Physical Memory: 32524 MB
BatchMode: 1, IsHumanControllingUs: 0, StartBugReporterOnCrash: 0, Is64bit: 1, IsPro: 1

COMMAND LINE ARGUMENTS:
C:\Program Files\Unity\Hub\Editor\2021.3.30f1\Editor\Unity.exe
-adb2
-batchMode
-noUpm
-name
AssetImportWorker12
-projectPath
C:/Users/dot_mario/OneDrive - ê²½í¬ëŒ€í•™êµ/ê²½í¬ëŒ€í•™êµ/ì†Œìœµê°œë¡ /swcon101_termprojrct
-logFile
Logs/AssetImportWorker12.log
-srvPort
6806
Successfully changed project path to: C:/Users/dot_mario/OneDrive - ê²½í¬ëŒ€í•™êµ/ê²½í¬ëŒ€í•™êµ/ì†Œìœµê°œë¡ /swcon101_termprojrct
C:/Users/dot_mario/OneDrive - ê²½í¬ëŒ€í•™êµ/ê²½í¬ëŒ€í•™êµ/ì†Œìœµê°œë¡ /swcon101_termprojrct
[UnityMemory] Configuration Parameters - Can be set up in boot.config
    "memorysetup-bucket-allocator-granularity=16"
    "memorysetup-bucket-allocator-bucket-count=8"
    "memorysetup-bucket-allocator-block-size=33554432"
    "memorysetup-bucket-allocator-block-count=8"
    "memorysetup-main-allocator-block-size=16777216"
    "memorysetup-thread-allocator-block-size=16777216"
    "memorysetup-gfx-main-allocator-block-size=16777216"
    "memorysetup-gfx-thread-allocator-block-size=16777216"
    "memorysetup-cache-allocator-block-size=4194304"
    "memorysetup-typetree-allocator-block-size=2097152"
    "memorysetup-profiler-bucket-allocator-granularity=16"
    "memorysetup-profiler-bucket-allocator-bucket-count=8"
    "memorysetup-profiler-bucket-allocator-block-size=33554432"
    "memorysetup-profiler-bucket-allocator-block-count=8"
    "memorysetup-profiler-allocator-block-size=16777216"
    "memorysetup-profiler-editor-allocator-block-size=1048576"
    "memorysetup-temp-allocator-size-main=16777216"
    "memorysetup-job-temp-allocator-block-size=2097152"
    "memorysetup-job-temp-allocator-block-size-background=1048576"
    "memorysetup-job-temp-allocator-reduction-small-platforms=262144"
    "memorysetup-temp-allocator-size-background-worker=32768"
    "memorysetup-temp-allocator-size-job-worker=262144"
    "memorysetup-temp-allocator-size-preload-manager=33554432"
    "memorysetup-temp-allocator-size-nav-mesh-worker=65536"
    "memorysetup-temp-allocator-size-audio-worker=65536"
    "memorysetup-temp-allocator-size-cloud-worker=32768"
    "memorysetup-temp-allocator-size-gi-baking-worker=262144"
    "memorysetup-temp-allocator-size-gfx=262144"
Player connection [37448] Host "[IP] 192.168.55.154 [Port] 0 [Flags] 2 [Guid] 1434978907 [EditorId] 1434978907 [Version] 1048832 [Id] WindowsEditor(7,°­º´ÈÆ) [Debug] 1 [PackageName] WindowsEditor [ProjectName] Editor" joined multi-casting on [225.0.0.222:54997]...

Player connection [37448] Host "[IP] 192.168.55.154 [Port] 0 [Flags] 2 [Guid] 1434978907 [EditorId] 1434978907 [Version] 1048832 [Id] WindowsEditor(7,°­º´ÈÆ) [Debug] 1 [PackageName] WindowsEditor [ProjectName] Editor" joined alternative multi-casting on [225.0.0.222:34997]...

[Physics::Module] Initialized MultithreadedJobDispatcher with {0} workers.
Refreshing native plugins compatible for Editor in 67.92 ms, found 3 plugins.
Preloading 0 native plugins for Editor in 0.00 ms.
Initialize engine version: 2021.3.30f1 (b4360d7cdac4)
[Subsystems] Discovering subsystems at path C:/Program Files/Unity/Hub/Editor/2021.3.30f1/Editor/Data/Resources/UnitySubsystems
[Subsystems] Discovering subsystems at path C:/Users/dot_mario/OneDrive - ê²½í¬ëŒ€í•™êµ/ê²½í¬ëŒ€í•™êµ/ì†Œìœµê°œë¡ /swcon101_termprojrct/Assets
GfxDevice: creating device client; threaded=0; jobified=0
Direct3D:
    Version:  Direct3D 11.0 [level 11.1]
    Renderer: NVIDIA GeForce RTX 3080 (ID=0x2216)
    Vendor:   NVIDIA
    VRAM:     10067 MB
    Driver:   31.0.15.3640
Initialize mono
Mono path[0] = 'C:/Program Files/Unity/Hub/Editor/2021.3.30f1/Editor/Data/Managed'
Mono path[1] = 'C:/Program Files/Unity/Hub/Editor/2021.3.30f1/Editor/Data/MonoBleedingEdge/lib/mono/unityjit-win32'
Mono config path = 'C:/Program Files/Unity/Hub/Editor/2021.3.30f1/Editor/Data/MonoBleedingEdge/etc'
Using monoOptions --debugger-agent=transport=dt_socket,embedding=1,server=y,suspend=n,address=127.0.0.1:56836
Begin MonoManager ReloadAssembly
Registering precompiled unity dll's ...
Register platform support module: C:/Program Files/Unity/Hub/Editor/2021.3.30f1/Editor/Data/PlaybackEngines/WindowsStandaloneSupport/UnityEditor.WindowsStandalone.Extensions.dll
Registered in 0.003783 seconds.
Native extension for WindowsStandalone target not found
Refreshing native plugins compatible for Editor in 64.39 ms, found 3 plugins.
Preloading 0 native plugins for Editor in 0.00 ms.
Mono: successfully reloaded assembly
- Completed reload, in  0.420 seconds
Domain Reload Profiling:
	ReloadAssembly (421ms)
		BeginReloadAssembly (65ms)
			ExecutionOrderSort (0ms)
			DisableScriptedObjects (0ms)
			BackupInstance (0ms)
			ReleaseScriptingObjects (0ms)
			CreateAndSetChildDomain (0ms)
		EndReloadAssembly (295ms)
			LoadAssemblies (63ms)
			RebuildTransferFunctionScriptingTraits (0ms)
			SetupTypeCache (69ms)
			ReleaseScriptCaches (0ms)
			RebuildScriptCaches (18ms)
			SetupLoadedEditorAssemblies (181ms)
				LogAssemblyErrors (0ms)
				InitializePlatformSupportModulesInManaged (6ms)
				SetLoadedEditorAssemblies (0ms)
				RefreshPlugins (64ms)
				BeforeProcessingInitializeOnLoad (1ms)
				ProcessInitializeOnLoadAttributes (77ms)
				ProcessInitializeOnLoadMethodAttributes (33ms)
				AfterProcessingInitializeOnLoad (0ms)
				EditorAssembliesLoaded (0ms)
			ExecutionOrderSort2 (0ms)
			AwakeInstancesAfterBackupRestoration (0ms)
Platform modules already initialized, skipping
Registering precompiled user dll's ...
Registered in 0.004529 seconds.
Begin MonoManager ReloadAssembly
Native extension for WindowsStandalone target not found
Refreshing native plugins compatible for Editor in 66.49 ms, found 3 plugins.
Preloading 0 native plugins for Editor in 0.00 ms.
Package Manager log level set to [2]
[Package Manager] Server::EnsureServerProcessIsRunning -- launch failed, reason: Unity was launched with the -noUpm command-line argument
[Package Manager] Cannot connect to Unity Package Manager local server
Mono: successfully reloaded assembly
- Completed reload, in  1.246 seconds
Domain Reload Profiling:
	ReloadAssembly (1247ms)
		BeginReloadAssembly (90ms)
			ExecutionOrderSort (0ms)
			DisableScriptedObjects (4ms)
			BackupInstance (0ms)
			ReleaseScriptingObjects (0ms)
			CreateAndSetChildDomain (14ms)
		EndReloadAssembly (1088ms)
			LoadAssemblies (83ms)
			RebuildTransferFunctionScriptingTraits (0ms)
			SetupTypeCache (196ms)
			ReleaseScriptCaches (0ms)
			RebuildScriptCaches (45ms)
			SetupLoadedEditorAssemblies (752ms)
				LogAssemblyErrors (0ms)
				InitializePlatformSupportModulesInManaged (3ms)
				SetLoadedEditorAssemblies (0ms)
				RefreshPlugins (67ms)
				BeforeProcessingInitializeOnLoad (67ms)
				ProcessInitializeOnLoadAttributes (563ms)
				ProcessInitializeOnLoadMethodAttributes (49ms)
				AfterProcessingInitializeOnLoad (4ms)
				EditorAssembliesLoaded (0ms)
			ExecutionOrderSort2 (0ms)
			AwakeInstancesAfterBackupRestoration (5ms)
Platform modules already initialized, skipping
========================================================================
Worker process is ready to serve import requests
Launched and connected shader compiler UnityShaderCompiler.exe after 0.05 seconds
Refreshing native plugins compatible for Editor in 1.08 ms, found 3 plugins.
Preloading 0 native plugins for Editor in 0.00 ms.
Unloading 5398 Unused Serialized files (Serialized files now loaded: 0)
Unloading 47 unused Assets / (0.7 MB). Loaded Objects now: 5867.
Memory consumption went from 233.0 MB to 232.2 MB.
Total: 2.791000 ms (FindLiveObjects: 0.277400 ms CreateObjectMapping: 0.168600 ms MarkObjects: 2.097400 ms  DeleteObjects: 0.246800 ms)

AssetImportParameters requested are different than current active one (requested -> active):
  custom:video-decoder-ogg-theora: a1e56fd34408186e4bbccfd4996cb3dc -> 
  custom:container-muxer-webm: aa71ff27fc2769a1b78a27578f13a17b -> 
  custom:container-demuxer-webm: 4f35f7cbe854078d1ac9338744f61a02 -> 
  custom:video-encoder-webm-vp8: eb34c28f22e8b96e1ab97ce403110664 -> 
  custom:video-codec-MediaFoundation-h265: 746d11721c4dcdbdad8f713fa42b33f4 -> 
  custom:CustomObjectIndexerAttribute: 6b0e35c9178b02a6363f3721b7b8e397 -> 
  custom:audio-encoder-webm-vorbis: bf7c407c2cedff20999df2af8eb42d56 -> 
  custom:framework-win-MediaFoundation: 216162199b28c13a410421893ffa2e32 -> 
  custom:SearchIndexIgnoredProperties: e643bd26f0fe6173181afceb89e7c659 -> 
  custom:container-demuxer-ogg: 62fdf1f143b41e24485cea50d1cbac27 -> 
  custom:video-decoder-webm-vp8: 9c59270c3fd7afecdb556c50c9e8de78 -> 
  custom:audio-decoder-ogg-vorbis: bf7c407c2cedff20999df2af8eb42d56 -> 
========================================================================
Received Import Request.
  Time since last request: 29434.006107 seconds.
  path: Assets/Assets_Store/LowPolyInterior/Models/Christmas/GiftBox_01_fractured.fbx
  artifactKey: Guid(18718ecf18a86854594739c4ebf49da8) Importer(815301076,1909f56bfc062723c751e8b465ee728b)
Number of updated assets reloaded before import = 0
Start importing Assets/Assets_Store/LowPolyInterior/Models/Christmas/GiftBox_01_fractured.fbx using Guid(18718ecf18a86854594739c4ebf49da8) Importer(815301076,1909f56bfc062723c751e8b465ee728b)  -> (artifact id: '47c7801d97f3518dc7435cfe62980d36') in 0.192181 seconds 
Number of asset objects unloaded after import = 71
========================================================================
Received Import Request.
  Time since last request: 70.796546 seconds.
  path: Assets/Assets_Store/LowPolyInterior/Models/KithcenObjects/Fork.fbx
  artifactKey: Guid(b00d3e32d44e9da4a974fa8290e7e1e3) Importer(815301076,1909f56bfc062723c751e8b465ee728b)
Number of updated assets reloaded before import = 0
Start importing Assets/Assets_Store/LowPolyInterior/Models/KithcenObjects/Fork.fbx using Guid(b00d3e32d44e9da4a974fa8290e7e1e3) Importer(815301076,1909f56bfc062723c751e8b465ee728b)  -> (artifact id: 'd076da98ee543300739aa37f1bc7e842') in 0.033146 seconds 
Number of asset objects unloaded after import = 9
========================================================================
Received Import Request.
  Time since last request: 0.000026 seconds.
  path: Assets/Assets_Store/LowPolyInterior/Models/Bathroom/GlassToothbrush_01.fbx
  artifactKey: Guid(c03926dc9f7fe134fb2b343e1e304632) Importer(815301076,1909f56bfc062723c751e8b465ee728b)
Number of updated assets reloaded before import = 0
Start importing Assets/Assets_Store/LowPolyInterior/Models/Bathroom/GlassToothbrush_01.fbx using Guid(c03926dc9f7fe134fb2b343e1e304632) Importer(815301076,1909f56bfc062723c751e8b465ee728b)  -> (artifact id: 'f6436a1f66a898afcf46921a9b927143') in 0.018917 seconds 
Number of asset objects unloaded after import = 9
========================================================================
Received Import Request.
  Time since last request: 0.000021 seconds.
  path: Assets/Assets_Store/LowPolyInterior/Models/InteractiveFurniture/InteractiveFurniture8_02.fbx
  artifactKey: Guid(05b82ab9a5300e043b4cd8808d1eac62) Importer(815301076,1909f56bfc062723c751e8b465ee728b)
Number of updated assets reloaded before import = 0
Start importing Assets/Assets_Store/LowPolyInterior/Models/InteractiveFurniture/InteractiveFurniture8_02.fbx using Guid(05b82ab9a5300e043b4cd8808d1eac62) Importer(815301076,1909f56bfc062723c751e8b465ee728b)  -> (artifact id: '73a283f3d35b69de093b75370b12d1b0') in 0.017937 seconds 
Number of asset objects unloaded after import = 7
========================================================================
Received Import Request.
  Time since last request: 0.000040 seconds.
  path: Assets/Assets_Store/LowPolyInterior/Models/KithcenObjects/HotDog.fbx
  artifactKey: Guid(cfb69d28b6b0c114b8691f1d7f38f625) Importer(815301076,1909f56bfc062723c751e8b465ee728b)
Number of updated assets reloaded before import = 0
Start importing Assets/Assets_Store/LowPolyInterior/Models/KithcenObjects/HotDog.fbx using Guid(cfb69d28b6b0c114b8691f1d7f38f625) Importer(815301076,1909f56bfc062723c751e8b465ee728b)  -> (artifact id: '36bd59bd34223e016a48a1e1dd5d4c66') in 0.027327 seconds 
Number of asset objects unloaded after import = 9
========================================================================
Received Import Request.
  Time since last request: 0.000021 seconds.
  path: Assets/Assets_Store/LowPolyInterior/Models/InteractiveFurniture/InteractiveFurniture7_02.fbx
  artifactKey: Guid(893f5445828ed364a90222ca8624ca69) Importer(815301076,1909f56bfc062723c751e8b465ee728b)
Number of updated assets reloaded before import = 0
Start importing Assets/Assets_Store/LowPolyInterior/Models/InteractiveFurniture/InteractiveFurniture7_02.fbx using Guid(893f5445828ed364a90222ca8624ca69) Importer(815301076,1909f56bfc062723c751e8b465ee728b)  -> (artifact id: '9c2fb16b7566fc778100b68b9d80012b') in 0.017331 seconds 
Number of asset objects unloaded after import = 7
========================================================================
Received Import Request.
  Time since last request: 0.000015 seconds.
  path: Assets/Assets_Store/LowPolyInterior/Models/InteractiveFurniture/InteractiveFurniture1_02.fbx
  artifactKey: Guid(2a27065e6ff751f4d8d80e89c603ff36) Importer(815301076,1909f56bfc062723c751e8b465ee728b)
Number of updated assets reloaded before import = 0
Start importing Assets/Assets_Store/LowPolyInterior/Models/InteractiveFurniture/InteractiveFurniture1_02.fbx using Guid(2a27065e6ff751f4d8d80e89c603ff36) Importer(815301076,1909f56bfc062723c751e8b465ee728b)  -> (artifact id: '22a548af82125f87f3337961045f88b6') in 0.017813 seconds 
Number of asset objects unloaded after import = 7
========================================================================
Received Import Request.
  Time since last request: 0.000016 seconds.
  path: Assets/Assets_Store/LowPolyInterior/Models/InteractiveFurniture/InteractiveFurniture6_02.fbx
  artifactKey: Guid(1aa5d8ce60df62f41be3992d15c6bcdb) Importer(815301076,1909f56bfc062723c751e8b465ee728b)
Number of updated assets reloaded before import = 0
Start importing Assets/Assets_Store/LowPolyInterior/Models/InteractiveFurniture/InteractiveFurniture6_02.fbx using Guid(1aa5d8ce60df62f41be3992d15c6bcdb) Importer(815301076,1909f56bfc062723c751e8b465ee728b)  -> (artifact id: '9ac18233ea2612c43e195ea49b57f4d9') in 0.022034 seconds 
Number of asset objects unloaded after import = 7
========================================================================
Received Import Request.
  Time since last request: 0.000012 seconds.
  path: Assets/Assets_Store/LowPolyInterior/Models/InteractiveFurniture/InteractiveFurniture1_01.fbx
  artifactKey: Guid(c04a0c9e685a26147ab0c2da9a236cb3) Importer(815301076,1909f56bfc062723c751e8b465ee728b)
Number of updated assets reloaded before import = 0
Start importing Assets/Assets_Store/LowPolyInterior/Models/InteractiveFurniture/InteractiveFurniture1_01.fbx using Guid(c04a0c9e685a26147ab0c2da9a236cb3) Importer(815301076,1909f56bfc062723c751e8b465ee728b)  -> (artifact id: '62b2d0575587cbe642c07a10e8e47b8b') in 0.017869 seconds 
Number of asset objects unloaded after import = 7
========================================================================
Received Import Request.
  Time since last request: 0.000015 seconds.
  path: Assets/Assets_Store/LowPolyInterior/Models/Bathroom/GlassToothbrush_02.fbx
  artifactKey: Guid(08d058880b84b5342b1407d7f1bef37b) Importer(815301076,1909f56bfc062723c751e8b465ee728b)
Number of updated assets reloaded before import = 0
Start importing Assets/Assets_Store/LowPolyInterior/Models/Bathroom/GlassToothbrush_02.fbx using Guid(08d058880b84b5342b1407d7f1bef37b) Importer(815301076,1909f56bfc062723c751e8b465ee728b)  -> (artifact id: 'a9eeb191d2f9e9d7ca6b3492ab5fa5ef') in 0.027346 seconds 
Number of asset objects unloaded after import = 9
========================================================================
Received Import Request.
  Time since last request: 0.000014 seconds.
  path: Assets/Assets_Store/LowPolyInterior/Models/InteractiveFurniture/InteractiveFurniture5_02.fbx
  artifactKey: Guid(bff86a951921f2645b9a79c7130c1104) Importer(815301076,1909f56bfc062723c751e8b465ee728b)
Number of updated assets reloaded before import = 0
Start importing Assets/Assets_Store/LowPolyInterior/Models/InteractiveFurniture/InteractiveFurniture5_02.fbx using Guid(bff86a951921f2645b9a79c7130c1104) Importer(815301076,1909f56bfc062723c751e8b465ee728b)  -> (artifact id: '5cb169f47e0d223109be97ce767326a5') in 0.047308 seconds 
Number of asset objects unloaded after import = 7
========================================================================
Received Import Request.
  Time since last request: 0.000038 seconds.
  path: Assets/Assets_Store/LowPolyInterior/Models/InteractiveFurniture/InteractiveFurniture5_01.fbx
  artifactKey: Guid(d5a309c344bffef47aa378c33cd2435e) Importer(815301076,1909f56bfc062723c751e8b465ee728b)
Number of updated assets reloaded before import = 0
Start importing Assets/Assets_Store/LowPolyInterior/Models/InteractiveFurniture/InteractiveFurniture5_01.fbx using Guid(d5a309c344bffef47aa378c33cd2435e) Importer(815301076,1909f56bfc062723c751e8b465ee728b)  -> (artifact id: 'b762cbd21426e8d73407092e6965e0af') in 0.017641 seconds 
Number of asset objects unloaded after import = 7
========================================================================
Received Import Request.
  Time since last request: 0.000017 seconds.
  path: Assets/Assets_Store/LowPolyInterior/Models/InteractiveFurniture/InteractiveFurniture6_03.fbx
  artifactKey: Guid(028108e42dbdbfe44be8e2bfeb9b0670) Importer(815301076,1909f56bfc062723c751e8b465ee728b)
Number of updated assets reloaded before import = 0
Start importing Assets/Assets_Store/LowPolyInterior/Models/InteractiveFurniture/InteractiveFurniture6_03.fbx using Guid(028108e42dbdbfe44be8e2bfeb9b0670) Importer(815301076,1909f56bfc062723c751e8b465ee728b)  -> (artifact id: '4f4767ae1cf3ebefdda34ab67092e617') in 0.015638 seconds 
Number of asset objects unloaded after import = 7
========================================================================
Received Import Request.
  Time since last request: 0.000041 seconds.
  path: Assets/Assets_Store/LowPolyInterior/Models/InteractiveFurniture/InteractiveFurniture4_01.fbx
  artifactKey: Guid(b2d4f601b0d3a854dbeedccf17ff64c7) Importer(815301076,1909f56bfc062723c751e8b465ee728b)
Number of updated assets reloaded before import = 0
Start importing Assets/Assets_Store/LowPolyInterior/Models/InteractiveFurniture/InteractiveFurniture4_01.fbx using Guid(b2d4f601b0d3a854dbeedccf17ff64c7) Importer(815301076,1909f56bfc062723c751e8b465ee728b)  -> (artifact id: 'cd47a11a055e59137713b7c4d1bc2277') in 0.017396 seconds 
Number of asset objects unloaded after import = 7
========================================================================
Received Import Request.
  Time since last request: 0.000022 seconds.
  path: Assets/Assets_Store/LowPolyInterior/Models/InteractiveFurniture/InteractiveFurniture6_01.fbx
  artifactKey: Guid(60b3011b7ea49074ba442f17ca76e233) Importer(815301076,1909f56bfc062723c751e8b465ee728b)
Number of updated assets reloaded before import = 0
Start importing Assets/Assets_Store/LowPolyInterior/Models/InteractiveFurniture/InteractiveFurniture6_01.fbx using Guid(60b3011b7ea49074ba442f17ca76e233) Importer(815301076,1909f56bfc062723c751e8b465ee728b)  -> (artifact id: '2d68bbbe12b0bc84990d8e84275bf67b') in 0.023033 seconds 
Number of asset objects unloaded after import = 7
========================================================================
Received Import Request.
  Time since last request: 0.000015 seconds.
  path: Assets/Assets_Store/LowPolyInterior/Models/InteractiveFurniture/InteractiveFurniture2_01.fbx
  artifactKey: Guid(e8681e147bfc9dd4a93e12a0e8c4a3ca) Importer(815301076,1909f56bfc062723c751e8b465ee728b)
Number of updated assets reloaded before import = 0
Start importing Assets/Assets_Store/LowPolyInterior/Models/InteractiveFurniture/InteractiveFurniture2_01.fbx using Guid(e8681e147bfc9dd4a93e12a0e8c4a3ca) Importer(815301076,1909f56bfc062723c751e8b465ee728b)  -> (artifact id: 'fdab3bdf71db18ae06cbb5499d1b3566') in 0.020024 seconds 
Number of asset objects unloaded after import = 7
========================================================================
Received Import Request.
  Time since last request: 11.228862 seconds.
  path: Assets/Assets_Store/LowPolyInterior/Models/KithcenObjects/Apple.fbx
  artifactKey: Guid(cff7868a890c46d48bd2ac3a92534a67) Importer(815301076,1909f56bfc062723c751e8b465ee728b)
Number of updated assets reloaded before import = 0
Start importing Assets/Assets_Store/LowPolyInterior/Models/KithcenObjects/Apple.fbx using Guid(cff7868a890c46d48bd2ac3a92534a67) Importer(815301076,1909f56bfc062723c751e8b465ee728b)  -> (artifact id: '9f7996c7eca93dcd530788b91d001e04') in 0.050313 seconds 
Number of asset objects unloaded after import = 9
========================================================================
Received Import Request.
  Time since last request: 0.000019 seconds.
  path: Assets/Assets_Store/LowPolyInterior/Models/Kitchen/BarChair_01.fbx
  artifactKey: Guid(23bd65e996e9f294c9fd86567355e778) Importer(815301076,1909f56bfc062723c751e8b465ee728b)
Number of updated assets reloaded before import = 0
Start importing Assets/Assets_Store/LowPolyInterior/Models/Kitchen/BarChair_01.fbx using Guid(23bd65e996e9f294c9fd86567355e778) Importer(815301076,1909f56bfc062723c751e8b465ee728b)  -> (artifact id: 'd4b7d2ca218fca3cfccad774dce8a826') in 0.104821 seconds 
Number of asset objects unloaded after import = 9
========================================================================
Received Import Request.
  Time since last request: 0.000022 seconds.
  path: Assets/Assets_Store/LowPolyInterior/Models/Room/Bed2_03.fbx
  artifactKey: Guid(58e5df18edebd35448649f729a7a227d) Importer(815301076,1909f56bfc062723c751e8b465ee728b)
Number of updated assets reloaded before import = 0
Start importing Assets/Assets_Store/LowPolyInterior/Models/Room/Bed2_03.fbx using Guid(58e5df18edebd35448649f729a7a227d) Importer(815301076,1909f56bfc062723c751e8b465ee728b)  -> (artifact id: 'c80579667f1be4f72eba15115b476681') in 0.069694 seconds 
Number of asset objects unloaded after import = 9
========================================================================
Received Import Request.
  Time since last request: 0.000016 seconds.
  path: Assets/Assets_Store/LowPolyInterior/Models/Room/Bed2_01.fbx
  artifactKey: Guid(accb0e38223dc4a4285a4054038599e3) Importer(815301076,1909f56bfc062723c751e8b465ee728b)
Number of updated assets reloaded before import = 0
Start importing Assets/Assets_Store/LowPolyInterior/Models/Room/Bed2_01.fbx using Guid(accb0e38223dc4a4285a4054038599e3) Importer(815301076,1909f56bfc062723c751e8b465ee728b)  -> (artifact id: '73f71ee1290eec43128335ed3a6fc45b') in 0.027429 seconds 
Number of asset objects unloaded after import = 9
========================================================================
Received Import Request.
  Time since last request: 0.000037 seconds.
  path: Assets/Assets_Store/LowPolyInterior/Models/Room/Catpet_02.fbx
  artifactKey: Guid(403a990995e0ab048b5e5bdfa5ce1733) Importer(815301076,1909f56bfc062723c751e8b465ee728b)
Number of updated assets reloaded before import = 0
Start importing Assets/Assets_Store/LowPolyInterior/Models/Room/Catpet_02.fbx using Guid(403a990995e0ab048b5e5bdfa5ce1733) Importer(815301076,1909f56bfc062723c751e8b465ee728b)  -> (artifact id: '30b4cf53a3c37cc9343af5692ad1f8b2') in 0.020292 seconds 
Number of asset objects unloaded after import = 9
========================================================================
Received Import Request.
  Time since last request: 0.000019 seconds.
  path: Assets/Assets_Store/LowPolyInterior/Models/KithcenObjects/Burger.fbx
  artifactKey: Guid(915b5c61dc8d18c4d820850ef59b1d06) Importer(815301076,1909f56bfc062723c751e8b465ee728b)
Number of updated assets reloaded before import = 0
Start importing Assets/Assets_Store/LowPolyInterior/Models/KithcenObjects/Burger.fbx using Guid(915b5c61dc8d18c4d820850ef59b1d06) Importer(815301076,1909f56bfc062723c751e8b465ee728b)  -> (artifact id: '4453079249cbaf9af2aa00ac05392359') in 0.026315 seconds 
Number of asset objects unloaded after import = 9
========================================================================
Received Import Request.
  Time since last request: 0.000023 seconds.
  path: Assets/Assets_Store/LowPolyInterior/Models/Room/Bed2_02.fbx
  artifactKey: Guid(6bc031b7d67f7bc40b333d247d1b15f1) Importer(815301076,1909f56bfc062723c751e8b465ee728b)
Number of updated assets reloaded before import = 0
Start importing Assets/Assets_Store/LowPolyInterior/Models/Room/Bed2_02.fbx using Guid(6bc031b7d67f7bc40b333d247d1b15f1) Importer(815301076,1909f56bfc062723c751e8b465ee728b)  -> (artifact id: 'c9a079453181eb56f9101b37a56f1e9c') in 0.017469 seconds 
Number of asset objects unloaded after import = 9
========================================================================
Received Import Request.
  Time since last request: 0.000016 seconds.
  path: Assets/Assets_Store/LowPolyInterior/Models/Room/Bed_Table_02.fbx
  artifactKey: Guid(712a2cae58325b34a9056fbf6a7a9626) Importer(815301076,1909f56bfc062723c751e8b465ee728b)
Number of updated assets reloaded before import = 0
Start importing Assets/Assets_Store/LowPolyInterior/Models/Room/Bed_Table_02.fbx using Guid(712a2cae58325b34a9056fbf6a7a9626) Importer(815301076,1909f56bfc062723c751e8b465ee728b)  -> (artifact id: '1118ad4c9511ecb7e586b68638e5ba89') in 0.016517 seconds 
Number of asset objects unloaded after import = 9
========================================================================
Received Import Request.
  Time since last request: 56.882151 seconds.
  path: Assets/Assets_Store/LowPolyInterior/Models/Light/Light_01.fbx
  artifactKey: Guid(03936d210c1d5a04cbe40bff37716287) Importer(815301076,1909f56bfc062723c751e8b465ee728b)
Number of updated assets reloaded before import = 0
Start importing Assets/Assets_Store/LowPolyInterior/Models/Light/Light_01.fbx using Guid(03936d210c1d5a04cbe40bff37716287) Importer(815301076,1909f56bfc062723c751e8b465ee728b)  -> (artifact id: 'b30598f26b7bd8fb49b0d87175e49ec6') in 0.051090 seconds 
Number of asset objects unloaded after import = 9
========================================================================
Received Import Request.
  Time since last request: 0.000017 seconds.
  path: Assets/Assets_Store/LowPolyInterior/Models/Kitchen/RangeHood.fbx
  artifactKey: Guid(91cf63d07383be84c92cec3392f2fcec) Importer(815301076,1909f56bfc062723c751e8b465ee728b)
Number of updated assets reloaded before import = 0
Start importing Assets/Assets_Store/LowPolyInterior/Models/Kitchen/RangeHood.fbx using Guid(91cf63d07383be84c92cec3392f2fcec) Importer(815301076,1909f56bfc062723c751e8b465ee728b)  -> (artifact id: '71ef6177cb9c9a527f1d18491c8c9310') in 0.050045 seconds 
Number of asset objects unloaded after import = 9
========================================================================
Received Import Request.
  Time since last request: 0.000019 seconds.
  path: Assets/Assets_Store/LowPolyInterior/Models/InteractiveFurniture/SwitchLight_02.fbx
  artifactKey: Guid(9317f720a033a854780895937864f100) Importer(815301076,1909f56bfc062723c751e8b465ee728b)
Number of updated assets reloaded before import = 0
Start importing Assets/Assets_Store/LowPolyInterior/Models/InteractiveFurniture/SwitchLight_02.fbx using Guid(9317f720a033a854780895937864f100) Importer(815301076,1909f56bfc062723c751e8b465ee728b)  -> (artifact id: 'a6642fb27fd58df64832439c09ea0570') in 0.017028 seconds 
Number of asset objects unloaded after import = 7
========================================================================
Received Import Request.
  Time since last request: 0.000019 seconds.
  path: Assets/Assets_Store/LowPolyInterior/Models/KithcenObjects/Orange.fbx
  artifactKey: Guid(97b8898471a5d1746a4f903c45995eb5) Importer(815301076,1909f56bfc062723c751e8b465ee728b)
Number of updated assets reloaded before import = 0
Start importing Assets/Assets_Store/LowPolyInterior/Models/KithcenObjects/Orange.fbx using Guid(97b8898471a5d1746a4f903c45995eb5) Importer(815301076,1909f56bfc062723c751e8b465ee728b)  -> (artifact id: 'c49121a59b6c30f4664e3d5e37326179') in 0.016279 seconds 
Number of asset objects unloaded after import = 9
========================================================================
Received Import Request.
  Time since last request: 32.886326 seconds.
  path: Packages/com.dgreenheck.openfracture/Runtime/Meshes/LetterU.obj
  artifactKey: Guid(a825550d737975c4db2a51686bf7c0e7) Importer(815301076,1909f56bfc062723c751e8b465ee728b)
Number of updated assets reloaded before import = 0
Start importing Packages/com.dgreenheck.openfracture/Runtime/Meshes/LetterU.obj using Guid(a825550d737975c4db2a51686bf7c0e7) Importer(815301076,1909f56bfc062723c751e8b465ee728b)  -> (artifact id: '3752ed0afe4de0786f38fc9ad2712ecb') in 0.065911 seconds 
Number of asset objects unloaded after import = 11
========================================================================
Received Import Request.
  Time since last request: 0.000022 seconds.
  path: Packages/com.dgreenheck.openfracture/Runtime/Meshes/LetterC.obj
  artifactKey: Guid(e27d0d3cc3dd96948ae774aff6f9a535) Importer(815301076,1909f56bfc062723c751e8b465ee728b)
Number of updated assets reloaded before import = 0
Start importing Packages/com.dgreenheck.openfracture/Runtime/Meshes/LetterC.obj using Guid(e27d0d3cc3dd96948ae774aff6f9a535) Importer(815301076,1909f56bfc062723c751e8b465ee728b)  -> (artifact id: '4db06e3cc70a6bee85f33cc321d15225') in 0.092889 seconds 
Number of asset objects unloaded after import = 11
========================================================================
Received Import Request.
  Time since last request: 0.000014 seconds.
  path: Packages/com.unity.searcher/Editor/Resources/FlatSkin/Font/Roboto-BlackItalic.ttf
  artifactKey: Guid(f95147a9bab9fe649b8070170fa7ebd2) Importer(815301076,1909f56bfc062723c751e8b465ee728b)
Number of updated assets reloaded before import = 0
Start importing Packages/com.unity.searcher/Editor/Resources/FlatSkin/Font/Roboto-BlackItalic.ttf using Guid(f95147a9bab9fe649b8070170fa7ebd2) Importer(815301076,1909f56bfc062723c751e8b465ee728b)  -> (artifact id: 'ff5e82c49151da709408faf8580ab932') in 0.056548 seconds 
Number of asset objects unloaded after import = 4
========================================================================
Received Import Request.
  Time since last request: 0.000024 seconds.
  path: Packages/com.unity.searcher/Editor/Resources/FlatSkin/Font/Roboto-BoldItalic.ttf
  artifactKey: Guid(dfb97a9307a577a41bcacba34b9a7e32) Importer(815301076,1909f56bfc062723c751e8b465ee728b)
Number of updated assets reloaded before import = 0
Start importing Packages/com.unity.searcher/Editor/Resources/FlatSkin/Font/Roboto-BoldItalic.ttf using Guid(dfb97a9307a577a41bcacba34b9a7e32) Importer(815301076,1909f56bfc062723c751e8b465ee728b)  -> (artifact id: 'f393ad505fbca6e90409cb2022495296') in 0.026523 seconds 
Number of asset objects unloaded after import = 4
Editor requested this worker to shutdown with reason: Scaling down because of idle timeout
AssetImportWorker is now disconnected from the server
Process exiting
Exiting without the bug reporter. Application will terminate with return code 0