Using pre-set license
Built from '2021.3/staging' branch; Version is '2021.3.30f1 (b4360d7cdac4) revision 11810317'; Using compiler version '192829333'; Build Type 'Release'
OS: 'Windows 11  (10.0.22621) 64bit Professional' Language: 'ko' Physical Memory: 32524 MB
BatchMode: 1, IsHumanControllingUs: 0, StartBugReporterOnCrash: 0, Is64bit: 1, IsPro: 1

COMMAND LINE ARGUMENTS:
C:\Program Files\Unity\Hub\Editor\2021.3.30f1\Editor\Unity.exe
-adb2
-batchMode
-noUpm
-name
AssetImportWorker12
-projectPath
D:/ìƒˆ í´ë”/OneDrive - ê²½í¬ëŒ€í•™êµ/ê²½í¬ëŒ€í•™êµ/ì†Œìœµê°œë¡ /swcon101_termprojrct
-logFile
Logs/AssetImportWorker12.log
-srvPort
5274
Successfully changed project path to: D:/ìƒˆ í´ë”/OneDrive - ê²½í¬ëŒ€í•™êµ/ê²½í¬ëŒ€í•™êµ/ì†Œìœµê°œë¡ /swcon101_termprojrct
D:/ìƒˆ í´ë”/OneDrive - ê²½í¬ëŒ€í•™êµ/ê²½í¬ëŒ€í•™êµ/ì†Œìœµê°œë¡ /swcon101_termprojrct
[UnityMemory] Configuration Parameters - Can be set up in boot.config
    "memorysetup-bucket-allocator-granularity=16"
    "memorysetup-bucket-allocator-bucket-count=8"
    "memorysetup-bucket-allocator-block-size=33554432"
    "memorysetup-bucket-allocator-block-count=8"
    "memorysetup-main-allocator-block-size=16777216"
    "memorysetup-thread-allocator-block-size=16777216"
    "memorysetup-gfx-main-allocator-block-size=16777216"
    "memorysetup-gfx-thread-allocator-block-size=16777216"
    "memorysetup-cache-allocator-block-size=4194304"
    "memorysetup-typetree-allocator-block-size=2097152"
    "memorysetup-profiler-bucket-allocator-granularity=16"
    "memorysetup-profiler-bucket-allocator-bucket-count=8"
    "memorysetup-profiler-bucket-allocator-block-size=33554432"
    "memorysetup-profiler-bucket-allocator-block-count=8"
    "memorysetup-profiler-allocator-block-size=16777216"
    "memorysetup-profiler-editor-allocator-block-size=1048576"
    "memorysetup-temp-allocator-size-main=16777216"
    "memorysetup-job-temp-allocator-block-size=2097152"
    "memorysetup-job-temp-allocator-block-size-background=1048576"
    "memorysetup-job-temp-allocator-reduction-small-platforms=262144"
    "memorysetup-temp-allocator-size-background-worker=32768"
    "memorysetup-temp-allocator-size-job-worker=262144"
    "memorysetup-temp-allocator-size-preload-manager=33554432"
    "memorysetup-temp-allocator-size-nav-mesh-worker=65536"
    "memorysetup-temp-allocator-size-audio-worker=65536"
    "memorysetup-temp-allocator-size-cloud-worker=32768"
    "memorysetup-temp-allocator-size-gi-baking-worker=262144"
    "memorysetup-temp-allocator-size-gfx=262144"
Player connection [31096] Host "[IP] 192.168.55.154 [Port] 0 [Flags] 2 [Guid] 3418829296 [EditorId] 3418829296 [Version] 1048832 [Id] WindowsEditor(7,°­º´ÈÆ) [Debug] 1 [PackageName] WindowsEditor [ProjectName] Editor" joined multi-casting on [225.0.0.222:54997]...

Player connection [31096] Host "[IP] 192.168.55.154 [Port] 0 [Flags] 2 [Guid] 3418829296 [EditorId] 3418829296 [Version] 1048832 [Id] WindowsEditor(7,°­º´ÈÆ) [Debug] 1 [PackageName] WindowsEditor [ProjectName] Editor" joined alternative multi-casting on [225.0.0.222:34997]...

[Physics::Module] Initialized MultithreadedJobDispatcher with {0} workers.
Refreshing native plugins compatible for Editor in 72.93 ms, found 3 plugins.
Preloading 0 native plugins for Editor in 0.00 ms.
Initialize engine version: 2021.3.30f1 (b4360d7cdac4)
[Subsystems] Discovering subsystems at path C:/Program Files/Unity/Hub/Editor/2021.3.30f1/Editor/Data/Resources/UnitySubsystems
[Subsystems] Discovering subsystems at path D:/ìƒˆ í´ë”/OneDrive - ê²½í¬ëŒ€í•™êµ/ê²½í¬ëŒ€í•™êµ/ì†Œìœµê°œë¡ /swcon101_termprojrct/Assets
GfxDevice: creating device client; threaded=0; jobified=0
Direct3D:
    Version:  Direct3D 11.0 [level 11.1]
    Renderer: NVIDIA GeForce RTX 3080 (ID=0x2216)
    Vendor:   NVIDIA
    VRAM:     10067 MB
    Driver:   31.0.15.3640
Initialize mono
Mono path[0] = 'C:/Program Files/Unity/Hub/Editor/2021.3.30f1/Editor/Data/Managed'
Mono path[1] = 'C:/Program Files/Unity/Hub/Editor/2021.3.30f1/Editor/Data/MonoBleedingEdge/lib/mono/unityjit-win32'
Mono config path = 'C:/Program Files/Unity/Hub/Editor/2021.3.30f1/Editor/Data/MonoBleedingEdge/etc'
Using monoOptions --debugger-agent=transport=dt_socket,embedding=1,server=y,suspend=n,address=127.0.0.1:56712
Begin MonoManager ReloadAssembly
Registering precompiled unity dll's ...
Register platform support module: C:/Program Files/Unity/Hub/Editor/2021.3.30f1/Editor/Data/PlaybackEngines/WindowsStandaloneSupport/UnityEditor.WindowsStandalone.Extensions.dll
Registered in 0.003214 seconds.
Native extension for WindowsStandalone target not found
Refreshing native plugins compatible for Editor in 64.10 ms, found 3 plugins.
Preloading 0 native plugins for Editor in 0.00 ms.
Mono: successfully reloaded assembly
- Completed reload, in  0.389 seconds
Domain Reload Profiling:
	ReloadAssembly (390ms)
		BeginReloadAssembly (59ms)
			ExecutionOrderSort (0ms)
			DisableScriptedObjects (0ms)
			BackupInstance (0ms)
			ReleaseScriptingObjects (0ms)
			CreateAndSetChildDomain (0ms)
		EndReloadAssembly (273ms)
			LoadAssemblies (57ms)
			RebuildTransferFunctionScriptingTraits (0ms)
			SetupTypeCache (60ms)
			ReleaseScriptCaches (0ms)
			RebuildScriptCaches (16ms)
			SetupLoadedEditorAssemblies (172ms)
				LogAssemblyErrors (0ms)
				InitializePlatformSupportModulesInManaged (5ms)
				SetLoadedEditorAssemblies (0ms)
				RefreshPlugins (64ms)
				BeforeProcessingInitializeOnLoad (1ms)
				ProcessInitializeOnLoadAttributes (70ms)
				ProcessInitializeOnLoadMethodAttributes (31ms)
				AfterProcessingInitializeOnLoad (0ms)
				EditorAssembliesLoaded (0ms)
			ExecutionOrderSort2 (0ms)
			AwakeInstancesAfterBackupRestoration (0ms)
Platform modules already initialized, skipping
Registering precompiled user dll's ...
Registered in 0.004936 seconds.
Begin MonoManager ReloadAssembly
Native extension for WindowsStandalone target not found
Refreshing native plugins compatible for Editor in 68.30 ms, found 3 plugins.
Preloading 0 native plugins for Editor in 0.00 ms.
Package Manager log level set to [2]
[Package Manager] Server::EnsureServerProcessIsRunning -- launch failed, reason: Unity was launched with the -noUpm command-line argument
[Package Manager] Cannot connect to Unity Package Manager local server
Mono: successfully reloaded assembly
- Completed reload, in  1.182 seconds
Domain Reload Profiling:
	ReloadAssembly (1182ms)
		BeginReloadAssembly (82ms)
			ExecutionOrderSort (0ms)
			DisableScriptedObjects (4ms)
			BackupInstance (0ms)
			ReleaseScriptingObjects (0ms)
			CreateAndSetChildDomain (14ms)
		EndReloadAssembly (1031ms)
			LoadAssemblies (66ms)
			RebuildTransferFunctionScriptingTraits (0ms)
			SetupTypeCache (193ms)
			ReleaseScriptCaches (0ms)
			RebuildScriptCaches (41ms)
			SetupLoadedEditorAssemblies (717ms)
				LogAssemblyErrors (0ms)
				InitializePlatformSupportModulesInManaged (3ms)
				SetLoadedEditorAssemblies (0ms)
				RefreshPlugins (68ms)
				BeforeProcessingInitializeOnLoad (64ms)
				ProcessInitializeOnLoadAttributes (533ms)
				ProcessInitializeOnLoadMethodAttributes (44ms)
				AfterProcessingInitializeOnLoad (4ms)
				EditorAssembliesLoaded (0ms)
			ExecutionOrderSort2 (0ms)
			AwakeInstancesAfterBackupRestoration (4ms)
Platform modules already initialized, skipping
========================================================================
Worker process is ready to serve import requests
Launched and connected shader compiler UnityShaderCompiler.exe after 0.03 seconds
Refreshing native plugins compatible for Editor in 0.97 ms, found 3 plugins.
Preloading 0 native plugins for Editor in 0.00 ms.
Unloading 5398 Unused Serialized files (Serialized files now loaded: 0)
Unloading 47 unused Assets / (0.7 MB). Loaded Objects now: 5867.
Memory consumption went from 233.1 MB to 232.4 MB.
Total: 4.078400 ms (FindLiveObjects: 0.375900 ms CreateObjectMapping: 0.338100 ms MarkObjects: 3.001700 ms  DeleteObjects: 0.361700 ms)

AssetImportParameters requested are different than current active one (requested -> active):
  custom:video-decoder-ogg-theora: a1e56fd34408186e4bbccfd4996cb3dc -> 
  custom:container-muxer-webm: aa71ff27fc2769a1b78a27578f13a17b -> 
  custom:container-demuxer-webm: 4f35f7cbe854078d1ac9338744f61a02 -> 
  custom:video-encoder-webm-vp8: eb34c28f22e8b96e1ab97ce403110664 -> 
  custom:video-codec-MediaFoundation-h265: 746d11721c4dcdbdad8f713fa42b33f4 -> 
  custom:CustomObjectIndexerAttribute: 6b0e35c9178b02a6363f3721b7b8e397 -> 
  custom:audio-encoder-webm-vorbis: bf7c407c2cedff20999df2af8eb42d56 -> 
  custom:framework-win-MediaFoundation: 216162199b28c13a410421893ffa2e32 -> 
  custom:SearchIndexIgnoredProperties: e643bd26f0fe6173181afceb89e7c659 -> 
  custom:container-demuxer-ogg: 62fdf1f143b41e24485cea50d1cbac27 -> 
  custom:video-decoder-webm-vp8: 9c59270c3fd7afecdb556c50c9e8de78 -> 
  custom:audio-decoder-ogg-vorbis: bf7c407c2cedff20999df2af8eb42d56 -> 
========================================================================
Received Import Request.
  Time since last request: 9080.266416 seconds.
  path: Assets/Assets_Store/LowPolyInterior/Prefabs/Walls/Corner_02.prefab
  artifactKey: Guid(54d342dea205a6b448cd6f206dda6556) Importer(815301076,1909f56bfc062723c751e8b465ee728b)
Number of updated assets reloaded before import = 0
Start importing Assets/Assets_Store/LowPolyInterior/Prefabs/Walls/Corner_02.prefab using Guid(54d342dea205a6b448cd6f206dda6556) Importer(815301076,1909f56bfc062723c751e8b465ee728b)  -> (artifact id: '80c4b412734a9fdbf47cddd9737c8601') in 0.103446 seconds 
Number of asset objects unloaded after import = 10
========================================================================
Received Import Request.
  Time since last request: 0.000022 seconds.
  path: Assets/Assets_Store/LowPolyInterior/Prefabs/Walls/WallFloor2_02.prefab
  artifactKey: Guid(ae0576c01c6f3434ea461366d13d9b6e) Importer(815301076,1909f56bfc062723c751e8b465ee728b)
Number of updated assets reloaded before import = 0
Start importing Assets/Assets_Store/LowPolyInterior/Prefabs/Walls/WallFloor2_02.prefab using Guid(ae0576c01c6f3434ea461366d13d9b6e) Importer(815301076,1909f56bfc062723c751e8b465ee728b)  -> (artifact id: 'dc08329a99d0b8f07a49c2f5cfe3f171') in 0.016292 seconds 
Number of asset objects unloaded after import = 10
========================================================================
Received Import Request.
  Time since last request: 0.000023 seconds.
  path: Assets/Assets_Store/LowPolyInterior/Prefabs/Walls/WallFloor1_12.prefab
  artifactKey: Guid(9c0fbda2d76f3b8408107821d81efc7b) Importer(815301076,1909f56bfc062723c751e8b465ee728b)
Number of updated assets reloaded before import = 0
Start importing Assets/Assets_Store/LowPolyInterior/Prefabs/Walls/WallFloor1_12.prefab using Guid(9c0fbda2d76f3b8408107821d81efc7b) Importer(815301076,1909f56bfc062723c751e8b465ee728b)  -> (artifact id: 'b4477133fc7464a160b31210f1875b01') in 0.016481 seconds 
Number of asset objects unloaded after import = 10
========================================================================
Received Import Request.
  Time since last request: 0.000020 seconds.
  path: Assets/Assets_Store/LowPolyInterior/Prefabs/Walls/Raling_02.prefab
  artifactKey: Guid(e32ee4bfb9a4ce0479e228742a692175) Importer(815301076,1909f56bfc062723c751e8b465ee728b)
Number of updated assets reloaded before import = 0
Start importing Assets/Assets_Store/LowPolyInterior/Prefabs/Walls/Raling_02.prefab using Guid(e32ee4bfb9a4ce0479e228742a692175) Importer(815301076,1909f56bfc062723c751e8b465ee728b)  -> (artifact id: '1d227618bafc1d9149b347b920dc4f33') in 0.019330 seconds 
Number of asset objects unloaded after import = 10
========================================================================
Received Import Request.
  Time since last request: 0.000020 seconds.
  path: Assets/Assets_Store/LowPolyInterior/Prefabs/Walls/WallFloor2_07.prefab
  artifactKey: Guid(946edefe9c143434ebd88d7568c0e742) Importer(815301076,1909f56bfc062723c751e8b465ee728b)
Number of updated assets reloaded before import = 0
Start importing Assets/Assets_Store/LowPolyInterior/Prefabs/Walls/WallFloor2_07.prefab using Guid(946edefe9c143434ebd88d7568c0e742) Importer(815301076,1909f56bfc062723c751e8b465ee728b)  -> (artifact id: 'e346c208bdf6291c33bc42a0ab15d632') in 0.014531 seconds 
Number of asset objects unloaded after import = 10
========================================================================
Received Import Request.
  Time since last request: 0.000021 seconds.
  path: Assets/Assets_Store/LowPolyInterior/Prefabs/Walls/Wall_03.prefab
  artifactKey: Guid(4b93f746f39ddf240a41cc57b41e1887) Importer(815301076,1909f56bfc062723c751e8b465ee728b)
Number of updated assets reloaded before import = 0
Start importing Assets/Assets_Store/LowPolyInterior/Prefabs/Walls/Wall_03.prefab using Guid(4b93f746f39ddf240a41cc57b41e1887) Importer(815301076,1909f56bfc062723c751e8b465ee728b)  -> (artifact id: '19dff1b2cdfecd5c47789d8938b18549') in 0.017170 seconds 
Number of asset objects unloaded after import = 10
========================================================================
Received Import Request.
  Time since last request: 0.000014 seconds.
  path: Assets/Assets_Store/LowPolyInterior/Prefabs/Walls/Corner_08.prefab
  artifactKey: Guid(e8957d7b9ab7f314d99f493d206ac74d) Importer(815301076,1909f56bfc062723c751e8b465ee728b)
Number of updated assets reloaded before import = 0
Start importing Assets/Assets_Store/LowPolyInterior/Prefabs/Walls/Corner_08.prefab using Guid(e8957d7b9ab7f314d99f493d206ac74d) Importer(815301076,1909f56bfc062723c751e8b465ee728b)  -> (artifact id: 'e7a27c524e891204db3e3d2cbca34267') in 0.017547 seconds 
Number of asset objects unloaded after import = 10
========================================================================
Received Import Request.
  Time since last request: 0.000017 seconds.
  path: Assets/Assets_Store/LowPolyInterior/Prefabs/Walls/WallFloor2_17.prefab
  artifactKey: Guid(4074e3cdd8bd7c344bfe67b5d4d7ec43) Importer(815301076,1909f56bfc062723c751e8b465ee728b)
Number of updated assets reloaded before import = 0
Start importing Assets/Assets_Store/LowPolyInterior/Prefabs/Walls/WallFloor2_17.prefab using Guid(4074e3cdd8bd7c344bfe67b5d4d7ec43) Importer(815301076,1909f56bfc062723c751e8b465ee728b)  -> (artifact id: '3eaed3e31fd12a44c3c5a9081f9eb6f4') in 0.016760 seconds 
Number of asset objects unloaded after import = 10
========================================================================
Received Import Request.
  Time since last request: 0.000013 seconds.
  path: Assets/Assets_Store/LowPolyInterior/Prefabs/Walls/Raling_01.prefab
  artifactKey: Guid(c4d8685008a80b84387845e1a92c4cb3) Importer(815301076,1909f56bfc062723c751e8b465ee728b)
Number of updated assets reloaded before import = 0
Start importing Assets/Assets_Store/LowPolyInterior/Prefabs/Walls/Raling_01.prefab using Guid(c4d8685008a80b84387845e1a92c4cb3) Importer(815301076,1909f56bfc062723c751e8b465ee728b)  -> (artifact id: '0161bf84ae45a4f2d7d5e760b61a8e97') in 0.019936 seconds 
Number of asset objects unloaded after import = 10
========================================================================
Received Import Request.
  Time since last request: 0.000019 seconds.
  path: Assets/Assets_Store/LowPolyInterior/Prefabs/Walls/WallFloor2_05.prefab
  artifactKey: Guid(bc79b4c0d4a580144aeb0f6d1051aa31) Importer(815301076,1909f56bfc062723c751e8b465ee728b)
Number of updated assets reloaded before import = 0
Start importing Assets/Assets_Store/LowPolyInterior/Prefabs/Walls/WallFloor2_05.prefab using Guid(bc79b4c0d4a580144aeb0f6d1051aa31) Importer(815301076,1909f56bfc062723c751e8b465ee728b)  -> (artifact id: 'f54099a3cfb706377350075df7eb84c4') in 0.023682 seconds 
Number of asset objects unloaded after import = 10
========================================================================
Received Import Request.
  Time since last request: 0.000017 seconds.
  path: Assets/Assets_Store/LowPolyInterior/Prefabs/Walls/Stairs_01.prefab
  artifactKey: Guid(6042bae078284914db7198ad81d629e9) Importer(815301076,1909f56bfc062723c751e8b465ee728b)
Number of updated assets reloaded before import = 0
Start importing Assets/Assets_Store/LowPolyInterior/Prefabs/Walls/Stairs_01.prefab using Guid(6042bae078284914db7198ad81d629e9) Importer(815301076,1909f56bfc062723c751e8b465ee728b)  -> (artifact id: 'e47882cd5d2732af27607f789cfa7f7c') in 0.012510 seconds 
Number of asset objects unloaded after import = 10
========================================================================
Received Import Request.
  Time since last request: 0.000013 seconds.
  path: Assets/Assets_Store/LowPolyInterior/Prefabs/Walls/WallFloor1_05.prefab
  artifactKey: Guid(d5fdd893efe98eb4e9e37cf920d12da0) Importer(815301076,1909f56bfc062723c751e8b465ee728b)
Number of updated assets reloaded before import = 0
Start importing Assets/Assets_Store/LowPolyInterior/Prefabs/Walls/WallFloor1_05.prefab using Guid(d5fdd893efe98eb4e9e37cf920d12da0) Importer(815301076,1909f56bfc062723c751e8b465ee728b)  -> (artifact id: '7a250f16ab8cdb418e4d2796c3961d38') in 0.013997 seconds 
Number of asset objects unloaded after import = 10
========================================================================
Received Import Request.
  Time since last request: 0.000013 seconds.
  path: Assets/Assets_Store/LowPolyInterior/Prefabs/Walls/WallFloor2_01.prefab
  artifactKey: Guid(3f11fa8fbabd2df418160d46e55e6feb) Importer(815301076,1909f56bfc062723c751e8b465ee728b)
Number of updated assets reloaded before import = 0
Start importing Assets/Assets_Store/LowPolyInterior/Prefabs/Walls/WallFloor2_01.prefab using Guid(3f11fa8fbabd2df418160d46e55e6feb) Importer(815301076,1909f56bfc062723c751e8b465ee728b)  -> (artifact id: '56577ce43d0916df163a5a4395d2d265') in 0.013584 seconds 
Number of asset objects unloaded after import = 10
========================================================================
Received Import Request.
  Time since last request: 0.000020 seconds.
  path: Assets/Assets_Store/LowPolyInterior/Prefabs/Walls/WallFloor1_09.prefab
  artifactKey: Guid(5f3a38d534e5b9a4fa9cd3b3ec81dfb2) Importer(815301076,1909f56bfc062723c751e8b465ee728b)
Number of updated assets reloaded before import = 0
Start importing Assets/Assets_Store/LowPolyInterior/Prefabs/Walls/WallFloor1_09.prefab using Guid(5f3a38d534e5b9a4fa9cd3b3ec81dfb2) Importer(815301076,1909f56bfc062723c751e8b465ee728b)  -> (artifact id: '90d42ddcbb91eef57e153bcf248ee02e') in 0.012169 seconds 
Number of asset objects unloaded after import = 10
========================================================================
Received Import Request.
  Time since last request: 0.000017 seconds.
  path: Assets/Assets_Store/LowPolyInterior/Prefabs/Walls/WallFloor2_08.prefab
  artifactKey: Guid(db506a0b4ba88964bb5e5aa63dd23461) Importer(815301076,1909f56bfc062723c751e8b465ee728b)
Number of updated assets reloaded before import = 0
Start importing Assets/Assets_Store/LowPolyInterior/Prefabs/Walls/WallFloor2_08.prefab using Guid(db506a0b4ba88964bb5e5aa63dd23461) Importer(815301076,1909f56bfc062723c751e8b465ee728b)  -> (artifact id: '80bf6fb8347849ef45a161de4e2da984') in 0.012008 seconds 
Number of asset objects unloaded after import = 10
========================================================================
Received Import Request.
  Time since last request: 0.000025 seconds.
  path: Assets/Assets_Store/LowPolyInterior/Prefabs/Walls/Wall_01.prefab
  artifactKey: Guid(9412bd657b5a2c849af486db084a931a) Importer(815301076,1909f56bfc062723c751e8b465ee728b)
Number of updated assets reloaded before import = 0
Start importing Assets/Assets_Store/LowPolyInterior/Prefabs/Walls/Wall_01.prefab using Guid(9412bd657b5a2c849af486db084a931a) Importer(815301076,1909f56bfc062723c751e8b465ee728b)  -> (artifact id: '1310405b88b3cf2827b3dcf0d306494b') in 0.011902 seconds 
Number of asset objects unloaded after import = 10
========================================================================
Received Import Request.
  Time since last request: 0.000017 seconds.
  path: Assets/Assets_Store/LowPolyInterior/Prefabs/Walls/Corner_12.prefab
  artifactKey: Guid(3ce12f0960e6dcd4fbe61205075c8199) Importer(815301076,1909f56bfc062723c751e8b465ee728b)
Number of updated assets reloaded before import = 0
Start importing Assets/Assets_Store/LowPolyInterior/Prefabs/Walls/Corner_12.prefab using Guid(3ce12f0960e6dcd4fbe61205075c8199) Importer(815301076,1909f56bfc062723c751e8b465ee728b)  -> (artifact id: '0bd66f5cc34a07cbef8ec4b9a3acc9b7') in 0.012153 seconds 
Number of asset objects unloaded after import = 10
========================================================================
Received Import Request.
  Time since last request: 0.000015 seconds.
  path: Assets/Assets_Store/LowPolyInterior/Prefabs/Walls/Corner_10.prefab
  artifactKey: Guid(f97a40620c15d444896f54624cd30e8c) Importer(815301076,1909f56bfc062723c751e8b465ee728b)
Number of updated assets reloaded before import = 0
Start importing Assets/Assets_Store/LowPolyInterior/Prefabs/Walls/Corner_10.prefab using Guid(f97a40620c15d444896f54624cd30e8c) Importer(815301076,1909f56bfc062723c751e8b465ee728b)  -> (artifact id: 'b8a24ed1af04eabdf9f4195d62a0e900') in 0.021023 seconds 
Number of asset objects unloaded after import = 10
========================================================================
Received Import Request.
  Time since last request: 0.000020 seconds.
  path: Assets/Assets_Store/LowPolyInterior/Prefabs/Walls/Door_05.prefab
  artifactKey: Guid(e5f53f3e0e1518c4c9ec3be6d16f67b5) Importer(815301076,1909f56bfc062723c751e8b465ee728b)
Number of updated assets reloaded before import = 0
Start importing Assets/Assets_Store/LowPolyInterior/Prefabs/Walls/Door_05.prefab using Guid(e5f53f3e0e1518c4c9ec3be6d16f67b5) Importer(815301076,1909f56bfc062723c751e8b465ee728b)  -> (artifact id: 'f60456f10d81357ba24899a16d86cf64') in 0.012893 seconds 
Number of asset objects unloaded after import = 10
========================================================================
Received Import Request.
  Time since last request: 0.000020 seconds.
  path: Assets/Assets_Store/LowPolyInterior/Prefabs/Walls/Stairs_03.prefab
  artifactKey: Guid(255d2751c30d75e448bf7813951df7d8) Importer(815301076,1909f56bfc062723c751e8b465ee728b)
Number of updated assets reloaded before import = 0
Start importing Assets/Assets_Store/LowPolyInterior/Prefabs/Walls/Stairs_03.prefab using Guid(255d2751c30d75e448bf7813951df7d8) Importer(815301076,1909f56bfc062723c751e8b465ee728b)  -> (artifact id: '2eb5c5bec8bebc25c1ba377bda7c5bb5') in 0.012228 seconds 
Number of asset objects unloaded after import = 10
========================================================================
Received Import Request.
  Time since last request: 0.000017 seconds.
  path: Assets/Assets_Store/LowPolyInterior/Prefabs/Walls/WallFloor2_12.prefab
  artifactKey: Guid(49e8575f00b0e014980d10d8bb2cc1d8) Importer(815301076,1909f56bfc062723c751e8b465ee728b)
Number of updated assets reloaded before import = 0
Start importing Assets/Assets_Store/LowPolyInterior/Prefabs/Walls/WallFloor2_12.prefab using Guid(49e8575f00b0e014980d10d8bb2cc1d8) Importer(815301076,1909f56bfc062723c751e8b465ee728b)  -> (artifact id: '6992e36f1c3fd9d219bdfa6a0ecee733') in 0.011381 seconds 
Number of asset objects unloaded after import = 10
========================================================================
Received Import Request.
  Time since last request: 0.000016 seconds.
  path: Assets/Assets_Store/LowPolyInterior/Prefabs/Walls/Wall_13.prefab
  artifactKey: Guid(081dc4f08fbc04e4fbe7c287a49829f6) Importer(815301076,1909f56bfc062723c751e8b465ee728b)
Number of updated assets reloaded before import = 0
Start importing Assets/Assets_Store/LowPolyInterior/Prefabs/Walls/Wall_13.prefab using Guid(081dc4f08fbc04e4fbe7c287a49829f6) Importer(815301076,1909f56bfc062723c751e8b465ee728b)  -> (artifact id: '98d715527f91fd357701e35df8f1b0f2') in 0.012248 seconds 
Number of asset objects unloaded after import = 10
========================================================================
Received Import Request.
  Time since last request: 0.000014 seconds.
  path: Assets/Assets_Store/LowPolyInterior/Prefabs/Walls/Stairs_02.prefab
  artifactKey: Guid(93fd8d013f9329241a4bcd27ca2f3f23) Importer(815301076,1909f56bfc062723c751e8b465ee728b)
Number of updated assets reloaded before import = 0
Start importing Assets/Assets_Store/LowPolyInterior/Prefabs/Walls/Stairs_02.prefab using Guid(93fd8d013f9329241a4bcd27ca2f3f23) Importer(815301076,1909f56bfc062723c751e8b465ee728b)  -> (artifact id: '4f0a39f4a71909774d69b972ea4097a2') in 0.011435 seconds 
Number of asset objects unloaded after import = 10
========================================================================
Received Import Request.
  Time since last request: 0.000020 seconds.
  path: Assets/Assets_Store/LowPolyInterior/Prefabs/Walls/WallFloor1_07.prefab
  artifactKey: Guid(63d544222d52ec8449d86ff13bdb56aa) Importer(815301076,1909f56bfc062723c751e8b465ee728b)
Number of updated assets reloaded before import = 0
Start importing Assets/Assets_Store/LowPolyInterior/Prefabs/Walls/WallFloor1_07.prefab using Guid(63d544222d52ec8449d86ff13bdb56aa) Importer(815301076,1909f56bfc062723c751e8b465ee728b)  -> (artifact id: 'd1c2aaf74f30babde9e997bb03691bd3') in 0.011041 seconds 
Number of asset objects unloaded after import = 10
========================================================================
Received Import Request.
  Time since last request: 0.000018 seconds.
  path: Assets/Assets_Store/LowPolyInterior/Prefabs/Walls/StairsPart_03.prefab
  artifactKey: Guid(57cf825ea2534de4dadb2371e70d6fad) Importer(815301076,1909f56bfc062723c751e8b465ee728b)
Number of updated assets reloaded before import = 0
Start importing Assets/Assets_Store/LowPolyInterior/Prefabs/Walls/StairsPart_03.prefab using Guid(57cf825ea2534de4dadb2371e70d6fad) Importer(815301076,1909f56bfc062723c751e8b465ee728b)  -> (artifact id: 'bfeadad9e179279623d1512b5476ff15') in 0.011121 seconds 
Number of asset objects unloaded after import = 10
========================================================================
Received Import Request.
  Time since last request: 0.000015 seconds.
  path: Assets/Assets_Store/LowPolyInterior/Prefabs/Walls/WallFloor2_04.prefab
  artifactKey: Guid(21d4564128a7bb04681c9f29c343e0c2) Importer(815301076,1909f56bfc062723c751e8b465ee728b)
Number of updated assets reloaded before import = 0
Start importing Assets/Assets_Store/LowPolyInterior/Prefabs/Walls/WallFloor2_04.prefab using Guid(21d4564128a7bb04681c9f29c343e0c2) Importer(815301076,1909f56bfc062723c751e8b465ee728b)  -> (artifact id: 'f110e633774a4791a9e02234a826bffe') in 0.010932 seconds 
Number of asset objects unloaded after import = 10
========================================================================
Received Import Request.
  Time since last request: 0.000015 seconds.
  path: Assets/Assets_Store/LowPolyInterior/Prefabs/Walls/Wall_10.prefab
  artifactKey: Guid(f9c7cd5d014f09143a2eefd9396e6628) Importer(815301076,1909f56bfc062723c751e8b465ee728b)
Number of updated assets reloaded before import = 0
Start importing Assets/Assets_Store/LowPolyInterior/Prefabs/Walls/Wall_10.prefab using Guid(f9c7cd5d014f09143a2eefd9396e6628) Importer(815301076,1909f56bfc062723c751e8b465ee728b)  -> (artifact id: '0dc23c8fa6c2e9a7527ea664a574575e') in 0.012050 seconds 
Number of asset objects unloaded after import = 10
========================================================================
Received Import Request.
  Time since last request: 0.000017 seconds.
  path: Assets/Assets_Store/LowPolyInterior/Prefabs/Walls/Corner_04.prefab
  artifactKey: Guid(ab45cf218b65b834da864bb58a4da71e) Importer(815301076,1909f56bfc062723c751e8b465ee728b)
Number of updated assets reloaded before import = 0
Start importing Assets/Assets_Store/LowPolyInterior/Prefabs/Walls/Corner_04.prefab using Guid(ab45cf218b65b834da864bb58a4da71e) Importer(815301076,1909f56bfc062723c751e8b465ee728b)  -> (artifact id: '29ab0f06c7161f559fd01d87352924a4') in 0.010721 seconds 
Number of asset objects unloaded after import = 10
========================================================================
Received Import Request.
  Time since last request: 0.000020 seconds.
  path: Assets/Assets_Store/LowPolyInterior/Prefabs/Walls/Corner_07.prefab
  artifactKey: Guid(beb8ae7841b363142a5c33266d3d4ed8) Importer(815301076,1909f56bfc062723c751e8b465ee728b)
Number of updated assets reloaded before import = 0
Start importing Assets/Assets_Store/LowPolyInterior/Prefabs/Walls/Corner_07.prefab using Guid(beb8ae7841b363142a5c33266d3d4ed8) Importer(815301076,1909f56bfc062723c751e8b465ee728b)  -> (artifact id: '792aa0d16f4d741308d0f076a828fd28') in 0.011507 seconds 
Number of asset objects unloaded after import = 10
========================================================================
Received Import Request.
  Time since last request: 0.000014 seconds.
  path: Assets/Assets_Store/LowPolyInterior/Prefabs/Walls/WallFloor2_13.prefab
  artifactKey: Guid(01b818ecff038254b9f7771e4ee98b3c) Importer(815301076,1909f56bfc062723c751e8b465ee728b)
Number of updated assets reloaded before import = 0
Start importing Assets/Assets_Store/LowPolyInterior/Prefabs/Walls/WallFloor2_13.prefab using Guid(01b818ecff038254b9f7771e4ee98b3c) Importer(815301076,1909f56bfc062723c751e8b465ee728b)  -> (artifact id: 'f299bb0328a3ddafa18401dbe88a522c') in 0.011543 seconds 
Number of asset objects unloaded after import = 10
========================================================================
Received Import Request.
  Time since last request: 0.000026 seconds.
  path: Assets/Assets_Store/LowPolyInterior/Prefabs/Walls/Corner_03.prefab
  artifactKey: Guid(2179433bdb76c284296114c2c707a3e3) Importer(815301076,1909f56bfc062723c751e8b465ee728b)
Number of updated assets reloaded before import = 0
Start importing Assets/Assets_Store/LowPolyInterior/Prefabs/Walls/Corner_03.prefab using Guid(2179433bdb76c284296114c2c707a3e3) Importer(815301076,1909f56bfc062723c751e8b465ee728b)  -> (artifact id: '1f25dfe6a3e85de38ef434292273f219') in 0.011857 seconds 
Number of asset objects unloaded after import = 10
========================================================================
Received Import Request.
  Time since last request: 0.000016 seconds.
  path: Assets/Assets_Store/LowPolyInterior/Prefabs/Walls/Corner_11.prefab
  artifactKey: Guid(8a1004413bf41e4478db18a47e88e828) Importer(815301076,1909f56bfc062723c751e8b465ee728b)
Number of updated assets reloaded before import = 0
Start importing Assets/Assets_Store/LowPolyInterior/Prefabs/Walls/Corner_11.prefab using Guid(8a1004413bf41e4478db18a47e88e828) Importer(815301076,1909f56bfc062723c751e8b465ee728b)  -> (artifact id: 'ed91f3a739d6a855e368bb00459bd968') in 0.011528 seconds 
Number of asset objects unloaded after import = 10
========================================================================
Received Import Request.
  Time since last request: 0.000015 seconds.
  path: Assets/Assets_Store/LowPolyInterior/Prefabs/Walls/Corner_16.prefab
  artifactKey: Guid(3f457c64980c25b429a123ccd9922abb) Importer(815301076,1909f56bfc062723c751e8b465ee728b)
Number of updated assets reloaded before import = 0
Start importing Assets/Assets_Store/LowPolyInterior/Prefabs/Walls/Corner_16.prefab using Guid(3f457c64980c25b429a123ccd9922abb) Importer(815301076,1909f56bfc062723c751e8b465ee728b)  -> (artifact id: 'cddfc66ecf31ec947ba567df70333721') in 0.011607 seconds 
Number of asset objects unloaded after import = 10
========================================================================
Received Import Request.
  Time since last request: 0.000015 seconds.
  path: Assets/Assets_Store/LowPolyInterior/Prefabs/Walls/WallFloor2_16.prefab
  artifactKey: Guid(5febecd3764126d4d98fde851e0b4e45) Importer(815301076,1909f56bfc062723c751e8b465ee728b)
Number of updated assets reloaded before import = 0
Start importing Assets/Assets_Store/LowPolyInterior/Prefabs/Walls/WallFloor2_16.prefab using Guid(5febecd3764126d4d98fde851e0b4e45) Importer(815301076,1909f56bfc062723c751e8b465ee728b)  -> (artifact id: '0dfe8b3ea45ab856467d2ce0391cd9ea') in 0.011104 seconds 
Number of asset objects unloaded after import = 10
========================================================================
Received Import Request.
  Time since last request: 0.000015 seconds.
  path: Assets/Assets_Store/LowPolyInterior/Prefabs/Walls/WallFloor1_03.prefab
  artifactKey: Guid(9c69e26437860ec45953224eed28846c) Importer(815301076,1909f56bfc062723c751e8b465ee728b)
Number of updated assets reloaded before import = 0
Start importing Assets/Assets_Store/LowPolyInterior/Prefabs/Walls/WallFloor1_03.prefab using Guid(9c69e26437860ec45953224eed28846c) Importer(815301076,1909f56bfc062723c751e8b465ee728b)  -> (artifact id: 'bfb9acf83a18ccbb115e5ae470b79ea3') in 0.011102 seconds 
Number of asset objects unloaded after import = 10
========================================================================
Received Import Request.
  Time since last request: 0.000013 seconds.
  path: Assets/Assets_Store/LowPolyInterior/Prefabs/Walls/WallFloor2_14.prefab
  artifactKey: Guid(12cff3981ab14f64b8a13643ba5141f8) Importer(815301076,1909f56bfc062723c751e8b465ee728b)
Number of updated assets reloaded before import = 0
Start importing Assets/Assets_Store/LowPolyInterior/Prefabs/Walls/WallFloor2_14.prefab using Guid(12cff3981ab14f64b8a13643ba5141f8) Importer(815301076,1909f56bfc062723c751e8b465ee728b)  -> (artifact id: '4d37da179fb283168076504b9bb49872') in 0.011119 seconds 
Number of asset objects unloaded after import = 10
========================================================================
Received Import Request.
  Time since last request: 0.000012 seconds.
  path: Assets/Assets_Store/LowPolyInterior/Prefabs/Walls/WallFloor2_09.prefab
  artifactKey: Guid(69bab43b8cb94154396784450d48f242) Importer(815301076,1909f56bfc062723c751e8b465ee728b)
Number of updated assets reloaded before import = 0
Start importing Assets/Assets_Store/LowPolyInterior/Prefabs/Walls/WallFloor2_09.prefab using Guid(69bab43b8cb94154396784450d48f242) Importer(815301076,1909f56bfc062723c751e8b465ee728b)  -> (artifact id: 'dc09c2fd38f02764a5c89f61fbdc11e3') in 0.010595 seconds 
Number of asset objects unloaded after import = 10
========================================================================
Received Import Request.
  Time since last request: 0.000015 seconds.
  path: Assets/Assets_Store/LowPolyInterior/Prefabs/Walls/Corner_13.prefab
  artifactKey: Guid(3e4736189c127ed4d9a7bbdf159b4ee9) Importer(815301076,1909f56bfc062723c751e8b465ee728b)
Number of updated assets reloaded before import = 0
Start importing Assets/Assets_Store/LowPolyInterior/Prefabs/Walls/Corner_13.prefab using Guid(3e4736189c127ed4d9a7bbdf159b4ee9) Importer(815301076,1909f56bfc062723c751e8b465ee728b)  -> (artifact id: '3ef5cb18a9507c647689b1523021f3a5') in 0.011456 seconds 
Number of asset objects unloaded after import = 10
========================================================================
Received Import Request.
  Time since last request: 0.000014 seconds.
  path: Assets/Assets_Store/LowPolyInterior/Prefabs/Walls/Door_01.prefab
  artifactKey: Guid(1e1208a9041e8a946871d3c413727c85) Importer(815301076,1909f56bfc062723c751e8b465ee728b)
Number of updated assets reloaded before import = 0
Start importing Assets/Assets_Store/LowPolyInterior/Prefabs/Walls/Door_01.prefab using Guid(1e1208a9041e8a946871d3c413727c85) Importer(815301076,1909f56bfc062723c751e8b465ee728b)  -> (artifact id: 'd089dee0473e1cd274ae4defbdbaabb9') in 0.011970 seconds 
Number of asset objects unloaded after import = 10
========================================================================
Received Import Request.
  Time since last request: 0.000013 seconds.
  path: Assets/Assets_Store/LowPolyInterior/Prefabs/Walls/WallFloor2_10.prefab
  artifactKey: Guid(cda6c464330565441ad7d1a33b233519) Importer(815301076,1909f56bfc062723c751e8b465ee728b)
Number of updated assets reloaded before import = 0
Start importing Assets/Assets_Store/LowPolyInterior/Prefabs/Walls/WallFloor2_10.prefab using Guid(cda6c464330565441ad7d1a33b233519) Importer(815301076,1909f56bfc062723c751e8b465ee728b)  -> (artifact id: 'e57a35f9de187f28373537de33ebc844') in 0.011071 seconds 
Number of asset objects unloaded after import = 10
========================================================================
Received Import Request.
  Time since last request: 0.000015 seconds.
  path: Assets/Assets_Store/LowPolyInterior/Prefabs/Walls/Wall_11.prefab
  artifactKey: Guid(785993f073bbf8a4a9b498b76eed029e) Importer(815301076,1909f56bfc062723c751e8b465ee728b)
Number of updated assets reloaded before import = 0
Start importing Assets/Assets_Store/LowPolyInterior/Prefabs/Walls/Wall_11.prefab using Guid(785993f073bbf8a4a9b498b76eed029e) Importer(815301076,1909f56bfc062723c751e8b465ee728b)  -> (artifact id: 'b344f96e0e4a28074c0bfdc9fcbe3305') in 0.012269 seconds 
Number of asset objects unloaded after import = 10
Editor requested this worker to shutdown with reason: Scaling down because of idle timeout
AssetImportWorker is now disconnected from the server
Process exiting
Exiting without the bug reporter. Application will terminate with return code 0