Using pre-set license
Built from '2021.3/staging' branch; Version is '2021.3.30f1 (b4360d7cdac4) revision 11810317'; Using compiler version '192829333'; Build Type 'Release'
OS: 'Windows 11  (10.0.22621) 64bit Professional' Language: 'ko' Physical Memory: 32524 MB
BatchMode: 1, IsHumanControllingUs: 0, StartBugReporterOnCrash: 0, Is64bit: 1, IsPro: 1

COMMAND LINE ARGUMENTS:
C:\Program Files\Unity\Hub\Editor\2021.3.30f1\Editor\Unity.exe
-adb2
-batchMode
-noUpm
-name
AssetImportWorker10
-projectPath
C:/Users/dot_mario/OneDrive - ê²½í¬ëŒ€í•™êµ/ê²½í¬ëŒ€í•™êµ/ì†Œìœµê°œë¡ /swcon101_termprojrct
-logFile
Logs/AssetImportWorker10.log
-srvPort
6806
Successfully changed project path to: C:/Users/dot_mario/OneDrive - ê²½í¬ëŒ€í•™êµ/ê²½í¬ëŒ€í•™êµ/ì†Œìœµê°œë¡ /swcon101_termprojrct
C:/Users/dot_mario/OneDrive - ê²½í¬ëŒ€í•™êµ/ê²½í¬ëŒ€í•™êµ/ì†Œìœµê°œë¡ /swcon101_termprojrct
[UnityMemory] Configuration Parameters - Can be set up in boot.config
    "memorysetup-bucket-allocator-granularity=16"
    "memorysetup-bucket-allocator-bucket-count=8"
    "memorysetup-bucket-allocator-block-size=33554432"
    "memorysetup-bucket-allocator-block-count=8"
    "memorysetup-main-allocator-block-size=16777216"
    "memorysetup-thread-allocator-block-size=16777216"
    "memorysetup-gfx-main-allocator-block-size=16777216"
    "memorysetup-gfx-thread-allocator-block-size=16777216"
    "memorysetup-cache-allocator-block-size=4194304"
    "memorysetup-typetree-allocator-block-size=2097152"
    "memorysetup-profiler-bucket-allocator-granularity=16"
    "memorysetup-profiler-bucket-allocator-bucket-count=8"
    "memorysetup-profiler-bucket-allocator-block-size=33554432"
    "memorysetup-profiler-bucket-allocator-block-count=8"
    "memorysetup-profiler-allocator-block-size=16777216"
    "memorysetup-profiler-editor-allocator-block-size=1048576"
    "memorysetup-temp-allocator-size-main=16777216"
    "memorysetup-job-temp-allocator-block-size=2097152"
    "memorysetup-job-temp-allocator-block-size-background=1048576"
    "memorysetup-job-temp-allocator-reduction-small-platforms=262144"
    "memorysetup-temp-allocator-size-background-worker=32768"
    "memorysetup-temp-allocator-size-job-worker=262144"
    "memorysetup-temp-allocator-size-preload-manager=33554432"
    "memorysetup-temp-allocator-size-nav-mesh-worker=65536"
    "memorysetup-temp-allocator-size-audio-worker=65536"
    "memorysetup-temp-allocator-size-cloud-worker=32768"
    "memorysetup-temp-allocator-size-gi-baking-worker=262144"
    "memorysetup-temp-allocator-size-gfx=262144"
Player connection [40220] Host "[IP] 192.168.55.154 [Port] 0 [Flags] 2 [Guid] 3913420654 [EditorId] 3913420654 [Version] 1048832 [Id] WindowsEditor(7,°­º´ÈÆ) [Debug] 1 [PackageName] WindowsEditor [ProjectName] Editor" joined multi-casting on [225.0.0.222:54997]...

Player connection [40220] Host "[IP] 192.168.55.154 [Port] 0 [Flags] 2 [Guid] 3913420654 [EditorId] 3913420654 [Version] 1048832 [Id] WindowsEditor(7,°­º´ÈÆ) [Debug] 1 [PackageName] WindowsEditor [ProjectName] Editor" joined alternative multi-casting on [225.0.0.222:34997]...

[Physics::Module] Initialized MultithreadedJobDispatcher with {0} workers.
Refreshing native plugins compatible for Editor in 71.65 ms, found 3 plugins.
Preloading 0 native plugins for Editor in 0.00 ms.
Initialize engine version: 2021.3.30f1 (b4360d7cdac4)
[Subsystems] Discovering subsystems at path C:/Program Files/Unity/Hub/Editor/2021.3.30f1/Editor/Data/Resources/UnitySubsystems
[Subsystems] Discovering subsystems at path C:/Users/dot_mario/OneDrive - ê²½í¬ëŒ€í•™êµ/ê²½í¬ëŒ€í•™êµ/ì†Œìœµê°œë¡ /swcon101_termprojrct/Assets
GfxDevice: creating device client; threaded=0; jobified=0
Direct3D:
    Version:  Direct3D 11.0 [level 11.1]
    Renderer: NVIDIA GeForce RTX 3080 (ID=0x2216)
    Vendor:   NVIDIA
    VRAM:     10067 MB
    Driver:   31.0.15.3640
Initialize mono
Mono path[0] = 'C:/Program Files/Unity/Hub/Editor/2021.3.30f1/Editor/Data/Managed'
Mono path[1] = 'C:/Program Files/Unity/Hub/Editor/2021.3.30f1/Editor/Data/MonoBleedingEdge/lib/mono/unityjit-win32'
Mono config path = 'C:/Program Files/Unity/Hub/Editor/2021.3.30f1/Editor/Data/MonoBleedingEdge/etc'
Using monoOptions --debugger-agent=transport=dt_socket,embedding=1,server=y,suspend=n,address=127.0.0.1:56792
Begin MonoManager ReloadAssembly
Registering precompiled unity dll's ...
Register platform support module: C:/Program Files/Unity/Hub/Editor/2021.3.30f1/Editor/Data/PlaybackEngines/WindowsStandaloneSupport/UnityEditor.WindowsStandalone.Extensions.dll
Registered in 0.003659 seconds.
Native extension for WindowsStandalone target not found
Refreshing native plugins compatible for Editor in 64.47 ms, found 3 plugins.
Preloading 0 native plugins for Editor in 0.00 ms.
Mono: successfully reloaded assembly
- Completed reload, in  0.414 seconds
Domain Reload Profiling:
	ReloadAssembly (414ms)
		BeginReloadAssembly (65ms)
			ExecutionOrderSort (0ms)
			DisableScriptedObjects (0ms)
			BackupInstance (0ms)
			ReleaseScriptingObjects (0ms)
			CreateAndSetChildDomain (1ms)
		EndReloadAssembly (288ms)
			LoadAssemblies (63ms)
			RebuildTransferFunctionScriptingTraits (0ms)
			SetupTypeCache (68ms)
			ReleaseScriptCaches (0ms)
			RebuildScriptCaches (17ms)
			SetupLoadedEditorAssemblies (174ms)
				LogAssemblyErrors (0ms)
				InitializePlatformSupportModulesInManaged (5ms)
				SetLoadedEditorAssemblies (0ms)
				RefreshPlugins (65ms)
				BeforeProcessingInitializeOnLoad (1ms)
				ProcessInitializeOnLoadAttributes (71ms)
				ProcessInitializeOnLoadMethodAttributes (32ms)
				AfterProcessingInitializeOnLoad (0ms)
				EditorAssembliesLoaded (0ms)
			ExecutionOrderSort2 (0ms)
			AwakeInstancesAfterBackupRestoration (0ms)
Platform modules already initialized, skipping
Registering precompiled user dll's ...
Registered in 0.006163 seconds.
Begin MonoManager ReloadAssembly
Native extension for WindowsStandalone target not found
Refreshing native plugins compatible for Editor in 67.37 ms, found 3 plugins.
Preloading 0 native plugins for Editor in 0.00 ms.
Package Manager log level set to [2]
[Package Manager] Server::EnsureServerProcessIsRunning -- launch failed, reason: Unity was launched with the -noUpm command-line argument
[Package Manager] Cannot connect to Unity Package Manager local server
Mono: successfully reloaded assembly
- Completed reload, in  1.249 seconds
Domain Reload Profiling:
	ReloadAssembly (1250ms)
		BeginReloadAssembly (89ms)
			ExecutionOrderSort (0ms)
			DisableScriptedObjects (4ms)
			BackupInstance (0ms)
			ReleaseScriptingObjects (0ms)
			CreateAndSetChildDomain (15ms)
		EndReloadAssembly (1095ms)
			LoadAssemblies (86ms)
			RebuildTransferFunctionScriptingTraits (0ms)
			SetupTypeCache (204ms)
			ReleaseScriptCaches (1ms)
			RebuildScriptCaches (46ms)
			SetupLoadedEditorAssemblies (745ms)
				LogAssemblyErrors (0ms)
				InitializePlatformSupportModulesInManaged (3ms)
				SetLoadedEditorAssemblies (0ms)
				RefreshPlugins (67ms)
				BeforeProcessingInitializeOnLoad (66ms)
				ProcessInitializeOnLoadAttributes (556ms)
				ProcessInitializeOnLoadMethodAttributes (49ms)
				AfterProcessingInitializeOnLoad (4ms)
				EditorAssembliesLoaded (0ms)
			ExecutionOrderSort2 (0ms)
			AwakeInstancesAfterBackupRestoration (5ms)
Platform modules already initialized, skipping
========================================================================
Worker process is ready to serve import requests
Launched and connected shader compiler UnityShaderCompiler.exe after 0.05 seconds
Refreshing native plugins compatible for Editor in 0.69 ms, found 3 plugins.
Preloading 0 native plugins for Editor in 0.00 ms.
Unloading 5398 Unused Serialized files (Serialized files now loaded: 0)
Unloading 47 unused Assets / (0.7 MB). Loaded Objects now: 5867.
Memory consumption went from 233.0 MB to 232.2 MB.
Total: 2.758000 ms (FindLiveObjects: 0.267300 ms CreateObjectMapping: 0.163800 ms MarkObjects: 2.117000 ms  DeleteObjects: 0.208900 ms)

AssetImportParameters requested are different than current active one (requested -> active):
  custom:video-decoder-ogg-theora: a1e56fd34408186e4bbccfd4996cb3dc -> 
  custom:container-muxer-webm: aa71ff27fc2769a1b78a27578f13a17b -> 
  custom:container-demuxer-webm: 4f35f7cbe854078d1ac9338744f61a02 -> 
  custom:video-encoder-webm-vp8: eb34c28f22e8b96e1ab97ce403110664 -> 
  custom:video-codec-MediaFoundation-h265: 746d11721c4dcdbdad8f713fa42b33f4 -> 
  custom:CustomObjectIndexerAttribute: 6b0e35c9178b02a6363f3721b7b8e397 -> 
  custom:audio-encoder-webm-vorbis: bf7c407c2cedff20999df2af8eb42d56 -> 
  custom:framework-win-MediaFoundation: 216162199b28c13a410421893ffa2e32 -> 
  custom:SearchIndexIgnoredProperties: e643bd26f0fe6173181afceb89e7c659 -> 
  custom:container-demuxer-ogg: 62fdf1f143b41e24485cea50d1cbac27 -> 
  custom:video-decoder-webm-vp8: 9c59270c3fd7afecdb556c50c9e8de78 -> 
  custom:audio-decoder-ogg-vorbis: bf7c407c2cedff20999df2af8eb42d56 -> 
========================================================================
Received Import Request.
  Time since last request: 29504.997749 seconds.
  path: Assets/Assets_Store/LowPolyInterior/Models/KithcenObjects/Garlic.fbx
  artifactKey: Guid(eec425031b4ab9f469f80c7d30574990) Importer(815301076,1909f56bfc062723c751e8b465ee728b)
Number of updated assets reloaded before import = 0
Start importing Assets/Assets_Store/LowPolyInterior/Models/KithcenObjects/Garlic.fbx using Guid(eec425031b4ab9f469f80c7d30574990) Importer(815301076,1909f56bfc062723c751e8b465ee728b)  -> (artifact id: '4731900499fb4b73a77532775ff1e215') in 0.132938 seconds 
Number of asset objects unloaded after import = 9
========================================================================
Received Import Request.
  Time since last request: 0.000026 seconds.
  path: Assets/Assets_Store/LowPolyInterior/Models/InteractiveFurniture/InteractiveFurniture2_02.fbx
  artifactKey: Guid(c144fb2434c139e4aa9224055e764eb5) Importer(815301076,1909f56bfc062723c751e8b465ee728b)
Number of updated assets reloaded before import = 0
Start importing Assets/Assets_Store/LowPolyInterior/Models/InteractiveFurniture/InteractiveFurniture2_02.fbx using Guid(c144fb2434c139e4aa9224055e764eb5) Importer(815301076,1909f56bfc062723c751e8b465ee728b)  -> (artifact id: 'b36c912ac6cd60fad42f3c6ec070f191') in 0.021040 seconds 
Number of asset objects unloaded after import = 7
========================================================================
Received Import Request.
  Time since last request: 0.000022 seconds.
  path: Assets/Assets_Store/LowPolyInterior/Models/InteractiveFurniture/InteractiveFurniture3_01.fbx
  artifactKey: Guid(f1d5b731032b38043b6b31940615ed42) Importer(815301076,1909f56bfc062723c751e8b465ee728b)
Number of updated assets reloaded before import = 0
Start importing Assets/Assets_Store/LowPolyInterior/Models/InteractiveFurniture/InteractiveFurniture3_01.fbx using Guid(f1d5b731032b38043b6b31940615ed42) Importer(815301076,1909f56bfc062723c751e8b465ee728b)  -> (artifact id: '3c41d7702cdd494a951e985fc415cd54') in 0.023618 seconds 
Number of asset objects unloaded after import = 7
========================================================================
Received Import Request.
  Time since last request: 0.000020 seconds.
  path: Assets/Assets_Store/LowPolyInterior/Models/InteractiveFurniture/InteractiveFurniture7_01.fbx
  artifactKey: Guid(d5cd59f7033b87d41b01a1caf9e9ffc4) Importer(815301076,1909f56bfc062723c751e8b465ee728b)
Number of updated assets reloaded before import = 0
Start importing Assets/Assets_Store/LowPolyInterior/Models/InteractiveFurniture/InteractiveFurniture7_01.fbx using Guid(d5cd59f7033b87d41b01a1caf9e9ffc4) Importer(815301076,1909f56bfc062723c751e8b465ee728b)  -> (artifact id: 'f7e673ca88e642fd600230ba02a939ad') in 0.018919 seconds 
Number of asset objects unloaded after import = 7
========================================================================
Received Import Request.
  Time since last request: 0.000022 seconds.
  path: Assets/Assets_Store/LowPolyInterior/Models/Walls/HouseWood.fbx
  artifactKey: Guid(ff3110a9c5f0de340963090f641f3aec) Importer(815301076,1909f56bfc062723c751e8b465ee728b)
Number of updated assets reloaded before import = 0
Start importing Assets/Assets_Store/LowPolyInterior/Models/Walls/HouseWood.fbx using Guid(ff3110a9c5f0de340963090f641f3aec) Importer(815301076,1909f56bfc062723c751e8b465ee728b)  -> (artifact id: '38c9ace57130276306895b61004692df') in 0.038399 seconds 
Number of asset objects unloaded after import = 9
========================================================================
Received Import Request.
  Time since last request: 0.000014 seconds.
  path: Assets/Assets_Store/LowPolyInterior/Models/Room/Hook_02.fbx
  artifactKey: Guid(2e484800954d82b459eaaeddab16b5b4) Importer(815301076,1909f56bfc062723c751e8b465ee728b)
Number of updated assets reloaded before import = 0
Start importing Assets/Assets_Store/LowPolyInterior/Models/Room/Hook_02.fbx using Guid(2e484800954d82b459eaaeddab16b5b4) Importer(815301076,1909f56bfc062723c751e8b465ee728b)  -> (artifact id: '201d632a5077b5a8cd4c8db36d19420f') in 0.039878 seconds 
Number of asset objects unloaded after import = 9
========================================================================
Received Import Request.
  Time since last request: 0.000020 seconds.
  path: Assets/Assets_Store/LowPolyInterior/Models/Room/Hook_01.fbx
  artifactKey: Guid(c3847e43981a66744a2f9bbd1fa9a2d9) Importer(815301076,1909f56bfc062723c751e8b465ee728b)
Number of updated assets reloaded before import = 0
Start importing Assets/Assets_Store/LowPolyInterior/Models/Room/Hook_01.fbx using Guid(c3847e43981a66744a2f9bbd1fa9a2d9) Importer(815301076,1909f56bfc062723c751e8b465ee728b)  -> (artifact id: '30ac4aed4c3d1fde57ff814435d0fd45') in 0.019246 seconds 
Number of asset objects unloaded after import = 9
========================================================================
Received Import Request.
  Time since last request: 0.000017 seconds.
  path: Assets/Assets_Store/LowPolyInterior/Models/InteractiveFurniture/InteractiveFurniture4_02.fbx
  artifactKey: Guid(b1a65990f85f3134fa79c83dfd1f74fc) Importer(815301076,1909f56bfc062723c751e8b465ee728b)
Number of updated assets reloaded before import = 0
Start importing Assets/Assets_Store/LowPolyInterior/Models/InteractiveFurniture/InteractiveFurniture4_02.fbx using Guid(b1a65990f85f3134fa79c83dfd1f74fc) Importer(815301076,1909f56bfc062723c751e8b465ee728b)  -> (artifact id: 'ca6eec9f18523989998b3805122c6525') in 0.015112 seconds 
Number of asset objects unloaded after import = 7
========================================================================
Received Import Request.
  Time since last request: 0.000019 seconds.
  path: Assets/Assets_Store/LowPolyInterior/Models/InteractiveFurniture/InteractiveFurniture7_03.fbx
  artifactKey: Guid(b26debc8e17dbba4bbba8af08b2d1988) Importer(815301076,1909f56bfc062723c751e8b465ee728b)
Number of updated assets reloaded before import = 0
Start importing Assets/Assets_Store/LowPolyInterior/Models/InteractiveFurniture/InteractiveFurniture7_03.fbx using Guid(b26debc8e17dbba4bbba8af08b2d1988) Importer(815301076,1909f56bfc062723c751e8b465ee728b)  -> (artifact id: 'a87040d7dbf0193bd5bf31dac94ebea7') in 0.017712 seconds 
Number of asset objects unloaded after import = 7
========================================================================
Received Import Request.
  Time since last request: 0.000014 seconds.
  path: Assets/Assets_Store/LowPolyInterior/Models/InteractiveFurniture/InteractiveFurniture3_02.fbx
  artifactKey: Guid(7bf9c41b2bebdd044ad07e5dd5809b4e) Importer(815301076,1909f56bfc062723c751e8b465ee728b)
Number of updated assets reloaded before import = 0
Start importing Assets/Assets_Store/LowPolyInterior/Models/InteractiveFurniture/InteractiveFurniture3_02.fbx using Guid(7bf9c41b2bebdd044ad07e5dd5809b4e) Importer(815301076,1909f56bfc062723c751e8b465ee728b)  -> (artifact id: 'f6a65d1e86f9fd673816263c8d5aa1eb') in 0.023573 seconds 
Number of asset objects unloaded after import = 7
========================================================================
Received Import Request.
  Time since last request: 0.000018 seconds.
  path: Assets/Assets_Store/LowPolyInterior/Models/InteractiveFurniture/InteractiveFurniture8_01.fbx
  artifactKey: Guid(641bced395f04da479bcc482c167c39f) Importer(815301076,1909f56bfc062723c751e8b465ee728b)
Number of updated assets reloaded before import = 0
Start importing Assets/Assets_Store/LowPolyInterior/Models/InteractiveFurniture/InteractiveFurniture8_01.fbx using Guid(641bced395f04da479bcc482c167c39f) Importer(815301076,1909f56bfc062723c751e8b465ee728b)  -> (artifact id: 'e1fc193b3f822f5ca8654d520de21edb') in 0.025984 seconds 
Number of asset objects unloaded after import = 7
========================================================================
Received Import Request.
  Time since last request: 11.216101 seconds.
  path: Assets/Assets_Store/LowPolyInterior/Models/KithcenObjects/Bacon.fbx
  artifactKey: Guid(611e5621cfe9d73408498863095a23e5) Importer(815301076,1909f56bfc062723c751e8b465ee728b)
Number of updated assets reloaded before import = 0
Start importing Assets/Assets_Store/LowPolyInterior/Models/KithcenObjects/Bacon.fbx using Guid(611e5621cfe9d73408498863095a23e5) Importer(815301076,1909f56bfc062723c751e8b465ee728b)  -> (artifact id: '1d540f1ff47530e08fa9e1c5a263ca71') in 0.052352 seconds 
Number of asset objects unloaded after import = 9
========================================================================
Received Import Request.
  Time since last request: 0.000021 seconds.
  path: Assets/Assets_Store/LowPolyInterior/Models/Bathroom/Boat.fbx
  artifactKey: Guid(eade3ab39903b2d4dabf7ac10d07eca5) Importer(815301076,1909f56bfc062723c751e8b465ee728b)
Number of updated assets reloaded before import = 0
Start importing Assets/Assets_Store/LowPolyInterior/Models/Bathroom/Boat.fbx using Guid(eade3ab39903b2d4dabf7ac10d07eca5) Importer(815301076,1909f56bfc062723c751e8b465ee728b)  -> (artifact id: '7ad5fa96bc0f8b210ba71c8e85ad7242') in 0.083876 seconds 
Number of asset objects unloaded after import = 9
========================================================================
Received Import Request.
  Time since last request: 0.000036 seconds.
  path: Assets/Assets_Store/LowPolyInterior/Models/Room/Catpet_04.fbx
  artifactKey: Guid(4b1b612e071db4743a9f58aa19251477) Importer(815301076,1909f56bfc062723c751e8b465ee728b)
Number of updated assets reloaded before import = 0
Start importing Assets/Assets_Store/LowPolyInterior/Models/Room/Catpet_04.fbx using Guid(4b1b612e071db4743a9f58aa19251477) Importer(815301076,1909f56bfc062723c751e8b465ee728b)  -> (artifact id: 'e6b47dfd60193724923e9a02c2d385b0') in 0.086262 seconds 
Number of asset objects unloaded after import = 9
========================================================================
Received Import Request.
  Time since last request: 0.000015 seconds.
  path: Assets/Assets_Store/LowPolyInterior/Models/KithcenObjects/Carrot.fbx
  artifactKey: Guid(60086cd7f3ad67e4794a6efb1b7c3365) Importer(815301076,1909f56bfc062723c751e8b465ee728b)
Number of updated assets reloaded before import = 0
Start importing Assets/Assets_Store/LowPolyInterior/Models/KithcenObjects/Carrot.fbx using Guid(60086cd7f3ad67e4794a6efb1b7c3365) Importer(815301076,1909f56bfc062723c751e8b465ee728b)  -> (artifact id: 'ef0ba5d8cb86679912542313e86fc0ec') in 0.026454 seconds 
Number of asset objects unloaded after import = 9
========================================================================
Received Import Request.
  Time since last request: 0.000020 seconds.
  path: Assets/Assets_Store/LowPolyInterior/Models/KithcenObjects/Bottle.fbx
  artifactKey: Guid(0675f055bf97ffc43a0ef6a163acd73d) Importer(815301076,1909f56bfc062723c751e8b465ee728b)
Number of updated assets reloaded before import = 0
Start importing Assets/Assets_Store/LowPolyInterior/Models/KithcenObjects/Bottle.fbx using Guid(0675f055bf97ffc43a0ef6a163acd73d) Importer(815301076,1909f56bfc062723c751e8b465ee728b)  -> (artifact id: '7a8f9c619e7d481fc6082d048e80a404') in 0.022540 seconds 
Number of asset objects unloaded after import = 9
========================================================================
Received Import Request.
  Time since last request: 0.000021 seconds.
  path: Assets/Assets_Store/LowPolyInterior/Models/Room/Book_01.fbx
  artifactKey: Guid(cf868f45db2cfa74bbf10d5fc3f94f96) Importer(815301076,1909f56bfc062723c751e8b465ee728b)
Number of updated assets reloaded before import = 0
Start importing Assets/Assets_Store/LowPolyInterior/Models/Room/Book_01.fbx using Guid(cf868f45db2cfa74bbf10d5fc3f94f96) Importer(815301076,1909f56bfc062723c751e8b465ee728b)  -> (artifact id: '83ec50f025fedcb454020ae3739313bd') in 0.025934 seconds 
Number of asset objects unloaded after import = 9
========================================================================
Received Import Request.
  Time since last request: 0.000024 seconds.
  path: Assets/Assets_Store/LowPolyInterior/Models/Room/Book_04.fbx
  artifactKey: Guid(e4aacfee583eba34794c828ff53a0be8) Importer(815301076,1909f56bfc062723c751e8b465ee728b)
Number of updated assets reloaded before import = 0
Start importing Assets/Assets_Store/LowPolyInterior/Models/Room/Book_04.fbx using Guid(e4aacfee583eba34794c828ff53a0be8) Importer(815301076,1909f56bfc062723c751e8b465ee728b)  -> (artifact id: '497fb41601df4a5e4528866250dd7cec') in 0.017178 seconds 
Number of asset objects unloaded after import = 9
========================================================================
Received Import Request.
  Time since last request: 0.000021 seconds.
  path: Assets/Assets_Store/LowPolyInterior/Models/Room/Bed1_01.fbx
  artifactKey: Guid(003ae24e4e7dee846a4b2d7021b01df8) Importer(815301076,1909f56bfc062723c751e8b465ee728b)
Number of updated assets reloaded before import = 0
Start importing Assets/Assets_Store/LowPolyInterior/Models/Room/Bed1_01.fbx using Guid(003ae24e4e7dee846a4b2d7021b01df8) Importer(815301076,1909f56bfc062723c751e8b465ee728b)  -> (artifact id: '8f651fd8fdba65494c323d2de3c55f2b') in 0.016582 seconds 
Number of asset objects unloaded after import = 9
========================================================================
Received Import Request.
  Time since last request: 56.883167 seconds.
  path: Assets/Assets_Store/LowPolyInterior/Models/Light/Light_02.fbx
  artifactKey: Guid(403c0693f189941458dd2291a02901e3) Importer(815301076,1909f56bfc062723c751e8b465ee728b)
Number of updated assets reloaded before import = 0
Start importing Assets/Assets_Store/LowPolyInterior/Models/Light/Light_02.fbx using Guid(403c0693f189941458dd2291a02901e3) Importer(815301076,1909f56bfc062723c751e8b465ee728b)  -> (artifact id: '413ac77ea32a854672b436f159cabe94') in 0.063620 seconds 
Number of asset objects unloaded after import = 9
========================================================================
Received Import Request.
  Time since last request: 0.000019 seconds.
  path: Assets/Assets_Store/LowPolyInterior/Models/Light/Light_07.fbx
  artifactKey: Guid(755f31ee38db342469839293a1a9fd3e) Importer(815301076,1909f56bfc062723c751e8b465ee728b)
Number of updated assets reloaded before import = 0
Start importing Assets/Assets_Store/LowPolyInterior/Models/Light/Light_07.fbx using Guid(755f31ee38db342469839293a1a9fd3e) Importer(815301076,1909f56bfc062723c751e8b465ee728b)  -> (artifact id: '28199b698d951d84593f31a296b90a6c') in 0.036239 seconds 
Number of asset objects unloaded after import = 7
========================================================================
Received Import Request.
  Time since last request: 0.000024 seconds.
  path: Assets/Assets_Store/LowPolyInterior/Models/KithcenObjects/Sausage.fbx
  artifactKey: Guid(5ba6586d066f72542be2d6dc98769103) Importer(815301076,1909f56bfc062723c751e8b465ee728b)
Number of updated assets reloaded before import = 0
Start importing Assets/Assets_Store/LowPolyInterior/Models/KithcenObjects/Sausage.fbx using Guid(5ba6586d066f72542be2d6dc98769103) Importer(815301076,1909f56bfc062723c751e8b465ee728b)  -> (artifact id: '24d7502c090728f2dc4f396376509476') in 0.025377 seconds 
Number of asset objects unloaded after import = 9
========================================================================
Received Import Request.
  Time since last request: 32.900733 seconds.
  path: Packages/com.dgreenheck.openfracture/Runtime/Meshes/LetterT.obj
  artifactKey: Guid(f3b9df4104d1b1545b5bb2040082f134) Importer(815301076,1909f56bfc062723c751e8b465ee728b)
Number of updated assets reloaded before import = 0
Start importing Packages/com.dgreenheck.openfracture/Runtime/Meshes/LetterT.obj using Guid(f3b9df4104d1b1545b5bb2040082f134) Importer(815301076,1909f56bfc062723c751e8b465ee728b)  -> (artifact id: '5a6f021b88721d5ad93081ab63696e3b') in 0.064941 seconds 
Number of asset objects unloaded after import = 11
========================================================================
Received Import Request.
  Time since last request: 0.000062 seconds.
  path: Packages/com.unity.searcher/Editor/Resources/FlatSkin/Font/Roboto-Thin.ttf
  artifactKey: Guid(19a9abb883540be48b75b951a927ae03) Importer(815301076,1909f56bfc062723c751e8b465ee728b)
Number of updated assets reloaded before import = 0
Start importing Packages/com.unity.searcher/Editor/Resources/FlatSkin/Font/Roboto-Thin.ttf using Guid(19a9abb883540be48b75b951a927ae03) Importer(815301076,1909f56bfc062723c751e8b465ee728b)  -> (artifact id: 'df3860e08ed71a65ad7d0aadaf94db26') in 0.089875 seconds 
Number of asset objects unloaded after import = 4
========================================================================
Received Import Request.
  Time since last request: 0.000037 seconds.
  path: Packages/com.unity.searcher/Editor/Resources/FlatSkin/Font/Roboto-Regular.ttf
  artifactKey: Guid(30dc370b164eefc43b95744fc796dad0) Importer(815301076,1909f56bfc062723c751e8b465ee728b)
Number of updated assets reloaded before import = 0
Start importing Packages/com.unity.searcher/Editor/Resources/FlatSkin/Font/Roboto-Regular.ttf using Guid(30dc370b164eefc43b95744fc796dad0) Importer(815301076,1909f56bfc062723c751e8b465ee728b)  -> (artifact id: 'e9158ea6ebbf88dc1599eb2ea2d6efdb') in 0.054658 seconds 
Number of asset objects unloaded after import = 4
========================================================================
Received Import Request.
  Time since last request: 0.000018 seconds.
  path: Packages/com.unity.searcher/Editor/Resources/FlatSkin/Font/Roboto-ThinItalic.ttf
  artifactKey: Guid(b2ea3b3f1765e544b9eb5bd1a93a91ce) Importer(815301076,1909f56bfc062723c751e8b465ee728b)
Number of updated assets reloaded before import = 0
Start importing Packages/com.unity.searcher/Editor/Resources/FlatSkin/Font/Roboto-ThinItalic.ttf using Guid(b2ea3b3f1765e544b9eb5bd1a93a91ce) Importer(815301076,1909f56bfc062723c751e8b465ee728b)  -> (artifact id: '099d86d920b7aed5536ff0e31d8988e7') in 0.027594 seconds 
Number of asset objects unloaded after import = 4
Editor requested this worker to shutdown with reason: Scaling down because of idle timeout
AssetImportWorkerClient::OnTransportError - code=2 error=End of file
AssetImportWorker is now disconnected from the server
Process exiting
Exiting without the bug reporter. Application will terminate with return code 0