Using pre-set license
Built from '2021.3/staging' branch; Version is '2021.3.30f1 (b4360d7cdac4) revision 11810317'; Using compiler version '192829333'; Build Type 'Release'
OS: 'Windows 11  (10.0.22621) 64bit Professional' Language: 'ko' Physical Memory: 32524 MB
BatchMode: 1, IsHumanControllingUs: 0, StartBugReporterOnCrash: 0, Is64bit: 1, IsPro: 1

COMMAND LINE ARGUMENTS:
C:\Program Files\Unity\Hub\Editor\2021.3.30f1\Editor\Unity.exe
-adb2
-batchMode
-noUpm
-name
AssetImportWorker31
-projectPath
D:/ìƒˆ í´ë”/OneDrive - ê²½í¬ëŒ€í•™êµ/ê²½í¬ëŒ€í•™êµ/ì†Œìœµê°œë¡ /swcon101_termprojrct
-logFile
Logs/AssetImportWorker31.log
-srvPort
5274
Successfully changed project path to: D:/ìƒˆ í´ë”/OneDrive - ê²½í¬ëŒ€í•™êµ/ê²½í¬ëŒ€í•™êµ/ì†Œìœµê°œë¡ /swcon101_termprojrct
D:/ìƒˆ í´ë”/OneDrive - ê²½í¬ëŒ€í•™êµ/ê²½í¬ëŒ€í•™êµ/ì†Œìœµê°œë¡ /swcon101_termprojrct
[UnityMemory] Configuration Parameters - Can be set up in boot.config
    "memorysetup-bucket-allocator-granularity=16"
    "memorysetup-bucket-allocator-bucket-count=8"
    "memorysetup-bucket-allocator-block-size=33554432"
    "memorysetup-bucket-allocator-block-count=8"
    "memorysetup-main-allocator-block-size=16777216"
    "memorysetup-thread-allocator-block-size=16777216"
    "memorysetup-gfx-main-allocator-block-size=16777216"
    "memorysetup-gfx-thread-allocator-block-size=16777216"
    "memorysetup-cache-allocator-block-size=4194304"
    "memorysetup-typetree-allocator-block-size=2097152"
    "memorysetup-profiler-bucket-allocator-granularity=16"
    "memorysetup-profiler-bucket-allocator-bucket-count=8"
    "memorysetup-profiler-bucket-allocator-block-size=33554432"
    "memorysetup-profiler-bucket-allocator-block-count=8"
    "memorysetup-profiler-allocator-block-size=16777216"
    "memorysetup-profiler-editor-allocator-block-size=1048576"
    "memorysetup-temp-allocator-size-main=16777216"
    "memorysetup-job-temp-allocator-block-size=2097152"
    "memorysetup-job-temp-allocator-block-size-background=1048576"
    "memorysetup-job-temp-allocator-reduction-small-platforms=262144"
    "memorysetup-temp-allocator-size-background-worker=32768"
    "memorysetup-temp-allocator-size-job-worker=262144"
    "memorysetup-temp-allocator-size-preload-manager=33554432"
    "memorysetup-temp-allocator-size-nav-mesh-worker=65536"
    "memorysetup-temp-allocator-size-audio-worker=65536"
    "memorysetup-temp-allocator-size-cloud-worker=32768"
    "memorysetup-temp-allocator-size-gi-baking-worker=262144"
    "memorysetup-temp-allocator-size-gfx=262144"
Player connection [28324] Host "[IP] 192.168.55.154 [Port] 0 [Flags] 2 [Guid] 3496376676 [EditorId] 3496376676 [Version] 1048832 [Id] WindowsEditor(7,°­º´ÈÆ) [Debug] 1 [PackageName] WindowsEditor [ProjectName] Editor" joined multi-casting on [225.0.0.222:54997]...

Player connection [28324] Host "[IP] 192.168.55.154 [Port] 0 [Flags] 2 [Guid] 3496376676 [EditorId] 3496376676 [Version] 1048832 [Id] WindowsEditor(7,°­º´ÈÆ) [Debug] 1 [PackageName] WindowsEditor [ProjectName] Editor" joined alternative multi-casting on [225.0.0.222:34997]...

[Physics::Module] Initialized MultithreadedJobDispatcher with {0} workers.
Refreshing native plugins compatible for Editor in 65.18 ms, found 3 plugins.
Preloading 0 native plugins for Editor in 0.00 ms.
Initialize engine version: 2021.3.30f1 (b4360d7cdac4)
[Subsystems] Discovering subsystems at path C:/Program Files/Unity/Hub/Editor/2021.3.30f1/Editor/Data/Resources/UnitySubsystems
[Subsystems] Discovering subsystems at path D:/ìƒˆ í´ë”/OneDrive - ê²½í¬ëŒ€í•™êµ/ê²½í¬ëŒ€í•™êµ/ì†Œìœµê°œë¡ /swcon101_termprojrct/Assets
GfxDevice: creating device client; threaded=0; jobified=0
Direct3D:
    Version:  Direct3D 11.0 [level 11.1]
    Renderer: NVIDIA GeForce RTX 3080 (ID=0x2216)
    Vendor:   NVIDIA
    VRAM:     10067 MB
    Driver:   31.0.15.3640
Initialize mono
Mono path[0] = 'C:/Program Files/Unity/Hub/Editor/2021.3.30f1/Editor/Data/Managed'
Mono path[1] = 'C:/Program Files/Unity/Hub/Editor/2021.3.30f1/Editor/Data/MonoBleedingEdge/lib/mono/unityjit-win32'
Mono config path = 'C:/Program Files/Unity/Hub/Editor/2021.3.30f1/Editor/Data/MonoBleedingEdge/etc'
Using monoOptions --debugger-agent=transport=dt_socket,embedding=1,server=y,suspend=n,address=127.0.0.1:56196
Begin MonoManager ReloadAssembly
Registering precompiled unity dll's ...
Register platform support module: C:/Program Files/Unity/Hub/Editor/2021.3.30f1/Editor/Data/PlaybackEngines/WindowsStandaloneSupport/UnityEditor.WindowsStandalone.Extensions.dll
Registered in 0.003093 seconds.
Native extension for WindowsStandalone target not found
Refreshing native plugins compatible for Editor in 64.11 ms, found 3 plugins.
Preloading 0 native plugins for Editor in 0.00 ms.
Mono: successfully reloaded assembly
- Completed reload, in  0.389 seconds
Domain Reload Profiling:
	ReloadAssembly (390ms)
		BeginReloadAssembly (58ms)
			ExecutionOrderSort (0ms)
			DisableScriptedObjects (0ms)
			BackupInstance (0ms)
			ReleaseScriptingObjects (0ms)
			CreateAndSetChildDomain (0ms)
		EndReloadAssembly (275ms)
			LoadAssemblies (57ms)
			RebuildTransferFunctionScriptingTraits (0ms)
			SetupTypeCache (61ms)
			ReleaseScriptCaches (0ms)
			RebuildScriptCaches (16ms)
			SetupLoadedEditorAssemblies (172ms)
				LogAssemblyErrors (0ms)
				InitializePlatformSupportModulesInManaged (5ms)
				SetLoadedEditorAssemblies (0ms)
				RefreshPlugins (64ms)
				BeforeProcessingInitializeOnLoad (1ms)
				ProcessInitializeOnLoadAttributes (70ms)
				ProcessInitializeOnLoadMethodAttributes (32ms)
				AfterProcessingInitializeOnLoad (0ms)
				EditorAssembliesLoaded (0ms)
			ExecutionOrderSort2 (0ms)
			AwakeInstancesAfterBackupRestoration (0ms)
Platform modules already initialized, skipping
Registering precompiled user dll's ...
Registered in 0.005995 seconds.
Begin MonoManager ReloadAssembly
Native extension for WindowsStandalone target not found
Refreshing native plugins compatible for Editor in 66.26 ms, found 3 plugins.
Preloading 0 native plugins for Editor in 0.00 ms.
Package Manager log level set to [2]
[Package Manager] Server::EnsureServerProcessIsRunning -- launch failed, reason: Unity was launched with the -noUpm command-line argument
[Package Manager] Cannot connect to Unity Package Manager local server
Mono: successfully reloaded assembly
- Completed reload, in  1.181 seconds
Domain Reload Profiling:
	ReloadAssembly (1182ms)
		BeginReloadAssembly (79ms)
			ExecutionOrderSort (0ms)
			DisableScriptedObjects (3ms)
			BackupInstance (0ms)
			ReleaseScriptingObjects (0ms)
			CreateAndSetChildDomain (12ms)
		EndReloadAssembly (1039ms)
			LoadAssemblies (66ms)
			RebuildTransferFunctionScriptingTraits (0ms)
			SetupTypeCache (190ms)
			ReleaseScriptCaches (0ms)
			RebuildScriptCaches (42ms)
			SetupLoadedEditorAssemblies (728ms)
				LogAssemblyErrors (0ms)
				InitializePlatformSupportModulesInManaged (3ms)
				SetLoadedEditorAssemblies (0ms)
				RefreshPlugins (66ms)
				BeforeProcessingInitializeOnLoad (66ms)
				ProcessInitializeOnLoadAttributes (543ms)
				ProcessInitializeOnLoadMethodAttributes (45ms)
				AfterProcessingInitializeOnLoad (5ms)
				EditorAssembliesLoaded (0ms)
			ExecutionOrderSort2 (0ms)
			AwakeInstancesAfterBackupRestoration (5ms)
Platform modules already initialized, skipping
========================================================================
Worker process is ready to serve import requests
Launched and connected shader compiler UnityShaderCompiler.exe after 0.03 seconds
Refreshing native plugins compatible for Editor in 0.58 ms, found 3 plugins.
Preloading 0 native plugins for Editor in 0.00 ms.
Unloading 5398 Unused Serialized files (Serialized files now loaded: 0)
Unloading 47 unused Assets / (0.7 MB). Loaded Objects now: 5867.
Memory consumption went from 233.0 MB to 232.3 MB.
Total: 2.662900 ms (FindLiveObjects: 0.243400 ms CreateObjectMapping: 0.155200 ms MarkObjects: 2.079100 ms  DeleteObjects: 0.183300 ms)

AssetImportParameters requested are different than current active one (requested -> active):
  custom:video-decoder-ogg-theora: a1e56fd34408186e4bbccfd4996cb3dc -> 
  custom:container-muxer-webm: aa71ff27fc2769a1b78a27578f13a17b -> 
  custom:container-demuxer-webm: 4f35f7cbe854078d1ac9338744f61a02 -> 
  custom:video-encoder-webm-vp8: eb34c28f22e8b96e1ab97ce403110664 -> 
  custom:video-codec-MediaFoundation-h265: 746d11721c4dcdbdad8f713fa42b33f4 -> 
  custom:CustomObjectIndexerAttribute: 6b0e35c9178b02a6363f3721b7b8e397 -> 
  custom:audio-encoder-webm-vorbis: bf7c407c2cedff20999df2af8eb42d56 -> 
  custom:framework-win-MediaFoundation: 216162199b28c13a410421893ffa2e32 -> 
  custom:SearchIndexIgnoredProperties: e643bd26f0fe6173181afceb89e7c659 -> 
  custom:container-demuxer-ogg: 62fdf1f143b41e24485cea50d1cbac27 -> 
  custom:video-decoder-webm-vp8: 9c59270c3fd7afecdb556c50c9e8de78 -> 
  custom:audio-decoder-ogg-vorbis: bf7c407c2cedff20999df2af8eb42d56 -> 
========================================================================
Received Import Request.
  Time since last request: 14198.261216 seconds.
  path: Assets/Assets_Store/LowPolyInterior/Prefabs/Flowers/Flower_03.prefab
  artifactKey: Guid(66120e87bffcf8540b4c0cb56158faf9) Importer(815301076,1909f56bfc062723c751e8b465ee728b)
Number of updated assets reloaded before import = 0
Start importing Assets/Assets_Store/LowPolyInterior/Prefabs/Flowers/Flower_03.prefab using Guid(66120e87bffcf8540b4c0cb56158faf9) Importer(815301076,1909f56bfc062723c751e8b465ee728b)  -> (artifact id: 'da2eeb50188bf7c92e4553558f9fc81b') in 0.149264 seconds 
Number of asset objects unloaded after import = 10
========================================================================
Received Import Request.
  Time since last request: 12.772747 seconds.
  path: Assets/Assets_Store/LowPolyInterior/Prefabs/KitchenObjects/Banana.prefab
  artifactKey: Guid(f40d328f8b37cac46ab2d51c43bd869d) Importer(815301076,1909f56bfc062723c751e8b465ee728b)
Number of updated assets reloaded before import = 0
Start importing Assets/Assets_Store/LowPolyInterior/Prefabs/KitchenObjects/Banana.prefab using Guid(f40d328f8b37cac46ab2d51c43bd869d) Importer(815301076,1909f56bfc062723c751e8b465ee728b)  -> (artifact id: '001a0d835572624619e39c5d7995efe2') in 0.051453 seconds 
Number of asset objects unloaded after import = 10
========================================================================
Received Import Request.
  Time since last request: 0.016570 seconds.
  path: Assets/Assets_Store/LowPolyInterior/Prefabs/KitchenObjects/Cake.prefab
  artifactKey: Guid(db2dcde823a1cae49ae90c5e5c7ffa47) Importer(815301076,1909f56bfc062723c751e8b465ee728b)
Number of updated assets reloaded before import = 0
Start importing Assets/Assets_Store/LowPolyInterior/Prefabs/KitchenObjects/Cake.prefab using Guid(db2dcde823a1cae49ae90c5e5c7ffa47) Importer(815301076,1909f56bfc062723c751e8b465ee728b)  -> (artifact id: '004d773cb5cb07e1b753e8d9bd7e959b') in 0.055523 seconds 
Number of asset objects unloaded after import = 10
========================================================================
Received Import Request.
  Time since last request: 0.017797 seconds.
  path: Assets/Assets_Store/LowPolyInterior/Prefabs/KitchenObjects/CoffeeCup.prefab
  artifactKey: Guid(386f27937ef02ae4f90d0a138eb53743) Importer(815301076,1909f56bfc062723c751e8b465ee728b)
Number of updated assets reloaded before import = 0
Start importing Assets/Assets_Store/LowPolyInterior/Prefabs/KitchenObjects/CoffeeCup.prefab using Guid(386f27937ef02ae4f90d0a138eb53743) Importer(815301076,1909f56bfc062723c751e8b465ee728b)  -> (artifact id: '40932b433ac87309eb75197ca8524020') in 0.042204 seconds 
Number of asset objects unloaded after import = 10
========================================================================
Received Import Request.
  Time since last request: 0.006094 seconds.
  path: Assets/Assets_Store/LowPolyInterior/Prefabs/KitchenObjects/Cup_01.prefab
  artifactKey: Guid(9b7be864c2a54e44a878adcfec2651e1) Importer(815301076,1909f56bfc062723c751e8b465ee728b)
Number of updated assets reloaded before import = 0
Start importing Assets/Assets_Store/LowPolyInterior/Prefabs/KitchenObjects/Cup_01.prefab using Guid(9b7be864c2a54e44a878adcfec2651e1) Importer(815301076,1909f56bfc062723c751e8b465ee728b)  -> (artifact id: 'd522312ddfb1f31854a6312c70f40815') in 0.035786 seconds 
Number of asset objects unloaded after import = 10
========================================================================
Received Import Request.
  Time since last request: 0.067515 seconds.
  path: Assets/Assets_Store/LowPolyInterior/Prefabs/KitchenObjects/Cup_07.prefab
  artifactKey: Guid(bf07f866549108f419e0edfda8b2838f) Importer(815301076,1909f56bfc062723c751e8b465ee728b)
Number of updated assets reloaded before import = 0
Start importing Assets/Assets_Store/LowPolyInterior/Prefabs/KitchenObjects/Cup_07.prefab using Guid(bf07f866549108f419e0edfda8b2838f) Importer(815301076,1909f56bfc062723c751e8b465ee728b)  -> (artifact id: '040932b083c2d6015ce431827e0d00e3') in 0.041582 seconds 
Number of asset objects unloaded after import = 10
========================================================================
Received Import Request.
  Time since last request: 0.000862 seconds.
  path: Assets/Assets_Store/LowPolyInterior/Prefabs/KitchenObjects/Donut_02.prefab
  artifactKey: Guid(f888a5805efe22c4295dedd2277653cb) Importer(815301076,1909f56bfc062723c751e8b465ee728b)
Number of updated assets reloaded before import = 0
Start importing Assets/Assets_Store/LowPolyInterior/Prefabs/KitchenObjects/Donut_02.prefab using Guid(f888a5805efe22c4295dedd2277653cb) Importer(815301076,1909f56bfc062723c751e8b465ee728b)  -> (artifact id: '6283f9d23a1e1784510a2b772c13fa98') in 0.068389 seconds 
Number of asset objects unloaded after import = 10
========================================================================
Received Import Request.
  Time since last request: 0.037111 seconds.
  path: Assets/Assets_Store/LowPolyInterior/Prefabs/KitchenObjects/Kettle.prefab
  artifactKey: Guid(c784971b2c816c74bbc4343363132fae) Importer(815301076,1909f56bfc062723c751e8b465ee728b)
Number of updated assets reloaded before import = 0
Start importing Assets/Assets_Store/LowPolyInterior/Prefabs/KitchenObjects/Kettle.prefab using Guid(c784971b2c816c74bbc4343363132fae) Importer(815301076,1909f56bfc062723c751e8b465ee728b)  -> (artifact id: 'd250adac9425caa762f14b8ea5aa3472') in 0.072445 seconds 
Number of asset objects unloaded after import = 10
========================================================================
Received Import Request.
  Time since last request: 0.000028 seconds.
  path: Assets/Assets_Store/LowPolyInterior/Prefabs/KitchenObjects/Orange.prefab
  artifactKey: Guid(10ccad31f79bda44e9e6702a2b5ae66c) Importer(815301076,1909f56bfc062723c751e8b465ee728b)
Number of updated assets reloaded before import = 0
Start importing Assets/Assets_Store/LowPolyInterior/Prefabs/KitchenObjects/Orange.prefab using Guid(10ccad31f79bda44e9e6702a2b5ae66c) Importer(815301076,1909f56bfc062723c751e8b465ee728b)  -> (artifact id: '3b5ec045b76e227f8243fdc38dcc74c5') in 0.016236 seconds 
Number of asset objects unloaded after import = 10
========================================================================
Received Import Request.
  Time since last request: 0.000034 seconds.
  path: Assets/Assets_Store/LowPolyInterior/Prefabs/KitchenObjects/Pan_01.prefab
  artifactKey: Guid(5112905c34a9e044598681b81d1d286e) Importer(815301076,1909f56bfc062723c751e8b465ee728b)
Number of updated assets reloaded before import = 0
Start importing Assets/Assets_Store/LowPolyInterior/Prefabs/KitchenObjects/Pan_01.prefab using Guid(5112905c34a9e044598681b81d1d286e) Importer(815301076,1909f56bfc062723c751e8b465ee728b)  -> (artifact id: 'aec5eef45429c868aece746c0d3f81d7') in 0.052883 seconds 
Number of asset objects unloaded after import = 10
========================================================================
Received Import Request.
  Time since last request: 0.000013 seconds.
  path: Assets/Assets_Store/LowPolyInterior/Prefabs/KitchenObjects/Potato.prefab
  artifactKey: Guid(4bf681324a653fe4ca57287ed6f56c2b) Importer(815301076,1909f56bfc062723c751e8b465ee728b)
Number of updated assets reloaded before import = 0
Start importing Assets/Assets_Store/LowPolyInterior/Prefabs/KitchenObjects/Potato.prefab using Guid(4bf681324a653fe4ca57287ed6f56c2b) Importer(815301076,1909f56bfc062723c751e8b465ee728b)  -> (artifact id: '557b005a433c39717b535e8dbdef168f') in 0.042147 seconds 
Number of asset objects unloaded after import = 10
========================================================================
Received Import Request.
  Time since last request: 0.000014 seconds.
  path: Assets/Assets_Store/LowPolyInterior/Prefabs/KitchenObjects/Sandwich.prefab
  artifactKey: Guid(420b0bd05f625fb4089dd5a7f2e79a5f) Importer(815301076,1909f56bfc062723c751e8b465ee728b)
Number of updated assets reloaded before import = 0
Start importing Assets/Assets_Store/LowPolyInterior/Prefabs/KitchenObjects/Sandwich.prefab using Guid(420b0bd05f625fb4089dd5a7f2e79a5f) Importer(815301076,1909f56bfc062723c751e8b465ee728b)  -> (artifact id: 'f723a54d73fad3cef11d4f43f1a642b6') in 0.019072 seconds 
Number of asset objects unloaded after import = 10
========================================================================
Received Import Request.
  Time since last request: 0.000014 seconds.
  path: Assets/Assets_Store/LowPolyInterior/Prefabs/KitchenObjects/Steak_01.prefab
  artifactKey: Guid(6524145838ab28c4a99d218429dc3403) Importer(815301076,1909f56bfc062723c751e8b465ee728b)
Number of updated assets reloaded before import = 0
Start importing Assets/Assets_Store/LowPolyInterior/Prefabs/KitchenObjects/Steak_01.prefab using Guid(6524145838ab28c4a99d218429dc3403) Importer(815301076,1909f56bfc062723c751e8b465ee728b)  -> (artifact id: '47c376e9c9dfe6df713b06e41b5bf9eb') in 0.019564 seconds 
Number of asset objects unloaded after import = 10
========================================================================
Received Import Request.
  Time since last request: 0.000013 seconds.
  path: Assets/Assets_Store/LowPolyInterior/Prefabs/KitchenObjects/Pumpkin.prefab
  artifactKey: Guid(898a12f6bd9a70f47b35bd608e0c1d31) Importer(815301076,1909f56bfc062723c751e8b465ee728b)
Number of updated assets reloaded before import = 0
Start importing Assets/Assets_Store/LowPolyInterior/Prefabs/KitchenObjects/Pumpkin.prefab using Guid(898a12f6bd9a70f47b35bd608e0c1d31) Importer(815301076,1909f56bfc062723c751e8b465ee728b)  -> (artifact id: '7ab8f6775000187f237a19189b6ad14c') in 0.069083 seconds 
Number of asset objects unloaded after import = 10
========================================================================
Received Import Request.
  Time since last request: 0.000016 seconds.
  path: Assets/Assets_Store/LowPolyInterior/Prefabs/KitchenObjects/Plate_07.prefab
  artifactKey: Guid(a112c798ffe5afd459f2934483364874) Importer(815301076,1909f56bfc062723c751e8b465ee728b)
Number of updated assets reloaded before import = 0
Start importing Assets/Assets_Store/LowPolyInterior/Prefabs/KitchenObjects/Plate_07.prefab using Guid(a112c798ffe5afd459f2934483364874) Importer(815301076,1909f56bfc062723c751e8b465ee728b)  -> (artifact id: 'bebdc502a92167c3639aa2ec62569354') in 0.046417 seconds 
Number of asset objects unloaded after import = 10
========================================================================
Received Import Request.
  Time since last request: 0.000019 seconds.
  path: Assets/Assets_Store/LowPolyInterior/Prefabs/KitchenObjects/Onion.prefab
  artifactKey: Guid(97c865c40a49629418dd0b0446affc77) Importer(815301076,1909f56bfc062723c751e8b465ee728b)
Number of updated assets reloaded before import = 0
Start importing Assets/Assets_Store/LowPolyInterior/Prefabs/KitchenObjects/Onion.prefab using Guid(97c865c40a49629418dd0b0446affc77) Importer(815301076,1909f56bfc062723c751e8b465ee728b)  -> (artifact id: '640a3a4bb8455be6ef000057b71a7d5b') in 0.031498 seconds 
Number of asset objects unloaded after import = 10
========================================================================
Received Import Request.
  Time since last request: 0.004943 seconds.
  path: Assets/Assets_Store/LowPolyInterior/Prefabs/KitchenObjects/Watermelon_02.prefab
  artifactKey: Guid(3f1703587481a694b9af8e79df2bf0a1) Importer(815301076,1909f56bfc062723c751e8b465ee728b)
Number of updated assets reloaded before import = 0
Start importing Assets/Assets_Store/LowPolyInterior/Prefabs/KitchenObjects/Watermelon_02.prefab using Guid(3f1703587481a694b9af8e79df2bf0a1) Importer(815301076,1909f56bfc062723c751e8b465ee728b)  -> (artifact id: '3401a4de08f4dd43ba6d40810a08c1bd') in 0.054278 seconds 
Number of asset objects unloaded after import = 10
Editor requested this worker to shutdown with reason: Scaling down because of idle timeout
AssetImportWorker is now disconnected from the server
Process exiting
Exiting without the bug reporter. Application will terminate with return code 0