Using pre-set license
Built from '2021.3/staging' branch; Version is '2021.3.30f1 (b4360d7cdac4) revision 11810317'; Using compiler version '192829333'; Build Type 'Release'
OS: 'Windows 11  (10.0.22621) 64bit Professional' Language: 'ko' Physical Memory: 32524 MB
BatchMode: 1, IsHumanControllingUs: 0, StartBugReporterOnCrash: 0, Is64bit: 1, IsPro: 1

COMMAND LINE ARGUMENTS:
C:\Program Files\Unity\Hub\Editor\2021.3.30f1\Editor\Unity.exe
-adb2
-batchMode
-noUpm
-name
AssetImportWorker21
-projectPath
D:/ìƒˆ í´ë”/OneDrive - ê²½í¬ëŒ€í•™êµ/ê²½í¬ëŒ€í•™êµ/ì†Œìœµê°œë¡ /swcon101_termprojrct
-logFile
Logs/AssetImportWorker21.log
-srvPort
5274
Successfully changed project path to: D:/ìƒˆ í´ë”/OneDrive - ê²½í¬ëŒ€í•™êµ/ê²½í¬ëŒ€í•™êµ/ì†Œìœµê°œë¡ /swcon101_termprojrct
D:/ìƒˆ í´ë”/OneDrive - ê²½í¬ëŒ€í•™êµ/ê²½í¬ëŒ€í•™êµ/ì†Œìœµê°œë¡ /swcon101_termprojrct
[UnityMemory] Configuration Parameters - Can be set up in boot.config
    "memorysetup-bucket-allocator-granularity=16"
    "memorysetup-bucket-allocator-bucket-count=8"
    "memorysetup-bucket-allocator-block-size=33554432"
    "memorysetup-bucket-allocator-block-count=8"
    "memorysetup-main-allocator-block-size=16777216"
    "memorysetup-thread-allocator-block-size=16777216"
    "memorysetup-gfx-main-allocator-block-size=16777216"
    "memorysetup-gfx-thread-allocator-block-size=16777216"
    "memorysetup-cache-allocator-block-size=4194304"
    "memorysetup-typetree-allocator-block-size=2097152"
    "memorysetup-profiler-bucket-allocator-granularity=16"
    "memorysetup-profiler-bucket-allocator-bucket-count=8"
    "memorysetup-profiler-bucket-allocator-block-size=33554432"
    "memorysetup-profiler-bucket-allocator-block-count=8"
    "memorysetup-profiler-allocator-block-size=16777216"
    "memorysetup-profiler-editor-allocator-block-size=1048576"
    "memorysetup-temp-allocator-size-main=16777216"
    "memorysetup-job-temp-allocator-block-size=2097152"
    "memorysetup-job-temp-allocator-block-size-background=1048576"
    "memorysetup-job-temp-allocator-reduction-small-platforms=262144"
    "memorysetup-temp-allocator-size-background-worker=32768"
    "memorysetup-temp-allocator-size-job-worker=262144"
    "memorysetup-temp-allocator-size-preload-manager=33554432"
    "memorysetup-temp-allocator-size-nav-mesh-worker=65536"
    "memorysetup-temp-allocator-size-audio-worker=65536"
    "memorysetup-temp-allocator-size-cloud-worker=32768"
    "memorysetup-temp-allocator-size-gi-baking-worker=262144"
    "memorysetup-temp-allocator-size-gfx=262144"
Player connection [30668] Host "[IP] 192.168.55.154 [Port] 0 [Flags] 2 [Guid] 2200349194 [EditorId] 2200349194 [Version] 1048832 [Id] WindowsEditor(7,°­º´ÈÆ) [Debug] 1 [PackageName] WindowsEditor [ProjectName] Editor" joined multi-casting on [225.0.0.222:54997]...

Player connection [30668] Host "[IP] 192.168.55.154 [Port] 0 [Flags] 2 [Guid] 2200349194 [EditorId] 2200349194 [Version] 1048832 [Id] WindowsEditor(7,°­º´ÈÆ) [Debug] 1 [PackageName] WindowsEditor [ProjectName] Editor" joined alternative multi-casting on [225.0.0.222:34997]...

[Physics::Module] Initialized MultithreadedJobDispatcher with {0} workers.
Refreshing native plugins compatible for Editor in 76.79 ms, found 3 plugins.
Preloading 0 native plugins for Editor in 0.00 ms.
Initialize engine version: 2021.3.30f1 (b4360d7cdac4)
[Subsystems] Discovering subsystems at path C:/Program Files/Unity/Hub/Editor/2021.3.30f1/Editor/Data/Resources/UnitySubsystems
[Subsystems] Discovering subsystems at path D:/ìƒˆ í´ë”/OneDrive - ê²½í¬ëŒ€í•™êµ/ê²½í¬ëŒ€í•™êµ/ì†Œìœµê°œë¡ /swcon101_termprojrct/Assets
GfxDevice: creating device client; threaded=0; jobified=0
Direct3D:
    Version:  Direct3D 11.0 [level 11.1]
    Renderer: NVIDIA GeForce RTX 3080 (ID=0x2216)
    Vendor:   NVIDIA
    VRAM:     10067 MB
    Driver:   31.0.15.3640
Initialize mono
Mono path[0] = 'C:/Program Files/Unity/Hub/Editor/2021.3.30f1/Editor/Data/Managed'
Mono path[1] = 'C:/Program Files/Unity/Hub/Editor/2021.3.30f1/Editor/Data/MonoBleedingEdge/lib/mono/unityjit-win32'
Mono config path = 'C:/Program Files/Unity/Hub/Editor/2021.3.30f1/Editor/Data/MonoBleedingEdge/etc'
Using monoOptions --debugger-agent=transport=dt_socket,embedding=1,server=y,suspend=n,address=127.0.0.1:56844
Begin MonoManager ReloadAssembly
Registering precompiled unity dll's ...
Register platform support module: C:/Program Files/Unity/Hub/Editor/2021.3.30f1/Editor/Data/PlaybackEngines/WindowsStandaloneSupport/UnityEditor.WindowsStandalone.Extensions.dll
Registered in 0.133475 seconds.
Native extension for WindowsStandalone target not found
Refreshing native plugins compatible for Editor in 65.40 ms, found 3 plugins.
Preloading 0 native plugins for Editor in 0.00 ms.
Mono: successfully reloaded assembly
- Completed reload, in  5.443 seconds
Domain Reload Profiling:
	ReloadAssembly (5443ms)
		BeginReloadAssembly (4951ms)
			ExecutionOrderSort (0ms)
			DisableScriptedObjects (0ms)
			BackupInstance (0ms)
			ReleaseScriptingObjects (0ms)
			CreateAndSetChildDomain (0ms)
		EndReloadAssembly (294ms)
			LoadAssemblies (4948ms)
			RebuildTransferFunctionScriptingTraits (0ms)
			SetupTypeCache (65ms)
			ReleaseScriptCaches (0ms)
			RebuildScriptCaches (18ms)
			SetupLoadedEditorAssemblies (183ms)
				LogAssemblyErrors (0ms)
				InitializePlatformSupportModulesInManaged (5ms)
				SetLoadedEditorAssemblies (0ms)
				RefreshPlugins (65ms)
				BeforeProcessingInitializeOnLoad (1ms)
				ProcessInitializeOnLoadAttributes (79ms)
				ProcessInitializeOnLoadMethodAttributes (33ms)
				AfterProcessingInitializeOnLoad (0ms)
				EditorAssembliesLoaded (0ms)
			ExecutionOrderSort2 (0ms)
			AwakeInstancesAfterBackupRestoration (0ms)
Platform modules already initialized, skipping
Registering precompiled user dll's ...
Registered in 0.005909 seconds.
Begin MonoManager ReloadAssembly
Native extension for WindowsStandalone target not found
Refreshing native plugins compatible for Editor in 76.74 ms, found 3 plugins.
Preloading 0 native plugins for Editor in 0.00 ms.
Package Manager log level set to [2]
[Package Manager] Server::EnsureServerProcessIsRunning -- launch failed, reason: Unity was launched with the -noUpm command-line argument
[Package Manager] Cannot connect to Unity Package Manager local server
Mono: successfully reloaded assembly
- Completed reload, in  1.857 seconds
Domain Reload Profiling:
	ReloadAssembly (1857ms)
		BeginReloadAssembly (90ms)
			ExecutionOrderSort (0ms)
			DisableScriptedObjects (3ms)
			BackupInstance (0ms)
			ReleaseScriptingObjects (0ms)
			CreateAndSetChildDomain (13ms)
		EndReloadAssembly (1700ms)
			LoadAssemblies (545ms)
			RebuildTransferFunctionScriptingTraits (0ms)
			SetupTypeCache (264ms)
			ReleaseScriptCaches (1ms)
			RebuildScriptCaches (54ms)
			SetupLoadedEditorAssemblies (815ms)
				LogAssemblyErrors (0ms)
				InitializePlatformSupportModulesInManaged (3ms)
				SetLoadedEditorAssemblies (0ms)
				RefreshPlugins (77ms)
				BeforeProcessingInitializeOnLoad (75ms)
				ProcessInitializeOnLoadAttributes (598ms)
				ProcessInitializeOnLoadMethodAttributes (56ms)
				AfterProcessingInitializeOnLoad (5ms)
				EditorAssembliesLoaded (0ms)
			ExecutionOrderSort2 (0ms)
			AwakeInstancesAfterBackupRestoration (6ms)
Platform modules already initialized, skipping
========================================================================
Worker process is ready to serve import requests
Launched and connected shader compiler UnityShaderCompiler.exe after 0.05 seconds
Refreshing native plugins compatible for Editor in 1.26 ms, found 3 plugins.
Preloading 0 native plugins for Editor in 0.00 ms.
Unloading 5398 Unused Serialized files (Serialized files now loaded: 0)
Unloading 47 unused Assets / (0.7 MB). Loaded Objects now: 5867.
Memory consumption went from 233.0 MB to 232.3 MB.
Total: 5.304900 ms (FindLiveObjects: 0.607400 ms CreateObjectMapping: 0.729800 ms MarkObjects: 3.568800 ms  DeleteObjects: 0.396900 ms)

AssetImportParameters requested are different than current active one (requested -> active):
  custom:video-decoder-ogg-theora: a1e56fd34408186e4bbccfd4996cb3dc -> 
  custom:container-muxer-webm: aa71ff27fc2769a1b78a27578f13a17b -> 
  custom:container-demuxer-webm: 4f35f7cbe854078d1ac9338744f61a02 -> 
  custom:video-encoder-webm-vp8: eb34c28f22e8b96e1ab97ce403110664 -> 
  custom:video-codec-MediaFoundation-h265: 746d11721c4dcdbdad8f713fa42b33f4 -> 
  custom:CustomObjectIndexerAttribute: 6b0e35c9178b02a6363f3721b7b8e397 -> 
  custom:audio-encoder-webm-vorbis: bf7c407c2cedff20999df2af8eb42d56 -> 
  custom:framework-win-MediaFoundation: 216162199b28c13a410421893ffa2e32 -> 
  custom:SearchIndexIgnoredProperties: e643bd26f0fe6173181afceb89e7c659 -> 
  custom:container-demuxer-ogg: 62fdf1f143b41e24485cea50d1cbac27 -> 
  custom:video-decoder-webm-vp8: 9c59270c3fd7afecdb556c50c9e8de78 -> 
  custom:audio-decoder-ogg-vorbis: bf7c407c2cedff20999df2af8eb42d56 -> 
========================================================================
Received Import Request.
  Time since last request: 12148.607170 seconds.
  path: Assets/Assets_Store/LowPolyInterior/Prefabs/Room
  artifactKey: Guid(3e0f05036de94cf4d9c6c46510e5e1e5) Importer(815301076,1909f56bfc062723c751e8b465ee728b)
Number of updated assets reloaded before import = 0
Start importing Assets/Assets_Store/LowPolyInterior/Prefabs/Room using Guid(3e0f05036de94cf4d9c6c46510e5e1e5) Importer(815301076,1909f56bfc062723c751e8b465ee728b)  -> (artifact id: 'd06fcbc70259df4b3e418885ccb5df0e') in 0.021295 seconds 
Number of asset objects unloaded after import = 0
========================================================================
Received Import Request.
  Time since last request: 0.045375 seconds.
  path: Assets/Assets_Store/LowPolyInterior/Prefabs/Room/AirCondition.prefab
  artifactKey: Guid(f41e08e55b905544a949d9733744ce0e) Importer(815301076,1909f56bfc062723c751e8b465ee728b)
Number of updated assets reloaded before import = 0
Start importing Assets/Assets_Store/LowPolyInterior/Prefabs/Room/AirCondition.prefab using Guid(f41e08e55b905544a949d9733744ce0e) Importer(815301076,1909f56bfc062723c751e8b465ee728b)  -> (artifact id: '3f0c5ee4547a9088881c14524634b026') in 0.140708 seconds 
Number of asset objects unloaded after import = 10
========================================================================
Received Import Request.
  Time since last request: 0.000018 seconds.
  path: Assets/Assets_Store/LowPolyInterior/Prefabs/Room/Bed2_02.prefab
  artifactKey: Guid(c9be73b83aebc3344840979b028ec7aa) Importer(815301076,1909f56bfc062723c751e8b465ee728b)
Number of updated assets reloaded before import = 0
Start importing Assets/Assets_Store/LowPolyInterior/Prefabs/Room/Bed2_02.prefab using Guid(c9be73b83aebc3344840979b028ec7aa) Importer(815301076,1909f56bfc062723c751e8b465ee728b)  -> (artifact id: '97bb48511e7f67ce8050068388e0b6f2') in 0.068394 seconds 
Number of asset objects unloaded after import = 10
========================================================================
Received Import Request.
  Time since last request: 0.000019 seconds.
  path: Assets/Assets_Store/LowPolyInterior/Prefabs/Room/Bed2_03.prefab
  artifactKey: Guid(0e9d18fc4326d584bbd0142e8e3e91c9) Importer(815301076,1909f56bfc062723c751e8b465ee728b)
Number of updated assets reloaded before import = 0
Start importing Assets/Assets_Store/LowPolyInterior/Prefabs/Room/Bed2_03.prefab using Guid(0e9d18fc4326d584bbd0142e8e3e91c9) Importer(815301076,1909f56bfc062723c751e8b465ee728b)  -> (artifact id: 'b865bb01503c877660410813e0da8f2a') in 0.024618 seconds 
Number of asset objects unloaded after import = 10
========================================================================
Received Import Request.
  Time since last request: 0.000022 seconds.
  path: Assets/Assets_Store/LowPolyInterior/Prefabs/Room/Book_03.prefab
  artifactKey: Guid(a13d069b2efd7874bb438cec39d00001) Importer(815301076,1909f56bfc062723c751e8b465ee728b)
Number of updated assets reloaded before import = 0
Start importing Assets/Assets_Store/LowPolyInterior/Prefabs/Room/Book_03.prefab using Guid(a13d069b2efd7874bb438cec39d00001) Importer(815301076,1909f56bfc062723c751e8b465ee728b)  -> (artifact id: '526fa9c9fd5f7d3b01d56d757be6d8fb') in 0.049505 seconds 
Number of asset objects unloaded after import = 10
========================================================================
Received Import Request.
  Time since last request: 0.000019 seconds.
  path: Assets/Assets_Store/LowPolyInterior/Prefabs/Room/Book_04.prefab
  artifactKey: Guid(fcee60bf92be97f45bcd757fe68c58e9) Importer(815301076,1909f56bfc062723c751e8b465ee728b)
Number of updated assets reloaded before import = 0
Start importing Assets/Assets_Store/LowPolyInterior/Prefabs/Room/Book_04.prefab using Guid(fcee60bf92be97f45bcd757fe68c58e9) Importer(815301076,1909f56bfc062723c751e8b465ee728b)  -> (artifact id: '37ae4191c3cde1e2e6985e9a65910b19') in 0.020096 seconds 
Number of asset objects unloaded after import = 10
========================================================================
Received Import Request.
  Time since last request: 0.000023 seconds.
  path: Assets/Assets_Store/LowPolyInterior/Prefabs/Room/Book_02.prefab
  artifactKey: Guid(33a8c28b4f33d61478a68178b96b46b8) Importer(815301076,1909f56bfc062723c751e8b465ee728b)
Number of updated assets reloaded before import = 0
Start importing Assets/Assets_Store/LowPolyInterior/Prefabs/Room/Book_02.prefab using Guid(33a8c28b4f33d61478a68178b96b46b8) Importer(815301076,1909f56bfc062723c751e8b465ee728b)  -> (artifact id: '96a89ccaae42989bfeb862ab0d7577ba') in 0.047995 seconds 
Number of asset objects unloaded after import = 10
========================================================================
Received Import Request.
  Time since last request: 0.000015 seconds.
  path: Assets/Assets_Store/LowPolyInterior/Prefabs/Room/Box.prefab
  artifactKey: Guid(a30a1848c63e8504eade6a510775e9d2) Importer(815301076,1909f56bfc062723c751e8b465ee728b)
Number of updated assets reloaded before import = 0
Start importing Assets/Assets_Store/LowPolyInterior/Prefabs/Room/Box.prefab using Guid(a30a1848c63e8504eade6a510775e9d2) Importer(815301076,1909f56bfc062723c751e8b465ee728b)  -> (artifact id: '11b701a944cd6a7c1afeb2e4eb8878f5') in 0.045435 seconds 
Number of asset objects unloaded after import = 10
========================================================================
Received Import Request.
  Time since last request: 0.000015 seconds.
  path: Assets/Assets_Store/LowPolyInterior/Prefabs/Room/Catpet_03.prefab
  artifactKey: Guid(2131c85c878a65244ad8dd24a806ec6e) Importer(815301076,1909f56bfc062723c751e8b465ee728b)
Number of updated assets reloaded before import = 0
Start importing Assets/Assets_Store/LowPolyInterior/Prefabs/Room/Catpet_03.prefab using Guid(2131c85c878a65244ad8dd24a806ec6e) Importer(815301076,1909f56bfc062723c751e8b465ee728b)  -> (artifact id: '0ceb44ddbc5b960c60f4163e48d4cd28') in 0.032699 seconds 
Number of asset objects unloaded after import = 10
========================================================================
Received Import Request.
  Time since last request: 0.000015 seconds.
  path: Assets/Assets_Store/LowPolyInterior/Prefabs/Room/Catpet_05.prefab
  artifactKey: Guid(921477ce2a00fe441a080957e15590e2) Importer(815301076,1909f56bfc062723c751e8b465ee728b)
Number of updated assets reloaded before import = 0
Start importing Assets/Assets_Store/LowPolyInterior/Prefabs/Room/Catpet_05.prefab using Guid(921477ce2a00fe441a080957e15590e2) Importer(815301076,1909f56bfc062723c751e8b465ee728b)  -> (artifact id: '2830b419aa2e133a2335030a3d82950f') in 0.012450 seconds 
Number of asset objects unloaded after import = 10
========================================================================
Received Import Request.
  Time since last request: 0.000025 seconds.
  path: Assets/Assets_Store/LowPolyInterior/Prefabs/Room/Candle_01.prefab
  artifactKey: Guid(11add328cb2a47a4c9e6af573064f71d) Importer(815301076,1909f56bfc062723c751e8b465ee728b)
Number of updated assets reloaded before import = 0
Start importing Assets/Assets_Store/LowPolyInterior/Prefabs/Room/Candle_01.prefab using Guid(11add328cb2a47a4c9e6af573064f71d) Importer(815301076,1909f56bfc062723c751e8b465ee728b)  -> (artifact id: '2f8c2cb4a232dba0f82f7da97ed240e6') in 0.050488 seconds 
Number of asset objects unloaded after import = 10
========================================================================
Received Import Request.
  Time since last request: 0.000014 seconds.
  path: Assets/Assets_Store/LowPolyInterior/Prefabs/Room/Catpet_04.prefab
  artifactKey: Guid(4c7796793c01a3141b63022aedc330d2) Importer(815301076,1909f56bfc062723c751e8b465ee728b)
Number of updated assets reloaded before import = 0
Start importing Assets/Assets_Store/LowPolyInterior/Prefabs/Room/Catpet_04.prefab using Guid(4c7796793c01a3141b63022aedc330d2) Importer(815301076,1909f56bfc062723c751e8b465ee728b)  -> (artifact id: '52f65e1824d37702364cd9781154902b') in 0.055589 seconds 
Number of asset objects unloaded after import = 10
========================================================================
Received Import Request.
  Time since last request: 0.000015 seconds.
  path: Assets/Assets_Store/LowPolyInterior/Prefabs/Room/Hook_01.prefab
  artifactKey: Guid(33ce96d51876c8e4a84e327710ee1c85) Importer(815301076,1909f56bfc062723c751e8b465ee728b)
Number of updated assets reloaded before import = 0
Start importing Assets/Assets_Store/LowPolyInterior/Prefabs/Room/Hook_01.prefab using Guid(33ce96d51876c8e4a84e327710ee1c85) Importer(815301076,1909f56bfc062723c751e8b465ee728b)  -> (artifact id: '2902f56cc56a233c8dd8b085c1fa1995') in 0.049202 seconds 
Number of asset objects unloaded after import = 10
========================================================================
Received Import Request.
  Time since last request: 0.000015 seconds.
  path: Assets/Assets_Store/LowPolyInterior/Prefabs/Room/Hook_02.prefab
  artifactKey: Guid(69e0e08860c9393408b23c9168a9de49) Importer(815301076,1909f56bfc062723c751e8b465ee728b)
Number of updated assets reloaded before import = 0
Start importing Assets/Assets_Store/LowPolyInterior/Prefabs/Room/Hook_02.prefab using Guid(69e0e08860c9393408b23c9168a9de49) Importer(815301076,1909f56bfc062723c751e8b465ee728b)  -> (artifact id: '5f94c90053794dc3bc35ef7ce6ecee0b') in 0.051117 seconds 
Number of asset objects unloaded after import = 10
========================================================================
Received Import Request.
  Time since last request: 0.000020 seconds.
  path: Assets/Assets_Store/LowPolyInterior/Prefabs/Room/NoteBook_03.prefab
  artifactKey: Guid(4e064493f1e63b548981ba0286565123) Importer(815301076,1909f56bfc062723c751e8b465ee728b)
Number of updated assets reloaded before import = 0
Start importing Assets/Assets_Store/LowPolyInterior/Prefabs/Room/NoteBook_03.prefab using Guid(4e064493f1e63b548981ba0286565123) Importer(815301076,1909f56bfc062723c751e8b465ee728b)  -> (artifact id: 'ccd0976ec7f2b1fdbcade9c38529322d') in 0.043809 seconds 
Number of asset objects unloaded after import = 10
========================================================================
Received Import Request.
  Time since last request: 0.000024 seconds.
  path: Assets/Assets_Store/LowPolyInterior/Prefabs/Room/PC_Table.prefab
  artifactKey: Guid(530ac2fccd8937248811defa3c2390d7) Importer(815301076,1909f56bfc062723c751e8b465ee728b)
Number of updated assets reloaded before import = 0
Start importing Assets/Assets_Store/LowPolyInterior/Prefabs/Room/PC_Table.prefab using Guid(530ac2fccd8937248811defa3c2390d7) Importer(815301076,1909f56bfc062723c751e8b465ee728b)  -> (artifact id: '0eb1fd64b47b658b93beebc2c886360a') in 0.073333 seconds 
Number of asset objects unloaded after import = 10
========================================================================
Received Import Request.
  Time since last request: 0.000019 seconds.
  path: Assets/Assets_Store/LowPolyInterior/Prefabs/Room/PC_Carpet.prefab
  artifactKey: Guid(9dc473f7847b07340b1803327315af84) Importer(815301076,1909f56bfc062723c751e8b465ee728b)
Number of updated assets reloaded before import = 0
Start importing Assets/Assets_Store/LowPolyInterior/Prefabs/Room/PC_Carpet.prefab using Guid(9dc473f7847b07340b1803327315af84) Importer(815301076,1909f56bfc062723c751e8b465ee728b)  -> (artifact id: '102e3e9ada73e81fb302d8044c39e699') in 0.052012 seconds 
Number of asset objects unloaded after import = 10
========================================================================
Received Import Request.
  Time since last request: 0.000015 seconds.
  path: Assets/Assets_Store/LowPolyInterior/Prefabs/Room/Picture_04.prefab
  artifactKey: Guid(a3a862a8a79e6b14a8a73e934ac13793) Importer(815301076,1909f56bfc062723c751e8b465ee728b)
Number of updated assets reloaded before import = 0
Start importing Assets/Assets_Store/LowPolyInterior/Prefabs/Room/Picture_04.prefab using Guid(a3a862a8a79e6b14a8a73e934ac13793) Importer(815301076,1909f56bfc062723c751e8b465ee728b)  -> (artifact id: 'dcb72380fe1d8802c8f6560012490e6e') in 0.036192 seconds 
Number of asset objects unloaded after import = 10
========================================================================
Received Import Request.
  Time since last request: 0.000021 seconds.
  path: Assets/Assets_Store/LowPolyInterior/Prefabs/Room/OfficeChair_02.prefab
  artifactKey: Guid(a08c4b6d001e9ae4eb7ed89cf1200f74) Importer(815301076,1909f56bfc062723c751e8b465ee728b)
Number of updated assets reloaded before import = 0
Start importing Assets/Assets_Store/LowPolyInterior/Prefabs/Room/OfficeChair_02.prefab using Guid(a08c4b6d001e9ae4eb7ed89cf1200f74) Importer(815301076,1909f56bfc062723c751e8b465ee728b)  -> (artifact id: '2db2cd3742dbbb0c638df8625f8d2129') in 0.040321 seconds 
Number of asset objects unloaded after import = 10
========================================================================
Received Import Request.
  Time since last request: 0.000022 seconds.
  path: Assets/Assets_Store/LowPolyInterior/Prefabs/Room/RoomFurniture_01.prefab
  artifactKey: Guid(ff9e207164fca5248a9835631385ee48) Importer(815301076,1909f56bfc062723c751e8b465ee728b)
Number of updated assets reloaded before import = 0
Start importing Assets/Assets_Store/LowPolyInterior/Prefabs/Room/RoomFurniture_01.prefab using Guid(ff9e207164fca5248a9835631385ee48) Importer(815301076,1909f56bfc062723c751e8b465ee728b)  -> (artifact id: 'a5bbf64678ba5a94481bf933bc1cc30d') in 0.040871 seconds 
Number of asset objects unloaded after import = 10
========================================================================
Received Import Request.
  Time since last request: 0.000023 seconds.
  path: Assets/Assets_Store/LowPolyInterior/Prefabs/Room/Sofa_01.prefab
  artifactKey: Guid(ac90e08a6a273ba43b6cdefe92ef2e66) Importer(815301076,1909f56bfc062723c751e8b465ee728b)
Number of updated assets reloaded before import = 0
Start importing Assets/Assets_Store/LowPolyInterior/Prefabs/Room/Sofa_01.prefab using Guid(ac90e08a6a273ba43b6cdefe92ef2e66) Importer(815301076,1909f56bfc062723c751e8b465ee728b)  -> (artifact id: '7874aff0d67b38f7396627ae24124335') in 0.052795 seconds 
Number of asset objects unloaded after import = 10
========================================================================
Received Import Request.
  Time since last request: 0.000026 seconds.
  path: Assets/Assets_Store/LowPolyInterior/Prefabs/Room/Socket_03.prefab
  artifactKey: Guid(4e1c722b0c934f84c8f5c3bbf33a2440) Importer(815301076,1909f56bfc062723c751e8b465ee728b)
Number of updated assets reloaded before import = 0
Start importing Assets/Assets_Store/LowPolyInterior/Prefabs/Room/Socket_03.prefab using Guid(4e1c722b0c934f84c8f5c3bbf33a2440) Importer(815301076,1909f56bfc062723c751e8b465ee728b)  -> (artifact id: '9561efd66a6300f27f9d88126a30d2e1') in 0.032878 seconds 
Number of asset objects unloaded after import = 10
========================================================================
Received Import Request.
  Time since last request: 0.000014 seconds.
  path: Assets/Assets_Store/LowPolyInterior/Prefabs/Room/SwitchLight.prefab
  artifactKey: Guid(7a275fdc0ba3d5b4a9c16c2d3368681c) Importer(815301076,1909f56bfc062723c751e8b465ee728b)
Number of updated assets reloaded before import = 0
Start importing Assets/Assets_Store/LowPolyInterior/Prefabs/Room/SwitchLight.prefab using Guid(7a275fdc0ba3d5b4a9c16c2d3368681c) Importer(815301076,1909f56bfc062723c751e8b465ee728b)  -> (artifact id: '46374c8001cbdbfef5f6cad7131651a0') in 0.032317 seconds 
Number of asset objects unloaded after import = 10
========================================================================
Received Import Request.
  Time since last request: 0.000019 seconds.
  path: Assets/Assets_Store/LowPolyInterior/Prefabs/Room/RoomFurniture_05.prefab
  artifactKey: Guid(b38e514b977977746afd127f3cb68a71) Importer(815301076,1909f56bfc062723c751e8b465ee728b)
Number of updated assets reloaded before import = 0
Start importing Assets/Assets_Store/LowPolyInterior/Prefabs/Room/RoomFurniture_05.prefab using Guid(b38e514b977977746afd127f3cb68a71) Importer(815301076,1909f56bfc062723c751e8b465ee728b)  -> (artifact id: 'a8462f8fbb05e71888bb7d3906e50577') in 0.036459 seconds 
Number of asset objects unloaded after import = 10
========================================================================
Received Import Request.
  Time since last request: 0.000030 seconds.
  path: Assets/Assets_Store/LowPolyInterior/Prefabs/Room/Picture_06.prefab
  artifactKey: Guid(56d7c1abcb4e1e340ab8d485b2c25dfd) Importer(815301076,1909f56bfc062723c751e8b465ee728b)
Number of updated assets reloaded before import = 0
Start importing Assets/Assets_Store/LowPolyInterior/Prefabs/Room/Picture_06.prefab using Guid(56d7c1abcb4e1e340ab8d485b2c25dfd) Importer(815301076,1909f56bfc062723c751e8b465ee728b)  -> (artifact id: 'fca884e74244073eb05a7d72dbe9cc7b') in 0.045511 seconds 
Number of asset objects unloaded after import = 10
========================================================================
Received Import Request.
  Time since last request: 0.000016 seconds.
  path: Assets/Assets_Store/LowPolyInterior/Prefabs/Room/Pillow_02.prefab
  artifactKey: Guid(dc7f79a701185a24da5893752304fccb) Importer(815301076,1909f56bfc062723c751e8b465ee728b)
Number of updated assets reloaded before import = 0
Start importing Assets/Assets_Store/LowPolyInterior/Prefabs/Room/Pillow_02.prefab using Guid(dc7f79a701185a24da5893752304fccb) Importer(815301076,1909f56bfc062723c751e8b465ee728b)  -> (artifact id: '0fbcb33512f05a7f9b7a63a914ff1756') in 0.020213 seconds 
Number of asset objects unloaded after import = 10
========================================================================
Received Import Request.
  Time since last request: 0.000027 seconds.
  path: Assets/Assets_Store/LowPolyInterior/Prefabs/Room/OfficeChair_01.prefab
  artifactKey: Guid(041863caed3261e44931834c81ecd97c) Importer(815301076,1909f56bfc062723c751e8b465ee728b)
Number of updated assets reloaded before import = 0
Start importing Assets/Assets_Store/LowPolyInterior/Prefabs/Room/OfficeChair_01.prefab using Guid(041863caed3261e44931834c81ecd97c) Importer(815301076,1909f56bfc062723c751e8b465ee728b)  -> (artifact id: 'f019694a61336c05fc0e6cddb2beb041') in 0.013910 seconds 
Number of asset objects unloaded after import = 10
========================================================================
Received Import Request.
  Time since last request: 0.000026 seconds.
  path: Assets/Assets_Store/LowPolyInterior/Prefabs/Room/Picture_07.prefab
  artifactKey: Guid(afcc468a7ec87ca40bb7b3bdbc4b87ce) Importer(815301076,1909f56bfc062723c751e8b465ee728b)
Number of updated assets reloaded before import = 0
Start importing Assets/Assets_Store/LowPolyInterior/Prefabs/Room/Picture_07.prefab using Guid(afcc468a7ec87ca40bb7b3bdbc4b87ce) Importer(815301076,1909f56bfc062723c751e8b465ee728b)  -> (artifact id: '5b1f9b226cba915e311d4698c4732df9') in 0.019479 seconds 
Number of asset objects unloaded after import = 10
========================================================================
Received Import Request.
  Time since last request: 0.000022 seconds.
  path: Assets/Assets_Store/LowPolyInterior/Prefabs/Room/Picture_02.prefab
  artifactKey: Guid(6fe267c76a28b094590f3f68d44458cc) Importer(815301076,1909f56bfc062723c751e8b465ee728b)
Number of updated assets reloaded before import = 0
Start importing Assets/Assets_Store/LowPolyInterior/Prefabs/Room/Picture_02.prefab using Guid(6fe267c76a28b094590f3f68d44458cc) Importer(815301076,1909f56bfc062723c751e8b465ee728b)  -> (artifact id: '0ca548f04294eddf9d3d5fd1498dec8f') in 0.018763 seconds 
Number of asset objects unloaded after import = 10
========================================================================
Received Import Request.
  Time since last request: 0.000018 seconds.
  path: Assets/Assets_Store/LowPolyInterior/Prefabs/Room/Socket_02.prefab
  artifactKey: Guid(e7d2d2df0d434a84ebf824f701515d63) Importer(815301076,1909f56bfc062723c751e8b465ee728b)
Number of updated assets reloaded before import = 0
Start importing Assets/Assets_Store/LowPolyInterior/Prefabs/Room/Socket_02.prefab using Guid(e7d2d2df0d434a84ebf824f701515d63) Importer(815301076,1909f56bfc062723c751e8b465ee728b)  -> (artifact id: 'fcd822db0f0bb1f8282d302774aad049') in 0.052093 seconds 
Number of asset objects unloaded after import = 10
========================================================================
Received Import Request.
  Time since last request: 0.000017 seconds.
  path: Assets/Assets_Store/LowPolyInterior/Prefabs/Room/PC_Mouse.prefab
  artifactKey: Guid(6ee13483b1908dd468db4d357ce64cc6) Importer(815301076,1909f56bfc062723c751e8b465ee728b)
Number of updated assets reloaded before import = 0
Start importing Assets/Assets_Store/LowPolyInterior/Prefabs/Room/PC_Mouse.prefab using Guid(6ee13483b1908dd468db4d357ce64cc6) Importer(815301076,1909f56bfc062723c751e8b465ee728b)  -> (artifact id: '4fd04b80459d8fc5fed9142666ad6f44') in 0.021681 seconds 
Number of asset objects unloaded after import = 10
========================================================================
Received Import Request.
  Time since last request: 0.000017 seconds.
  path: Assets/Assets_Store/LowPolyInterior/Prefabs/Room/Fireplace_02.prefab
  artifactKey: Guid(7db2b77e875bac042b7a68b00838dc09) Importer(815301076,1909f56bfc062723c751e8b465ee728b)
Number of updated assets reloaded before import = 0
Start importing Assets/Assets_Store/LowPolyInterior/Prefabs/Room/Fireplace_02.prefab using Guid(7db2b77e875bac042b7a68b00838dc09) Importer(815301076,1909f56bfc062723c751e8b465ee728b)  -> (artifact id: '66e3efb16509e37cad9043402b266bbd') in 0.065348 seconds 
Number of asset objects unloaded after import = 10
========================================================================
Received Import Request.
  Time since last request: 0.000035 seconds.
  path: Assets/Assets_Store/LowPolyInterior/Prefabs/Room/Catpet_01.prefab
  artifactKey: Guid(0f004eb7b587f2948a6af4ca49b21b9c) Importer(815301076,1909f56bfc062723c751e8b465ee728b)
Number of updated assets reloaded before import = 0
Start importing Assets/Assets_Store/LowPolyInterior/Prefabs/Room/Catpet_01.prefab using Guid(0f004eb7b587f2948a6af4ca49b21b9c) Importer(815301076,1909f56bfc062723c751e8b465ee728b)  -> (artifact id: '44f36c8a0145e9fc3d6dbc4962a8827d') in 0.017249 seconds 
Number of asset objects unloaded after import = 10
========================================================================
Received Import Request.
  Time since last request: 0.000029 seconds.
  path: Assets/Assets_Store/LowPolyInterior/Prefabs/Room/TV.prefab
  artifactKey: Guid(6faa42109f3b39f4d980359124c3cb3a) Importer(815301076,1909f56bfc062723c751e8b465ee728b)
Number of updated assets reloaded before import = 0
Start importing Assets/Assets_Store/LowPolyInterior/Prefabs/Room/TV.prefab using Guid(6faa42109f3b39f4d980359124c3cb3a) Importer(815301076,1909f56bfc062723c751e8b465ee728b)  -> (artifact id: '7f6d222f964c6d4c53707c301cac72f5') in 0.022461 seconds 
Number of asset objects unloaded after import = 10
========================================================================
Received Import Request.
  Time since last request: 0.000023 seconds.
  path: Assets/Assets_Store/LowPolyInterior/Prefabs/Room/Sofa_03.prefab
  artifactKey: Guid(87740050b5c00794dacdbda32324c406) Importer(815301076,1909f56bfc062723c751e8b465ee728b)
Number of updated assets reloaded before import = 0
Start importing Assets/Assets_Store/LowPolyInterior/Prefabs/Room/Sofa_03.prefab using Guid(87740050b5c00794dacdbda32324c406) Importer(815301076,1909f56bfc062723c751e8b465ee728b)  -> (artifact id: '79b4e64ae2ce26df59081cfdc2ffc373') in 0.045688 seconds 
Number of asset objects unloaded after import = 10
========================================================================
Received Import Request.
  Time since last request: 0.000016 seconds.
  path: Assets/Assets_Store/LowPolyInterior/Prefabs/Room/Pillow_01.prefab
  artifactKey: Guid(3b192fa729d55eb4c857074535373b01) Importer(815301076,1909f56bfc062723c751e8b465ee728b)
Number of updated assets reloaded before import = 0
Start importing Assets/Assets_Store/LowPolyInterior/Prefabs/Room/Pillow_01.prefab using Guid(3b192fa729d55eb4c857074535373b01) Importer(815301076,1909f56bfc062723c751e8b465ee728b)  -> (artifact id: '28cb6efaa24237f5575817ad632b9643') in 0.017154 seconds 
Number of asset objects unloaded after import = 10
========================================================================
Received Import Request.
  Time since last request: 0.000016 seconds.
  path: Assets/Assets_Store/LowPolyInterior/Prefabs/Room/Sofa_04.prefab
  artifactKey: Guid(baeae57d226181948aa6ca49ce2458a7) Importer(815301076,1909f56bfc062723c751e8b465ee728b)
Number of updated assets reloaded before import = 0
Start importing Assets/Assets_Store/LowPolyInterior/Prefabs/Room/Sofa_04.prefab using Guid(baeae57d226181948aa6ca49ce2458a7) Importer(815301076,1909f56bfc062723c751e8b465ee728b)  -> (artifact id: 'd56808bb80f6688911c4f602985d1ecd') in 0.025619 seconds 
Number of asset objects unloaded after import = 10
========================================================================
Received Import Request.
  Time since last request: 0.000016 seconds.
  path: Assets/Assets_Store/LowPolyInterior/Prefabs/Room/RoomFurniture_06.prefab
  artifactKey: Guid(4f714849e42ba7747874245b7c148ba1) Importer(815301076,1909f56bfc062723c751e8b465ee728b)
Number of updated assets reloaded before import = 0
Start importing Assets/Assets_Store/LowPolyInterior/Prefabs/Room/RoomFurniture_06.prefab using Guid(4f714849e42ba7747874245b7c148ba1) Importer(815301076,1909f56bfc062723c751e8b465ee728b)  -> (artifact id: '4ce774b2e3fd9275902c837fcdf385e6') in 0.026581 seconds 
Number of asset objects unloaded after import = 10
========================================================================
Received Import Request.
  Time since last request: 0.000022 seconds.
  path: Assets/Assets_Store/LowPolyInterior/Prefabs/Room/PC.prefab
  artifactKey: Guid(f7d4b943c25cc374b8bdeb428edda149) Importer(815301076,1909f56bfc062723c751e8b465ee728b)
Number of updated assets reloaded before import = 0
Start importing Assets/Assets_Store/LowPolyInterior/Prefabs/Room/PC.prefab using Guid(f7d4b943c25cc374b8bdeb428edda149) Importer(815301076,1909f56bfc062723c751e8b465ee728b)  -> (artifact id: 'b5807c33533755f880b858ccf3009e86') in 0.013965 seconds 
Number of asset objects unloaded after import = 10
========================================================================
Received Import Request.
  Time since last request: 0.000019 seconds.
  path: Assets/Assets_Store/LowPolyInterior/Prefabs/Room/RoomFurniture_04.prefab
  artifactKey: Guid(172e997a9d7966d4a8573f727738b543) Importer(815301076,1909f56bfc062723c751e8b465ee728b)
Number of updated assets reloaded before import = 0
Start importing Assets/Assets_Store/LowPolyInterior/Prefabs/Room/RoomFurniture_04.prefab using Guid(172e997a9d7966d4a8573f727738b543) Importer(815301076,1909f56bfc062723c751e8b465ee728b)  -> (artifact id: 'b59e1971e9c2f6ac3aa611e87ff1ec86') in 0.035822 seconds 
Number of asset objects unloaded after import = 10
========================================================================
Received Import Request.
  Time since last request: 0.000029 seconds.
  path: Assets/Assets_Store/LowPolyInterior/Prefabs/Room/Darts.prefab
  artifactKey: Guid(05b19b84434e65c4b96f440208104d6c) Importer(815301076,1909f56bfc062723c751e8b465ee728b)
Number of updated assets reloaded before import = 0
Start importing Assets/Assets_Store/LowPolyInterior/Prefabs/Room/Darts.prefab using Guid(05b19b84434e65c4b96f440208104d6c) Importer(815301076,1909f56bfc062723c751e8b465ee728b)  -> (artifact id: '68042c82a712ae8dae9e77134e6f80c0') in 0.022693 seconds 
Number of asset objects unloaded after import = 10
========================================================================
Received Import Request.
  Time since last request: 0.000018 seconds.
  path: Assets/Assets_Store/LowPolyInterior/Prefabs/Room/RoomFurniture_07.prefab
  artifactKey: Guid(5e4830e103c7a1041bd3f066e915d76b) Importer(815301076,1909f56bfc062723c751e8b465ee728b)
Number of updated assets reloaded before import = 0
Start importing Assets/Assets_Store/LowPolyInterior/Prefabs/Room/RoomFurniture_07.prefab using Guid(5e4830e103c7a1041bd3f066e915d76b) Importer(815301076,1909f56bfc062723c751e8b465ee728b)  -> (artifact id: '51456e109e7de894091218f948fa58b8') in 0.036268 seconds 
Number of asset objects unloaded after import = 10
========================================================================
Received Import Request.
  Time since last request: 0.000018 seconds.
  path: Assets/Assets_Store/LowPolyInterior/Prefabs/Room/Bed1_03.prefab
  artifactKey: Guid(6019764bf5bc92a4c8db673174f7597f) Importer(815301076,1909f56bfc062723c751e8b465ee728b)
Number of updated assets reloaded before import = 0
Start importing Assets/Assets_Store/LowPolyInterior/Prefabs/Room/Bed1_03.prefab using Guid(6019764bf5bc92a4c8db673174f7597f) Importer(815301076,1909f56bfc062723c751e8b465ee728b)  -> (artifact id: '678d2c9b59cc102f4c228316794234f6') in 0.025883 seconds 
Number of asset objects unloaded after import = 10
Editor requested this worker to shutdown with reason: Scaling down because of idle timeout
AssetImportWorkerClient::OnTransportError - code=2 error=End of file
AssetImportWorker is now disconnected from the server
Process exiting
Exiting without the bug reporter. Application will terminate with return code 0