Using pre-set license
Built from '2021.3/staging' branch; Version is '2021.3.30f1 (b4360d7cdac4) revision 11810317'; Using compiler version '192829333'; Build Type 'Release'
OS: 'Windows 11  (10.0.22621) 64bit Professional' Language: 'ko' Physical Memory: 32524 MB
BatchMode: 1, IsHumanControllingUs: 0, StartBugReporterOnCrash: 0, Is64bit: 1, IsPro: 1

COMMAND LINE ARGUMENTS:
C:\Program Files\Unity\Hub\Editor\2021.3.30f1\Editor\Unity.exe
-adb2
-batchMode
-noUpm
-name
AssetImportWorker30
-projectPath
D:/ìƒˆ í´ë”/OneDrive - ê²½í¬ëŒ€í•™êµ/ê²½í¬ëŒ€í•™êµ/ì†Œìœµê°œë¡ /swcon101_termprojrct
-logFile
Logs/AssetImportWorker30.log
-srvPort
5274
Successfully changed project path to: D:/ìƒˆ í´ë”/OneDrive - ê²½í¬ëŒ€í•™êµ/ê²½í¬ëŒ€í•™êµ/ì†Œìœµê°œë¡ /swcon101_termprojrct
D:/ìƒˆ í´ë”/OneDrive - ê²½í¬ëŒ€í•™êµ/ê²½í¬ëŒ€í•™êµ/ì†Œìœµê°œë¡ /swcon101_termprojrct
[UnityMemory] Configuration Parameters - Can be set up in boot.config
    "memorysetup-bucket-allocator-granularity=16"
    "memorysetup-bucket-allocator-bucket-count=8"
    "memorysetup-bucket-allocator-block-size=33554432"
    "memorysetup-bucket-allocator-block-count=8"
    "memorysetup-main-allocator-block-size=16777216"
    "memorysetup-thread-allocator-block-size=16777216"
    "memorysetup-gfx-main-allocator-block-size=16777216"
    "memorysetup-gfx-thread-allocator-block-size=16777216"
    "memorysetup-cache-allocator-block-size=4194304"
    "memorysetup-typetree-allocator-block-size=2097152"
    "memorysetup-profiler-bucket-allocator-granularity=16"
    "memorysetup-profiler-bucket-allocator-bucket-count=8"
    "memorysetup-profiler-bucket-allocator-block-size=33554432"
    "memorysetup-profiler-bucket-allocator-block-count=8"
    "memorysetup-profiler-allocator-block-size=16777216"
    "memorysetup-profiler-editor-allocator-block-size=1048576"
    "memorysetup-temp-allocator-size-main=16777216"
    "memorysetup-job-temp-allocator-block-size=2097152"
    "memorysetup-job-temp-allocator-block-size-background=1048576"
    "memorysetup-job-temp-allocator-reduction-small-platforms=262144"
    "memorysetup-temp-allocator-size-background-worker=32768"
    "memorysetup-temp-allocator-size-job-worker=262144"
    "memorysetup-temp-allocator-size-preload-manager=33554432"
    "memorysetup-temp-allocator-size-nav-mesh-worker=65536"
    "memorysetup-temp-allocator-size-audio-worker=65536"
    "memorysetup-temp-allocator-size-cloud-worker=32768"
    "memorysetup-temp-allocator-size-gi-baking-worker=262144"
    "memorysetup-temp-allocator-size-gfx=262144"
Player connection [31048] Host "[IP] 192.168.55.154 [Port] 0 [Flags] 2 [Guid] 1830710251 [EditorId] 1830710251 [Version] 1048832 [Id] WindowsEditor(7,°­º´ÈÆ) [Debug] 1 [PackageName] WindowsEditor [ProjectName] Editor" joined multi-casting on [225.0.0.222:54997]...

Player connection [31048] Host "[IP] 192.168.55.154 [Port] 0 [Flags] 2 [Guid] 1830710251 [EditorId] 1830710251 [Version] 1048832 [Id] WindowsEditor(7,°­º´ÈÆ) [Debug] 1 [PackageName] WindowsEditor [ProjectName] Editor" joined alternative multi-casting on [225.0.0.222:34997]...

[Physics::Module] Initialized MultithreadedJobDispatcher with {0} workers.
Refreshing native plugins compatible for Editor in 65.61 ms, found 3 plugins.
Preloading 0 native plugins for Editor in 0.00 ms.
Initialize engine version: 2021.3.30f1 (b4360d7cdac4)
[Subsystems] Discovering subsystems at path C:/Program Files/Unity/Hub/Editor/2021.3.30f1/Editor/Data/Resources/UnitySubsystems
[Subsystems] Discovering subsystems at path D:/ìƒˆ í´ë”/OneDrive - ê²½í¬ëŒ€í•™êµ/ê²½í¬ëŒ€í•™êµ/ì†Œìœµê°œë¡ /swcon101_termprojrct/Assets
GfxDevice: creating device client; threaded=0; jobified=0
Direct3D:
    Version:  Direct3D 11.0 [level 11.1]
    Renderer: NVIDIA GeForce RTX 3080 (ID=0x2216)
    Vendor:   NVIDIA
    VRAM:     10067 MB
    Driver:   31.0.15.3640
Initialize mono
Mono path[0] = 'C:/Program Files/Unity/Hub/Editor/2021.3.30f1/Editor/Data/Managed'
Mono path[1] = 'C:/Program Files/Unity/Hub/Editor/2021.3.30f1/Editor/Data/MonoBleedingEdge/lib/mono/unityjit-win32'
Mono config path = 'C:/Program Files/Unity/Hub/Editor/2021.3.30f1/Editor/Data/MonoBleedingEdge/etc'
Using monoOptions --debugger-agent=transport=dt_socket,embedding=1,server=y,suspend=n,address=127.0.0.1:56736
Begin MonoManager ReloadAssembly
Registering precompiled unity dll's ...
Register platform support module: C:/Program Files/Unity/Hub/Editor/2021.3.30f1/Editor/Data/PlaybackEngines/WindowsStandaloneSupport/UnityEditor.WindowsStandalone.Extensions.dll
Registered in 0.003307 seconds.
Native extension for WindowsStandalone target not found
Refreshing native plugins compatible for Editor in 64.06 ms, found 3 plugins.
Preloading 0 native plugins for Editor in 0.00 ms.
Mono: successfully reloaded assembly
- Completed reload, in  0.389 seconds
Domain Reload Profiling:
	ReloadAssembly (390ms)
		BeginReloadAssembly (58ms)
			ExecutionOrderSort (0ms)
			DisableScriptedObjects (0ms)
			BackupInstance (0ms)
			ReleaseScriptingObjects (0ms)
			CreateAndSetChildDomain (0ms)
		EndReloadAssembly (275ms)
			LoadAssemblies (57ms)
			RebuildTransferFunctionScriptingTraits (0ms)
			SetupTypeCache (62ms)
			ReleaseScriptCaches (0ms)
			RebuildScriptCaches (16ms)
			SetupLoadedEditorAssemblies (172ms)
				LogAssemblyErrors (0ms)
				InitializePlatformSupportModulesInManaged (5ms)
				SetLoadedEditorAssemblies (0ms)
				RefreshPlugins (64ms)
				BeforeProcessingInitializeOnLoad (1ms)
				ProcessInitializeOnLoadAttributes (70ms)
				ProcessInitializeOnLoadMethodAttributes (32ms)
				AfterProcessingInitializeOnLoad (0ms)
				EditorAssembliesLoaded (0ms)
			ExecutionOrderSort2 (0ms)
			AwakeInstancesAfterBackupRestoration (0ms)
Platform modules already initialized, skipping
Registering precompiled user dll's ...
Registered in 0.006014 seconds.
Begin MonoManager ReloadAssembly
Native extension for WindowsStandalone target not found
Refreshing native plugins compatible for Editor in 66.50 ms, found 3 plugins.
Preloading 0 native plugins for Editor in 0.00 ms.
Package Manager log level set to [2]
[Package Manager] Server::EnsureServerProcessIsRunning -- launch failed, reason: Unity was launched with the -noUpm command-line argument
[Package Manager] Cannot connect to Unity Package Manager local server
Mono: successfully reloaded assembly
- Completed reload, in  1.181 seconds
Domain Reload Profiling:
	ReloadAssembly (1181ms)
		BeginReloadAssembly (78ms)
			ExecutionOrderSort (0ms)
			DisableScriptedObjects (3ms)
			BackupInstance (0ms)
			ReleaseScriptingObjects (0ms)
			CreateAndSetChildDomain (12ms)
		EndReloadAssembly (1040ms)
			LoadAssemblies (66ms)
			RebuildTransferFunctionScriptingTraits (0ms)
			SetupTypeCache (189ms)
			ReleaseScriptCaches (0ms)
			RebuildScriptCaches (42ms)
			SetupLoadedEditorAssemblies (729ms)
				LogAssemblyErrors (0ms)
				InitializePlatformSupportModulesInManaged (3ms)
				SetLoadedEditorAssemblies (0ms)
				RefreshPlugins (67ms)
				BeforeProcessingInitializeOnLoad (65ms)
				ProcessInitializeOnLoadAttributes (545ms)
				ProcessInitializeOnLoadMethodAttributes (44ms)
				AfterProcessingInitializeOnLoad (5ms)
				EditorAssembliesLoaded (0ms)
			ExecutionOrderSort2 (0ms)
			AwakeInstancesAfterBackupRestoration (5ms)
Platform modules already initialized, skipping
========================================================================
Worker process is ready to serve import requests
Launched and connected shader compiler UnityShaderCompiler.exe after 0.04 seconds
Refreshing native plugins compatible for Editor in 0.66 ms, found 3 plugins.
Preloading 0 native plugins for Editor in 0.00 ms.
Unloading 5398 Unused Serialized files (Serialized files now loaded: 0)
Unloading 47 unused Assets / (0.7 MB). Loaded Objects now: 5867.
Memory consumption went from 233.0 MB to 232.3 MB.
Total: 2.536200 ms (FindLiveObjects: 0.234400 ms CreateObjectMapping: 0.131700 ms MarkObjects: 1.988800 ms  DeleteObjects: 0.179700 ms)

AssetImportParameters requested are different than current active one (requested -> active):
  custom:video-decoder-ogg-theora: a1e56fd34408186e4bbccfd4996cb3dc -> 
  custom:container-muxer-webm: aa71ff27fc2769a1b78a27578f13a17b -> 
  custom:container-demuxer-webm: 4f35f7cbe854078d1ac9338744f61a02 -> 
  custom:video-encoder-webm-vp8: eb34c28f22e8b96e1ab97ce403110664 -> 
  custom:video-codec-MediaFoundation-h265: 746d11721c4dcdbdad8f713fa42b33f4 -> 
  custom:CustomObjectIndexerAttribute: 6b0e35c9178b02a6363f3721b7b8e397 -> 
  custom:audio-encoder-webm-vorbis: bf7c407c2cedff20999df2af8eb42d56 -> 
  custom:framework-win-MediaFoundation: 216162199b28c13a410421893ffa2e32 -> 
  custom:SearchIndexIgnoredProperties: e643bd26f0fe6173181afceb89e7c659 -> 
  custom:container-demuxer-ogg: 62fdf1f143b41e24485cea50d1cbac27 -> 
  custom:video-decoder-webm-vp8: 9c59270c3fd7afecdb556c50c9e8de78 -> 
  custom:audio-decoder-ogg-vorbis: bf7c407c2cedff20999df2af8eb42d56 -> 
========================================================================
Received Import Request.
  Time since last request: 14198.218856 seconds.
  path: Assets/Assets_Store/LowPolyInterior/Prefabs/Flowers/Flower_02.prefab
  artifactKey: Guid(0c9b606614a791e4d8e822e4dfc26085) Importer(815301076,1909f56bfc062723c751e8b465ee728b)
Number of updated assets reloaded before import = 0
Start importing Assets/Assets_Store/LowPolyInterior/Prefabs/Flowers/Flower_02.prefab using Guid(0c9b606614a791e4d8e822e4dfc26085) Importer(815301076,1909f56bfc062723c751e8b465ee728b)  -> (artifact id: '0e02b1406c07a61d38fbee79a2e65105') in 0.140679 seconds 
Number of asset objects unloaded after import = 10
========================================================================
Received Import Request.
  Time since last request: 12.793071 seconds.
  path: Assets/Assets_Store/LowPolyInterior/Prefabs/KitchenObjects/Bacon.prefab
  artifactKey: Guid(62cad62a3a6bf1e408c50f3f3c34ab29) Importer(815301076,1909f56bfc062723c751e8b465ee728b)
Number of updated assets reloaded before import = 0
Start importing Assets/Assets_Store/LowPolyInterior/Prefabs/KitchenObjects/Bacon.prefab using Guid(62cad62a3a6bf1e408c50f3f3c34ab29) Importer(815301076,1909f56bfc062723c751e8b465ee728b)  -> (artifact id: 'c9d15297f9ddf84dd8f9a5f176eca173') in 0.038823 seconds 
Number of asset objects unloaded after import = 10
========================================================================
Received Import Request.
  Time since last request: 0.006503 seconds.
  path: Assets/Assets_Store/LowPolyInterior/Prefabs/KitchenObjects/Bread.prefab
  artifactKey: Guid(dbd59d1042fa4e649a177d80fca0c998) Importer(815301076,1909f56bfc062723c751e8b465ee728b)
Number of updated assets reloaded before import = 0
Start importing Assets/Assets_Store/LowPolyInterior/Prefabs/KitchenObjects/Bread.prefab using Guid(dbd59d1042fa4e649a177d80fca0c998) Importer(815301076,1909f56bfc062723c751e8b465ee728b)  -> (artifact id: '3ef405849fdc70f671c5e5e8b808920c') in 0.079566 seconds 
Number of asset objects unloaded after import = 10
========================================================================
Received Import Request.
  Time since last request: 0.004333 seconds.
  path: Assets/Assets_Store/LowPolyInterior/Prefabs/KitchenObjects/Cheese.prefab
  artifactKey: Guid(300f603efd0fadf40bc0104681e3da5e) Importer(815301076,1909f56bfc062723c751e8b465ee728b)
Number of updated assets reloaded before import = 0
Start importing Assets/Assets_Store/LowPolyInterior/Prefabs/KitchenObjects/Cheese.prefab using Guid(300f603efd0fadf40bc0104681e3da5e) Importer(815301076,1909f56bfc062723c751e8b465ee728b)  -> (artifact id: 'db339424e50ad1510657c145a3c7ebbd') in 0.067854 seconds 
Number of asset objects unloaded after import = 10
========================================================================
Received Import Request.
  Time since last request: 0.000580 seconds.
  path: Assets/Assets_Store/LowPolyInterior/Prefabs/KitchenObjects/Cookie_01.prefab
  artifactKey: Guid(f9799095e3a911847ac63e05fd0a5171) Importer(815301076,1909f56bfc062723c751e8b465ee728b)
Number of updated assets reloaded before import = 0
Start importing Assets/Assets_Store/LowPolyInterior/Prefabs/KitchenObjects/Cookie_01.prefab using Guid(f9799095e3a911847ac63e05fd0a5171) Importer(815301076,1909f56bfc062723c751e8b465ee728b)  -> (artifact id: '0e7a58d0d370d0d6c4efe63e7dc0657f') in 0.028824 seconds 
Number of asset objects unloaded after import = 10
========================================================================
Received Import Request.
  Time since last request: 0.032499 seconds.
  path: Assets/Assets_Store/LowPolyInterior/Prefabs/KitchenObjects/Cup_04.prefab
  artifactKey: Guid(d68c1fe33c4457942ba804f9f27e7a47) Importer(815301076,1909f56bfc062723c751e8b465ee728b)
Number of updated assets reloaded before import = 0
Start importing Assets/Assets_Store/LowPolyInterior/Prefabs/KitchenObjects/Cup_04.prefab using Guid(d68c1fe33c4457942ba804f9f27e7a47) Importer(815301076,1909f56bfc062723c751e8b465ee728b)  -> (artifact id: 'f4bf843873ee5a67d4118e4bfec42fba') in 0.044366 seconds 
Number of asset objects unloaded after import = 10
========================================================================
Received Import Request.
  Time since last request: 0.003726 seconds.
  path: Assets/Assets_Store/LowPolyInterior/Prefabs/KitchenObjects/Cup_06.prefab
  artifactKey: Guid(ef1b9caa5da009f4ea8744101fff05de) Importer(815301076,1909f56bfc062723c751e8b465ee728b)
Number of updated assets reloaded before import = 0
Start importing Assets/Assets_Store/LowPolyInterior/Prefabs/KitchenObjects/Cup_06.prefab using Guid(ef1b9caa5da009f4ea8744101fff05de) Importer(815301076,1909f56bfc062723c751e8b465ee728b)  -> (artifact id: '15769dfd5ad23e92b2428c8e8ffb0572') in 0.015224 seconds 
Number of asset objects unloaded after import = 10
========================================================================
Received Import Request.
  Time since last request: 0.014638 seconds.
  path: Assets/Assets_Store/LowPolyInterior/Prefabs/KitchenObjects/Donut_01.prefab
  artifactKey: Guid(b98d51fc720522849bc75ff22cc06e59) Importer(815301076,1909f56bfc062723c751e8b465ee728b)
Number of updated assets reloaded before import = 0
Start importing Assets/Assets_Store/LowPolyInterior/Prefabs/KitchenObjects/Donut_01.prefab using Guid(b98d51fc720522849bc75ff22cc06e59) Importer(815301076,1909f56bfc062723c751e8b465ee728b)  -> (artifact id: '54071048286a1382695d58606a4cb752') in 0.065793 seconds 
Number of asset objects unloaded after import = 10
========================================================================
Received Import Request.
  Time since last request: 0.000037 seconds.
  path: Assets/Assets_Store/LowPolyInterior/Prefabs/KitchenObjects/Fork.prefab
  artifactKey: Guid(061a135fd56dba04da9595cfbb667632) Importer(815301076,1909f56bfc062723c751e8b465ee728b)
Number of updated assets reloaded before import = 0
Start importing Assets/Assets_Store/LowPolyInterior/Prefabs/KitchenObjects/Fork.prefab using Guid(061a135fd56dba04da9595cfbb667632) Importer(815301076,1909f56bfc062723c751e8b465ee728b)  -> (artifact id: '7ebbf5f4ff371a0a40c5366be92ba2fe') in 0.036612 seconds 
Number of asset objects unloaded after import = 10
========================================================================
Received Import Request.
  Time since last request: 0.002598 seconds.
  path: Assets/Assets_Store/LowPolyInterior/Prefabs/KitchenObjects/Ketchup.prefab
  artifactKey: Guid(149491d31fbb5ae4498b85d1d39a440b) Importer(815301076,1909f56bfc062723c751e8b465ee728b)
Number of updated assets reloaded before import = 0
Start importing Assets/Assets_Store/LowPolyInterior/Prefabs/KitchenObjects/Ketchup.prefab using Guid(149491d31fbb5ae4498b85d1d39a440b) Importer(815301076,1909f56bfc062723c751e8b465ee728b)  -> (artifact id: 'a0c311bb8630001f6105e3772fb7031f') in 0.015663 seconds 
Number of asset objects unloaded after import = 10
========================================================================
Received Import Request.
  Time since last request: 0.014696 seconds.
  path: Assets/Assets_Store/LowPolyInterior/Prefabs/KitchenObjects/Knife_01.prefab
  artifactKey: Guid(8e190efad590aee4d9dc6b0075f8a6c4) Importer(815301076,1909f56bfc062723c751e8b465ee728b)
Number of updated assets reloaded before import = 0
Start importing Assets/Assets_Store/LowPolyInterior/Prefabs/KitchenObjects/Knife_01.prefab using Guid(8e190efad590aee4d9dc6b0075f8a6c4) Importer(815301076,1909f56bfc062723c751e8b465ee728b)  -> (artifact id: '9029dc82213933809f6afe150748a877') in 0.066000 seconds 
Number of asset objects unloaded after import = 10
========================================================================
Received Import Request.
  Time since last request: 0.000019 seconds.
  path: Assets/Assets_Store/LowPolyInterior/Prefabs/KitchenObjects/Microvawe.prefab
  artifactKey: Guid(250fd3fea4feae340be2ca5f47206ade) Importer(815301076,1909f56bfc062723c751e8b465ee728b)
Number of updated assets reloaded before import = 0
Start importing Assets/Assets_Store/LowPolyInterior/Prefabs/KitchenObjects/Microvawe.prefab using Guid(250fd3fea4feae340be2ca5f47206ade) Importer(815301076,1909f56bfc062723c751e8b465ee728b)  -> (artifact id: '6638ee5aa4397a4104e808f11ab37195') in 0.046160 seconds 
Number of asset objects unloaded after import = 10
========================================================================
Received Import Request.
  Time since last request: 0.000025 seconds.
  path: Assets/Assets_Store/LowPolyInterior/Prefabs/KitchenObjects/Lollipop.prefab
  artifactKey: Guid(d9edea659ba007844b4c699e9e9c10af) Importer(815301076,1909f56bfc062723c751e8b465ee728b)
Number of updated assets reloaded before import = 0
Start importing Assets/Assets_Store/LowPolyInterior/Prefabs/KitchenObjects/Lollipop.prefab using Guid(d9edea659ba007844b4c699e9e9c10af) Importer(815301076,1909f56bfc062723c751e8b465ee728b)  -> (artifact id: '601b6016ac1efeb9156aabd6568da12d') in 0.021498 seconds 
Number of asset objects unloaded after import = 10
========================================================================
Received Import Request.
  Time since last request: 0.000013 seconds.
  path: Assets/Assets_Store/LowPolyInterior/Prefabs/KitchenObjects/Pizza_01.prefab
  artifactKey: Guid(3a6960c4527177a499486b9214574cc4) Importer(815301076,1909f56bfc062723c751e8b465ee728b)
Number of updated assets reloaded before import = 0
Start importing Assets/Assets_Store/LowPolyInterior/Prefabs/KitchenObjects/Pizza_01.prefab using Guid(3a6960c4527177a499486b9214574cc4) Importer(815301076,1909f56bfc062723c751e8b465ee728b)  -> (artifact id: '80de50c3f9f2528e63b82aa4eaa50ca4') in 0.037900 seconds 
Number of asset objects unloaded after import = 10
========================================================================
Received Import Request.
  Time since last request: 0.000017 seconds.
  path: Assets/Assets_Store/LowPolyInterior/Prefabs/KitchenObjects/Pear.prefab
  artifactKey: Guid(593bb76e2e01dec49aec2fb8f593df6a) Importer(815301076,1909f56bfc062723c751e8b465ee728b)
Number of updated assets reloaded before import = 0
Start importing Assets/Assets_Store/LowPolyInterior/Prefabs/KitchenObjects/Pear.prefab using Guid(593bb76e2e01dec49aec2fb8f593df6a) Importer(815301076,1909f56bfc062723c751e8b465ee728b)  -> (artifact id: '92e590d9f49856b647f36cd413b927ee') in 0.056399 seconds 
Number of asset objects unloaded after import = 10
========================================================================
Received Import Request.
  Time since last request: 0.000013 seconds.
  path: Assets/Assets_Store/LowPolyInterior/Prefabs/KitchenObjects/Plate_01.prefab
  artifactKey: Guid(675e355b927b5dd42b8977566d4d97ac) Importer(815301076,1909f56bfc062723c751e8b465ee728b)
Number of updated assets reloaded before import = 0
Start importing Assets/Assets_Store/LowPolyInterior/Prefabs/KitchenObjects/Plate_01.prefab using Guid(675e355b927b5dd42b8977566d4d97ac) Importer(815301076,1909f56bfc062723c751e8b465ee728b)  -> (artifact id: '955fc6d4bca0ebe8a2faf906f0456ab9') in 0.050616 seconds 
Number of asset objects unloaded after import = 10
========================================================================
Received Import Request.
  Time since last request: 0.000014 seconds.
  path: Assets/Assets_Store/LowPolyInterior/Prefabs/KitchenObjects/Toaster.prefab
  artifactKey: Guid(f07fcee29942916418b647ec33f5ab22) Importer(815301076,1909f56bfc062723c751e8b465ee728b)
Number of updated assets reloaded before import = 0
Start importing Assets/Assets_Store/LowPolyInterior/Prefabs/KitchenObjects/Toaster.prefab using Guid(f07fcee29942916418b647ec33f5ab22) Importer(815301076,1909f56bfc062723c751e8b465ee728b)  -> (artifact id: '1bc9a0f5802bacc82bae0359bcfa6ce2') in 0.091539 seconds 
Number of asset objects unloaded after import = 10
========================================================================
Received Import Request.
  Time since last request: 0.000020 seconds.
  path: Assets/Assets_Store/LowPolyInterior/Prefabs/KitchenObjects/Magnet_for_knifes.prefab
  artifactKey: Guid(3edf05b3e5e0e534fb6d641c4534d4dc) Importer(815301076,1909f56bfc062723c751e8b465ee728b)
Number of updated assets reloaded before import = 0
Start importing Assets/Assets_Store/LowPolyInterior/Prefabs/KitchenObjects/Magnet_for_knifes.prefab using Guid(3edf05b3e5e0e534fb6d641c4534d4dc) Importer(815301076,1909f56bfc062723c751e8b465ee728b)  -> (artifact id: '734a816fbe5fdd41c65d62412f1d392f') in 0.041387 seconds 
Number of asset objects unloaded after import = 10
Editor requested this worker to shutdown with reason: Scaling down because of idle timeout
AssetImportWorker is now disconnected from the server
Process exiting
Exiting without the bug reporter. Application will terminate with return code 0